[INFO ] 2016-03-07 14:36:36,604 [ServerService Thread Pool -- 64] Logback logging API implementation is configured.
[INFO ] 2016-03-07 14:39:59,366 [ServerService Thread Pool -- 76] Logback logging API implementation is configured.
[WARN ] 2016-03-07 14:40:00,427 [ServerService Thread Pool -- 76] java.io.FileNotFoundException: ../sesame/openrdf-sesame/repositories/SYSTEM/lock/process (Datei oder Verzeichnis nicht gefunden)
java.io.FileNotFoundException: ../sesame/openrdf-sesame/repositories/SYSTEM/lock/process (Datei oder Verzeichnis nicht gefunden)
	at java.io.FileInputStream.open0(Native Method)
	at java.io.FileInputStream.open(FileInputStream.java:195)
	at java.io.FileInputStream.<init>(FileInputStream.java:138)
	at java.io.FileReader.<init>(FileReader.java:72)
	at org.openrdf.sail.helpers.DirectoryLockManager.getLockedBy(DirectoryLockManager.java:208)
	at org.openrdf.sail.helpers.DirectoryLockManager.removeInvalidLock(DirectoryLockManager.java:183)
	at org.openrdf.sail.helpers.DirectoryLockManager.tryLock(DirectoryLockManager.java:89)
	at org.openrdf.sail.memory.MemoryStore.initializeInternal(MemoryStore.java:316)
	at org.openrdf.sail.helpers.SailBase.initialize(SailBase.java:186)
	at org.openrdf.repository.sail.SailRepository.initializeInternal(SailRepository.java:97)
	at org.openrdf.repository.base.RepositoryBase.initialize(RepositoryBase.java:38)
	at org.openrdf.repository.base.RepositoryWrapper.initialize(RepositoryWrapper.java:71)
	at org.openrdf.repository.event.base.NotifyingRepositoryWrapper.initialize(NotifyingRepositoryWrapper.java:142)
	at org.openrdf.repository.manager.SystemRepository.initialize(SystemRepository.java:81)
	at org.openrdf.repository.manager.LocalRepositoryManager.createSystemRepository(LocalRepositoryManager.java:117)
	at org.openrdf.repository.manager.LocalRepositoryManager.createSystemRepository(LocalRepositoryManager.java:68)
	at org.openrdf.repository.manager.RepositoryManager.initialize(RepositoryManager.java:130)
	at sun.reflect.NativeMethodAccessorImpl.invoke0(Native Method)
	at sun.reflect.NativeMethodAccessorImpl.invoke(NativeMethodAccessorImpl.java:62)
	at sun.reflect.DelegatingMethodAccessorImpl.invoke(DelegatingMethodAccessorImpl.java:43)
	at java.lang.reflect.Method.invoke(Method.java:498)
	at org.springframework.beans.factory.support.AbstractAutowireCapableBeanFactory.invokeCustomInitMethod(AbstractAutowireCapableBeanFactory.java:1694)
	at org.springframework.beans.factory.support.AbstractAutowireCapableBeanFactory.invokeInitMethods(AbstractAutowireCapableBeanFactory.java:1633)
	at org.springframework.beans.factory.support.AbstractAutowireCapableBeanFactory.initializeBean(AbstractAutowireCapableBeanFactory.java:1562)
	at org.springframework.beans.factory.support.AbstractAutowireCapableBeanFactory.doCreateBean(AbstractAutowireCapableBeanFactory.java:539)
	at org.springframework.beans.factory.support.AbstractAutowireCapableBeanFactory.createBean(AbstractAutowireCapableBeanFactory.java:476)
	at org.springframework.beans.factory.support.AbstractBeanFactory$1.getObject(AbstractBeanFactory.java:303)
	at org.springframework.beans.factory.support.DefaultSingletonBeanRegistry.getSingleton(DefaultSingletonBeanRegistry.java:230)
	at org.springframework.beans.factory.support.AbstractBeanFactory.doGetBean(AbstractBeanFactory.java:299)
	at org.springframework.beans.factory.support.AbstractBeanFactory.getBean(AbstractBeanFactory.java:194)
	at org.springframework.beans.factory.support.DefaultListableBeanFactory.preInstantiateSingletons(DefaultListableBeanFactory.java:762)
	at org.springframework.context.support.AbstractApplicationContext.finishBeanFactoryInitialization(AbstractApplicationContext.java:757)
	at org.springframework.context.support.AbstractApplicationContext.refresh(AbstractApplicationContext.java:480)
	at org.springframework.web.servlet.FrameworkServlet.configureAndRefreshWebApplicationContext(FrameworkServlet.java:663)
	at org.springframework.web.servlet.FrameworkServlet.createWebApplicationContext(FrameworkServlet.java:629)
	at org.springframework.web.servlet.FrameworkServlet.createWebApplicationContext(FrameworkServlet.java:677)
	at org.springframework.web.servlet.FrameworkServlet.initWebApplicationContext(FrameworkServlet.java:548)
	at org.springframework.web.servlet.FrameworkServlet.initServletBean(FrameworkServlet.java:489)
	at org.springframework.web.servlet.HttpServletBean.init(HttpServletBean.java:136)
	at javax.servlet.GenericServlet.init(GenericServlet.java:244)
	at io.undertow.servlet.core.LifecyleInterceptorInvocation.proceed(LifecyleInterceptorInvocation.java:117)
	at org.wildfly.extension.undertow.security.RunAsLifecycleInterceptor.init(RunAsLifecycleInterceptor.java:78)
	at io.undertow.servlet.core.LifecyleInterceptorInvocation.proceed(LifecyleInterceptorInvocation.java:103)
	at io.undertow.servlet.core.ManagedServlet$DefaultInstanceStrategy.start(ManagedServlet.java:230)
	at io.undertow.servlet.core.ManagedServlet.createServlet(ManagedServlet.java:131)
	at io.undertow.servlet.core.DeploymentManagerImpl.start(DeploymentManagerImpl.java:511)
	at org.wildfly.extension.undertow.deployment.UndertowDeploymentService.startContext(UndertowDeploymentService.java:101)
	at org.wildfly.extension.undertow.deployment.UndertowDeploymentService$1.run(UndertowDeploymentService.java:82)
	at java.util.concurrent.Executors$RunnableAdapter.call(Executors.java:511)
	at java.util.concurrent.FutureTask.run(FutureTask.java:266)
	at java.util.concurrent.ThreadPoolExecutor.runWorker(ThreadPoolExecutor.java:1142)
	at java.util.concurrent.ThreadPoolExecutor$Worker.run(ThreadPoolExecutor.java:617)
	at java.lang.Thread.run(Thread.java:745)
	at org.jboss.threads.JBossThread.run(JBossThread.java:320)
[WARN ] 2016-03-07 14:40:00,428 [ServerService Thread Pool -- 76] Removing invalid lock null
[INFO ] 2016-03-07 14:40:01,469 [repositories/fiteagle] GET query -439247579
[INFO ] 2016-03-07 14:40:01,759 [repositories/fiteagle] Request for query -439247579 is finished
[INFO ] 2016-03-07 14:40:02,549 [repositories/fiteagle] POST data to repository
[INFO ] 2016-03-07 14:40:02,564 [repositories/fiteagle] no base URI specified, using dummy 'foo:bar'
[WARN ] 2016-03-07 14:40:02,675 [repositories/fiteagle] http://javax.xml.XMLConstants/feature/secure-processing is not a recognized SAX feature. (-1, -1)
[INFO ] 2016-03-07 14:40:03,757 [repositories/fiteagle] POST data to repository
[INFO ] 2016-03-07 14:40:03,757 [repositories/fiteagle] no base URI specified, using dummy 'foo:bar'
[WARN ] 2016-03-07 14:40:03,759 [repositories/fiteagle] http://javax.xml.XMLConstants/feature/secure-processing is not a recognized SAX feature. (-1, -1)
[INFO ] 2016-03-07 14:40:04,140 [repositories/fiteagle] POST data to repository
[INFO ] 2016-03-07 14:40:04,141 [repositories/fiteagle] no base URI specified, using dummy 'foo:bar'
[WARN ] 2016-03-07 14:40:04,142 [repositories/fiteagle] http://javax.xml.XMLConstants/feature/secure-processing is not a recognized SAX feature. (-1, -1)
[INFO ] 2016-03-07 14:40:04,245 [repositories/fiteagle] POST data to repository
[INFO ] 2016-03-07 14:40:04,245 [repositories/fiteagle] no base URI specified, using dummy 'foo:bar'
[WARN ] 2016-03-07 14:40:04,246 [repositories/fiteagle] http://javax.xml.XMLConstants/feature/secure-processing is not a recognized SAX feature. (-1, -1)
[INFO ] 2016-03-07 14:40:04,503 [repositories/fiteagle] POST data to repository
[INFO ] 2016-03-07 14:40:04,503 [repositories/fiteagle] no base URI specified, using dummy 'foo:bar'
[WARN ] 2016-03-07 14:40:04,505 [repositories/fiteagle] http://javax.xml.XMLConstants/feature/secure-processing is not a recognized SAX feature. (-1, -1)
[INFO ] 2016-03-07 14:40:06,089 [repositories/fiteagle] GET query -439247579
[INFO ] 2016-03-07 14:40:06,099 [repositories/fiteagle] Request for query -439247579 is finished
[INFO ] 2016-03-07 14:40:06,214 [repositories/fiteagle] POST data to repository
[INFO ] 2016-03-07 14:40:06,215 [repositories/fiteagle] no base URI specified, using dummy 'foo:bar'
[WARN ] 2016-03-07 14:40:06,216 [repositories/fiteagle] http://javax.xml.XMLConstants/feature/secure-processing is not a recognized SAX feature. (-1, -1)
[INFO ] 2016-03-07 14:40:06,237 [repositories/fiteagle] POST data to repository
[INFO ] 2016-03-07 14:40:06,237 [repositories/fiteagle] no base URI specified, using dummy 'foo:bar'
[WARN ] 2016-03-07 14:40:06,240 [repositories/fiteagle] http://javax.xml.XMLConstants/feature/secure-processing is not a recognized SAX feature. (-1, -1)
[INFO ] 2016-03-07 14:40:06,293 [repositories/fiteagle] POST data to repository
[INFO ] 2016-03-07 14:40:06,293 [repositories/fiteagle] no base URI specified, using dummy 'foo:bar'
[WARN ] 2016-03-07 14:40:06,294 [repositories/fiteagle] http://javax.xml.XMLConstants/feature/secure-processing is not a recognized SAX feature. (-1, -1)
[INFO ] 2016-03-07 14:40:06,313 [repositories/fiteagle] POST data to repository
[INFO ] 2016-03-07 14:40:06,314 [repositories/fiteagle] no base URI specified, using dummy 'foo:bar'
[WARN ] 2016-03-07 14:40:06,316 [repositories/fiteagle] http://javax.xml.XMLConstants/feature/secure-processing is not a recognized SAX feature. (-1, -1)
[INFO ] 2016-03-07 14:40:06,344 [repositories/fiteagle] POST data to repository
[INFO ] 2016-03-07 14:40:06,344 [repositories/fiteagle] no base URI specified, using dummy 'foo:bar'
[WARN ] 2016-03-07 14:40:06,346 [repositories/fiteagle] http://javax.xml.XMLConstants/feature/secure-processing is not a recognized SAX feature. (-1, -1)
[INFO ] 2016-03-07 14:40:06,358 [repositories/fiteagle] POST data to repository
[INFO ] 2016-03-07 14:40:06,359 [repositories/fiteagle] no base URI specified, using dummy 'foo:bar'
[WARN ] 2016-03-07 14:40:06,360 [repositories/fiteagle] http://javax.xml.XMLConstants/feature/secure-processing is not a recognized SAX feature. (-1, -1)
[INFO ] 2016-03-07 14:41:33,414 [repositories/fiteagle] POST data to repository
[INFO ] 2016-03-07 14:41:33,417 [repositories/fiteagle] no base URI specified, using dummy 'foo:bar'
[WARN ] 2016-03-07 14:41:33,418 [repositories/fiteagle] http://javax.xml.XMLConstants/feature/secure-processing is not a recognized SAX feature. (-1, -1)
[INFO ] 2016-03-07 14:41:33,487 [repositories/fiteagle] POST data to repository
[INFO ] 2016-03-07 14:41:33,487 [repositories/fiteagle] no base URI specified, using dummy 'foo:bar'
[WARN ] 2016-03-07 14:41:33,490 [repositories/fiteagle] http://javax.xml.XMLConstants/feature/secure-processing is not a recognized SAX feature. (-1, -1)
[INFO ] 2016-03-07 14:41:52,772 [repositories/SYSTEM] GET statements
[INFO ] 2016-03-07 14:41:53,149 [default task-32] Request for query 3392903 is finished
[INFO ] 2016-03-07 14:41:55,261 [repositories/SYSTEM] GET statements
[INFO ] 2016-03-07 14:41:55,283 [default task-55] Request for query 3392903 is finished
[INFO ] 2016-03-07 14:41:55,333 [repositories/fiteagle] Request for query 3392903 is finished
[INFO ] 2016-03-07 14:41:55,400 [repositories/SYSTEM] GET statements
[INFO ] 2016-03-07 14:41:57,891 [repositories/fiteagle] GET namespace list
[INFO ] 2016-03-07 14:41:57,895 [repositories/fiteagle] Request for query 3392903 is finished
[INFO ] 2016-03-07 14:41:57,909 [repositories/fiteagle] GET statements
[INFO ] 2016-03-07 14:41:58,020 [repositories/SYSTEM] GET statements
[INFO ] 2016-03-07 14:42:12,801 [repositories/fiteagle] GET namespace list
[INFO ] 2016-03-07 14:42:12,807 [repositories/fiteagle] Request for query 3392903 is finished
[INFO ] 2016-03-07 14:42:12,825 [repositories/fiteagle] GET statements
[INFO ] 2016-03-07 14:42:12,837 [repositories/fiteagle] GET statements
[INFO ] 2016-03-07 14:42:12,849 [repositories/fiteagle] GET statements
[INFO ] 2016-03-07 14:42:12,859 [repositories/fiteagle] GET statements
[INFO ] 2016-03-07 14:42:12,873 [repositories/fiteagle] GET statements
[INFO ] 2016-03-07 14:42:12,880 [repositories/fiteagle] GET statements
[INFO ] 2016-03-07 14:42:12,889 [repositories/fiteagle] GET statements
[INFO ] 2016-03-07 14:42:12,901 [repositories/fiteagle] GET statements
[INFO ] 2016-03-07 14:42:12,958 [repositories/SYSTEM] GET statements
[INFO ] 2016-03-07 14:42:21,237 [repositories/fiteagle] GET namespace list
[INFO ] 2016-03-07 14:42:21,239 [repositories/fiteagle] Request for query 3392903 is finished
[INFO ] 2016-03-07 14:42:21,248 [repositories/fiteagle] GET statements
[INFO ] 2016-03-07 14:42:21,262 [repositories/fiteagle] GET statements
[INFO ] 2016-03-07 14:42:21,269 [repositories/fiteagle] GET statements
[INFO ] 2016-03-07 14:42:21,275 [repositories/fiteagle] GET statements
[INFO ] 2016-03-07 14:42:21,281 [repositories/fiteagle] GET statements
[INFO ] 2016-03-07 14:42:21,289 [repositories/fiteagle] GET statements
[INFO ] 2016-03-07 14:42:21,294 [repositories/fiteagle] GET statements
[INFO ] 2016-03-07 14:42:21,302 [repositories/fiteagle] GET statements
[INFO ] 2016-03-07 14:42:21,339 [repositories/SYSTEM] GET statements
[INFO ] 2016-03-07 14:44:40,654 [repositories/fiteagle] POST data to repository
[INFO ] 2016-03-07 14:44:40,656 [repositories/fiteagle] no base URI specified, using dummy 'foo:bar'
[WARN ] 2016-03-07 14:44:40,657 [repositories/fiteagle] http://javax.xml.XMLConstants/feature/secure-processing is not a recognized SAX feature. (-1, -1)
[INFO ] 2016-03-07 14:45:36,911 [repositories/fiteagle] GET namespace list
[INFO ] 2016-03-07 14:45:36,914 [repositories/fiteagle] Request for query 3392903 is finished
[INFO ] 2016-03-07 14:45:36,918 [repositories/fiteagle] GET statements
[INFO ] 2016-03-07 14:45:36,925 [repositories/fiteagle] GET statements
[INFO ] 2016-03-07 14:45:36,933 [repositories/fiteagle] GET statements
[INFO ] 2016-03-07 14:45:36,941 [repositories/fiteagle] GET statements
[INFO ] 2016-03-07 14:45:36,950 [repositories/fiteagle] GET statements
[INFO ] 2016-03-07 14:45:36,958 [repositories/fiteagle] GET statements
[INFO ] 2016-03-07 14:45:36,963 [repositories/fiteagle] GET statements
[INFO ] 2016-03-07 14:45:36,968 [repositories/fiteagle] GET statements
[INFO ] 2016-03-07 14:45:37,054 [repositories/SYSTEM] GET statements
[INFO ] 2016-03-07 14:46:02,972 [repositories/fiteagle] GET query -439247579
[INFO ] 2016-03-07 14:46:02,975 [repositories/fiteagle] Request for query -439247579 is finished
[INFO ] 2016-03-07 15:00:22,004 [repositories/fiteagle] GET namespace list
[INFO ] 2016-03-07 15:00:22,006 [repositories/fiteagle] Request for query 3392903 is finished
[INFO ] 2016-03-07 15:00:22,013 [repositories/fiteagle] GET statements
[INFO ] 2016-03-07 15:00:22,023 [repositories/fiteagle] GET statements
[INFO ] 2016-03-07 15:00:22,028 [repositories/fiteagle] GET statements
[INFO ] 2016-03-07 15:00:22,033 [repositories/fiteagle] GET statements
[INFO ] 2016-03-07 15:00:22,040 [repositories/fiteagle] GET statements
[INFO ] 2016-03-07 15:00:22,046 [repositories/fiteagle] GET statements
[INFO ] 2016-03-07 15:00:22,051 [repositories/fiteagle] GET statements
[INFO ] 2016-03-07 15:00:22,060 [repositories/fiteagle] GET statements
[INFO ] 2016-03-07 15:00:22,146 [repositories/SYSTEM] GET statements
[INFO ] 2016-03-07 15:00:25,597 [repositories/fiteagle] GET namespace list
[INFO ] 2016-03-07 15:00:25,598 [repositories/fiteagle] Request for query 3392903 is finished
[INFO ] 2016-03-07 15:00:25,607 [repositories/fiteagle] GET statements
[INFO ] 2016-03-07 15:00:25,613 [repositories/fiteagle] GET statements
[INFO ] 2016-03-07 15:00:25,619 [repositories/fiteagle] GET statements
[INFO ] 2016-03-07 15:00:25,623 [repositories/fiteagle] GET statements
[INFO ] 2016-03-07 15:00:25,628 [repositories/fiteagle] GET statements
[INFO ] 2016-03-07 15:00:25,635 [repositories/fiteagle] GET statements
[INFO ] 2016-03-07 15:00:25,641 [repositories/fiteagle] GET statements
[INFO ] 2016-03-07 15:00:25,645 [repositories/fiteagle] GET statements
[INFO ] 2016-03-07 15:00:25,702 [repositories/SYSTEM] GET statements
[INFO ] 2016-03-07 15:00:32,058 [repositories/fiteagle] GET namespace list
[INFO ] 2016-03-07 15:00:32,060 [repositories/fiteagle] Request for query 3392903 is finished
[INFO ] 2016-03-07 15:00:32,066 [repositories/fiteagle] GET statements
[INFO ] 2016-03-07 15:00:32,131 [repositories/SYSTEM] GET statements
[INFO ] 2016-03-07 15:00:46,635 [repositories/fiteagle] GET namespace list
[INFO ] 2016-03-07 15:00:46,637 [repositories/fiteagle] Request for query 3392903 is finished
[INFO ] 2016-03-07 15:00:46,648 [repositories/fiteagle] GET namespace for prefix j.3
[INFO ] 2016-03-07 15:00:46,652 [repositories/fiteagle] GET statements
[INFO ] 2016-03-07 15:00:46,658 [repositories/fiteagle] GET statements
[INFO ] 2016-03-07 15:00:46,666 [repositories/fiteagle] GET statements
[INFO ] 2016-03-07 15:00:46,673 [repositories/fiteagle] GET statements
[INFO ] 2016-03-07 15:00:46,679 [repositories/fiteagle] GET statements
[INFO ] 2016-03-07 15:00:46,685 [repositories/fiteagle] GET statements
[INFO ] 2016-03-07 15:00:46,690 [repositories/fiteagle] GET statements
[INFO ] 2016-03-07 15:00:46,699 [repositories/fiteagle] GET statements
[INFO ] 2016-03-07 15:00:46,753 [repositories/SYSTEM] GET statements
[INFO ] 2016-03-07 15:01:08,897 [repositories/fiteagle] GET namespace list
[INFO ] 2016-03-07 15:01:08,900 [repositories/fiteagle] Request for query 3392903 is finished
[INFO ] 2016-03-07 15:01:08,906 [repositories/fiteagle] GET statements
[INFO ] 2016-03-07 15:01:08,913 [repositories/fiteagle] GET statements
[INFO ] 2016-03-07 15:01:08,917 [repositories/fiteagle] GET statements
[INFO ] 2016-03-07 15:01:08,924 [repositories/fiteagle] GET statements
[INFO ] 2016-03-07 15:01:08,931 [repositories/fiteagle] GET statements
[INFO ] 2016-03-07 15:01:08,935 [repositories/fiteagle] GET statements
[INFO ] 2016-03-07 15:01:08,939 [repositories/fiteagle] GET statements
[INFO ] 2016-03-07 15:01:08,947 [repositories/fiteagle] GET statements
[INFO ] 2016-03-07 15:01:09,033 [repositories/SYSTEM] GET statements
[INFO ] 2016-03-07 15:01:09,681 [repositories/fiteagle] GET namespace list
[INFO ] 2016-03-07 15:01:09,683 [repositories/fiteagle] Request for query 3392903 is finished
[INFO ] 2016-03-07 15:01:09,688 [repositories/fiteagle] GET statements
[INFO ] 2016-03-07 15:01:09,695 [repositories/fiteagle] GET statements
[INFO ] 2016-03-07 15:01:09,701 [repositories/fiteagle] GET statements
[INFO ] 2016-03-07 15:01:09,709 [repositories/fiteagle] GET statements
[INFO ] 2016-03-07 15:01:09,716 [repositories/fiteagle] GET statements
[INFO ] 2016-03-07 15:01:09,727 [repositories/fiteagle] GET statements
[INFO ] 2016-03-07 15:01:09,732 [repositories/fiteagle] GET statements
[INFO ] 2016-03-07 15:01:09,737 [repositories/fiteagle] GET statements
[INFO ] 2016-03-07 15:01:09,787 [repositories/SYSTEM] GET statements
[INFO ] 2016-03-07 15:01:48,673 [repositories/fiteagle] GET namespace list
[INFO ] 2016-03-07 15:01:48,674 [repositories/fiteagle] Request for query 3392903 is finished
[INFO ] 2016-03-07 15:01:48,685 [repositories/fiteagle] GET statements
[INFO ] 2016-03-07 15:01:48,690 [repositories/fiteagle] GET statements
[INFO ] 2016-03-07 15:01:48,697 [repositories/fiteagle] GET statements
[INFO ] 2016-03-07 15:01:48,703 [repositories/fiteagle] GET statements
[INFO ] 2016-03-07 15:01:48,710 [repositories/fiteagle] GET statements
[INFO ] 2016-03-07 15:01:48,716 [repositories/fiteagle] GET statements
[INFO ] 2016-03-07 15:01:48,725 [repositories/fiteagle] GET statements
[INFO ] 2016-03-07 15:01:48,731 [repositories/fiteagle] GET statements
[INFO ] 2016-03-07 15:01:48,808 [repositories/SYSTEM] GET statements
[INFO ] 2016-03-07 15:01:55,146 [repositories/fiteagle] GET namespace list
[INFO ] 2016-03-07 15:01:55,148 [repositories/fiteagle] Request for query 3392903 is finished
[INFO ] 2016-03-07 15:01:55,160 [repositories/fiteagle] GET statements
[INFO ] 2016-03-07 15:01:55,166 [repositories/fiteagle] GET statements
[INFO ] 2016-03-07 15:01:55,172 [repositories/fiteagle] GET statements
[INFO ] 2016-03-07 15:01:55,185 [repositories/fiteagle] GET statements
[INFO ] 2016-03-07 15:01:55,192 [repositories/fiteagle] GET statements
[INFO ] 2016-03-07 15:01:55,198 [repositories/fiteagle] GET statements
[INFO ] 2016-03-07 15:01:55,204 [repositories/fiteagle] GET statements
[INFO ] 2016-03-07 15:01:55,209 [repositories/fiteagle] GET statements
[INFO ] 2016-03-07 15:01:55,257 [repositories/SYSTEM] GET statements
[INFO ] 2016-03-07 15:01:59,783 [repositories/fiteagle] GET namespace list
[INFO ] 2016-03-07 15:01:59,785 [repositories/fiteagle] Request for query 3392903 is finished
[INFO ] 2016-03-07 15:01:59,790 [repositories/fiteagle] GET namespace for prefix j.2
[INFO ] 2016-03-07 15:01:59,796 [repositories/fiteagle] GET statements
[INFO ] 2016-03-07 15:01:59,802 [repositories/fiteagle] GET statements
[INFO ] 2016-03-07 15:01:59,808 [repositories/fiteagle] GET statements
[INFO ] 2016-03-07 15:01:59,813 [repositories/fiteagle] GET statements
[INFO ] 2016-03-07 15:01:59,818 [repositories/fiteagle] GET statements
[INFO ] 2016-03-07 15:01:59,824 [repositories/fiteagle] GET statements
[INFO ] 2016-03-07 15:01:59,828 [repositories/fiteagle] GET statements
[INFO ] 2016-03-07 15:01:59,833 [repositories/fiteagle] GET statements
[INFO ] 2016-03-07 15:01:59,868 [repositories/SYSTEM] GET statements
[INFO ] 2016-03-07 15:47:17,551 [repositories/fiteagle] POST data to repository
[INFO ] 2016-03-07 15:47:17,552 [repositories/fiteagle] no base URI specified, using dummy 'foo:bar'
[WARN ] 2016-03-07 15:47:18,577 [repositories/fiteagle] http://javax.xml.XMLConstants/feature/secure-processing is not a recognized SAX feature. (-1, -1)
[INFO ] 2016-03-07 15:47:18,642 [repositories/fiteagle] POST data to repository
[INFO ] 2016-03-07 15:47:18,642 [repositories/fiteagle] no base URI specified, using dummy 'foo:bar'
[WARN ] 2016-03-07 15:47:19,537 [repositories/fiteagle] http://javax.xml.XMLConstants/feature/secure-processing is not a recognized SAX feature. (-1, -1)
[INFO ] 2016-03-07 18:30:11,040 [repositories/fiteagle] POST data to repository
[INFO ] 2016-03-07 18:30:11,042 [repositories/fiteagle] no base URI specified, using dummy 'foo:bar'
[WARN ] 2016-03-07 18:30:11,043 [repositories/fiteagle] http://javax.xml.XMLConstants/feature/secure-processing is not a recognized SAX feature. (-1, -1)
[INFO ] 2016-03-07 18:30:11,086 [repositories/fiteagle] POST data to repository
[INFO ] 2016-03-07 18:30:11,086 [repositories/fiteagle] no base URI specified, using dummy 'foo:bar'
[WARN ] 2016-03-07 18:30:11,087 [repositories/fiteagle] http://javax.xml.XMLConstants/feature/secure-processing is not a recognized SAX feature. (-1, -1)
[INFO ] 2016-03-07 18:30:11,186 [repositories/fiteagle] POST data to repository
[INFO ] 2016-03-07 18:30:11,186 [repositories/fiteagle] no base URI specified, using dummy 'foo:bar'
[WARN ] 2016-03-07 18:30:11,195 [repositories/fiteagle] http://javax.xml.XMLConstants/feature/secure-processing is not a recognized SAX feature. (-1, -1)
[INFO ] 2016-03-07 18:30:11,226 [repositories/fiteagle] POST data to repository
[INFO ] 2016-03-07 18:30:11,226 [repositories/fiteagle] no base URI specified, using dummy 'foo:bar'
[WARN ] 2016-03-07 18:30:11,228 [repositories/fiteagle] http://javax.xml.XMLConstants/feature/secure-processing is not a recognized SAX feature. (-1, -1)
[INFO ] 2016-03-07 18:30:11,538 [repositories/fiteagle] POST data to repository
[INFO ] 2016-03-07 18:30:11,538 [repositories/fiteagle] no base URI specified, using dummy 'foo:bar'
[WARN ] 2016-03-07 18:30:11,540 [repositories/fiteagle] http://javax.xml.XMLConstants/feature/secure-processing is not a recognized SAX feature. (-1, -1)
[INFO ] 2016-03-07 18:30:11,560 [repositories/fiteagle] POST data to repository
[INFO ] 2016-03-07 18:30:11,560 [repositories/fiteagle] no base URI specified, using dummy 'foo:bar'
[WARN ] 2016-03-07 18:30:11,562 [repositories/fiteagle] http://javax.xml.XMLConstants/feature/secure-processing is not a recognized SAX feature. (-1, -1)
