[INFO ] 2015-07-06 14:41:53,637 [ServerService Thread Pool -- 61] Logback logging API implementation is configured.
[INFO ] 2015-07-06 15:12:45,834 [ServerService Thread Pool -- 60] Logback logging API implementation is configured.
[WARN ] 2015-07-06 15:12:47,383 [ServerService Thread Pool -- 60] java.io.FileNotFoundException: ../sesame/openrdf-sesame/repositories/SYSTEM/lock/process (Datei oder Verzeichnis nicht gefunden)
java.io.FileNotFoundException: ../sesame/openrdf-sesame/repositories/SYSTEM/lock/process (Datei oder Verzeichnis nicht gefunden)
	at java.io.FileInputStream.open0(Native Method)
	at java.io.FileInputStream.open(FileInputStream.java:195)
	at java.io.FileInputStream.<init>(FileInputStream.java:138)
	at java.io.FileReader.<init>(FileReader.java:72)
	at org.openrdf.sail.helpers.DirectoryLockManager.getLockedBy(DirectoryLockManager.java:208)
	at org.openrdf.sail.helpers.DirectoryLockManager.removeInvalidLock(DirectoryLockManager.java:183)
	at org.openrdf.sail.helpers.DirectoryLockManager.tryLock(DirectoryLockManager.java:89)
	at org.openrdf.sail.memory.MemoryStore.initializeInternal(MemoryStore.java:316)
	at org.openrdf.sail.helpers.SailBase.initialize(SailBase.java:186)
	at org.openrdf.repository.sail.SailRepository.initializeInternal(SailRepository.java:97)
	at org.openrdf.repository.base.RepositoryBase.initialize(RepositoryBase.java:38)
	at org.openrdf.repository.base.RepositoryWrapper.initialize(RepositoryWrapper.java:71)
	at org.openrdf.repository.event.base.NotifyingRepositoryWrapper.initialize(NotifyingRepositoryWrapper.java:142)
	at org.openrdf.repository.manager.SystemRepository.initialize(SystemRepository.java:81)
	at org.openrdf.repository.manager.LocalRepositoryManager.createSystemRepository(LocalRepositoryManager.java:117)
	at org.openrdf.repository.manager.LocalRepositoryManager.createSystemRepository(LocalRepositoryManager.java:68)
	at org.openrdf.repository.manager.RepositoryManager.initialize(RepositoryManager.java:130)
	at sun.reflect.NativeMethodAccessorImpl.invoke0(Native Method)
	at sun.reflect.NativeMethodAccessorImpl.invoke(NativeMethodAccessorImpl.java:62)
	at sun.reflect.DelegatingMethodAccessorImpl.invoke(DelegatingMethodAccessorImpl.java:43)
	at java.lang.reflect.Method.invoke(Method.java:497)
	at org.springframework.beans.factory.support.AbstractAutowireCapableBeanFactory.invokeCustomInitMethod(AbstractAutowireCapableBeanFactory.java:1694)
	at org.springframework.beans.factory.support.AbstractAutowireCapableBeanFactory.invokeInitMethods(AbstractAutowireCapableBeanFactory.java:1633)
	at org.springframework.beans.factory.support.AbstractAutowireCapableBeanFactory.initializeBean(AbstractAutowireCapableBeanFactory.java:1562)
	at org.springframework.beans.factory.support.AbstractAutowireCapableBeanFactory.doCreateBean(AbstractAutowireCapableBeanFactory.java:539)
	at org.springframework.beans.factory.support.AbstractAutowireCapableBeanFactory.createBean(AbstractAutowireCapableBeanFactory.java:476)
	at org.springframework.beans.factory.support.AbstractBeanFactory$1.getObject(AbstractBeanFactory.java:303)
	at org.springframework.beans.factory.support.DefaultSingletonBeanRegistry.getSingleton(DefaultSingletonBeanRegistry.java:230)
	at org.springframework.beans.factory.support.AbstractBeanFactory.doGetBean(AbstractBeanFactory.java:299)
	at org.springframework.beans.factory.support.AbstractBeanFactory.getBean(AbstractBeanFactory.java:194)
	at org.springframework.beans.factory.support.DefaultListableBeanFactory.preInstantiateSingletons(DefaultListableBeanFactory.java:762)
	at org.springframework.context.support.AbstractApplicationContext.finishBeanFactoryInitialization(AbstractApplicationContext.java:757)
	at org.springframework.context.support.AbstractApplicationContext.refresh(AbstractApplicationContext.java:480)
	at org.springframework.web.servlet.FrameworkServlet.configureAndRefreshWebApplicationContext(FrameworkServlet.java:663)
	at org.springframework.web.servlet.FrameworkServlet.createWebApplicationContext(FrameworkServlet.java:629)
	at org.springframework.web.servlet.FrameworkServlet.createWebApplicationContext(FrameworkServlet.java:677)
	at org.springframework.web.servlet.FrameworkServlet.initWebApplicationContext(FrameworkServlet.java:548)
	at org.springframework.web.servlet.FrameworkServlet.initServletBean(FrameworkServlet.java:489)
	at org.springframework.web.servlet.HttpServletBean.init(HttpServletBean.java:136)
	at javax.servlet.GenericServlet.init(GenericServlet.java:244)
	at io.undertow.servlet.core.LifecyleInterceptorInvocation.proceed(LifecyleInterceptorInvocation.java:117)
	at org.wildfly.extension.undertow.security.RunAsLifecycleInterceptor.init(RunAsLifecycleInterceptor.java:78)
	at io.undertow.servlet.core.LifecyleInterceptorInvocation.proceed(LifecyleInterceptorInvocation.java:103)
	at io.undertow.servlet.core.ManagedServlet$DefaultInstanceStrategy.start(ManagedServlet.java:230)
	at io.undertow.servlet.core.ManagedServlet.createServlet(ManagedServlet.java:131)
	at io.undertow.servlet.core.DeploymentManagerImpl.start(DeploymentManagerImpl.java:511)
	at org.wildfly.extension.undertow.deployment.UndertowDeploymentService.startContext(UndertowDeploymentService.java:101)
	at org.wildfly.extension.undertow.deployment.UndertowDeploymentService$1.run(UndertowDeploymentService.java:82)
	at java.util.concurrent.Executors$RunnableAdapter.call(Executors.java:511)
	at java.util.concurrent.FutureTask.run(FutureTask.java:266)
	at java.util.concurrent.ThreadPoolExecutor.runWorker(ThreadPoolExecutor.java:1142)
	at java.util.concurrent.ThreadPoolExecutor$Worker.run(ThreadPoolExecutor.java:617)
	at java.lang.Thread.run(Thread.java:745)
	at org.jboss.threads.JBossThread.run(JBossThread.java:320)
[WARN ] 2015-07-06 15:12:47,383 [ServerService Thread Pool -- 60] Removing invalid lock null
[INFO ] 2015-07-06 15:12:49,144 [repositories/fiteagle] POST data to repository
[INFO ] 2015-07-06 15:12:49,149 [repositories/fiteagle] POST data to repository
[INFO ] 2015-07-06 15:12:49,161 [repositories/fiteagle] no base URI specified, using dummy 'foo:bar'
[INFO ] 2015-07-06 15:12:49,165 [repositories/fiteagle] no base URI specified, using dummy 'foo:bar'
[WARN ] 2015-07-06 15:12:49,198 [repositories/fiteagle] http://javax.xml.XMLConstants/feature/secure-processing is not a recognized SAX feature. (-1, -1)
[WARN ] 2015-07-06 15:12:49,206 [repositories/fiteagle] http://javax.xml.XMLConstants/feature/secure-processing is not a recognized SAX feature. (-1, -1)
[INFO ] 2015-07-06 15:12:50,020 [repositories/fiteagle] POST data to repository
[INFO ] 2015-07-06 15:12:50,020 [repositories/fiteagle] no base URI specified, using dummy 'foo:bar'
[WARN ] 2015-07-06 15:12:50,021 [repositories/fiteagle] http://javax.xml.XMLConstants/feature/secure-processing is not a recognized SAX feature. (-1, -1)
