[INFO ] 2016-03-09 16:14:04,607 [ServerService Thread Pool -- 72] Logback logging API implementation is configured.
[INFO ] 2016-03-09 16:14:07,327 [repositories/fiteagle] POST data to repository
[INFO ] 2016-03-09 16:14:07,343 [repositories/fiteagle] no base URI specified, using dummy 'foo:bar'
[WARN ] 2016-03-09 16:14:07,368 [repositories/fiteagle] http://javax.xml.XMLConstants/feature/secure-processing is not a recognized SAX feature. (-1, -1)
[INFO ] 2016-03-09 16:14:09,945 [repositories/fiteagle] POST data to repository
[INFO ] 2016-03-09 16:14:09,962 [repositories/fiteagle] no base URI specified, using dummy 'foo:bar'
[WARN ] 2016-03-09 16:14:09,963 [repositories/fiteagle] http://javax.xml.XMLConstants/feature/secure-processing is not a recognized SAX feature. (-1, -1)
[INFO ] 2016-03-09 16:14:10,151 [repositories/fiteagle] POST data to repository
[INFO ] 2016-03-09 16:14:10,151 [repositories/fiteagle] no base URI specified, using dummy 'foo:bar'
[WARN ] 2016-03-09 16:14:10,152 [repositories/fiteagle] http://javax.xml.XMLConstants/feature/secure-processing is not a recognized SAX feature. (-1, -1)
[INFO ] 2016-03-09 16:14:10,178 [repositories/fiteagle] POST data to repository
[INFO ] 2016-03-09 16:14:10,178 [repositories/fiteagle] no base URI specified, using dummy 'foo:bar'
[WARN ] 2016-03-09 16:14:10,179 [repositories/fiteagle] http://javax.xml.XMLConstants/feature/secure-processing is not a recognized SAX feature. (-1, -1)
[INFO ] 2016-03-09 16:14:10,746 [repositories/fiteagle] GET query -439247579
[INFO ] 2016-03-09 16:14:11,034 [repositories/fiteagle] Request for query -439247579 is finished
[INFO ] 2016-03-09 16:14:11,170 [repositories/fiteagle] POST data to repository
[INFO ] 2016-03-09 16:14:11,174 [repositories/fiteagle] no base URI specified, using dummy 'foo:bar'
[WARN ] 2016-03-09 16:14:11,176 [repositories/fiteagle] http://javax.xml.XMLConstants/feature/secure-processing is not a recognized SAX feature. (-1, -1)
[INFO ] 2016-03-09 16:14:11,220 [repositories/fiteagle] POST data to repository
[INFO ] 2016-03-09 16:14:11,220 [repositories/fiteagle] no base URI specified, using dummy 'foo:bar'
[WARN ] 2016-03-09 16:14:11,221 [repositories/fiteagle] http://javax.xml.XMLConstants/feature/secure-processing is not a recognized SAX feature. (-1, -1)
[INFO ] 2016-03-09 16:14:11,279 [repositories/fiteagle] POST data to repository
[INFO ] 2016-03-09 16:14:11,279 [repositories/fiteagle] no base URI specified, using dummy 'foo:bar'
[WARN ] 2016-03-09 16:14:11,281 [repositories/fiteagle] http://javax.xml.XMLConstants/feature/secure-processing is not a recognized SAX feature. (-1, -1)
[INFO ] 2016-03-09 16:14:11,296 [repositories/fiteagle] POST data to repository
[INFO ] 2016-03-09 16:14:11,296 [repositories/fiteagle] no base URI specified, using dummy 'foo:bar'
[WARN ] 2016-03-09 16:14:11,298 [repositories/fiteagle] http://javax.xml.XMLConstants/feature/secure-processing is not a recognized SAX feature. (-1, -1)
[INFO ] 2016-03-09 16:14:11,333 [repositories/fiteagle] POST data to repository
[INFO ] 2016-03-09 16:14:11,333 [repositories/fiteagle] no base URI specified, using dummy 'foo:bar'
[WARN ] 2016-03-09 16:14:11,337 [repositories/fiteagle] http://javax.xml.XMLConstants/feature/secure-processing is not a recognized SAX feature. (-1, -1)
[INFO ] 2016-03-09 16:14:11,348 [repositories/fiteagle] POST data to repository
[INFO ] 2016-03-09 16:14:11,348 [repositories/fiteagle] no base URI specified, using dummy 'foo:bar'
[WARN ] 2016-03-09 16:14:11,351 [repositories/fiteagle] http://javax.xml.XMLConstants/feature/secure-processing is not a recognized SAX feature. (-1, -1)
[INFO ] 2016-03-09 16:14:11,380 [repositories/fiteagle] POST data to repository
[INFO ] 2016-03-09 16:14:11,380 [repositories/fiteagle] no base URI specified, using dummy 'foo:bar'
[WARN ] 2016-03-09 16:14:11,381 [repositories/fiteagle] http://javax.xml.XMLConstants/feature/secure-processing is not a recognized SAX feature. (-1, -1)
[INFO ] 2016-03-09 16:14:11,392 [repositories/fiteagle] POST data to repository
[INFO ] 2016-03-09 16:14:11,392 [repositories/fiteagle] no base URI specified, using dummy 'foo:bar'
[WARN ] 2016-03-09 16:14:11,393 [repositories/fiteagle] http://javax.xml.XMLConstants/feature/secure-processing is not a recognized SAX feature. (-1, -1)
[INFO ] 2016-03-09 16:14:37,583 [repositories/SYSTEM] GET statements
[INFO ] 2016-03-09 16:14:37,952 [default task-28] Request for query 3392903 is finished
[INFO ] 2016-03-09 16:14:40,133 [repositories/SYSTEM] GET statements
[INFO ] 2016-03-09 16:14:40,152 [default task-37] Request for query 3392903 is finished
[INFO ] 2016-03-09 16:14:40,192 [repositories/fiteagle] Request for query 3392903 is finished
[INFO ] 2016-03-09 16:14:40,243 [repositories/SYSTEM] GET statements
[INFO ] 2016-03-09 16:14:41,860 [repositories/fiteagle] GET namespace list
[INFO ] 2016-03-09 16:14:41,867 [repositories/fiteagle] Request for query 3392903 is finished
[INFO ] 2016-03-09 16:14:41,873 [repositories/fiteagle] GET statements
[INFO ] 2016-03-09 16:14:41,938 [repositories/SYSTEM] GET statements
[INFO ] 2016-03-09 16:14:44,577 [repositories/fiteagle] GET namespace list
[INFO ] 2016-03-09 16:14:44,581 [repositories/fiteagle] Request for query 3392903 is finished
[INFO ] 2016-03-09 16:14:44,607 [repositories/fiteagle] GET statements
[INFO ] 2016-03-09 16:14:44,616 [repositories/fiteagle] GET statements
[INFO ] 2016-03-09 16:14:44,625 [repositories/fiteagle] GET statements
[INFO ] 2016-03-09 16:14:44,633 [repositories/fiteagle] GET statements
[INFO ] 2016-03-09 16:14:44,646 [repositories/fiteagle] GET statements
[INFO ] 2016-03-09 16:14:44,653 [repositories/fiteagle] GET statements
[INFO ] 2016-03-09 16:14:44,660 [repositories/fiteagle] GET statements
[INFO ] 2016-03-09 16:14:44,669 [repositories/fiteagle] GET statements
[INFO ] 2016-03-09 16:14:44,733 [repositories/SYSTEM] GET statements
[INFO ] 2016-03-09 16:14:46,353 [repositories/fiteagle] GET namespace list
[INFO ] 2016-03-09 16:14:46,356 [repositories/fiteagle] Request for query 3392903 is finished
[INFO ] 2016-03-09 16:14:46,365 [repositories/fiteagle] GET namespace for prefix j.2
[INFO ] 2016-03-09 16:14:46,370 [repositories/fiteagle] GET statements
[INFO ] 2016-03-09 16:14:46,379 [repositories/fiteagle] GET statements
[INFO ] 2016-03-09 16:14:46,390 [repositories/fiteagle] GET statements
[INFO ] 2016-03-09 16:14:46,396 [repositories/fiteagle] GET statements
[INFO ] 2016-03-09 16:14:46,406 [repositories/fiteagle] GET statements
[INFO ] 2016-03-09 16:14:46,412 [repositories/fiteagle] GET statements
[INFO ] 2016-03-09 16:14:46,438 [repositories/fiteagle] GET statements
[INFO ] 2016-03-09 16:14:46,443 [repositories/fiteagle] GET statements
[INFO ] 2016-03-09 16:14:46,475 [repositories/SYSTEM] GET statements
[INFO ] 2016-03-09 16:14:51,841 [repositories/fiteagle] GET namespace list
[INFO ] 2016-03-09 16:14:51,843 [repositories/fiteagle] Request for query 3392903 is finished
[INFO ] 2016-03-09 16:14:51,849 [repositories/fiteagle] GET statements
[INFO ] 2016-03-09 16:14:51,865 [repositories/fiteagle] GET statements
[INFO ] 2016-03-09 16:14:51,871 [repositories/fiteagle] GET statements
[INFO ] 2016-03-09 16:14:51,880 [repositories/fiteagle] GET statements
[INFO ] 2016-03-09 16:14:51,887 [repositories/fiteagle] GET statements
[INFO ] 2016-03-09 16:14:51,894 [repositories/fiteagle] GET statements
[INFO ] 2016-03-09 16:14:51,899 [repositories/fiteagle] GET statements
[INFO ] 2016-03-09 16:14:51,911 [repositories/fiteagle] GET statements
[INFO ] 2016-03-09 16:14:51,962 [repositories/SYSTEM] GET statements
