[INFO ] 2015-07-17 14:28:04,230 [MSC service thread 1-7] Logback logging API implementation is configured.
[INFO ] 2015-07-17 14:28:06,941 [repositories/fiteagle] POST data to repository
[INFO ] 2015-07-17 14:28:06,935 [repositories/fiteagle] POST data to repository
[INFO ] 2015-07-17 14:28:06,935 [repositories/fiteagle] POST data to repository
[INFO ] 2015-07-17 14:28:06,967 [repositories/fiteagle] no base URI specified, using dummy 'foo:bar'
[INFO ] 2015-07-17 14:28:06,967 [repositories/fiteagle] no base URI specified, using dummy 'foo:bar'
[INFO ] 2015-07-17 14:28:06,967 [repositories/fiteagle] no base URI specified, using dummy 'foo:bar'
[WARN ] 2015-07-17 14:28:06,993 [repositories/fiteagle] http://javax.xml.XMLConstants/feature/secure-processing is not a recognized SAX feature. (-1, -1)
[WARN ] 2015-07-17 14:28:07,007 [repositories/fiteagle] http://javax.xml.XMLConstants/feature/secure-processing is not a recognized SAX feature. (-1, -1)
[WARN ] 2015-07-17 14:28:07,009 [repositories/fiteagle] http://javax.xml.XMLConstants/feature/secure-processing is not a recognized SAX feature. (-1, -1)
[INFO ] 2015-07-17 14:28:08,309 [repositories/fiteagle] POST data to repository
[INFO ] 2015-07-17 14:28:08,309 [repositories/fiteagle] POST data to repository
[INFO ] 2015-07-17 14:28:08,309 [repositories/fiteagle] no base URI specified, using dummy 'foo:bar'
[INFO ] 2015-07-17 14:28:08,309 [repositories/fiteagle] no base URI specified, using dummy 'foo:bar'
[INFO ] 2015-07-17 14:28:08,312 [repositories/fiteagle] POST data to repository
[INFO ] 2015-07-17 14:28:08,312 [repositories/fiteagle] POST data to repository
[INFO ] 2015-07-17 14:28:08,312 [repositories/fiteagle] POST data to repository
[INFO ] 2015-07-17 14:28:08,312 [repositories/fiteagle] POST data to repository
[INFO ] 2015-07-17 14:28:08,314 [repositories/fiteagle] POST data to repository
[INFO ] 2015-07-17 14:28:08,314 [repositories/fiteagle] POST data to repository
[INFO ] 2015-07-17 14:28:08,314 [repositories/fiteagle] POST data to repository
[INFO ] 2015-07-17 14:28:08,314 [repositories/fiteagle] POST data to repository
[INFO ] 2015-07-17 14:28:08,314 [repositories/fiteagle] POST data to repository
[INFO ] 2015-07-17 14:28:08,315 [repositories/fiteagle] POST data to repository
[INFO ] 2015-07-17 14:28:08,320 [repositories/fiteagle] no base URI specified, using dummy 'foo:bar'
[WARN ] 2015-07-17 14:28:08,320 [repositories/fiteagle] http://javax.xml.XMLConstants/feature/secure-processing is not a recognized SAX feature. (-1, -1)
[INFO ] 2015-07-17 14:28:08,320 [repositories/fiteagle] no base URI specified, using dummy 'foo:bar'
[INFO ] 2015-07-17 14:28:08,320 [repositories/fiteagle] no base URI specified, using dummy 'foo:bar'
[INFO ] 2015-07-17 14:28:08,321 [repositories/fiteagle] no base URI specified, using dummy 'foo:bar'
[WARN ] 2015-07-17 14:28:08,321 [repositories/fiteagle] http://javax.xml.XMLConstants/feature/secure-processing is not a recognized SAX feature. (-1, -1)
[INFO ] 2015-07-17 14:28:08,321 [repositories/fiteagle] no base URI specified, using dummy 'foo:bar'
[INFO ] 2015-07-17 14:28:08,321 [repositories/fiteagle] no base URI specified, using dummy 'foo:bar'
[INFO ] 2015-07-17 14:28:08,321 [repositories/fiteagle] no base URI specified, using dummy 'foo:bar'
[INFO ] 2015-07-17 14:28:08,321 [repositories/fiteagle] no base URI specified, using dummy 'foo:bar'
[INFO ] 2015-07-17 14:28:08,321 [repositories/fiteagle] no base URI specified, using dummy 'foo:bar'
[INFO ] 2015-07-17 14:28:08,322 [repositories/fiteagle] no base URI specified, using dummy 'foo:bar'
[WARN ] 2015-07-17 14:28:08,323 [repositories/fiteagle] http://javax.xml.XMLConstants/feature/secure-processing is not a recognized SAX feature. (-1, -1)
[WARN ] 2015-07-17 14:28:08,324 [repositories/fiteagle] http://javax.xml.XMLConstants/feature/secure-processing is not a recognized SAX feature. (-1, -1)
[WARN ] 2015-07-17 14:28:08,325 [repositories/fiteagle] http://javax.xml.XMLConstants/feature/secure-processing is not a recognized SAX feature. (-1, -1)
[WARN ] 2015-07-17 14:28:08,326 [repositories/fiteagle] http://javax.xml.XMLConstants/feature/secure-processing is not a recognized SAX feature. (-1, -1)
[WARN ] 2015-07-17 14:28:08,326 [repositories/fiteagle] http://javax.xml.XMLConstants/feature/secure-processing is not a recognized SAX feature. (-1, -1)
[WARN ] 2015-07-17 14:28:08,328 [repositories/fiteagle] http://javax.xml.XMLConstants/feature/secure-processing is not a recognized SAX feature. (-1, -1)
[WARN ] 2015-07-17 14:28:08,328 [repositories/fiteagle] http://javax.xml.XMLConstants/feature/secure-processing is not a recognized SAX feature. (-1, -1)
[WARN ] 2015-07-17 14:28:08,331 [repositories/fiteagle] http://javax.xml.XMLConstants/feature/secure-processing is not a recognized SAX feature. (-1, -1)
[WARN ] 2015-07-17 14:28:08,333 [repositories/fiteagle] http://javax.xml.XMLConstants/feature/secure-processing is not a recognized SAX feature. (-1, -1)
[WARN ] 2015-07-17 14:28:08,337 [repositories/fiteagle] http://javax.xml.XMLConstants/feature/secure-processing is not a recognized SAX feature. (-1, -1)
[INFO ] 2015-07-17 14:28:08,462 [repositories/fiteagle] POST data to repository
[INFO ] 2015-07-17 14:28:08,462 [repositories/fiteagle] no base URI specified, using dummy 'foo:bar'
[INFO ] 2015-07-17 14:28:08,463 [repositories/fiteagle] POST data to repository
[INFO ] 2015-07-17 14:28:08,463 [repositories/fiteagle] no base URI specified, using dummy 'foo:bar'
[INFO ] 2015-07-17 14:28:08,463 [repositories/fiteagle] POST data to repository
[INFO ] 2015-07-17 14:28:08,463 [repositories/fiteagle] no base URI specified, using dummy 'foo:bar'
[WARN ] 2015-07-17 14:28:08,464 [repositories/fiteagle] http://javax.xml.XMLConstants/feature/secure-processing is not a recognized SAX feature. (-1, -1)
[INFO ] 2015-07-17 14:28:08,466 [repositories/fiteagle] POST data to repository
[INFO ] 2015-07-17 14:28:08,466 [repositories/fiteagle] no base URI specified, using dummy 'foo:bar'
[INFO ] 2015-07-17 14:28:08,467 [repositories/fiteagle] POST data to repository
[INFO ] 2015-07-17 14:28:08,468 [repositories/fiteagle] no base URI specified, using dummy 'foo:bar'
[WARN ] 2015-07-17 14:28:08,469 [repositories/fiteagle] http://javax.xml.XMLConstants/feature/secure-processing is not a recognized SAX feature. (-1, -1)
[INFO ] 2015-07-17 14:28:08,470 [repositories/fiteagle] POST data to repository
[INFO ] 2015-07-17 14:28:08,470 [repositories/fiteagle] no base URI specified, using dummy 'foo:bar'
[INFO ] 2015-07-17 14:28:08,471 [repositories/fiteagle] POST data to repository
[INFO ] 2015-07-17 14:28:08,471 [repositories/fiteagle] no base URI specified, using dummy 'foo:bar'
[WARN ] 2015-07-17 14:28:08,473 [repositories/fiteagle] http://javax.xml.XMLConstants/feature/secure-processing is not a recognized SAX feature. (-1, -1)
[INFO ] 2015-07-17 14:28:08,480 [repositories/fiteagle] POST data to repository
[WARN ] 2015-07-17 14:28:08,480 [repositories/fiteagle] http://javax.xml.XMLConstants/feature/secure-processing is not a recognized SAX feature. (-1, -1)
[INFO ] 2015-07-17 14:28:08,480 [repositories/fiteagle] no base URI specified, using dummy 'foo:bar'
[INFO ] 2015-07-17 14:28:08,480 [repositories/fiteagle] POST data to repository
[INFO ] 2015-07-17 14:28:08,480 [repositories/fiteagle] POST data to repository
[WARN ] 2015-07-17 14:28:08,480 [repositories/fiteagle] http://javax.xml.XMLConstants/feature/secure-processing is not a recognized SAX feature. (-1, -1)
[WARN ] 2015-07-17 14:28:08,484 [repositories/fiteagle] http://javax.xml.XMLConstants/feature/secure-processing is not a recognized SAX feature. (-1, -1)
[WARN ] 2015-07-17 14:28:08,484 [repositories/fiteagle] http://javax.xml.XMLConstants/feature/secure-processing is not a recognized SAX feature. (-1, -1)
[INFO ] 2015-07-17 14:28:08,484 [repositories/fiteagle] no base URI specified, using dummy 'foo:bar'
[INFO ] 2015-07-17 14:28:08,484 [repositories/fiteagle] no base URI specified, using dummy 'foo:bar'
[INFO ] 2015-07-17 14:28:08,485 [repositories/fiteagle] POST data to repository
[INFO ] 2015-07-17 14:28:08,485 [repositories/fiteagle] POST data to repository
[INFO ] 2015-07-17 14:28:08,485 [repositories/fiteagle] POST data to repository
[WARN ] 2015-07-17 14:28:08,485 [repositories/fiteagle] http://javax.xml.XMLConstants/feature/secure-processing is not a recognized SAX feature. (-1, -1)
[INFO ] 2015-07-17 14:28:08,486 [repositories/fiteagle] POST data to repository
[INFO ] 2015-07-17 14:28:08,486 [repositories/fiteagle] POST data to repository
[INFO ] 2015-07-17 14:28:08,486 [repositories/fiteagle] POST data to repository
[INFO ] 2015-07-17 14:28:08,486 [repositories/fiteagle] POST data to repository
[INFO ] 2015-07-17 14:28:08,486 [repositories/fiteagle] POST data to repository
[INFO ] 2015-07-17 14:28:08,486 [repositories/fiteagle] POST data to repository
[INFO ] 2015-07-17 14:28:08,486 [repositories/fiteagle] POST data to repository
[INFO ] 2015-07-17 14:28:08,486 [repositories/fiteagle] POST data to repository
[INFO ] 2015-07-17 14:28:08,486 [repositories/fiteagle] POST data to repository
[INFO ] 2015-07-17 14:28:08,486 [repositories/fiteagle] POST data to repository
[INFO ] 2015-07-17 14:28:08,486 [repositories/fiteagle] POST data to repository
[INFO ] 2015-07-17 14:28:08,487 [repositories/fiteagle] POST data to repository
[INFO ] 2015-07-17 14:28:08,487 [repositories/fiteagle] POST data to repository
[INFO ] 2015-07-17 14:28:08,487 [repositories/fiteagle] POST data to repository
[INFO ] 2015-07-17 14:28:08,487 [repositories/fiteagle] POST data to repository
[INFO ] 2015-07-17 14:28:08,487 [repositories/fiteagle] POST data to repository
[INFO ] 2015-07-17 14:28:08,487 [repositories/fiteagle] POST data to repository
[INFO ] 2015-07-17 14:28:08,487 [repositories/fiteagle] POST data to repository
[INFO ] 2015-07-17 14:28:08,488 [repositories/fiteagle] POST data to repository
[INFO ] 2015-07-17 14:28:08,488 [repositories/fiteagle] POST data to repository
[INFO ] 2015-07-17 14:28:08,489 [repositories/fiteagle] POST data to repository
[WARN ] 2015-07-17 14:28:08,489 [repositories/fiteagle] http://javax.xml.XMLConstants/feature/secure-processing is not a recognized SAX feature. (-1, -1)
[INFO ] 2015-07-17 14:28:08,489 [repositories/fiteagle] POST data to repository
[INFO ] 2015-07-17 14:28:08,490 [repositories/fiteagle] POST data to repository
[INFO ] 2015-07-17 14:28:08,490 [repositories/fiteagle] POST data to repository
[INFO ] 2015-07-17 14:28:08,491 [repositories/fiteagle] POST data to repository
[INFO ] 2015-07-17 14:28:08,491 [repositories/fiteagle] POST data to repository
[INFO ] 2015-07-17 14:28:08,491 [repositories/fiteagle] POST data to repository
[INFO ] 2015-07-17 14:28:08,491 [repositories/fiteagle] POST data to repository
[INFO ] 2015-07-17 14:28:08,491 [repositories/fiteagle] POST data to repository
[INFO ] 2015-07-17 14:28:08,491 [repositories/fiteagle] POST data to repository
[INFO ] 2015-07-17 14:28:08,491 [repositories/fiteagle] POST data to repository
[INFO ] 2015-07-17 14:28:08,492 [repositories/fiteagle] POST data to repository
[INFO ] 2015-07-17 14:28:08,492 [repositories/fiteagle] POST data to repository
[INFO ] 2015-07-17 14:28:08,492 [repositories/fiteagle] POST data to repository
[INFO ] 2015-07-17 14:28:08,492 [repositories/fiteagle] POST data to repository
[INFO ] 2015-07-17 14:28:08,492 [repositories/fiteagle] POST data to repository
[INFO ] 2015-07-17 14:28:08,492 [repositories/fiteagle] POST data to repository
[INFO ] 2015-07-17 14:28:08,492 [repositories/fiteagle] POST data to repository
[INFO ] 2015-07-17 14:28:08,493 [repositories/fiteagle] POST data to repository
[INFO ] 2015-07-17 14:28:08,493 [repositories/fiteagle] POST data to repository
[INFO ] 2015-07-17 14:28:08,493 [repositories/fiteagle] POST data to repository
[INFO ] 2015-07-17 14:28:08,493 [repositories/fiteagle] no base URI specified, using dummy 'foo:bar'
[INFO ] 2015-07-17 14:28:08,493 [repositories/fiteagle] POST data to repository
[INFO ] 2015-07-17 14:28:08,493 [repositories/fiteagle] no base URI specified, using dummy 'foo:bar'
[INFO ] 2015-07-17 14:28:08,494 [repositories/fiteagle] POST data to repository
[INFO ] 2015-07-17 14:28:08,494 [repositories/fiteagle] POST data to repository
[INFO ] 2015-07-17 14:28:08,494 [repositories/fiteagle] POST data to repository
[INFO ] 2015-07-17 14:28:08,494 [repositories/fiteagle] POST data to repository
[INFO ] 2015-07-17 14:28:08,495 [repositories/fiteagle] POST data to repository
[INFO ] 2015-07-17 14:28:08,496 [repositories/fiteagle] POST data to repository
[INFO ] 2015-07-17 14:28:08,496 [repositories/fiteagle] no base URI specified, using dummy 'foo:bar'
[INFO ] 2015-07-17 14:28:08,497 [repositories/fiteagle] POST data to repository
[INFO ] 2015-07-17 14:28:08,497 [repositories/fiteagle] POST data to repository
[INFO ] 2015-07-17 14:28:08,497 [repositories/fiteagle] POST data to repository
[INFO ] 2015-07-17 14:28:08,497 [repositories/fiteagle] POST data to repository
[INFO ] 2015-07-17 14:28:08,497 [repositories/fiteagle] POST data to repository
[INFO ] 2015-07-17 14:28:08,498 [repositories/fiteagle] POST data to repository
[INFO ] 2015-07-17 14:28:08,498 [repositories/fiteagle] POST data to repository
[INFO ] 2015-07-17 14:28:08,499 [repositories/fiteagle] no base URI specified, using dummy 'foo:bar'
[INFO ] 2015-07-17 14:28:08,500 [repositories/fiteagle] POST data to repository
[WARN ] 2015-07-17 14:28:08,500 [repositories/fiteagle] http://javax.xml.XMLConstants/feature/secure-processing is not a recognized SAX feature. (-1, -1)
[INFO ] 2015-07-17 14:28:08,500 [repositories/fiteagle] no base URI specified, using dummy 'foo:bar'
[INFO ] 2015-07-17 14:28:08,500 [repositories/fiteagle] no base URI specified, using dummy 'foo:bar'
[INFO ] 2015-07-17 14:28:08,500 [repositories/fiteagle] no base URI specified, using dummy 'foo:bar'
[INFO ] 2015-07-17 14:28:08,500 [repositories/fiteagle] no base URI specified, using dummy 'foo:bar'
[INFO ] 2015-07-17 14:28:08,501 [repositories/fiteagle] no base URI specified, using dummy 'foo:bar'
[INFO ] 2015-07-17 14:28:08,501 [repositories/fiteagle] no base URI specified, using dummy 'foo:bar'
[INFO ] 2015-07-17 14:28:08,501 [repositories/fiteagle] no base URI specified, using dummy 'foo:bar'
[INFO ] 2015-07-17 14:28:08,501 [repositories/fiteagle] no base URI specified, using dummy 'foo:bar'
[INFO ] 2015-07-17 14:28:08,501 [repositories/fiteagle] POST data to repository
[INFO ] 2015-07-17 14:28:08,501 [repositories/fiteagle] no base URI specified, using dummy 'foo:bar'
[INFO ] 2015-07-17 14:28:08,501 [repositories/fiteagle] no base URI specified, using dummy 'foo:bar'
[INFO ] 2015-07-17 14:28:08,501 [repositories/fiteagle] no base URI specified, using dummy 'foo:bar'
[INFO ] 2015-07-17 14:28:08,501 [repositories/fiteagle] no base URI specified, using dummy 'foo:bar'
[INFO ] 2015-07-17 14:28:08,501 [repositories/fiteagle] POST data to repository
[INFO ] 2015-07-17 14:28:08,501 [repositories/fiteagle] POST data to repository
[INFO ] 2015-07-17 14:28:08,501 [repositories/fiteagle] no base URI specified, using dummy 'foo:bar'
[INFO ] 2015-07-17 14:28:08,501 [repositories/fiteagle] no base URI specified, using dummy 'foo:bar'
[INFO ] 2015-07-17 14:28:08,501 [repositories/fiteagle] no base URI specified, using dummy 'foo:bar'
[INFO ] 2015-07-17 14:28:08,501 [repositories/fiteagle] no base URI specified, using dummy 'foo:bar'
[INFO ] 2015-07-17 14:28:08,501 [repositories/fiteagle] no base URI specified, using dummy 'foo:bar'
[INFO ] 2015-07-17 14:28:08,502 [repositories/fiteagle] no base URI specified, using dummy 'foo:bar'
[INFO ] 2015-07-17 14:28:08,502 [repositories/fiteagle] no base URI specified, using dummy 'foo:bar'
[INFO ] 2015-07-17 14:28:08,502 [repositories/fiteagle] no base URI specified, using dummy 'foo:bar'
[INFO ] 2015-07-17 14:28:08,502 [repositories/fiteagle] no base URI specified, using dummy 'foo:bar'
[INFO ] 2015-07-17 14:28:08,502 [repositories/fiteagle] no base URI specified, using dummy 'foo:bar'
[INFO ] 2015-07-17 14:28:08,502 [repositories/fiteagle] no base URI specified, using dummy 'foo:bar'
[INFO ] 2015-07-17 14:28:08,502 [repositories/fiteagle] no base URI specified, using dummy 'foo:bar'
[INFO ] 2015-07-17 14:28:08,502 [repositories/fiteagle] no base URI specified, using dummy 'foo:bar'
[INFO ] 2015-07-17 14:28:08,502 [repositories/fiteagle] no base URI specified, using dummy 'foo:bar'
[INFO ] 2015-07-17 14:28:08,502 [repositories/fiteagle] no base URI specified, using dummy 'foo:bar'
[INFO ] 2015-07-17 14:28:08,502 [repositories/fiteagle] no base URI specified, using dummy 'foo:bar'
[INFO ] 2015-07-17 14:28:08,502 [repositories/fiteagle] no base URI specified, using dummy 'foo:bar'
[INFO ] 2015-07-17 14:28:08,502 [repositories/fiteagle] no base URI specified, using dummy 'foo:bar'
[INFO ] 2015-07-17 14:28:08,503 [repositories/fiteagle] no base URI specified, using dummy 'foo:bar'
[INFO ] 2015-07-17 14:28:08,504 [repositories/fiteagle] POST data to repository
[INFO ] 2015-07-17 14:28:08,505 [repositories/fiteagle] no base URI specified, using dummy 'foo:bar'
[INFO ] 2015-07-17 14:28:08,505 [repositories/fiteagle] no base URI specified, using dummy 'foo:bar'
[INFO ] 2015-07-17 14:28:08,505 [repositories/fiteagle] no base URI specified, using dummy 'foo:bar'
[INFO ] 2015-07-17 14:28:08,505 [repositories/fiteagle] no base URI specified, using dummy 'foo:bar'
[INFO ] 2015-07-17 14:28:08,505 [repositories/fiteagle] no base URI specified, using dummy 'foo:bar'
[INFO ] 2015-07-17 14:28:08,505 [repositories/fiteagle] no base URI specified, using dummy 'foo:bar'
[INFO ] 2015-07-17 14:28:08,506 [repositories/fiteagle] no base URI specified, using dummy 'foo:bar'
[INFO ] 2015-07-17 14:28:08,506 [repositories/fiteagle] no base URI specified, using dummy 'foo:bar'
[INFO ] 2015-07-17 14:28:08,506 [repositories/fiteagle] no base URI specified, using dummy 'foo:bar'
[INFO ] 2015-07-17 14:28:08,506 [repositories/fiteagle] no base URI specified, using dummy 'foo:bar'
[WARN ] 2015-07-17 14:28:08,507 [repositories/fiteagle] http://javax.xml.XMLConstants/feature/secure-processing is not a recognized SAX feature. (-1, -1)
[INFO ] 2015-07-17 14:28:08,507 [repositories/fiteagle] no base URI specified, using dummy 'foo:bar'
[INFO ] 2015-07-17 14:28:08,507 [repositories/fiteagle] no base URI specified, using dummy 'foo:bar'
[WARN ] 2015-07-17 14:28:08,507 [repositories/fiteagle] http://javax.xml.XMLConstants/feature/secure-processing is not a recognized SAX feature. (-1, -1)
[INFO ] 2015-07-17 14:28:08,507 [repositories/fiteagle] no base URI specified, using dummy 'foo:bar'
[INFO ] 2015-07-17 14:28:08,507 [repositories/fiteagle] no base URI specified, using dummy 'foo:bar'
[INFO ] 2015-07-17 14:28:08,508 [repositories/fiteagle] no base URI specified, using dummy 'foo:bar'
[INFO ] 2015-07-17 14:28:08,508 [repositories/fiteagle] no base URI specified, using dummy 'foo:bar'
[WARN ] 2015-07-17 14:28:08,509 [repositories/fiteagle] http://javax.xml.XMLConstants/feature/secure-processing is not a recognized SAX feature. (-1, -1)
[INFO ] 2015-07-17 14:28:08,509 [repositories/fiteagle] no base URI specified, using dummy 'foo:bar'
[INFO ] 2015-07-17 14:28:08,509 [repositories/fiteagle] no base URI specified, using dummy 'foo:bar'
[INFO ] 2015-07-17 14:28:08,509 [repositories/fiteagle] no base URI specified, using dummy 'foo:bar'
[INFO ] 2015-07-17 14:28:08,509 [repositories/fiteagle] no base URI specified, using dummy 'foo:bar'
[INFO ] 2015-07-17 14:28:08,509 [repositories/fiteagle] no base URI specified, using dummy 'foo:bar'
[INFO ] 2015-07-17 14:28:08,509 [repositories/fiteagle] no base URI specified, using dummy 'foo:bar'
[INFO ] 2015-07-17 14:28:08,509 [repositories/fiteagle] no base URI specified, using dummy 'foo:bar'
[WARN ] 2015-07-17 14:28:08,511 [repositories/fiteagle] http://javax.xml.XMLConstants/feature/secure-processing is not a recognized SAX feature. (-1, -1)
[INFO ] 2015-07-17 14:28:08,511 [repositories/fiteagle] no base URI specified, using dummy 'foo:bar'
[WARN ] 2015-07-17 14:28:08,516 [repositories/fiteagle] http://javax.xml.XMLConstants/feature/secure-processing is not a recognized SAX feature. (-1, -1)
[WARN ] 2015-07-17 14:28:08,516 [repositories/fiteagle] http://javax.xml.XMLConstants/feature/secure-processing is not a recognized SAX feature. (-1, -1)
[WARN ] 2015-07-17 14:28:08,517 [repositories/fiteagle] http://javax.xml.XMLConstants/feature/secure-processing is not a recognized SAX feature. (-1, -1)
[WARN ] 2015-07-17 14:28:08,517 [repositories/fiteagle] http://javax.xml.XMLConstants/feature/secure-processing is not a recognized SAX feature. (-1, -1)
[WARN ] 2015-07-17 14:28:08,517 [repositories/fiteagle] http://javax.xml.XMLConstants/feature/secure-processing is not a recognized SAX feature. (-1, -1)
[WARN ] 2015-07-17 14:28:08,517 [repositories/fiteagle] http://javax.xml.XMLConstants/feature/secure-processing is not a recognized SAX feature. (-1, -1)
[INFO ] 2015-07-17 14:28:08,518 [repositories/fiteagle] no base URI specified, using dummy 'foo:bar'
[INFO ] 2015-07-17 14:28:08,518 [repositories/fiteagle] POST data to repository
[WARN ] 2015-07-17 14:28:08,519 [repositories/fiteagle] http://javax.xml.XMLConstants/feature/secure-processing is not a recognized SAX feature. (-1, -1)
[WARN ] 2015-07-17 14:28:08,519 [repositories/fiteagle] http://javax.xml.XMLConstants/feature/secure-processing is not a recognized SAX feature. (-1, -1)
[WARN ] 2015-07-17 14:28:08,520 [repositories/fiteagle] http://javax.xml.XMLConstants/feature/secure-processing is not a recognized SAX feature. (-1, -1)
[WARN ] 2015-07-17 14:28:08,520 [repositories/fiteagle] http://javax.xml.XMLConstants/feature/secure-processing is not a recognized SAX feature. (-1, -1)
[INFO ] 2015-07-17 14:28:08,520 [repositories/fiteagle] no base URI specified, using dummy 'foo:bar'
[INFO ] 2015-07-17 14:28:08,520 [repositories/fiteagle] no base URI specified, using dummy 'foo:bar'
[WARN ] 2015-07-17 14:28:08,522 [repositories/fiteagle] http://javax.xml.XMLConstants/feature/secure-processing is not a recognized SAX feature. (-1, -1)
[WARN ] 2015-07-17 14:28:08,522 [repositories/fiteagle] http://javax.xml.XMLConstants/feature/secure-processing is not a recognized SAX feature. (-1, -1)
[WARN ] 2015-07-17 14:28:08,522 [repositories/fiteagle] http://javax.xml.XMLConstants/feature/secure-processing is not a recognized SAX feature. (-1, -1)
[WARN ] 2015-07-17 14:28:08,522 [repositories/fiteagle] http://javax.xml.XMLConstants/feature/secure-processing is not a recognized SAX feature. (-1, -1)
[WARN ] 2015-07-17 14:28:08,522 [repositories/fiteagle] http://javax.xml.XMLConstants/feature/secure-processing is not a recognized SAX feature. (-1, -1)
[WARN ] 2015-07-17 14:28:08,522 [repositories/fiteagle] http://javax.xml.XMLConstants/feature/secure-processing is not a recognized SAX feature. (-1, -1)
[WARN ] 2015-07-17 14:28:08,523 [repositories/fiteagle] http://javax.xml.XMLConstants/feature/secure-processing is not a recognized SAX feature. (-1, -1)
[WARN ] 2015-07-17 14:28:08,523 [repositories/fiteagle] http://javax.xml.XMLConstants/feature/secure-processing is not a recognized SAX feature. (-1, -1)
[WARN ] 2015-07-17 14:28:08,523 [repositories/fiteagle] http://javax.xml.XMLConstants/feature/secure-processing is not a recognized SAX feature. (-1, -1)
[WARN ] 2015-07-17 14:28:08,523 [repositories/fiteagle] http://javax.xml.XMLConstants/feature/secure-processing is not a recognized SAX feature. (-1, -1)
[WARN ] 2015-07-17 14:28:08,524 [repositories/fiteagle] http://javax.xml.XMLConstants/feature/secure-processing is not a recognized SAX feature. (-1, -1)
[WARN ] 2015-07-17 14:28:08,528 [repositories/fiteagle] http://javax.xml.XMLConstants/feature/secure-processing is not a recognized SAX feature. (-1, -1)
[WARN ] 2015-07-17 14:28:08,529 [repositories/fiteagle] http://javax.xml.XMLConstants/feature/secure-processing is not a recognized SAX feature. (-1, -1)
[WARN ] 2015-07-17 14:28:08,531 [repositories/fiteagle] http://javax.xml.XMLConstants/feature/secure-processing is not a recognized SAX feature. (-1, -1)
[INFO ] 2015-07-17 14:28:08,533 [repositories/fiteagle] no base URI specified, using dummy 'foo:bar'
[WARN ] 2015-07-17 14:28:08,534 [repositories/fiteagle] http://javax.xml.XMLConstants/feature/secure-processing is not a recognized SAX feature. (-1, -1)
[WARN ] 2015-07-17 14:28:08,535 [repositories/fiteagle] http://javax.xml.XMLConstants/feature/secure-processing is not a recognized SAX feature. (-1, -1)
[WARN ] 2015-07-17 14:28:08,536 [repositories/fiteagle] http://javax.xml.XMLConstants/feature/secure-processing is not a recognized SAX feature. (-1, -1)
[WARN ] 2015-07-17 14:28:08,536 [repositories/fiteagle] http://javax.xml.XMLConstants/feature/secure-processing is not a recognized SAX feature. (-1, -1)
[WARN ] 2015-07-17 14:28:08,536 [repositories/fiteagle] http://javax.xml.XMLConstants/feature/secure-processing is not a recognized SAX feature. (-1, -1)
[WARN ] 2015-07-17 14:28:08,536 [repositories/fiteagle] http://javax.xml.XMLConstants/feature/secure-processing is not a recognized SAX feature. (-1, -1)
[WARN ] 2015-07-17 14:28:08,537 [repositories/fiteagle] http://javax.xml.XMLConstants/feature/secure-processing is not a recognized SAX feature. (-1, -1)
[WARN ] 2015-07-17 14:28:08,537 [repositories/fiteagle] http://javax.xml.XMLConstants/feature/secure-processing is not a recognized SAX feature. (-1, -1)
[WARN ] 2015-07-17 14:28:08,538 [repositories/fiteagle] http://javax.xml.XMLConstants/feature/secure-processing is not a recognized SAX feature. (-1, -1)
[WARN ] 2015-07-17 14:28:08,540 [repositories/fiteagle] http://javax.xml.XMLConstants/feature/secure-processing is not a recognized SAX feature. (-1, -1)
[INFO ] 2015-07-17 14:28:08,541 [repositories/fiteagle] POST data to repository
[WARN ] 2015-07-17 14:28:08,541 [repositories/fiteagle] http://javax.xml.XMLConstants/feature/secure-processing is not a recognized SAX feature. (-1, -1)
[WARN ] 2015-07-17 14:28:08,542 [repositories/fiteagle] http://javax.xml.XMLConstants/feature/secure-processing is not a recognized SAX feature. (-1, -1)
[WARN ] 2015-07-17 14:28:08,542 [repositories/fiteagle] http://javax.xml.XMLConstants/feature/secure-processing is not a recognized SAX feature. (-1, -1)
[WARN ] 2015-07-17 14:28:08,544 [repositories/fiteagle] http://javax.xml.XMLConstants/feature/secure-processing is not a recognized SAX feature. (-1, -1)
[WARN ] 2015-07-17 14:28:08,545 [repositories/fiteagle] http://javax.xml.XMLConstants/feature/secure-processing is not a recognized SAX feature. (-1, -1)
[WARN ] 2015-07-17 14:28:08,547 [repositories/fiteagle] http://javax.xml.XMLConstants/feature/secure-processing is not a recognized SAX feature. (-1, -1)
[WARN ] 2015-07-17 14:28:08,547 [repositories/fiteagle] http://javax.xml.XMLConstants/feature/secure-processing is not a recognized SAX feature. (-1, -1)
[WARN ] 2015-07-17 14:28:08,547 [repositories/fiteagle] http://javax.xml.XMLConstants/feature/secure-processing is not a recognized SAX feature. (-1, -1)
[WARN ] 2015-07-17 14:28:08,547 [repositories/fiteagle] http://javax.xml.XMLConstants/feature/secure-processing is not a recognized SAX feature. (-1, -1)
[WARN ] 2015-07-17 14:28:08,547 [repositories/fiteagle] http://javax.xml.XMLConstants/feature/secure-processing is not a recognized SAX feature. (-1, -1)
[WARN ] 2015-07-17 14:28:08,547 [repositories/fiteagle] http://javax.xml.XMLConstants/feature/secure-processing is not a recognized SAX feature. (-1, -1)
[WARN ] 2015-07-17 14:28:08,548 [repositories/fiteagle] http://javax.xml.XMLConstants/feature/secure-processing is not a recognized SAX feature. (-1, -1)
[WARN ] 2015-07-17 14:28:08,548 [repositories/fiteagle] http://javax.xml.XMLConstants/feature/secure-processing is not a recognized SAX feature. (-1, -1)
[WARN ] 2015-07-17 14:28:08,548 [repositories/fiteagle] http://javax.xml.XMLConstants/feature/secure-processing is not a recognized SAX feature. (-1, -1)
[INFO ] 2015-07-17 14:28:08,549 [repositories/fiteagle] POST data to repository
[WARN ] 2015-07-17 14:28:08,551 [repositories/fiteagle] http://javax.xml.XMLConstants/feature/secure-processing is not a recognized SAX feature. (-1, -1)
[WARN ] 2015-07-17 14:28:08,551 [repositories/fiteagle] http://javax.xml.XMLConstants/feature/secure-processing is not a recognized SAX feature. (-1, -1)
[WARN ] 2015-07-17 14:28:08,551 [repositories/fiteagle] http://javax.xml.XMLConstants/feature/secure-processing is not a recognized SAX feature. (-1, -1)
[INFO ] 2015-07-17 14:28:08,552 [repositories/fiteagle] POST data to repository
[WARN ] 2015-07-17 14:28:08,552 [repositories/fiteagle] http://javax.xml.XMLConstants/feature/secure-processing is not a recognized SAX feature. (-1, -1)
[WARN ] 2015-07-17 14:28:08,552 [repositories/fiteagle] http://javax.xml.XMLConstants/feature/secure-processing is not a recognized SAX feature. (-1, -1)
[WARN ] 2015-07-17 14:28:08,553 [repositories/fiteagle] http://javax.xml.XMLConstants/feature/secure-processing is not a recognized SAX feature. (-1, -1)
[WARN ] 2015-07-17 14:28:08,555 [repositories/fiteagle] http://javax.xml.XMLConstants/feature/secure-processing is not a recognized SAX feature. (-1, -1)
[INFO ] 2015-07-17 14:28:08,556 [repositories/fiteagle] POST data to repository
[INFO ] 2015-07-17 14:28:08,560 [repositories/fiteagle] no base URI specified, using dummy 'foo:bar'
[WARN ] 2015-07-17 14:28:08,561 [repositories/fiteagle] http://javax.xml.XMLConstants/feature/secure-processing is not a recognized SAX feature. (-1, -1)
[WARN ] 2015-07-17 14:28:08,563 [repositories/fiteagle] http://javax.xml.XMLConstants/feature/secure-processing is not a recognized SAX feature. (-1, -1)
[INFO ] 2015-07-17 14:28:08,565 [repositories/fiteagle] POST data to repository
[WARN ] 2015-07-17 14:28:08,566 [repositories/fiteagle] http://javax.xml.XMLConstants/feature/secure-processing is not a recognized SAX feature. (-1, -1)
[INFO ] 2015-07-17 14:28:08,566 [repositories/fiteagle] POST data to repository
[INFO ] 2015-07-17 14:28:08,570 [repositories/fiteagle] POST data to repository
[WARN ] 2015-07-17 14:28:08,580 [repositories/fiteagle] http://javax.xml.XMLConstants/feature/secure-processing is not a recognized SAX feature. (-1, -1)
[INFO ] 2015-07-17 14:28:08,599 [repositories/fiteagle] no base URI specified, using dummy 'foo:bar'
[INFO ] 2015-07-17 14:28:08,615 [repositories/fiteagle] no base URI specified, using dummy 'foo:bar'
[INFO ] 2015-07-17 14:28:08,617 [repositories/fiteagle] no base URI specified, using dummy 'foo:bar'
[INFO ] 2015-07-17 14:28:08,622 [repositories/fiteagle] no base URI specified, using dummy 'foo:bar'
[WARN ] 2015-07-17 14:28:08,626 [repositories/fiteagle] http://javax.xml.XMLConstants/feature/secure-processing is not a recognized SAX feature. (-1, -1)
[INFO ] 2015-07-17 14:28:08,626 [repositories/fiteagle] no base URI specified, using dummy 'foo:bar'
[INFO ] 2015-07-17 14:28:08,626 [repositories/fiteagle] no base URI specified, using dummy 'foo:bar'
[INFO ] 2015-07-17 14:28:08,626 [repositories/fiteagle] no base URI specified, using dummy 'foo:bar'
[WARN ] 2015-07-17 14:28:08,628 [repositories/fiteagle] http://javax.xml.XMLConstants/feature/secure-processing is not a recognized SAX feature. (-1, -1)
[WARN ] 2015-07-17 14:28:08,628 [repositories/fiteagle] http://javax.xml.XMLConstants/feature/secure-processing is not a recognized SAX feature. (-1, -1)
[WARN ] 2015-07-17 14:28:08,629 [repositories/fiteagle] http://javax.xml.XMLConstants/feature/secure-processing is not a recognized SAX feature. (-1, -1)
[WARN ] 2015-07-17 14:28:08,630 [repositories/fiteagle] http://javax.xml.XMLConstants/feature/secure-processing is not a recognized SAX feature. (-1, -1)
[WARN ] 2015-07-17 14:28:08,631 [repositories/fiteagle] http://javax.xml.XMLConstants/feature/secure-processing is not a recognized SAX feature. (-1, -1)
[WARN ] 2015-07-17 14:28:08,633 [repositories/fiteagle] http://javax.xml.XMLConstants/feature/secure-processing is not a recognized SAX feature. (-1, -1)
[WARN ] 2015-07-17 14:28:08,634 [repositories/fiteagle] http://javax.xml.XMLConstants/feature/secure-processing is not a recognized SAX feature. (-1, -1)
[INFO ] 2015-07-17 14:28:09,201 [repositories/fiteagle] POST data to repository
[INFO ] 2015-07-17 14:28:09,202 [repositories/fiteagle] no base URI specified, using dummy 'foo:bar'
[WARN ] 2015-07-17 14:28:09,203 [repositories/fiteagle] http://javax.xml.XMLConstants/feature/secure-processing is not a recognized SAX feature. (-1, -1)
[INFO ] 2015-07-17 14:28:09,205 [repositories/fiteagle] POST data to repository
[INFO ] 2015-07-17 14:28:09,205 [repositories/fiteagle] no base URI specified, using dummy 'foo:bar'
[WARN ] 2015-07-17 14:28:09,206 [repositories/fiteagle] http://javax.xml.XMLConstants/feature/secure-processing is not a recognized SAX feature. (-1, -1)
[INFO ] 2015-07-17 14:28:09,209 [repositories/fiteagle] POST data to repository
[INFO ] 2015-07-17 14:28:09,209 [repositories/fiteagle] no base URI specified, using dummy 'foo:bar'
[INFO ] 2015-07-17 14:28:09,209 [repositories/fiteagle] POST data to repository
[INFO ] 2015-07-17 14:28:09,209 [repositories/fiteagle] no base URI specified, using dummy 'foo:bar'
[INFO ] 2015-07-17 14:28:09,210 [repositories/fiteagle] POST data to repository
[INFO ] 2015-07-17 14:28:09,210 [repositories/fiteagle] no base URI specified, using dummy 'foo:bar'
[WARN ] 2015-07-17 14:28:09,210 [repositories/fiteagle] http://javax.xml.XMLConstants/feature/secure-processing is not a recognized SAX feature. (-1, -1)
[INFO ] 2015-07-17 14:28:09,212 [repositories/fiteagle] POST data to repository
[INFO ] 2015-07-17 14:28:09,212 [repositories/fiteagle] no base URI specified, using dummy 'foo:bar'
[WARN ] 2015-07-17 14:28:09,213 [repositories/fiteagle] http://javax.xml.XMLConstants/feature/secure-processing is not a recognized SAX feature. (-1, -1)
[WARN ] 2015-07-17 14:28:09,213 [repositories/fiteagle] http://javax.xml.XMLConstants/feature/secure-processing is not a recognized SAX feature. (-1, -1)
[INFO ] 2015-07-17 14:28:09,216 [repositories/fiteagle] POST data to repository
[INFO ] 2015-07-17 14:28:09,217 [repositories/fiteagle] no base URI specified, using dummy 'foo:bar'
[INFO ] 2015-07-17 14:28:09,218 [repositories/fiteagle] POST data to repository
[WARN ] 2015-07-17 14:28:09,218 [repositories/fiteagle] http://javax.xml.XMLConstants/feature/secure-processing is not a recognized SAX feature. (-1, -1)
[INFO ] 2015-07-17 14:28:09,218 [repositories/fiteagle] no base URI specified, using dummy 'foo:bar'
[WARN ] 2015-07-17 14:28:09,219 [repositories/fiteagle] http://javax.xml.XMLConstants/feature/secure-processing is not a recognized SAX feature. (-1, -1)
[INFO ] 2015-07-17 14:28:09,225 [repositories/fiteagle] POST data to repository
[INFO ] 2015-07-17 14:28:09,225 [repositories/fiteagle] no base URI specified, using dummy 'foo:bar'
[WARN ] 2015-07-17 14:28:09,226 [repositories/fiteagle] http://javax.xml.XMLConstants/feature/secure-processing is not a recognized SAX feature. (-1, -1)
[WARN ] 2015-07-17 14:28:09,230 [repositories/fiteagle] http://javax.xml.XMLConstants/feature/secure-processing is not a recognized SAX feature. (-1, -1)
[INFO ] 2015-07-17 14:28:09,234 [repositories/fiteagle] POST data to repository
[INFO ] 2015-07-17 14:28:09,234 [repositories/fiteagle] no base URI specified, using dummy 'foo:bar'
[INFO ] 2015-07-17 14:28:09,236 [repositories/fiteagle] POST data to repository
[INFO ] 2015-07-17 14:28:09,236 [repositories/fiteagle] no base URI specified, using dummy 'foo:bar'
[INFO ] 2015-07-17 14:28:09,237 [repositories/fiteagle] POST data to repository
[INFO ] 2015-07-17 14:28:09,237 [repositories/fiteagle] POST data to repository
[INFO ] 2015-07-17 14:28:09,237 [repositories/fiteagle] POST data to repository
[INFO ] 2015-07-17 14:28:09,237 [repositories/fiteagle] no base URI specified, using dummy 'foo:bar'
[INFO ] 2015-07-17 14:28:09,238 [repositories/fiteagle] POST data to repository
[INFO ] 2015-07-17 14:28:09,238 [repositories/fiteagle] POST data to repository
[INFO ] 2015-07-17 14:28:09,238 [repositories/fiteagle] POST data to repository
[INFO ] 2015-07-17 14:28:09,238 [repositories/fiteagle] POST data to repository
[INFO ] 2015-07-17 14:28:09,238 [repositories/fiteagle] no base URI specified, using dummy 'foo:bar'
[WARN ] 2015-07-17 14:28:09,238 [repositories/fiteagle] http://javax.xml.XMLConstants/feature/secure-processing is not a recognized SAX feature. (-1, -1)
[INFO ] 2015-07-17 14:28:09,239 [repositories/fiteagle] POST data to repository
[INFO ] 2015-07-17 14:28:09,239 [repositories/fiteagle] POST data to repository
[INFO ] 2015-07-17 14:28:09,239 [repositories/fiteagle] POST data to repository
[INFO ] 2015-07-17 14:28:09,239 [repositories/fiteagle] POST data to repository
[INFO ] 2015-07-17 14:28:09,240 [repositories/fiteagle] no base URI specified, using dummy 'foo:bar'
[INFO ] 2015-07-17 14:28:09,240 [repositories/fiteagle] POST data to repository
[INFO ] 2015-07-17 14:28:09,240 [repositories/fiteagle] POST data to repository
[INFO ] 2015-07-17 14:28:09,240 [repositories/fiteagle] no base URI specified, using dummy 'foo:bar'
[WARN ] 2015-07-17 14:28:09,241 [repositories/fiteagle] http://javax.xml.XMLConstants/feature/secure-processing is not a recognized SAX feature. (-1, -1)
[INFO ] 2015-07-17 14:28:09,241 [repositories/fiteagle] POST data to repository
[INFO ] 2015-07-17 14:28:09,241 [repositories/fiteagle] POST data to repository
[INFO ] 2015-07-17 14:28:09,241 [repositories/fiteagle] no base URI specified, using dummy 'foo:bar'
[WARN ] 2015-07-17 14:28:09,241 [repositories/fiteagle] http://javax.xml.XMLConstants/feature/secure-processing is not a recognized SAX feature. (-1, -1)
[INFO ] 2015-07-17 14:28:09,242 [repositories/fiteagle] POST data to repository
[INFO ] 2015-07-17 14:28:09,242 [repositories/fiteagle] POST data to repository
[INFO ] 2015-07-17 14:28:09,243 [repositories/fiteagle] POST data to repository
[INFO ] 2015-07-17 14:28:09,243 [repositories/fiteagle] POST data to repository
[INFO ] 2015-07-17 14:28:09,244 [repositories/fiteagle] POST data to repository
[INFO ] 2015-07-17 14:28:09,244 [repositories/fiteagle] POST data to repository
[INFO ] 2015-07-17 14:28:09,244 [repositories/fiteagle] POST data to repository
[INFO ] 2015-07-17 14:28:09,244 [repositories/fiteagle] POST data to repository
[INFO ] 2015-07-17 14:28:09,245 [repositories/fiteagle] no base URI specified, using dummy 'foo:bar'
[INFO ] 2015-07-17 14:28:09,245 [repositories/fiteagle] POST data to repository
[WARN ] 2015-07-17 14:28:09,246 [repositories/fiteagle] http://javax.xml.XMLConstants/feature/secure-processing is not a recognized SAX feature. (-1, -1)
[INFO ] 2015-07-17 14:28:09,247 [repositories/fiteagle] no base URI specified, using dummy 'foo:bar'
[INFO ] 2015-07-17 14:28:09,249 [repositories/fiteagle] no base URI specified, using dummy 'foo:bar'
[INFO ] 2015-07-17 14:28:09,249 [repositories/fiteagle] no base URI specified, using dummy 'foo:bar'
[INFO ] 2015-07-17 14:28:09,249 [repositories/fiteagle] no base URI specified, using dummy 'foo:bar'
[INFO ] 2015-07-17 14:28:09,249 [repositories/fiteagle] no base URI specified, using dummy 'foo:bar'
[INFO ] 2015-07-17 14:28:09,249 [repositories/fiteagle] no base URI specified, using dummy 'foo:bar'
[INFO ] 2015-07-17 14:28:09,250 [repositories/fiteagle] no base URI specified, using dummy 'foo:bar'
[WARN ] 2015-07-17 14:28:09,250 [repositories/fiteagle] http://javax.xml.XMLConstants/feature/secure-processing is not a recognized SAX feature. (-1, -1)
[INFO ] 2015-07-17 14:28:09,250 [repositories/fiteagle] no base URI specified, using dummy 'foo:bar'
[WARN ] 2015-07-17 14:28:09,252 [repositories/fiteagle] http://javax.xml.XMLConstants/feature/secure-processing is not a recognized SAX feature. (-1, -1)
[WARN ] 2015-07-17 14:28:09,252 [repositories/fiteagle] http://javax.xml.XMLConstants/feature/secure-processing is not a recognized SAX feature. (-1, -1)
[INFO ] 2015-07-17 14:28:09,253 [repositories/fiteagle] no base URI specified, using dummy 'foo:bar'
[INFO ] 2015-07-17 14:28:09,253 [repositories/fiteagle] no base URI specified, using dummy 'foo:bar'
[INFO ] 2015-07-17 14:28:09,253 [repositories/fiteagle] no base URI specified, using dummy 'foo:bar'
[INFO ] 2015-07-17 14:28:09,253 [repositories/fiteagle] no base URI specified, using dummy 'foo:bar'
[INFO ] 2015-07-17 14:28:09,253 [repositories/fiteagle] no base URI specified, using dummy 'foo:bar'
[INFO ] 2015-07-17 14:28:09,254 [repositories/fiteagle] no base URI specified, using dummy 'foo:bar'
[INFO ] 2015-07-17 14:28:09,254 [repositories/fiteagle] no base URI specified, using dummy 'foo:bar'
[INFO ] 2015-07-17 14:28:09,255 [repositories/fiteagle] no base URI specified, using dummy 'foo:bar'
[WARN ] 2015-07-17 14:28:09,255 [repositories/fiteagle] http://javax.xml.XMLConstants/feature/secure-processing is not a recognized SAX feature. (-1, -1)
[INFO ] 2015-07-17 14:28:09,256 [repositories/fiteagle] no base URI specified, using dummy 'foo:bar'
[INFO ] 2015-07-17 14:28:09,256 [repositories/fiteagle] no base URI specified, using dummy 'foo:bar'
[WARN ] 2015-07-17 14:28:09,256 [repositories/fiteagle] http://javax.xml.XMLConstants/feature/secure-processing is not a recognized SAX feature. (-1, -1)
[WARN ] 2015-07-17 14:28:09,257 [repositories/fiteagle] http://javax.xml.XMLConstants/feature/secure-processing is not a recognized SAX feature. (-1, -1)
[WARN ] 2015-07-17 14:28:09,259 [repositories/fiteagle] http://javax.xml.XMLConstants/feature/secure-processing is not a recognized SAX feature. (-1, -1)
[WARN ] 2015-07-17 14:28:09,260 [repositories/fiteagle] http://javax.xml.XMLConstants/feature/secure-processing is not a recognized SAX feature. (-1, -1)
[INFO ] 2015-07-17 14:28:09,262 [repositories/fiteagle] POST data to repository
[WARN ] 2015-07-17 14:28:09,262 [repositories/fiteagle] http://javax.xml.XMLConstants/feature/secure-processing is not a recognized SAX feature. (-1, -1)
[INFO ] 2015-07-17 14:28:09,263 [repositories/fiteagle] POST data to repository
[WARN ] 2015-07-17 14:28:09,264 [repositories/fiteagle] http://javax.xml.XMLConstants/feature/secure-processing is not a recognized SAX feature. (-1, -1)
[INFO ] 2015-07-17 14:28:09,265 [repositories/fiteagle] POST data to repository
[INFO ] 2015-07-17 14:28:09,266 [repositories/fiteagle] POST data to repository
[INFO ] 2015-07-17 14:28:09,266 [repositories/fiteagle] POST data to repository
[INFO ] 2015-07-17 14:28:09,270 [repositories/fiteagle] POST data to repository
[INFO ] 2015-07-17 14:28:09,270 [repositories/fiteagle] POST data to repository
[WARN ] 2015-07-17 14:28:09,271 [repositories/fiteagle] http://javax.xml.XMLConstants/feature/secure-processing is not a recognized SAX feature. (-1, -1)
[WARN ] 2015-07-17 14:28:09,271 [repositories/fiteagle] http://javax.xml.XMLConstants/feature/secure-processing is not a recognized SAX feature. (-1, -1)
[WARN ] 2015-07-17 14:28:09,273 [repositories/fiteagle] http://javax.xml.XMLConstants/feature/secure-processing is not a recognized SAX feature. (-1, -1)
[INFO ] 2015-07-17 14:28:09,274 [repositories/fiteagle] POST data to repository
[INFO ] 2015-07-17 14:28:09,275 [repositories/fiteagle] POST data to repository
[INFO ] 2015-07-17 14:28:09,276 [repositories/fiteagle] POST data to repository
[INFO ] 2015-07-17 14:28:09,276 [repositories/fiteagle] POST data to repository
[WARN ] 2015-07-17 14:28:09,277 [repositories/fiteagle] http://javax.xml.XMLConstants/feature/secure-processing is not a recognized SAX feature. (-1, -1)
[INFO ] 2015-07-17 14:28:09,277 [repositories/fiteagle] POST data to repository
[WARN ] 2015-07-17 14:28:09,277 [repositories/fiteagle] http://javax.xml.XMLConstants/feature/secure-processing is not a recognized SAX feature. (-1, -1)
[WARN ] 2015-07-17 14:28:09,278 [repositories/fiteagle] http://javax.xml.XMLConstants/feature/secure-processing is not a recognized SAX feature. (-1, -1)
[WARN ] 2015-07-17 14:28:09,279 [repositories/fiteagle] http://javax.xml.XMLConstants/feature/secure-processing is not a recognized SAX feature. (-1, -1)
[WARN ] 2015-07-17 14:28:09,279 [repositories/fiteagle] http://javax.xml.XMLConstants/feature/secure-processing is not a recognized SAX feature. (-1, -1)
[INFO ] 2015-07-17 14:28:09,280 [repositories/fiteagle] POST data to repository
[INFO ] 2015-07-17 14:28:09,281 [repositories/fiteagle] POST data to repository
[INFO ] 2015-07-17 14:28:09,282 [repositories/fiteagle] POST data to repository
[INFO ] 2015-07-17 14:28:09,283 [repositories/fiteagle] POST data to repository
[INFO ] 2015-07-17 14:28:09,285 [repositories/fiteagle] POST data to repository
[INFO ] 2015-07-17 14:28:09,286 [repositories/fiteagle] POST data to repository
[INFO ] 2015-07-17 14:28:09,286 [repositories/fiteagle] POST data to repository
[INFO ] 2015-07-17 14:28:09,287 [repositories/fiteagle] POST data to repository
[WARN ] 2015-07-17 14:28:09,288 [repositories/fiteagle] http://javax.xml.XMLConstants/feature/secure-processing is not a recognized SAX feature. (-1, -1)
[WARN ] 2015-07-17 14:28:09,288 [repositories/fiteagle] http://javax.xml.XMLConstants/feature/secure-processing is not a recognized SAX feature. (-1, -1)
[WARN ] 2015-07-17 14:28:09,289 [repositories/fiteagle] http://javax.xml.XMLConstants/feature/secure-processing is not a recognized SAX feature. (-1, -1)
[INFO ] 2015-07-17 14:28:09,289 [repositories/fiteagle] no base URI specified, using dummy 'foo:bar'
[WARN ] 2015-07-17 14:28:09,290 [repositories/fiteagle] http://javax.xml.XMLConstants/feature/secure-processing is not a recognized SAX feature. (-1, -1)
[INFO ] 2015-07-17 14:28:09,291 [repositories/fiteagle] POST data to repository
[INFO ] 2015-07-17 14:28:09,291 [repositories/fiteagle] POST data to repository
[INFO ] 2015-07-17 14:28:09,291 [repositories/fiteagle] no base URI specified, using dummy 'foo:bar'
[INFO ] 2015-07-17 14:28:09,292 [repositories/fiteagle] POST data to repository
[INFO ] 2015-07-17 14:28:09,293 [repositories/fiteagle] no base URI specified, using dummy 'foo:bar'
[INFO ] 2015-07-17 14:28:09,293 [repositories/fiteagle] no base URI specified, using dummy 'foo:bar'
[INFO ] 2015-07-17 14:28:09,293 [repositories/fiteagle] no base URI specified, using dummy 'foo:bar'
[INFO ] 2015-07-17 14:28:09,293 [repositories/fiteagle] no base URI specified, using dummy 'foo:bar'
[INFO ] 2015-07-17 14:28:09,293 [repositories/fiteagle] no base URI specified, using dummy 'foo:bar'
[INFO ] 2015-07-17 14:28:09,294 [repositories/fiteagle] no base URI specified, using dummy 'foo:bar'
[INFO ] 2015-07-17 14:28:09,294 [repositories/fiteagle] no base URI specified, using dummy 'foo:bar'
[INFO ] 2015-07-17 14:28:09,294 [repositories/fiteagle] no base URI specified, using dummy 'foo:bar'
[INFO ] 2015-07-17 14:28:09,295 [repositories/fiteagle] no base URI specified, using dummy 'foo:bar'
[INFO ] 2015-07-17 14:28:09,296 [repositories/fiteagle] no base URI specified, using dummy 'foo:bar'
[INFO ] 2015-07-17 14:28:09,298 [repositories/fiteagle] no base URI specified, using dummy 'foo:bar'
[INFO ] 2015-07-17 14:28:09,298 [repositories/fiteagle] no base URI specified, using dummy 'foo:bar'
[INFO ] 2015-07-17 14:28:09,298 [repositories/fiteagle] no base URI specified, using dummy 'foo:bar'
[INFO ] 2015-07-17 14:28:09,298 [repositories/fiteagle] no base URI specified, using dummy 'foo:bar'
[INFO ] 2015-07-17 14:28:09,298 [repositories/fiteagle] no base URI specified, using dummy 'foo:bar'
[INFO ] 2015-07-17 14:28:09,298 [repositories/fiteagle] no base URI specified, using dummy 'foo:bar'
[INFO ] 2015-07-17 14:28:09,298 [repositories/fiteagle] no base URI specified, using dummy 'foo:bar'
[INFO ] 2015-07-17 14:28:09,298 [repositories/fiteagle] no base URI specified, using dummy 'foo:bar'
[INFO ] 2015-07-17 14:28:09,300 [repositories/fiteagle] no base URI specified, using dummy 'foo:bar'
[INFO ] 2015-07-17 14:28:09,300 [repositories/fiteagle] no base URI specified, using dummy 'foo:bar'
[WARN ] 2015-07-17 14:28:09,300 [repositories/fiteagle] http://javax.xml.XMLConstants/feature/secure-processing is not a recognized SAX feature. (-1, -1)
[WARN ] 2015-07-17 14:28:09,301 [repositories/fiteagle] http://javax.xml.XMLConstants/feature/secure-processing is not a recognized SAX feature. (-1, -1)
[INFO ] 2015-07-17 14:28:09,302 [repositories/fiteagle] no base URI specified, using dummy 'foo:bar'
[WARN ] 2015-07-17 14:28:09,304 [repositories/fiteagle] http://javax.xml.XMLConstants/feature/secure-processing is not a recognized SAX feature. (-1, -1)
[WARN ] 2015-07-17 14:28:09,305 [repositories/fiteagle] http://javax.xml.XMLConstants/feature/secure-processing is not a recognized SAX feature. (-1, -1)
[WARN ] 2015-07-17 14:28:09,303 [repositories/fiteagle] http://javax.xml.XMLConstants/feature/secure-processing is not a recognized SAX feature. (-1, -1)
[WARN ] 2015-07-17 14:28:09,307 [repositories/fiteagle] http://javax.xml.XMLConstants/feature/secure-processing is not a recognized SAX feature. (-1, -1)
[WARN ] 2015-07-17 14:28:09,307 [repositories/fiteagle] http://javax.xml.XMLConstants/feature/secure-processing is not a recognized SAX feature. (-1, -1)
[WARN ] 2015-07-17 14:28:09,308 [repositories/fiteagle] http://javax.xml.XMLConstants/feature/secure-processing is not a recognized SAX feature. (-1, -1)
[WARN ] 2015-07-17 14:28:09,308 [repositories/fiteagle] http://javax.xml.XMLConstants/feature/secure-processing is not a recognized SAX feature. (-1, -1)
[WARN ] 2015-07-17 14:28:09,310 [repositories/fiteagle] http://javax.xml.XMLConstants/feature/secure-processing is not a recognized SAX feature. (-1, -1)
[WARN ] 2015-07-17 14:28:09,311 [repositories/fiteagle] http://javax.xml.XMLConstants/feature/secure-processing is not a recognized SAX feature. (-1, -1)
[WARN ] 2015-07-17 14:28:09,312 [repositories/fiteagle] http://javax.xml.XMLConstants/feature/secure-processing is not a recognized SAX feature. (-1, -1)
[WARN ] 2015-07-17 14:28:09,313 [repositories/fiteagle] http://javax.xml.XMLConstants/feature/secure-processing is not a recognized SAX feature. (-1, -1)
[WARN ] 2015-07-17 14:28:09,313 [repositories/fiteagle] http://javax.xml.XMLConstants/feature/secure-processing is not a recognized SAX feature. (-1, -1)
[WARN ] 2015-07-17 14:28:09,314 [repositories/fiteagle] http://javax.xml.XMLConstants/feature/secure-processing is not a recognized SAX feature. (-1, -1)
[WARN ] 2015-07-17 14:28:09,314 [repositories/fiteagle] http://javax.xml.XMLConstants/feature/secure-processing is not a recognized SAX feature. (-1, -1)
[WARN ] 2015-07-17 14:28:09,315 [repositories/fiteagle] http://javax.xml.XMLConstants/feature/secure-processing is not a recognized SAX feature. (-1, -1)
[WARN ] 2015-07-17 14:28:09,315 [repositories/fiteagle] http://javax.xml.XMLConstants/feature/secure-processing is not a recognized SAX feature. (-1, -1)
[WARN ] 2015-07-17 14:28:09,316 [repositories/fiteagle] http://javax.xml.XMLConstants/feature/secure-processing is not a recognized SAX feature. (-1, -1)
[WARN ] 2015-07-17 14:28:09,316 [repositories/fiteagle] http://javax.xml.XMLConstants/feature/secure-processing is not a recognized SAX feature. (-1, -1)
[WARN ] 2015-07-17 14:28:09,316 [repositories/fiteagle] http://javax.xml.XMLConstants/feature/secure-processing is not a recognized SAX feature. (-1, -1)
[WARN ] 2015-07-17 14:28:09,315 [repositories/fiteagle] http://javax.xml.XMLConstants/feature/secure-processing is not a recognized SAX feature. (-1, -1)
[WARN ] 2015-07-17 14:28:09,320 [repositories/fiteagle] http://javax.xml.XMLConstants/feature/secure-processing is not a recognized SAX feature. (-1, -1)
[INFO ] 2015-07-17 14:28:55,280 [repositories/fiteagle] POST SPARQL update request to repository
[INFO ] 2015-07-17 14:28:57,944 [repositories/fiteagle] POST data to repository
[INFO ] 2015-07-17 14:28:57,946 [repositories/fiteagle] no base URI specified, using dummy 'foo:bar'
[WARN ] 2015-07-17 14:28:57,948 [repositories/fiteagle] http://javax.xml.XMLConstants/feature/secure-processing is not a recognized SAX feature. (-1, -1)
[INFO ] 2015-07-17 14:30:08,725 [repositories/fiteagle] POST SPARQL update request to repository
[INFO ] 2015-07-17 14:30:10,146 [repositories/fiteagle] POST data to repository
[INFO ] 2015-07-17 14:30:10,147 [repositories/fiteagle] no base URI specified, using dummy 'foo:bar'
[WARN ] 2015-07-17 14:30:10,147 [repositories/fiteagle] http://javax.xml.XMLConstants/feature/secure-processing is not a recognized SAX feature. (-1, -1)
