[INFO ] 2016-07-10 16:10:39,156 [ServerService Thread Pool -- 81] Logback logging API implementation is configured.
[INFO ] 2016-07-10 16:10:40,862 [default task-1] CompressingFilter has initialized
[INFO ] 2016-07-10 16:10:41,108 [repositories/QTeam] POST data to repository
[INFO ] 2016-07-10 16:10:41,125 [repositories/QTeam] no base URI specified, using dummy 'foo:bar'
[WARN ] 2016-07-10 16:10:41,179 [repositories/QTeam] http://javax.xml.XMLConstants/feature/secure-processing is not a recognized SAX feature. (-1, -1)
[INFO ] 2016-07-10 16:11:51,779 [repositories/QTeam] GET query 2098645089
[INFO ] 2016-07-10 16:11:52,045 [repositories/QTeam] Request for query 2098645089 is finished
[INFO ] 2016-07-10 17:05:10,552 [repositories/QTeam] GET query 2098645089
[INFO ] 2016-07-10 17:05:10,564 [repositories/QTeam] Request for query 2098645089 is finished
[INFO ] 2016-07-10 17:06:59,197 [repositories/QTeam] GET query 2098645089
[INFO ] 2016-07-10 17:06:59,221 [repositories/QTeam] Request for query 2098645089 is finished
[INFO ] 2016-07-10 17:08:52,716 [repositories/QTeam] GET query 2098645089
[INFO ] 2016-07-10 17:08:52,742 [repositories/QTeam] Request for query 2098645089 is finished
[INFO ] 2016-07-10 17:09:05,963 [repositories/QTeam] POST data to repository
[INFO ] 2016-07-10 17:09:05,978 [repositories/QTeam] no base URI specified, using dummy 'foo:bar'
[WARN ] 2016-07-10 17:09:05,994 [repositories/QTeam] http://javax.xml.XMLConstants/feature/secure-processing is not a recognized SAX feature. (-1, -1)
[INFO ] 2016-07-10 17:09:33,193 [ServerService Thread Pool -- 72] Logback logging API implementation is configured.
[INFO ] 2016-07-10 17:09:35,854 [default task-1] CompressingFilter has initialized
[INFO ] 2016-07-10 17:09:36,291 [repositories/QTeam] POST data to repository
[INFO ] 2016-07-10 17:09:36,316 [repositories/QTeam] no base URI specified, using dummy 'foo:bar'
[WARN ] 2016-07-10 17:09:36,392 [repositories/QTeam] http://javax.xml.XMLConstants/feature/secure-processing is not a recognized SAX feature. (-1, -1)
[INFO ] 2016-07-10 17:09:57,763 [repositories/SYSTEM] GET statements
[INFO ] 2016-07-10 17:09:57,963 [default task-7] Request for query 3392903 is finished
[INFO ] 2016-07-10 17:09:58,083 [repositories/fiteagle] GET namespace list
[INFO ] 2016-07-10 17:09:58,084 [repositories/fiteagle] Request for query 3392903 is finished
[INFO ] 2016-07-10 17:09:58,099 [repositories/fiteagle] GET statements
[INFO ] 2016-07-10 17:09:58,208 [repositories/SYSTEM] GET statements
[INFO ] 2016-07-10 17:10:00,428 [repositories/fiteagle] GET namespace list
[INFO ] 2016-07-10 17:10:00,430 [repositories/fiteagle] Request for query 3392903 is finished
[INFO ] 2016-07-10 17:10:00,441 [repositories/fiteagle] GET statements
[INFO ] 2016-07-10 17:10:00,505 [repositories/SYSTEM] GET statements
[INFO ] 2016-07-10 17:10:02,583 [repositories/SYSTEM] GET statements
[INFO ] 2016-07-10 17:10:02,615 [default task-44] Request for query 3392903 is finished
[INFO ] 2016-07-10 17:10:05,107 [repositories/SYSTEM] GET statements
[INFO ] 2016-07-10 17:10:05,121 [default task-55] Request for query 3392903 is finished
[INFO ] 2016-07-10 17:10:05,165 [repositories/QTeam] Request for query 3392903 is finished
[INFO ] 2016-07-10 17:10:05,232 [repositories/SYSTEM] GET statements
[INFO ] 2016-07-10 17:10:07,056 [repositories/QTeam] GET namespace list
[INFO ] 2016-07-10 17:10:07,059 [repositories/QTeam] Request for query 3392903 is finished
[INFO ] 2016-07-10 17:10:07,065 [repositories/QTeam] GET statements
[INFO ] 2016-07-10 17:10:07,169 [repositories/SYSTEM] GET statements
[INFO ] 2016-07-10 17:18:02,636 [repositories/QTeam] GET namespace list
[INFO ] 2016-07-10 17:18:02,639 [repositories/QTeam] Request for query 3392903 is finished
[INFO ] 2016-07-10 17:18:02,649 [repositories/QTeam] GET statements
[INFO ] 2016-07-10 17:18:02,655 [repositories/QTeam] GET statements
[INFO ] 2016-07-10 17:18:02,662 [repositories/QTeam] GET statements
[INFO ] 2016-07-10 17:18:02,667 [repositories/QTeam] GET statements
[INFO ] 2016-07-10 17:18:02,674 [repositories/QTeam] GET statements
[INFO ] 2016-07-10 17:18:02,684 [repositories/QTeam] GET statements
[INFO ] 2016-07-10 17:18:02,690 [repositories/QTeam] GET statements
[INFO ] 2016-07-10 17:18:02,696 [repositories/QTeam] GET statements
[INFO ] 2016-07-10 17:18:02,769 [repositories/SYSTEM] GET statements
[INFO ] 2016-07-10 17:30:21,234 [repositories/QTeam] GET query 2098645089
[INFO ] 2016-07-10 17:30:21,383 [repositories/QTeam] Request for query 2098645089 is finished
[INFO ] 2016-07-10 17:30:34,517 [repositories/QTeam] POST data to repository
[INFO ] 2016-07-10 17:30:34,517 [repositories/QTeam] no base URI specified, using dummy 'foo:bar'
[WARN ] 2016-07-10 17:30:34,519 [repositories/QTeam] http://javax.xml.XMLConstants/feature/secure-processing is not a recognized SAX feature. (-1, -1)
[INFO ] 2016-07-10 17:31:04,536 [ServerService Thread Pool -- 66] Logback logging API implementation is configured.
[INFO ] 2016-07-10 17:31:09,722 [default task-1] CompressingFilter has initialized
[INFO ] 2016-07-10 17:31:10,199 [repositories/QTeam] POST data to repository
[INFO ] 2016-07-10 17:31:10,220 [repositories/QTeam] no base URI specified, using dummy 'foo:bar'
[WARN ] 2016-07-10 17:31:10,272 [repositories/QTeam] http://javax.xml.XMLConstants/feature/secure-processing is not a recognized SAX feature. (-1, -1)
[INFO ] 2016-07-10 17:31:34,897 [repositories/SYSTEM] GET statements
[INFO ] 2016-07-10 17:31:35,037 [default task-7] Request for query 3392903 is finished
[INFO ] 2016-07-10 17:31:35,147 [repositories/QTeam] GET namespace list
[INFO ] 2016-07-10 17:31:35,158 [repositories/QTeam] Request for query 3392903 is finished
[INFO ] 2016-07-10 17:31:35,167 [repositories/QTeam] GET statements
[INFO ] 2016-07-10 17:31:35,357 [repositories/SYSTEM] GET statements
[INFO ] 2016-07-10 17:31:47,775 [repositories/QTeam] GET namespace list
[INFO ] 2016-07-10 17:31:47,777 [repositories/QTeam] Request for query 3392903 is finished
[INFO ] 2016-07-10 17:31:47,785 [repositories/QTeam] GET statements
[INFO ] 2016-07-10 17:31:47,797 [repositories/QTeam] GET statements
[INFO ] 2016-07-10 17:31:47,805 [repositories/QTeam] GET statements
[INFO ] 2016-07-10 17:31:47,815 [repositories/QTeam] GET statements
[INFO ] 2016-07-10 17:31:47,822 [repositories/QTeam] GET statements
[INFO ] 2016-07-10 17:31:47,830 [repositories/QTeam] GET statements
[INFO ] 2016-07-10 17:31:47,836 [repositories/QTeam] GET statements
[INFO ] 2016-07-10 17:31:47,847 [repositories/QTeam] GET statements
[INFO ] 2016-07-10 17:31:48,018 [repositories/SYSTEM] GET statements
[INFO ] 2016-07-10 17:31:51,673 [repositories/QTeam] GET namespace list
[INFO ] 2016-07-10 17:31:51,677 [repositories/QTeam] Request for query 3392903 is finished
[INFO ] 2016-07-10 17:31:51,686 [repositories/QTeam] GET statements
[INFO ] 2016-07-10 17:31:51,696 [repositories/QTeam] GET statements
[INFO ] 2016-07-10 17:31:51,703 [repositories/QTeam] GET statements
[INFO ] 2016-07-10 17:31:51,712 [repositories/QTeam] GET statements
[INFO ] 2016-07-10 17:31:51,721 [repositories/QTeam] GET statements
[INFO ] 2016-07-10 17:31:51,729 [repositories/QTeam] GET statements
[INFO ] 2016-07-10 17:31:51,738 [repositories/QTeam] GET statements
[INFO ] 2016-07-10 17:31:51,744 [repositories/QTeam] GET statements
[INFO ] 2016-07-10 17:31:51,811 [repositories/SYSTEM] GET statements
[INFO ] 2016-07-10 17:34:36,219 [repositories/QTeam] GET query 2098645089
[INFO ] 2016-07-10 17:34:36,389 [repositories/QTeam] Request for query 2098645089 is finished
[INFO ] 2016-07-10 17:35:36,925 [repositories/QTeam] GET query 2098645089
[INFO ] 2016-07-10 17:35:37,076 [repositories/QTeam] Request for query 2098645089 is finished
[INFO ] 2016-07-10 17:35:50,782 [repositories/QTeam] POST data to repository
[INFO ] 2016-07-10 17:35:50,782 [repositories/QTeam] no base URI specified, using dummy 'foo:bar'
[WARN ] 2016-07-10 17:35:50,787 [repositories/QTeam] http://javax.xml.XMLConstants/feature/secure-processing is not a recognized SAX feature. (-1, -1)
[INFO ] 2016-07-10 17:36:09,894 [repositories/QTeam] GET namespace list
[INFO ] 2016-07-10 17:36:09,899 [repositories/QTeam] Request for query 3392903 is finished
[INFO ] 2016-07-10 17:36:09,931 [repositories/QTeam] GET statements
[INFO ] 2016-07-10 17:36:10,005 [repositories/SYSTEM] GET statements
[INFO ] 2016-07-10 17:36:13,840 [repositories/QTeam] GET namespace list
[INFO ] 2016-07-10 17:36:13,847 [repositories/QTeam] Request for query 3392903 is finished
[INFO ] 2016-07-10 17:36:13,853 [repositories/QTeam] GET statements
[INFO ] 2016-07-10 17:36:13,861 [repositories/QTeam] GET statements
[INFO ] 2016-07-10 17:36:13,866 [repositories/QTeam] GET statements
[INFO ] 2016-07-10 17:36:13,876 [repositories/QTeam] GET statements
[INFO ] 2016-07-10 17:36:13,880 [repositories/QTeam] GET statements
[INFO ] 2016-07-10 17:36:13,900 [repositories/QTeam] GET statements
[INFO ] 2016-07-10 17:36:13,905 [repositories/QTeam] GET statements
[INFO ] 2016-07-10 17:36:13,916 [repositories/QTeam] GET statements
[INFO ] 2016-07-10 17:36:13,974 [repositories/SYSTEM] GET statements
[INFO ] 2016-07-10 17:36:19,141 [repositories/QTeam] GET namespace list
[INFO ] 2016-07-10 17:36:19,143 [repositories/QTeam] Request for query 3392903 is finished
[INFO ] 2016-07-10 17:36:19,150 [repositories/QTeam] GET statements
[INFO ] 2016-07-10 17:36:19,233 [repositories/SYSTEM] GET statements
[INFO ] 2016-07-10 17:37:00,488 [repositories/QTeam] GET query 2098645089
[INFO ] 2016-07-10 17:37:00,492 [repositories/QTeam] Request for query 2098645089 is finished
[INFO ] 2016-07-10 17:38:36,752 [repositories/QTeam] POST data to repository
[INFO ] 2016-07-10 17:38:36,786 [repositories/QTeam] no base URI specified, using dummy 'foo:bar'
[WARN ] 2016-07-10 17:38:36,789 [repositories/QTeam] http://javax.xml.XMLConstants/feature/secure-processing is not a recognized SAX feature. (-1, -1)
[INFO ] 2016-07-10 17:39:44,328 [repositories/QTeam] GET query 2098645089
[INFO ] 2016-07-10 17:39:44,332 [repositories/QTeam] Request for query 2098645089 is finished
[INFO ] 2016-07-10 17:39:51,299 [repositories/QTeam] GET namespace list
[INFO ] 2016-07-10 17:39:51,313 [repositories/QTeam] Request for query 3392903 is finished
[INFO ] 2016-07-10 17:39:51,471 [repositories/SYSTEM] GET statements
[INFO ] 2016-07-10 17:39:58,865 [repositories/QTeam] POST data to repository
[INFO ] 2016-07-10 17:39:58,866 [repositories/QTeam] no base URI specified, using dummy 'foo:bar'
[WARN ] 2016-07-10 17:39:58,867 [repositories/QTeam] http://javax.xml.XMLConstants/feature/secure-processing is not a recognized SAX feature. (-1, -1)
[INFO ] 2016-07-10 17:40:01,074 [repositories/QTeam] GET namespace list
[INFO ] 2016-07-10 17:40:01,076 [repositories/QTeam] Request for query 3392903 is finished
[INFO ] 2016-07-10 17:40:01,081 [repositories/QTeam] GET statements
[INFO ] 2016-07-10 17:40:01,194 [repositories/SYSTEM] GET statements
[INFO ] 2016-07-10 17:43:02,226 [repositories/QTeam] GET namespace list
[INFO ] 2016-07-10 17:43:02,228 [repositories/QTeam] Request for query 3392903 is finished
[INFO ] 2016-07-10 17:43:02,233 [repositories/QTeam] GET statements
[INFO ] 2016-07-10 17:43:02,403 [repositories/SYSTEM] GET statements
[INFO ] 2016-07-10 17:43:43,722 [ServerService Thread Pool -- 85] Logback logging API implementation is configured.
[INFO ] 2016-07-10 17:43:48,146 [default task-1] CompressingFilter has initialized
[INFO ] 2016-07-10 17:43:48,369 [repositories/QTeam] POST data to repository
[INFO ] 2016-07-10 17:43:48,390 [repositories/QTeam] no base URI specified, using dummy 'foo:bar'
[WARN ] 2016-07-10 17:43:48,429 [repositories/QTeam] http://javax.xml.XMLConstants/feature/secure-processing is not a recognized SAX feature. (-1, -1)
[INFO ] 2016-07-10 17:43:56,898 [repositories/SYSTEM] GET statements
[INFO ] 2016-07-10 17:43:57,067 [default task-7] Request for query 3392903 is finished
[INFO ] 2016-07-10 17:43:57,243 [repositories/QTeam] GET namespace list
[INFO ] 2016-07-10 17:43:57,255 [repositories/QTeam] Request for query 3392903 is finished
[INFO ] 2016-07-10 17:43:57,277 [repositories/QTeam] GET statements
[INFO ] 2016-07-10 17:43:57,435 [repositories/SYSTEM] GET statements
[INFO ] 2016-07-10 17:44:02,898 [repositories/QTeam] GET namespace list
[INFO ] 2016-07-10 17:44:02,901 [repositories/QTeam] Request for query 3392903 is finished
[INFO ] 2016-07-10 17:44:02,912 [repositories/QTeam] GET statements
[INFO ] 2016-07-10 17:44:02,922 [repositories/QTeam] GET statements
[INFO ] 2016-07-10 17:44:02,933 [repositories/QTeam] GET statements
[INFO ] 2016-07-10 17:44:02,946 [repositories/QTeam] GET statements
[INFO ] 2016-07-10 17:44:02,955 [repositories/QTeam] GET statements
[INFO ] 2016-07-10 17:44:02,964 [repositories/QTeam] GET statements
[INFO ] 2016-07-10 17:44:02,977 [repositories/QTeam] GET statements
[INFO ] 2016-07-10 17:44:02,988 [repositories/QTeam] GET statements
[INFO ] 2016-07-10 17:44:03,125 [repositories/SYSTEM] GET statements
[INFO ] 2016-07-10 17:45:07,114 [repositories/QTeam] GET query 2098645089
[INFO ] 2016-07-10 17:45:07,187 [repositories/QTeam] Request for query 2098645089 is finished
[INFO ] 2016-07-10 17:45:19,974 [repositories/QTeam] POST data to repository
[INFO ] 2016-07-10 17:45:19,974 [repositories/QTeam] no base URI specified, using dummy 'foo:bar'
[WARN ] 2016-07-10 17:45:19,976 [repositories/QTeam] http://javax.xml.XMLConstants/feature/secure-processing is not a recognized SAX feature. (-1, -1)
[INFO ] 2016-07-10 17:45:43,884 [repositories/QTeam] GET namespace list
[INFO ] 2016-07-10 17:45:43,895 [repositories/QTeam] Request for query 3392903 is finished
[INFO ] 2016-07-10 17:45:43,902 [repositories/QTeam] GET statements
[INFO ] 2016-07-10 17:45:44,040 [repositories/SYSTEM] GET statements
[INFO ] 2016-07-10 17:46:13,506 [ServerService Thread Pool -- 69] Logback logging API implementation is configured.
[INFO ] 2016-07-10 17:46:23,763 [default task-1] CompressingFilter has initialized
[INFO ] 2016-07-10 17:46:24,056 [repositories/QTeam] POST data to repository
[INFO ] 2016-07-10 17:46:24,077 [repositories/QTeam] no base URI specified, using dummy 'foo:bar'
[WARN ] 2016-07-10 17:46:24,117 [repositories/QTeam] http://javax.xml.XMLConstants/feature/secure-processing is not a recognized SAX feature. (-1, -1)
[INFO ] 2016-07-10 17:47:12,106 [repositories/SYSTEM] GET statements
[INFO ] 2016-07-10 17:47:12,273 [default task-7] Request for query 3392903 is finished
[INFO ] 2016-07-10 17:47:12,455 [repositories/QTeam] GET namespace list
[INFO ] 2016-07-10 17:47:12,464 [repositories/QTeam] Request for query 3392903 is finished
[INFO ] 2016-07-10 17:47:12,474 [repositories/QTeam] GET statements
[INFO ] 2016-07-10 17:47:12,658 [repositories/SYSTEM] GET statements
[INFO ] 2016-07-10 17:47:39,050 [repositories/QTeam] GET namespace list
[INFO ] 2016-07-10 17:47:39,053 [repositories/QTeam] Request for query 3392903 is finished
[INFO ] 2016-07-10 17:47:39,060 [repositories/QTeam] GET statements
[INFO ] 2016-07-10 17:47:39,071 [repositories/QTeam] GET statements
[INFO ] 2016-07-10 17:47:39,078 [repositories/QTeam] GET statements
[INFO ] 2016-07-10 17:47:39,087 [repositories/QTeam] GET statements
[INFO ] 2016-07-10 17:47:39,095 [repositories/QTeam] GET statements
[INFO ] 2016-07-10 17:47:39,101 [repositories/QTeam] GET statements
[INFO ] 2016-07-10 17:47:39,108 [repositories/QTeam] GET statements
[INFO ] 2016-07-10 17:47:39,115 [repositories/QTeam] GET statements
[INFO ] 2016-07-10 17:47:39,198 [repositories/SYSTEM] GET statements
[INFO ] 2016-07-10 17:47:41,785 [repositories/QTeam] GET namespace list
[INFO ] 2016-07-10 17:47:41,788 [repositories/QTeam] Request for query 3392903 is finished
[INFO ] 2016-07-10 17:47:41,796 [repositories/QTeam] GET statements
[INFO ] 2016-07-10 17:47:41,809 [repositories/QTeam] GET statements
[INFO ] 2016-07-10 17:47:41,818 [repositories/QTeam] GET statements
[INFO ] 2016-07-10 17:47:41,826 [repositories/QTeam] GET statements
[INFO ] 2016-07-10 17:47:41,835 [repositories/QTeam] GET statements
[INFO ] 2016-07-10 17:47:41,858 [repositories/QTeam] GET statements
[INFO ] 2016-07-10 17:47:41,899 [repositories/QTeam] GET statements
[INFO ] 2016-07-10 17:47:41,908 [repositories/QTeam] GET statements
[INFO ] 2016-07-10 17:47:41,966 [repositories/SYSTEM] GET statements
[INFO ] 2016-07-10 17:48:16,346 [repositories/QTeam] GET namespace list
[INFO ] 2016-07-10 17:48:16,349 [repositories/QTeam] Request for query 3392903 is finished
[INFO ] 2016-07-10 17:48:16,355 [repositories/QTeam] GET statements
[INFO ] 2016-07-10 17:48:16,455 [repositories/SYSTEM] GET statements
[INFO ] 2016-07-10 18:07:52,939 [repositories/QTeam] GET namespace list
[INFO ] 2016-07-10 18:07:52,949 [repositories/QTeam] Request for query 3392903 is finished
[INFO ] 2016-07-10 18:07:52,962 [repositories/QTeam] GET statements
[INFO ] 2016-07-10 18:07:52,971 [repositories/QTeam] GET statements
[INFO ] 2016-07-10 18:07:52,981 [repositories/QTeam] GET statements
[INFO ] 2016-07-10 18:07:52,988 [repositories/QTeam] GET statements
[INFO ] 2016-07-10 18:07:52,996 [repositories/QTeam] GET statements
[INFO ] 2016-07-10 18:07:53,003 [repositories/QTeam] GET statements
[INFO ] 2016-07-10 18:07:53,123 [repositories/SYSTEM] GET statements
[INFO ] 2016-07-10 18:08:01,602 [repositories/QTeam] GET namespace list
[INFO ] 2016-07-10 18:08:01,605 [repositories/QTeam] Request for query 3392903 is finished
[INFO ] 2016-07-10 18:08:01,610 [repositories/QTeam] GET statements
[INFO ] 2016-07-10 18:08:01,619 [repositories/QTeam] GET statements
[INFO ] 2016-07-10 18:08:01,631 [repositories/QTeam] GET statements
[INFO ] 2016-07-10 18:08:01,638 [repositories/QTeam] GET statements
[INFO ] 2016-07-10 18:08:01,647 [repositories/QTeam] GET statements
[INFO ] 2016-07-10 18:08:01,653 [repositories/QTeam] GET statements
[INFO ] 2016-07-10 18:08:01,749 [repositories/SYSTEM] GET statements
[INFO ] 2016-07-10 18:08:07,586 [repositories/QTeam] GET namespace list
[INFO ] 2016-07-10 18:08:07,588 [repositories/QTeam] Request for query 3392903 is finished
[INFO ] 2016-07-10 18:08:07,594 [repositories/QTeam] GET statements
[INFO ] 2016-07-10 18:08:07,601 [repositories/QTeam] GET statements
[INFO ] 2016-07-10 18:08:07,610 [repositories/QTeam] GET statements
[INFO ] 2016-07-10 18:08:07,617 [repositories/QTeam] GET statements
[INFO ] 2016-07-10 18:08:07,626 [repositories/QTeam] GET statements
[INFO ] 2016-07-10 18:08:07,634 [repositories/QTeam] GET statements
[INFO ] 2016-07-10 18:08:07,695 [repositories/SYSTEM] GET statements
[INFO ] 2016-07-10 18:08:11,809 [repositories/QTeam] GET namespace list
[INFO ] 2016-07-10 18:08:11,811 [repositories/QTeam] Request for query 3392903 is finished
[INFO ] 2016-07-10 18:08:11,818 [repositories/QTeam] GET namespace for prefix rdfs
[INFO ] 2016-07-10 18:08:11,825 [repositories/QTeam] GET statements
[INFO ] 2016-07-10 18:08:11,835 [repositories/QTeam] GET statements
[INFO ] 2016-07-10 18:08:11,841 [repositories/QTeam] GET statements
[INFO ] 2016-07-10 18:08:11,849 [repositories/QTeam] GET statements
[INFO ] 2016-07-10 18:08:11,856 [repositories/QTeam] GET statements
[INFO ] 2016-07-10 18:08:11,866 [repositories/QTeam] GET statements
[INFO ] 2016-07-10 18:08:11,873 [repositories/QTeam] GET statements
[INFO ] 2016-07-10 18:08:11,897 [repositories/QTeam] GET statements
[INFO ] 2016-07-10 18:08:11,957 [repositories/SYSTEM] GET statements
[INFO ] 2016-07-10 18:08:24,903 [repositories/QTeam] GET namespace list
[INFO ] 2016-07-10 18:08:24,905 [repositories/QTeam] Request for query 3392903 is finished
[INFO ] 2016-07-10 18:08:24,912 [repositories/QTeam] GET statements
[INFO ] 2016-07-10 18:08:24,918 [repositories/QTeam] GET statements
[INFO ] 2016-07-10 18:08:24,924 [repositories/QTeam] GET statements
[INFO ] 2016-07-10 18:08:24,929 [repositories/QTeam] GET statements
[INFO ] 2016-07-10 18:08:24,937 [repositories/QTeam] GET statements
[INFO ] 2016-07-10 18:08:24,942 [repositories/QTeam] GET statements
[INFO ] 2016-07-10 18:08:24,947 [repositories/QTeam] GET statements
[INFO ] 2016-07-10 18:08:24,956 [repositories/QTeam] GET statements
[INFO ] 2016-07-10 18:08:25,026 [repositories/SYSTEM] GET statements
[INFO ] 2016-07-10 18:09:07,110 [repositories/QTeam] GET namespace list
[INFO ] 2016-07-10 18:09:07,111 [repositories/QTeam] Request for query 3392903 is finished
[INFO ] 2016-07-10 18:09:07,115 [repositories/QTeam] GET statements
[INFO ] 2016-07-10 18:09:07,121 [repositories/QTeam] GET statements
[INFO ] 2016-07-10 18:09:07,125 [repositories/QTeam] GET statements
[INFO ] 2016-07-10 18:09:07,132 [repositories/QTeam] GET statements
[INFO ] 2016-07-10 18:09:07,137 [repositories/QTeam] GET statements
[INFO ] 2016-07-10 18:09:07,143 [repositories/QTeam] GET statements
[INFO ] 2016-07-10 18:09:07,150 [repositories/QTeam] GET statements
[INFO ] 2016-07-10 18:09:07,155 [repositories/QTeam] GET statements
[INFO ] 2016-07-10 18:09:07,207 [repositories/SYSTEM] GET statements
[INFO ] 2016-07-10 18:09:09,043 [repositories/QTeam] GET namespace list
[INFO ] 2016-07-10 18:09:09,045 [repositories/QTeam] Request for query 3392903 is finished
[INFO ] 2016-07-10 18:09:09,053 [repositories/QTeam] GET statements
[INFO ] 2016-07-10 18:09:09,058 [repositories/QTeam] GET statements
[INFO ] 2016-07-10 18:09:09,064 [repositories/QTeam] GET statements
[INFO ] 2016-07-10 18:09:09,070 [repositories/QTeam] GET statements
[INFO ] 2016-07-10 18:09:09,076 [repositories/QTeam] GET statements
[INFO ] 2016-07-10 18:09:09,082 [repositories/QTeam] GET statements
[INFO ] 2016-07-10 18:09:09,089 [repositories/QTeam] GET statements
[INFO ] 2016-07-10 18:09:09,096 [repositories/QTeam] GET statements
[INFO ] 2016-07-10 18:09:09,144 [repositories/SYSTEM] GET statements
[INFO ] 2016-07-10 18:09:40,729 [repositories/QTeam] GET namespace list
[INFO ] 2016-07-10 18:09:40,731 [repositories/QTeam] Request for query 3392903 is finished
[INFO ] 2016-07-10 18:09:40,740 [repositories/QTeam] GET statements
[INFO ] 2016-07-10 18:09:40,750 [repositories/QTeam] GET statements
[INFO ] 2016-07-10 18:09:40,756 [repositories/QTeam] GET statements
[INFO ] 2016-07-10 18:09:40,762 [repositories/QTeam] GET statements
[INFO ] 2016-07-10 18:09:40,769 [repositories/QTeam] GET statements
[INFO ] 2016-07-10 18:09:40,775 [repositories/QTeam] GET statements
[INFO ] 2016-07-10 18:09:40,839 [repositories/SYSTEM] GET statements
[INFO ] 2016-07-10 18:10:16,168 [repositories/QTeam] GET namespace list
[INFO ] 2016-07-10 18:10:16,169 [repositories/QTeam] Request for query 3392903 is finished
[INFO ] 2016-07-10 18:10:16,174 [repositories/QTeam] GET statements
[INFO ] 2016-07-10 18:10:16,182 [repositories/QTeam] GET statements
[INFO ] 2016-07-10 18:10:16,186 [repositories/QTeam] GET statements
[INFO ] 2016-07-10 18:10:16,191 [repositories/QTeam] GET statements
[INFO ] 2016-07-10 18:10:16,197 [repositories/QTeam] GET statements
[INFO ] 2016-07-10 18:10:16,202 [repositories/QTeam] GET statements
[INFO ] 2016-07-10 18:10:16,253 [repositories/SYSTEM] GET statements
[INFO ] 2016-07-10 18:10:19,448 [repositories/QTeam] GET namespace list
[INFO ] 2016-07-10 18:10:19,449 [repositories/QTeam] Request for query 3392903 is finished
[INFO ] 2016-07-10 18:10:19,454 [repositories/QTeam] GET statements
[INFO ] 2016-07-10 18:10:19,460 [repositories/QTeam] GET statements
[INFO ] 2016-07-10 18:10:19,465 [repositories/QTeam] GET statements
[INFO ] 2016-07-10 18:10:19,471 [repositories/QTeam] GET statements
[INFO ] 2016-07-10 18:10:19,478 [repositories/QTeam] GET statements
[INFO ] 2016-07-10 18:10:19,483 [repositories/QTeam] GET statements
[INFO ] 2016-07-10 18:10:19,529 [repositories/SYSTEM] GET statements
[INFO ] 2016-07-10 18:10:32,569 [repositories/QTeam] GET namespace list
[INFO ] 2016-07-10 18:10:32,572 [repositories/QTeam] Request for query 3392903 is finished
[INFO ] 2016-07-10 18:10:32,582 [repositories/QTeam] GET statements
[INFO ] 2016-07-10 18:10:32,589 [repositories/QTeam] GET statements
[INFO ] 2016-07-10 18:10:32,594 [repositories/QTeam] GET statements
[INFO ] 2016-07-10 18:10:32,603 [repositories/QTeam] GET statements
[INFO ] 2016-07-10 18:10:32,610 [repositories/QTeam] GET statements
[INFO ] 2016-07-10 18:10:32,617 [repositories/QTeam] GET statements
[INFO ] 2016-07-10 18:10:32,666 [repositories/SYSTEM] GET statements
[INFO ] 2016-07-10 18:10:44,317 [repositories/QTeam] GET namespace list
[INFO ] 2016-07-10 18:10:44,318 [repositories/QTeam] Request for query 3392903 is finished
[INFO ] 2016-07-10 18:10:44,322 [repositories/QTeam] GET statements
[INFO ] 2016-07-10 18:10:44,330 [repositories/QTeam] GET statements
[INFO ] 2016-07-10 18:10:44,336 [repositories/QTeam] GET statements
[INFO ] 2016-07-10 18:10:44,342 [repositories/QTeam] GET statements
[INFO ] 2016-07-10 18:10:44,354 [repositories/QTeam] GET statements
[INFO ] 2016-07-10 18:10:44,360 [repositories/QTeam] GET statements
[INFO ] 2016-07-10 18:10:44,412 [repositories/SYSTEM] GET statements
[INFO ] 2016-07-10 18:15:18,738 [repositories/QTeam] GET namespace list
[INFO ] 2016-07-10 18:15:18,740 [repositories/QTeam] Request for query 3392903 is finished
[INFO ] 2016-07-10 18:15:18,746 [repositories/QTeam] GET statements
[INFO ] 2016-07-10 18:15:18,754 [repositories/QTeam] GET statements
[INFO ] 2016-07-10 18:15:18,763 [repositories/QTeam] GET statements
[INFO ] 2016-07-10 18:15:18,770 [repositories/QTeam] GET statements
[INFO ] 2016-07-10 18:15:18,777 [repositories/QTeam] GET statements
[INFO ] 2016-07-10 18:15:18,787 [repositories/QTeam] GET statements
[INFO ] 2016-07-10 18:15:18,847 [repositories/SYSTEM] GET statements
[INFO ] 2016-07-10 18:15:20,806 [repositories/QTeam] GET namespace list
[INFO ] 2016-07-10 18:15:20,808 [repositories/QTeam] Request for query 3392903 is finished
[INFO ] 2016-07-10 18:15:20,819 [repositories/QTeam] GET statements
[INFO ] 2016-07-10 18:15:20,825 [repositories/QTeam] GET statements
[INFO ] 2016-07-10 18:15:20,832 [repositories/QTeam] GET statements
[INFO ] 2016-07-10 18:15:20,839 [repositories/QTeam] GET statements
[INFO ] 2016-07-10 18:15:20,847 [repositories/QTeam] GET statements
[INFO ] 2016-07-10 18:15:20,854 [repositories/QTeam] GET statements
[INFO ] 2016-07-10 18:15:20,910 [repositories/SYSTEM] GET statements
[INFO ] 2016-07-10 18:15:41,299 [repositories/QTeam] GET namespace list
[INFO ] 2016-07-10 18:15:41,300 [repositories/QTeam] Request for query 3392903 is finished
[INFO ] 2016-07-10 18:15:41,311 [repositories/QTeam] GET statements
[INFO ] 2016-07-10 18:15:41,317 [repositories/QTeam] GET statements
[INFO ] 2016-07-10 18:15:41,323 [repositories/QTeam] GET statements
[INFO ] 2016-07-10 18:15:41,328 [repositories/QTeam] GET statements
[INFO ] 2016-07-10 18:15:41,336 [repositories/QTeam] GET statements
[INFO ] 2016-07-10 18:15:41,341 [repositories/QTeam] GET statements
[INFO ] 2016-07-10 18:15:41,415 [repositories/SYSTEM] GET statements
[INFO ] 2016-07-10 18:15:42,170 [repositories/QTeam] GET namespace list
[INFO ] 2016-07-10 18:15:42,171 [repositories/QTeam] Request for query 3392903 is finished
[INFO ] 2016-07-10 18:15:42,175 [repositories/QTeam] GET statements
[INFO ] 2016-07-10 18:15:42,183 [repositories/QTeam] GET statements
[INFO ] 2016-07-10 18:15:42,189 [repositories/QTeam] GET statements
[INFO ] 2016-07-10 18:15:42,194 [repositories/QTeam] GET statements
[INFO ] 2016-07-10 18:15:42,199 [repositories/QTeam] GET statements
[INFO ] 2016-07-10 18:15:42,204 [repositories/QTeam] GET statements
[INFO ] 2016-07-10 18:15:42,254 [repositories/SYSTEM] GET statements
[INFO ] 2016-07-10 18:15:42,896 [repositories/QTeam] GET namespace list
[INFO ] 2016-07-10 18:15:42,898 [repositories/QTeam] Request for query 3392903 is finished
[INFO ] 2016-07-10 18:15:42,901 [repositories/QTeam] GET statements
[INFO ] 2016-07-10 18:15:42,905 [repositories/QTeam] GET statements
[INFO ] 2016-07-10 18:15:42,909 [repositories/QTeam] GET statements
[INFO ] 2016-07-10 18:15:42,916 [repositories/QTeam] GET statements
[INFO ] 2016-07-10 18:15:42,921 [repositories/QTeam] GET statements
[INFO ] 2016-07-10 18:15:42,926 [repositories/QTeam] GET statements
[INFO ] 2016-07-10 18:15:42,976 [repositories/SYSTEM] GET statements
[INFO ] 2016-07-10 18:15:43,616 [repositories/QTeam] GET namespace list
[INFO ] 2016-07-10 18:15:43,617 [repositories/QTeam] Request for query 3392903 is finished
[INFO ] 2016-07-10 18:15:43,622 [repositories/QTeam] GET statements
[INFO ] 2016-07-10 18:15:43,628 [repositories/QTeam] GET statements
[INFO ] 2016-07-10 18:15:43,634 [repositories/QTeam] GET statements
[INFO ] 2016-07-10 18:15:43,640 [repositories/QTeam] GET statements
[INFO ] 2016-07-10 18:15:43,645 [repositories/QTeam] GET statements
[INFO ] 2016-07-10 18:15:43,650 [repositories/QTeam] GET statements
[INFO ] 2016-07-10 18:15:43,692 [repositories/SYSTEM] GET statements
[INFO ] 2016-07-10 18:15:44,800 [repositories/QTeam] GET namespace list
[INFO ] 2016-07-10 18:15:44,801 [repositories/QTeam] Request for query 3392903 is finished
[INFO ] 2016-07-10 18:15:44,806 [repositories/QTeam] GET statements
[INFO ] 2016-07-10 18:15:44,813 [repositories/QTeam] GET statements
[INFO ] 2016-07-10 18:15:44,817 [repositories/QTeam] GET statements
[INFO ] 2016-07-10 18:15:44,823 [repositories/QTeam] GET statements
[INFO ] 2016-07-10 18:15:44,834 [repositories/QTeam] GET statements
[INFO ] 2016-07-10 18:15:44,840 [repositories/QTeam] GET statements
[INFO ] 2016-07-10 18:15:44,845 [repositories/QTeam] GET statements
[INFO ] 2016-07-10 18:15:44,849 [repositories/QTeam] GET statements
[INFO ] 2016-07-10 18:15:44,890 [repositories/SYSTEM] GET statements
[INFO ] 2016-07-10 18:15:51,934 [repositories/QTeam] GET namespace list
[INFO ] 2016-07-10 18:15:51,935 [repositories/QTeam] Request for query 3392903 is finished
[INFO ] 2016-07-10 18:15:51,946 [repositories/QTeam] GET statements
[INFO ] 2016-07-10 18:15:51,953 [repositories/QTeam] GET statements
[INFO ] 2016-07-10 18:15:51,958 [repositories/QTeam] GET statements
[INFO ] 2016-07-10 18:15:51,963 [repositories/QTeam] GET statements
[INFO ] 2016-07-10 18:15:51,977 [repositories/QTeam] GET statements
[INFO ] 2016-07-10 18:15:51,993 [repositories/QTeam] GET statements
[INFO ] 2016-07-10 18:15:52,080 [repositories/SYSTEM] GET statements
[INFO ] 2016-07-10 18:15:55,351 [repositories/QTeam] GET namespace list
[INFO ] 2016-07-10 18:15:55,353 [repositories/QTeam] Request for query 3392903 is finished
[INFO ] 2016-07-10 18:15:55,358 [repositories/QTeam] GET statements
[INFO ] 2016-07-10 18:15:55,366 [repositories/QTeam] GET statements
[INFO ] 2016-07-10 18:15:55,373 [repositories/QTeam] GET statements
[INFO ] 2016-07-10 18:15:55,378 [repositories/QTeam] GET statements
[INFO ] 2016-07-10 18:15:55,384 [repositories/QTeam] GET statements
[INFO ] 2016-07-10 18:15:55,392 [repositories/QTeam] GET statements
[INFO ] 2016-07-10 18:15:55,398 [repositories/QTeam] GET statements
[INFO ] 2016-07-10 18:15:55,404 [repositories/QTeam] GET statements
[INFO ] 2016-07-10 18:15:55,457 [repositories/SYSTEM] GET statements
[INFO ] 2016-07-10 18:15:57,877 [repositories/QTeam] GET namespace list
[INFO ] 2016-07-10 18:15:57,878 [repositories/QTeam] Request for query 3392903 is finished
[INFO ] 2016-07-10 18:15:57,884 [repositories/QTeam] GET statements
[INFO ] 2016-07-10 18:15:57,890 [repositories/QTeam] GET statements
[INFO ] 2016-07-10 18:15:57,895 [repositories/QTeam] GET statements
[INFO ] 2016-07-10 18:15:57,901 [repositories/QTeam] GET statements
[INFO ] 2016-07-10 18:15:57,907 [repositories/QTeam] GET statements
[INFO ] 2016-07-10 18:15:57,913 [repositories/QTeam] GET statements
[INFO ] 2016-07-10 18:15:57,960 [repositories/SYSTEM] GET statements
[INFO ] 2016-07-10 18:16:05,179 [repositories/QTeam] GET namespace list
[INFO ] 2016-07-10 18:16:05,180 [repositories/QTeam] Request for query 3392903 is finished
[INFO ] 2016-07-10 18:16:05,185 [repositories/QTeam] GET statements
[INFO ] 2016-07-10 18:16:05,191 [repositories/QTeam] GET statements
[INFO ] 2016-07-10 18:16:05,200 [repositories/QTeam] GET statements
[INFO ] 2016-07-10 18:16:05,206 [repositories/QTeam] GET statements
[INFO ] 2016-07-10 18:16:05,213 [repositories/QTeam] GET statements
[INFO ] 2016-07-10 18:16:05,218 [repositories/QTeam] GET statements
[INFO ] 2016-07-10 18:16:05,283 [repositories/SYSTEM] GET statements
[INFO ] 2016-07-10 18:16:09,912 [repositories/QTeam] GET namespace list
[INFO ] 2016-07-10 18:16:09,913 [repositories/QTeam] Request for query 3392903 is finished
[INFO ] 2016-07-10 18:16:09,919 [repositories/QTeam] GET statements
[INFO ] 2016-07-10 18:16:09,938 [repositories/QTeam] GET statements
[INFO ] 2016-07-10 18:16:09,943 [repositories/QTeam] GET statements
[INFO ] 2016-07-10 18:16:09,951 [repositories/QTeam] GET statements
[INFO ] 2016-07-10 18:16:09,958 [repositories/QTeam] GET statements
[INFO ] 2016-07-10 18:16:09,973 [repositories/QTeam] GET statements
[INFO ] 2016-07-10 18:16:10,021 [repositories/SYSTEM] GET statements
[INFO ] 2016-07-10 18:16:21,646 [repositories/QTeam] GET namespace list
[INFO ] 2016-07-10 18:16:21,648 [repositories/QTeam] Request for query 3392903 is finished
[INFO ] 2016-07-10 18:16:21,653 [repositories/QTeam] GET statements
[INFO ] 2016-07-10 18:16:21,658 [repositories/QTeam] GET statements
[INFO ] 2016-07-10 18:16:21,663 [repositories/QTeam] GET statements
[INFO ] 2016-07-10 18:16:21,669 [repositories/QTeam] GET statements
[INFO ] 2016-07-10 18:16:21,675 [repositories/QTeam] GET statements
[INFO ] 2016-07-10 18:16:21,686 [repositories/QTeam] GET statements
[INFO ] 2016-07-10 18:16:21,739 [repositories/SYSTEM] GET statements
[INFO ] 2016-07-10 18:16:22,676 [repositories/QTeam] GET namespace list
[INFO ] 2016-07-10 18:16:22,678 [repositories/QTeam] Request for query 3392903 is finished
[INFO ] 2016-07-10 18:16:22,682 [repositories/QTeam] GET statements
[INFO ] 2016-07-10 18:16:22,688 [repositories/QTeam] GET statements
[INFO ] 2016-07-10 18:16:22,693 [repositories/QTeam] GET statements
[INFO ] 2016-07-10 18:16:22,699 [repositories/QTeam] GET statements
[INFO ] 2016-07-10 18:16:22,706 [repositories/QTeam] GET statements
[INFO ] 2016-07-10 18:16:22,710 [repositories/QTeam] GET statements
[INFO ] 2016-07-10 18:16:22,764 [repositories/SYSTEM] GET statements
[INFO ] 2016-07-10 18:16:25,319 [repositories/QTeam] GET namespace list
[INFO ] 2016-07-10 18:16:25,320 [repositories/QTeam] Request for query 3392903 is finished
[INFO ] 2016-07-10 18:16:25,326 [repositories/QTeam] GET statements
[INFO ] 2016-07-10 18:16:25,332 [repositories/QTeam] GET statements
[INFO ] 2016-07-10 18:16:25,341 [repositories/QTeam] GET statements
[INFO ] 2016-07-10 18:16:25,349 [repositories/QTeam] GET statements
[INFO ] 2016-07-10 18:16:25,355 [repositories/QTeam] GET statements
[INFO ] 2016-07-10 18:16:25,359 [repositories/QTeam] GET statements
[INFO ] 2016-07-10 18:16:25,407 [repositories/SYSTEM] GET statements
[INFO ] 2016-07-10 18:16:28,230 [repositories/QTeam] GET namespace list
[INFO ] 2016-07-10 18:16:28,231 [repositories/QTeam] Request for query 3392903 is finished
[INFO ] 2016-07-10 18:16:28,237 [repositories/QTeam] GET statements
[INFO ] 2016-07-10 18:16:28,241 [repositories/QTeam] GET statements
[INFO ] 2016-07-10 18:16:28,247 [repositories/QTeam] GET statements
[INFO ] 2016-07-10 18:16:28,254 [repositories/QTeam] GET statements
[INFO ] 2016-07-10 18:16:28,258 [repositories/QTeam] GET statements
[INFO ] 2016-07-10 18:16:28,263 [repositories/QTeam] GET statements
[INFO ] 2016-07-10 18:16:28,311 [repositories/SYSTEM] GET statements
[INFO ] 2016-07-10 18:16:30,877 [repositories/QTeam] GET namespace list
[INFO ] 2016-07-10 18:16:30,879 [repositories/QTeam] Request for query 3392903 is finished
[INFO ] 2016-07-10 18:16:30,883 [repositories/QTeam] GET statements
[INFO ] 2016-07-10 18:16:30,889 [repositories/QTeam] GET statements
[INFO ] 2016-07-10 18:16:30,893 [repositories/QTeam] GET statements
[INFO ] 2016-07-10 18:16:30,899 [repositories/QTeam] GET statements
[INFO ] 2016-07-10 18:16:30,904 [repositories/QTeam] GET statements
[INFO ] 2016-07-10 18:16:30,911 [repositories/QTeam] GET statements
[INFO ] 2016-07-10 18:16:30,958 [repositories/SYSTEM] GET statements
[INFO ] 2016-07-10 18:16:42,415 [repositories/QTeam] GET namespace list
[INFO ] 2016-07-10 18:16:42,416 [repositories/QTeam] Request for query 3392903 is finished
[INFO ] 2016-07-10 18:16:42,423 [repositories/QTeam] GET statements
[INFO ] 2016-07-10 18:16:42,428 [repositories/QTeam] GET statements
[INFO ] 2016-07-10 18:16:42,433 [repositories/QTeam] GET statements
[INFO ] 2016-07-10 18:16:42,439 [repositories/QTeam] GET statements
[INFO ] 2016-07-10 18:16:42,444 [repositories/QTeam] GET statements
[INFO ] 2016-07-10 18:16:42,451 [repositories/QTeam] GET statements
[INFO ] 2016-07-10 18:16:42,509 [repositories/SYSTEM] GET statements
[INFO ] 2016-07-10 18:16:43,039 [repositories/QTeam] GET namespace list
[INFO ] 2016-07-10 18:16:43,040 [repositories/QTeam] Request for query 3392903 is finished
[INFO ] 2016-07-10 18:16:43,045 [repositories/QTeam] GET statements
[INFO ] 2016-07-10 18:16:43,053 [repositories/QTeam] GET statements
[INFO ] 2016-07-10 18:16:43,058 [repositories/QTeam] GET statements
[INFO ] 2016-07-10 18:16:43,063 [repositories/QTeam] GET statements
[INFO ] 2016-07-10 18:16:43,069 [repositories/QTeam] GET statements
[INFO ] 2016-07-10 18:16:43,073 [repositories/QTeam] GET statements
[INFO ] 2016-07-10 18:16:43,116 [repositories/SYSTEM] GET statements
[INFO ] 2016-07-10 18:16:43,702 [repositories/QTeam] GET namespace list
[INFO ] 2016-07-10 18:16:43,703 [repositories/QTeam] Request for query 3392903 is finished
[INFO ] 2016-07-10 18:16:43,707 [repositories/QTeam] GET statements
[INFO ] 2016-07-10 18:16:43,715 [repositories/QTeam] GET statements
[INFO ] 2016-07-10 18:16:43,719 [repositories/QTeam] GET statements
[INFO ] 2016-07-10 18:16:43,723 [repositories/QTeam] GET statements
[INFO ] 2016-07-10 18:16:43,729 [repositories/QTeam] GET statements
[INFO ] 2016-07-10 18:16:43,734 [repositories/QTeam] GET statements
[INFO ] 2016-07-10 18:16:43,789 [repositories/SYSTEM] GET statements
[INFO ] 2016-07-10 18:16:44,673 [repositories/QTeam] GET namespace list
[INFO ] 2016-07-10 18:16:44,674 [repositories/QTeam] Request for query 3392903 is finished
[INFO ] 2016-07-10 18:16:44,679 [repositories/QTeam] GET statements
[INFO ] 2016-07-10 18:16:44,683 [repositories/QTeam] GET statements
[INFO ] 2016-07-10 18:16:44,688 [repositories/QTeam] GET statements
[INFO ] 2016-07-10 18:16:44,694 [repositories/QTeam] GET statements
[INFO ] 2016-07-10 18:16:44,701 [repositories/QTeam] GET statements
[INFO ] 2016-07-10 18:16:44,708 [repositories/QTeam] GET statements
[INFO ] 2016-07-10 18:16:44,713 [repositories/QTeam] GET statements
[INFO ] 2016-07-10 18:16:44,719 [repositories/QTeam] GET statements
[INFO ] 2016-07-10 18:16:44,778 [repositories/SYSTEM] GET statements
[INFO ] 2016-07-10 18:16:48,281 [repositories/QTeam] GET namespace list
[INFO ] 2016-07-10 18:16:48,282 [repositories/QTeam] Request for query 3392903 is finished
[INFO ] 2016-07-10 18:16:48,288 [repositories/QTeam] GET statements
[INFO ] 2016-07-10 18:16:48,306 [repositories/QTeam] GET statements
[INFO ] 2016-07-10 18:16:48,312 [repositories/QTeam] GET statements
[INFO ] 2016-07-10 18:16:48,318 [repositories/QTeam] GET statements
[INFO ] 2016-07-10 18:16:48,322 [repositories/QTeam] GET statements
[INFO ] 2016-07-10 18:16:48,327 [repositories/QTeam] GET statements
[INFO ] 2016-07-10 18:16:48,375 [repositories/SYSTEM] GET statements
[INFO ] 2016-07-10 18:16:51,055 [repositories/QTeam] GET namespace list
[INFO ] 2016-07-10 18:16:51,056 [repositories/QTeam] Request for query 3392903 is finished
[INFO ] 2016-07-10 18:16:51,061 [repositories/QTeam] GET statements
[INFO ] 2016-07-10 18:16:51,067 [repositories/QTeam] GET statements
[INFO ] 2016-07-10 18:16:51,072 [repositories/QTeam] GET statements
[INFO ] 2016-07-10 18:16:51,076 [repositories/QTeam] GET statements
[INFO ] 2016-07-10 18:16:51,082 [repositories/QTeam] GET statements
[INFO ] 2016-07-10 18:16:51,087 [repositories/QTeam] GET statements
[INFO ] 2016-07-10 18:16:51,135 [repositories/SYSTEM] GET statements
[INFO ] 2016-07-10 18:16:59,375 [repositories/QTeam] GET namespace list
[INFO ] 2016-07-10 18:16:59,376 [repositories/QTeam] Request for query 3392903 is finished
[INFO ] 2016-07-10 18:16:59,381 [repositories/QTeam] GET statements
[INFO ] 2016-07-10 18:16:59,385 [repositories/QTeam] GET statements
[INFO ] 2016-07-10 18:16:59,389 [repositories/QTeam] GET statements
[INFO ] 2016-07-10 18:16:59,394 [repositories/QTeam] GET statements
[INFO ] 2016-07-10 18:16:59,399 [repositories/QTeam] GET statements
[INFO ] 2016-07-10 18:16:59,404 [repositories/QTeam] GET statements
[INFO ] 2016-07-10 18:16:59,465 [repositories/SYSTEM] GET statements
[INFO ] 2016-07-10 18:17:01,627 [repositories/QTeam] GET namespace list
[INFO ] 2016-07-10 18:17:01,628 [repositories/QTeam] Request for query 3392903 is finished
[INFO ] 2016-07-10 18:17:01,631 [repositories/QTeam] GET statements
[INFO ] 2016-07-10 18:17:01,636 [repositories/QTeam] GET statements
[INFO ] 2016-07-10 18:17:01,641 [repositories/QTeam] GET statements
[INFO ] 2016-07-10 18:17:01,645 [repositories/QTeam] GET statements
[INFO ] 2016-07-10 18:17:01,650 [repositories/QTeam] GET statements
[INFO ] 2016-07-10 18:17:01,655 [repositories/QTeam] GET statements
[INFO ] 2016-07-10 18:17:01,704 [repositories/SYSTEM] GET statements
[INFO ] 2016-07-10 18:17:03,574 [repositories/QTeam] GET namespace list
[INFO ] 2016-07-10 18:17:03,575 [repositories/QTeam] Request for query 3392903 is finished
[INFO ] 2016-07-10 18:17:03,580 [repositories/QTeam] GET statements
[INFO ] 2016-07-10 18:17:03,586 [repositories/QTeam] GET statements
[INFO ] 2016-07-10 18:17:03,594 [repositories/QTeam] GET statements
[INFO ] 2016-07-10 18:17:03,602 [repositories/QTeam] GET statements
[INFO ] 2016-07-10 18:17:03,608 [repositories/QTeam] GET statements
[INFO ] 2016-07-10 18:17:03,613 [repositories/QTeam] GET statements
[INFO ] 2016-07-10 18:17:03,708 [repositories/SYSTEM] GET statements
[INFO ] 2016-07-10 18:17:54,807 [repositories/QTeam] GET namespace list
[INFO ] 2016-07-10 18:17:54,808 [repositories/QTeam] Request for query 3392903 is finished
[INFO ] 2016-07-10 18:17:54,815 [repositories/QTeam] GET statements
[INFO ] 2016-07-10 18:17:54,823 [repositories/QTeam] GET statements
[INFO ] 2016-07-10 18:17:54,832 [repositories/QTeam] GET statements
[INFO ] 2016-07-10 18:17:54,837 [repositories/QTeam] GET statements
[INFO ] 2016-07-10 18:17:54,844 [repositories/QTeam] GET statements
[INFO ] 2016-07-10 18:17:54,850 [repositories/QTeam] GET statements
[INFO ] 2016-07-10 18:17:54,964 [repositories/SYSTEM] GET statements
[INFO ] 2016-07-10 18:17:55,649 [repositories/QTeam] GET namespace list
[INFO ] 2016-07-10 18:17:55,650 [repositories/QTeam] Request for query 3392903 is finished
[INFO ] 2016-07-10 18:17:55,654 [repositories/QTeam] GET statements
[INFO ] 2016-07-10 18:17:55,660 [repositories/QTeam] GET statements
[INFO ] 2016-07-10 18:17:55,665 [repositories/QTeam] GET statements
[INFO ] 2016-07-10 18:17:55,670 [repositories/QTeam] GET statements
[INFO ] 2016-07-10 18:17:55,676 [repositories/QTeam] GET statements
[INFO ] 2016-07-10 18:17:55,680 [repositories/QTeam] GET statements
[INFO ] 2016-07-10 18:17:55,728 [repositories/SYSTEM] GET statements
[INFO ] 2016-07-10 18:17:56,401 [repositories/QTeam] GET namespace list
[INFO ] 2016-07-10 18:17:56,403 [repositories/QTeam] Request for query 3392903 is finished
[INFO ] 2016-07-10 18:17:56,408 [repositories/QTeam] GET statements
[INFO ] 2016-07-10 18:17:56,413 [repositories/QTeam] GET statements
[INFO ] 2016-07-10 18:17:56,418 [repositories/QTeam] GET statements
[INFO ] 2016-07-10 18:17:56,429 [repositories/QTeam] GET statements
[INFO ] 2016-07-10 18:17:56,434 [repositories/QTeam] GET statements
[INFO ] 2016-07-10 18:17:56,439 [repositories/QTeam] GET statements
[INFO ] 2016-07-10 18:17:56,492 [repositories/SYSTEM] GET statements
[INFO ] 2016-07-10 18:17:57,162 [repositories/QTeam] GET namespace list
[INFO ] 2016-07-10 18:17:57,162 [repositories/QTeam] Request for query 3392903 is finished
[INFO ] 2016-07-10 18:17:57,166 [repositories/QTeam] GET statements
[INFO ] 2016-07-10 18:17:57,172 [repositories/QTeam] GET statements
[INFO ] 2016-07-10 18:17:57,177 [repositories/QTeam] GET statements
[INFO ] 2016-07-10 18:17:57,182 [repositories/QTeam] GET statements
[INFO ] 2016-07-10 18:17:57,187 [repositories/QTeam] GET statements
[INFO ] 2016-07-10 18:17:57,191 [repositories/QTeam] GET statements
[INFO ] 2016-07-10 18:17:57,235 [repositories/SYSTEM] GET statements
[INFO ] 2016-07-10 18:17:58,289 [repositories/QTeam] GET namespace list
[INFO ] 2016-07-10 18:17:58,290 [repositories/QTeam] Request for query 3392903 is finished
[INFO ] 2016-07-10 18:17:58,293 [repositories/QTeam] GET statements
[INFO ] 2016-07-10 18:17:58,297 [repositories/QTeam] GET statements
[INFO ] 2016-07-10 18:17:58,306 [repositories/QTeam] GET statements
[INFO ] 2016-07-10 18:17:58,310 [repositories/QTeam] GET statements
[INFO ] 2016-07-10 18:17:58,315 [repositories/QTeam] GET statements
[INFO ] 2016-07-10 18:17:58,324 [repositories/QTeam] GET statements
[INFO ] 2016-07-10 18:17:58,331 [repositories/QTeam] GET statements
[INFO ] 2016-07-10 18:17:58,336 [repositories/QTeam] GET statements
[INFO ] 2016-07-10 18:17:58,380 [repositories/SYSTEM] GET statements
[INFO ] 2016-07-10 18:18:08,038 [repositories/QTeam] GET namespace list
[INFO ] 2016-07-10 18:18:08,039 [repositories/QTeam] Request for query 3392903 is finished
[INFO ] 2016-07-10 18:18:08,043 [repositories/QTeam] GET namespace for prefix owl
[INFO ] 2016-07-10 18:18:08,047 [repositories/QTeam] GET statements
[INFO ] 2016-07-10 18:18:08,052 [repositories/QTeam] GET statements
[INFO ] 2016-07-10 18:18:08,056 [repositories/QTeam] GET statements
[INFO ] 2016-07-10 18:18:08,060 [repositories/QTeam] GET statements
[INFO ] 2016-07-10 18:18:08,065 [repositories/QTeam] GET statements
[INFO ] 2016-07-10 18:18:08,069 [repositories/QTeam] GET statements
[INFO ] 2016-07-10 18:18:08,073 [repositories/QTeam] GET statements
[INFO ] 2016-07-10 18:18:08,077 [repositories/QTeam] GET statements
[INFO ] 2016-07-10 18:18:08,135 [repositories/SYSTEM] GET statements
[INFO ] 2016-07-10 18:18:14,005 [repositories/QTeam] GET namespace list
[INFO ] 2016-07-10 18:18:14,006 [repositories/QTeam] Request for query 3392903 is finished
[INFO ] 2016-07-10 18:18:14,011 [repositories/QTeam] GET statements
[INFO ] 2016-07-10 18:18:14,084 [repositories/SYSTEM] GET statements
[INFO ] 2016-07-10 18:18:18,460 [repositories/QTeam] GET namespace list
[INFO ] 2016-07-10 18:18:18,461 [repositories/QTeam] Request for query 3392903 is finished
[INFO ] 2016-07-10 18:18:18,465 [repositories/QTeam] GET statements
[INFO ] 2016-07-10 18:18:18,472 [repositories/QTeam] GET statements
[INFO ] 2016-07-10 18:18:18,478 [repositories/QTeam] GET statements
[INFO ] 2016-07-10 18:18:18,483 [repositories/QTeam] GET statements
[INFO ] 2016-07-10 18:18:18,487 [repositories/QTeam] GET statements
[INFO ] 2016-07-10 18:18:18,493 [repositories/QTeam] GET statements
[INFO ] 2016-07-10 18:18:18,546 [repositories/SYSTEM] GET statements
[INFO ] 2016-07-10 18:18:59,013 [repositories/QTeam] GET namespace list
[INFO ] 2016-07-10 18:18:59,014 [repositories/QTeam] Request for query 3392903 is finished
[INFO ] 2016-07-10 18:18:59,021 [repositories/QTeam] GET statements
[INFO ] 2016-07-10 18:18:59,029 [repositories/QTeam] GET statements
[INFO ] 2016-07-10 18:18:59,035 [repositories/QTeam] GET statements
[INFO ] 2016-07-10 18:18:59,039 [repositories/QTeam] GET statements
[INFO ] 2016-07-10 18:18:59,045 [repositories/QTeam] GET statements
[INFO ] 2016-07-10 18:18:59,053 [repositories/QTeam] GET statements
[INFO ] 2016-07-10 18:18:59,127 [repositories/SYSTEM] GET statements
[INFO ] 2016-07-10 18:19:59,141 [repositories/QTeam] GET namespace list
[INFO ] 2016-07-10 18:19:59,142 [repositories/QTeam] Request for query 3392903 is finished
[INFO ] 2016-07-10 18:19:59,148 [repositories/QTeam] GET statements
[INFO ] 2016-07-10 18:19:59,153 [repositories/QTeam] GET statements
[INFO ] 2016-07-10 18:19:59,159 [repositories/QTeam] GET statements
[INFO ] 2016-07-10 18:19:59,163 [repositories/QTeam] GET statements
[INFO ] 2016-07-10 18:19:59,168 [repositories/QTeam] GET statements
[INFO ] 2016-07-10 18:19:59,173 [repositories/QTeam] GET statements
[INFO ] 2016-07-10 18:19:59,235 [repositories/SYSTEM] GET statements
[INFO ] 2016-07-10 18:20:11,558 [repositories/QTeam] GET namespace list
[INFO ] 2016-07-10 18:20:11,559 [repositories/QTeam] Request for query 3392903 is finished
[INFO ] 2016-07-10 18:20:11,564 [repositories/QTeam] GET statements
[INFO ] 2016-07-10 18:20:11,572 [repositories/QTeam] GET statements
[INFO ] 2016-07-10 18:20:11,577 [repositories/QTeam] GET statements
[INFO ] 2016-07-10 18:20:11,582 [repositories/QTeam] GET statements
[INFO ] 2016-07-10 18:20:11,589 [repositories/QTeam] GET statements
[INFO ] 2016-07-10 18:20:11,593 [repositories/QTeam] GET statements
[INFO ] 2016-07-10 18:20:11,651 [repositories/SYSTEM] GET statements
[INFO ] 2016-07-10 18:20:12,866 [repositories/QTeam] GET namespace list
[INFO ] 2016-07-10 18:20:12,867 [repositories/QTeam] Request for query 3392903 is finished
[INFO ] 2016-07-10 18:20:12,870 [repositories/QTeam] GET statements
[INFO ] 2016-07-10 18:20:12,875 [repositories/QTeam] GET statements
[INFO ] 2016-07-10 18:20:12,880 [repositories/QTeam] GET statements
[INFO ] 2016-07-10 18:20:12,885 [repositories/QTeam] GET statements
[INFO ] 2016-07-10 18:20:12,891 [repositories/QTeam] GET statements
[INFO ] 2016-07-10 18:20:12,896 [repositories/QTeam] GET statements
[INFO ] 2016-07-10 18:20:12,948 [repositories/SYSTEM] GET statements
[INFO ] 2016-07-10 18:20:14,297 [repositories/QTeam] GET namespace list
[INFO ] 2016-07-10 18:20:14,298 [repositories/QTeam] Request for query 3392903 is finished
[INFO ] 2016-07-10 18:20:14,304 [repositories/QTeam] GET statements
[INFO ] 2016-07-10 18:20:14,311 [repositories/QTeam] GET statements
[INFO ] 2016-07-10 18:20:14,317 [repositories/QTeam] GET statements
[INFO ] 2016-07-10 18:20:14,324 [repositories/QTeam] GET statements
[INFO ] 2016-07-10 18:20:14,333 [repositories/QTeam] GET statements
[INFO ] 2016-07-10 18:20:14,338 [repositories/QTeam] GET statements
[INFO ] 2016-07-10 18:20:14,402 [repositories/SYSTEM] GET statements
[INFO ] 2016-07-10 18:20:20,691 [repositories/QTeam] GET namespace list
[INFO ] 2016-07-10 18:20:20,693 [repositories/QTeam] Request for query 3392903 is finished
[INFO ] 2016-07-10 18:20:20,697 [repositories/QTeam] GET statements
[INFO ] 2016-07-10 18:20:20,759 [repositories/SYSTEM] GET statements
[INFO ] 2016-07-10 18:20:55,343 [repositories/QTeam] GET namespace list
[INFO ] 2016-07-10 18:20:55,344 [repositories/QTeam] Request for query 3392903 is finished
[INFO ] 2016-07-10 18:20:55,349 [repositories/QTeam] GET statements
[INFO ] 2016-07-10 18:20:55,354 [repositories/QTeam] GET statements
[INFO ] 2016-07-10 18:20:55,358 [repositories/QTeam] GET statements
[INFO ] 2016-07-10 18:20:55,363 [repositories/QTeam] GET statements
[INFO ] 2016-07-10 18:20:55,367 [repositories/QTeam] GET statements
[INFO ] 2016-07-10 18:20:55,372 [repositories/QTeam] GET statements
[INFO ] 2016-07-10 18:20:55,377 [repositories/QTeam] GET statements
[INFO ] 2016-07-10 18:20:55,380 [repositories/QTeam] GET statements
[INFO ] 2016-07-10 18:20:55,433 [repositories/SYSTEM] GET statements
[INFO ] 2016-07-10 18:21:14,189 [repositories/QTeam] GET namespace list
[INFO ] 2016-07-10 18:21:14,190 [repositories/QTeam] Request for query 3392903 is finished
[INFO ] 2016-07-10 18:21:14,194 [repositories/QTeam] GET statements
[INFO ] 2016-07-10 18:21:14,244 [repositories/SYSTEM] GET statements
[INFO ] 2016-07-10 18:21:18,358 [repositories/QTeam] GET namespace list
[INFO ] 2016-07-10 18:21:18,359 [repositories/QTeam] Request for query 3392903 is finished
[INFO ] 2016-07-10 18:21:18,364 [repositories/QTeam] GET statements
[INFO ] 2016-07-10 18:21:18,422 [repositories/SYSTEM] GET statements
[INFO ] 2016-07-10 18:21:20,621 [repositories/QTeam] GET namespace list
[INFO ] 2016-07-10 18:21:20,621 [repositories/QTeam] Request for query 3392903 is finished
[INFO ] 2016-07-10 18:21:20,626 [repositories/QTeam] GET statements
[INFO ] 2016-07-10 18:21:20,693 [repositories/SYSTEM] GET statements
[INFO ] 2016-07-10 18:21:30,280 [repositories/QTeam] Request for query 3392903 is finished
[INFO ] 2016-07-10 18:21:30,335 [repositories/SYSTEM] GET statements
[INFO ] 2016-07-10 18:21:33,438 [repositories/QTeam] GET namespace list
[INFO ] 2016-07-10 18:21:33,439 [repositories/QTeam] Request for query 3392903 is finished
[INFO ] 2016-07-10 18:21:33,442 [repositories/QTeam] GET statements
[INFO ] 2016-07-10 18:21:33,510 [repositories/SYSTEM] GET statements
[INFO ] 2016-07-10 18:21:35,306 [repositories/QTeam] Request for query 3392903 is finished
[INFO ] 2016-07-10 18:21:35,359 [repositories/SYSTEM] GET statements
[INFO ] 2016-07-10 18:21:45,000 [repositories/QTeam] GET namespace list
[INFO ] 2016-07-10 18:21:45,001 [repositories/QTeam] Request for query 3392903 is finished
[INFO ] 2016-07-10 18:21:45,066 [repositories/SYSTEM] GET statements
[INFO ] 2016-07-10 18:21:47,979 [repositories/QTeam] GET namespace list
[INFO ] 2016-07-10 18:21:47,979 [repositories/QTeam] Request for query 3392903 is finished
[INFO ] 2016-07-10 18:21:48,006 [repositories/QTeam] POST query -1598642565
[INFO ] 2016-07-10 18:21:48,076 [repositories/QTeam] Request for query -1598642565 is finished
[INFO ] 2016-07-10 18:21:48,120 [repositories/SYSTEM] GET statements
[INFO ] 2016-07-10 18:21:57,686 [repositories/QTeam] GET namespace list
[INFO ] 2016-07-10 18:21:57,688 [repositories/QTeam] Request for query 3392903 is finished
[INFO ] 2016-07-10 18:21:57,691 [repositories/QTeam] GET statements
[INFO ] 2016-07-10 18:21:57,697 [repositories/QTeam] GET statements
[INFO ] 2016-07-10 18:21:57,702 [repositories/QTeam] GET statements
[INFO ] 2016-07-10 18:21:57,708 [repositories/QTeam] GET statements
[INFO ] 2016-07-10 18:21:57,712 [repositories/QTeam] GET statements
[INFO ] 2016-07-10 18:21:57,729 [repositories/QTeam] GET statements
[INFO ] 2016-07-10 18:21:57,737 [repositories/QTeam] GET statements
[INFO ] 2016-07-10 18:21:57,743 [repositories/QTeam] GET statements
[INFO ] 2016-07-10 18:21:57,820 [repositories/SYSTEM] GET statements
[INFO ] 2016-07-10 18:22:07,935 [repositories/QTeam] GET namespace list
[INFO ] 2016-07-10 18:22:07,936 [repositories/QTeam] Request for query 3392903 is finished
[INFO ] 2016-07-10 18:22:07,940 [repositories/QTeam] GET statements
[INFO ] 2016-07-10 18:22:07,946 [repositories/QTeam] GET statements
[INFO ] 2016-07-10 18:22:07,950 [repositories/QTeam] GET statements
[INFO ] 2016-07-10 18:22:07,954 [repositories/QTeam] GET statements
[INFO ] 2016-07-10 18:22:07,958 [repositories/QTeam] GET statements
[INFO ] 2016-07-10 18:22:07,964 [repositories/QTeam] GET statements
[INFO ] 2016-07-10 18:22:07,974 [repositories/QTeam] GET statements
[INFO ] 2016-07-10 18:22:07,979 [repositories/QTeam] GET statements
[INFO ] 2016-07-10 18:22:08,019 [repositories/SYSTEM] GET statements
[INFO ] 2016-07-10 18:22:23,758 [repositories/QTeam] GET namespace list
[INFO ] 2016-07-10 18:22:23,760 [repositories/QTeam] Request for query 3392903 is finished
[INFO ] 2016-07-10 18:22:23,764 [repositories/QTeam] GET statements
[INFO ] 2016-07-10 18:22:23,769 [repositories/QTeam] GET statements
[INFO ] 2016-07-10 18:22:23,772 [repositories/QTeam] GET statements
[INFO ] 2016-07-10 18:22:23,777 [repositories/QTeam] GET statements
[INFO ] 2016-07-10 18:22:23,782 [repositories/QTeam] GET statements
[INFO ] 2016-07-10 18:22:23,786 [repositories/QTeam] GET statements
[INFO ] 2016-07-10 18:22:23,792 [repositories/QTeam] GET statements
[INFO ] 2016-07-10 18:22:23,797 [repositories/QTeam] GET statements
[INFO ] 2016-07-10 18:22:23,858 [repositories/SYSTEM] GET statements
[INFO ] 2016-07-10 18:22:25,415 [repositories/QTeam] GET namespace list
[INFO ] 2016-07-10 18:22:25,416 [repositories/QTeam] Request for query 3392903 is finished
[INFO ] 2016-07-10 18:22:25,421 [repositories/QTeam] POST query -1598642565
[INFO ] 2016-07-10 18:22:25,453 [repositories/QTeam] Request for query -1598642565 is finished
[INFO ] 2016-07-10 18:22:25,502 [repositories/SYSTEM] GET statements
[INFO ] 2016-07-10 18:22:35,839 [repositories/QTeam] GET namespace list
[INFO ] 2016-07-10 18:22:35,840 [repositories/QTeam] Request for query 3392903 is finished
[INFO ] 2016-07-10 18:22:35,843 [repositories/QTeam] GET namespace for prefix owl
[INFO ] 2016-07-10 18:22:35,848 [repositories/QTeam] GET statements
[INFO ] 2016-07-10 18:22:35,852 [repositories/QTeam] GET statements
[INFO ] 2016-07-10 18:22:35,857 [repositories/QTeam] GET statements
[INFO ] 2016-07-10 18:22:35,862 [repositories/QTeam] GET statements
[INFO ] 2016-07-10 18:22:35,868 [repositories/QTeam] GET statements
[INFO ] 2016-07-10 18:22:35,874 [repositories/QTeam] GET statements
[INFO ] 2016-07-10 18:22:35,878 [repositories/QTeam] GET statements
[INFO ] 2016-07-10 18:22:35,883 [repositories/QTeam] GET statements
[INFO ] 2016-07-10 18:22:35,945 [repositories/SYSTEM] GET statements
[INFO ] 2016-07-10 18:22:44,536 [repositories/QTeam] GET namespace list
[INFO ] 2016-07-10 18:22:44,537 [repositories/QTeam] Request for query 3392903 is finished
[INFO ] 2016-07-10 18:22:44,541 [repositories/QTeam] GET statements
[INFO ] 2016-07-10 18:22:44,547 [repositories/QTeam] GET statements
[INFO ] 2016-07-10 18:22:44,553 [repositories/QTeam] GET statements
[INFO ] 2016-07-10 18:22:44,557 [repositories/QTeam] GET statements
[INFO ] 2016-07-10 18:22:44,562 [repositories/QTeam] GET statements
[INFO ] 2016-07-10 18:22:44,566 [repositories/QTeam] GET statements
[INFO ] 2016-07-10 18:22:44,569 [repositories/QTeam] GET statements
[INFO ] 2016-07-10 18:22:44,579 [repositories/QTeam] GET statements
[INFO ] 2016-07-10 18:22:44,643 [repositories/SYSTEM] GET statements
[INFO ] 2016-07-10 18:24:59,344 [repositories/QTeam] GET namespace list
[INFO ] 2016-07-10 18:24:59,345 [repositories/QTeam] Request for query 3392903 is finished
[INFO ] 2016-07-10 18:24:59,349 [repositories/QTeam] GET namespace for prefix owl
[INFO ] 2016-07-10 18:24:59,356 [repositories/QTeam] GET statements
[INFO ] 2016-07-10 18:24:59,361 [repositories/QTeam] GET statements
[INFO ] 2016-07-10 18:24:59,366 [repositories/QTeam] GET statements
[INFO ] 2016-07-10 18:24:59,373 [repositories/QTeam] GET statements
[INFO ] 2016-07-10 18:24:59,381 [repositories/QTeam] GET statements
[INFO ] 2016-07-10 18:24:59,385 [repositories/QTeam] GET statements
[INFO ] 2016-07-10 18:24:59,389 [repositories/QTeam] GET statements
[INFO ] 2016-07-10 18:24:59,393 [repositories/QTeam] GET statements
[INFO ] 2016-07-10 18:24:59,464 [repositories/SYSTEM] GET statements
[INFO ] 2016-07-10 18:25:17,321 [repositories/QTeam] GET namespace list
[INFO ] 2016-07-10 18:25:17,322 [repositories/QTeam] Request for query 3392903 is finished
[INFO ] 2016-07-10 18:25:17,328 [repositories/QTeam] GET statements
[INFO ] 2016-07-10 18:25:17,333 [repositories/QTeam] GET statements
[INFO ] 2016-07-10 18:25:17,337 [repositories/QTeam] GET statements
[INFO ] 2016-07-10 18:25:17,342 [repositories/QTeam] GET statements
[INFO ] 2016-07-10 18:25:17,346 [repositories/QTeam] GET statements
[INFO ] 2016-07-10 18:25:17,350 [repositories/QTeam] GET statements
[INFO ] 2016-07-10 18:25:17,356 [repositories/QTeam] GET statements
[INFO ] 2016-07-10 18:25:17,362 [repositories/QTeam] GET statements
[INFO ] 2016-07-10 18:25:17,423 [repositories/SYSTEM] GET statements
[INFO ] 2016-07-10 18:25:28,002 [repositories/QTeam] GET namespace list
[INFO ] 2016-07-10 18:25:28,003 [repositories/QTeam] Request for query 3392903 is finished
[INFO ] 2016-07-10 18:25:28,008 [repositories/QTeam] GET statements
[INFO ] 2016-07-10 18:25:28,014 [repositories/QTeam] GET statements
[INFO ] 2016-07-10 18:25:28,019 [repositories/QTeam] GET statements
[INFO ] 2016-07-10 18:25:28,023 [repositories/QTeam] GET statements
[INFO ] 2016-07-10 18:25:28,030 [repositories/QTeam] GET statements
[INFO ] 2016-07-10 18:25:28,035 [repositories/QTeam] GET statements
[INFO ] 2016-07-10 18:25:28,038 [repositories/QTeam] GET statements
[INFO ] 2016-07-10 18:25:28,043 [repositories/QTeam] GET statements
[INFO ] 2016-07-10 18:25:28,095 [repositories/SYSTEM] GET statements
[INFO ] 2016-07-10 18:25:31,989 [repositories/QTeam] GET namespace list
[INFO ] 2016-07-10 18:25:31,990 [repositories/QTeam] Request for query 3392903 is finished
[INFO ] 2016-07-10 18:25:31,995 [repositories/QTeam] GET statements
[INFO ] 2016-07-10 18:25:32,000 [repositories/QTeam] GET statements
[INFO ] 2016-07-10 18:25:32,004 [repositories/QTeam] GET statements
[INFO ] 2016-07-10 18:25:32,008 [repositories/QTeam] GET statements
[INFO ] 2016-07-10 18:25:32,013 [repositories/QTeam] GET statements
[INFO ] 2016-07-10 18:25:32,019 [repositories/QTeam] GET statements
[INFO ] 2016-07-10 18:25:32,023 [repositories/QTeam] GET statements
[INFO ] 2016-07-10 18:25:32,028 [repositories/QTeam] GET statements
[INFO ] 2016-07-10 18:25:32,079 [repositories/SYSTEM] GET statements
[INFO ] 2016-07-10 18:37:44,219 [repositories/QTeam] GET query 2098645089
[INFO ] 2016-07-10 18:37:44,283 [repositories/QTeam] Request for query 2098645089 is finished
[INFO ] 2016-07-10 18:53:05,274 [repositories/QTeam] GET query 2098645089
[INFO ] 2016-07-10 18:53:05,277 [repositories/QTeam] Request for query 2098645089 is finished
[INFO ] 2016-07-10 18:53:29,795 [repositories/QTeam] POST data to repository
[INFO ] 2016-07-10 18:53:29,796 [repositories/QTeam] no base URI specified, using dummy 'foo:bar'
[WARN ] 2016-07-10 18:53:29,798 [repositories/QTeam] http://javax.xml.XMLConstants/feature/secure-processing is not a recognized SAX feature. (-1, -1)
[INFO ] 2016-07-10 18:55:17,853 [repositories/QTeam] GET query 2098645089
[INFO ] 2016-07-10 18:55:17,877 [repositories/QTeam] Request for query 2098645089 is finished
[INFO ] 2016-07-10 18:55:32,344 [repositories/QTeam] GET query 2098645089
[INFO ] 2016-07-10 18:55:32,346 [repositories/QTeam] Request for query 2098645089 is finished
[INFO ] 2016-07-10 18:55:50,549 [repositories/QTeam] POST data to repository
[INFO ] 2016-07-10 18:55:50,551 [repositories/QTeam] no base URI specified, using dummy 'foo:bar'
[WARN ] 2016-07-10 18:55:50,552 [repositories/QTeam] http://javax.xml.XMLConstants/feature/secure-processing is not a recognized SAX feature. (-1, -1)
[INFO ] 2016-07-10 18:57:04,567 [repositories/QTeam] GET query 2098645089
[INFO ] 2016-07-10 18:57:04,573 [repositories/QTeam] Request for query 2098645089 is finished
[INFO ] 2016-07-10 18:57:51,668 [repositories/QTeam] GET query 2098645089
[INFO ] 2016-07-10 18:57:51,676 [repositories/QTeam] Request for query 2098645089 is finished
[INFO ] 2016-07-10 18:58:07,751 [repositories/QTeam] GET query 2098645089
[INFO ] 2016-07-10 18:58:07,757 [repositories/QTeam] Request for query 2098645089 is finished
[INFO ] 2016-07-10 18:58:26,139 [repositories/QTeam] POST data to repository
[INFO ] 2016-07-10 18:58:26,139 [repositories/QTeam] no base URI specified, using dummy 'foo:bar'
[WARN ] 2016-07-10 18:58:26,141 [repositories/QTeam] http://javax.xml.XMLConstants/feature/secure-processing is not a recognized SAX feature. (-1, -1)
[INFO ] 2016-07-10 19:02:12,752 [repositories/QTeam] GET namespace list
[INFO ] 2016-07-10 19:02:12,755 [repositories/QTeam] Request for query 3392903 is finished
[INFO ] 2016-07-10 19:02:12,761 [repositories/QTeam] GET statements
[INFO ] 2016-07-10 19:02:12,886 [repositories/SYSTEM] GET statements
[INFO ] 2016-07-10 19:02:18,608 [repositories/QTeam] GET namespace list
[INFO ] 2016-07-10 19:02:18,609 [repositories/QTeam] Request for query 3392903 is finished
[INFO ] 2016-07-10 19:02:18,614 [repositories/QTeam] GET statements
[INFO ] 2016-07-10 19:02:18,621 [repositories/QTeam] GET statements
[INFO ] 2016-07-10 19:02:18,624 [repositories/QTeam] GET statements
[INFO ] 2016-07-10 19:02:18,629 [repositories/QTeam] GET statements
[INFO ] 2016-07-10 19:02:18,635 [repositories/QTeam] GET statements
[INFO ] 2016-07-10 19:02:18,640 [repositories/QTeam] GET statements
[INFO ] 2016-07-10 19:02:18,644 [repositories/QTeam] GET statements
[INFO ] 2016-07-10 19:02:18,650 [repositories/QTeam] GET statements
[INFO ] 2016-07-10 19:02:18,720 [repositories/SYSTEM] GET statements
[INFO ] 2016-07-10 19:02:21,035 [repositories/QTeam] GET namespace list
[INFO ] 2016-07-10 19:02:21,036 [repositories/QTeam] Request for query 3392903 is finished
[INFO ] 2016-07-10 19:02:21,039 [repositories/QTeam] GET statements
[INFO ] 2016-07-10 19:02:21,043 [repositories/QTeam] GET statements
[INFO ] 2016-07-10 19:02:21,049 [repositories/QTeam] GET statements
[INFO ] 2016-07-10 19:02:21,054 [repositories/QTeam] GET statements
[INFO ] 2016-07-10 19:02:21,058 [repositories/QTeam] GET statements
[INFO ] 2016-07-10 19:02:21,063 [repositories/QTeam] GET statements
[INFO ] 2016-07-10 19:02:21,068 [repositories/QTeam] GET statements
[INFO ] 2016-07-10 19:02:21,073 [repositories/QTeam] GET statements
[INFO ] 2016-07-10 19:02:21,115 [repositories/SYSTEM] GET statements
[INFO ] 2016-07-10 19:07:55,917 [repositories/QTeam] GET namespace list
[INFO ] 2016-07-10 19:07:55,918 [repositories/QTeam] Request for query 3392903 is finished
[INFO ] 2016-07-10 19:07:55,922 [repositories/QTeam] GET statements
[INFO ] 2016-07-10 19:07:56,011 [repositories/SYSTEM] GET statements
[INFO ] 2016-07-10 19:08:03,352 [repositories/QTeam] GET namespace list
[INFO ] 2016-07-10 19:08:03,353 [repositories/QTeam] Request for query 3392903 is finished
[INFO ] 2016-07-10 19:08:03,357 [repositories/QTeam] GET statements
[INFO ] 2016-07-10 19:08:03,361 [repositories/QTeam] GET statements
[INFO ] 2016-07-10 19:08:03,366 [repositories/QTeam] GET statements
[INFO ] 2016-07-10 19:08:03,371 [repositories/QTeam] GET statements
[INFO ] 2016-07-10 19:08:03,376 [repositories/QTeam] GET statements
[INFO ] 2016-07-10 19:08:03,380 [repositories/QTeam] GET statements
[INFO ] 2016-07-10 19:08:03,385 [repositories/QTeam] GET statements
[INFO ] 2016-07-10 19:08:03,390 [repositories/QTeam] GET statements
[INFO ] 2016-07-10 19:08:03,488 [repositories/SYSTEM] GET statements
[INFO ] 2016-07-10 19:08:16,524 [repositories/QTeam] GET namespace list
[INFO ] 2016-07-10 19:08:16,525 [repositories/QTeam] Request for query 3392903 is finished
[INFO ] 2016-07-10 19:08:16,529 [repositories/QTeam] GET namespace for prefix owl
[INFO ] 2016-07-10 19:08:16,534 [repositories/QTeam] GET statements
[INFO ] 2016-07-10 19:08:16,538 [repositories/QTeam] GET statements
[INFO ] 2016-07-10 19:08:16,542 [repositories/QTeam] GET statements
[INFO ] 2016-07-10 19:08:16,548 [repositories/QTeam] GET statements
[INFO ] 2016-07-10 19:08:16,555 [repositories/QTeam] GET statements
[INFO ] 2016-07-10 19:08:16,561 [repositories/QTeam] GET statements
[INFO ] 2016-07-10 19:08:16,565 [repositories/QTeam] GET statements
[INFO ] 2016-07-10 19:08:16,574 [repositories/QTeam] GET statements
[INFO ] 2016-07-10 19:08:16,635 [repositories/SYSTEM] GET statements
[INFO ] 2016-07-10 19:08:25,099 [repositories/QTeam] GET namespace list
[INFO ] 2016-07-10 19:08:25,100 [repositories/QTeam] Request for query 3392903 is finished
[INFO ] 2016-07-10 19:08:25,108 [repositories/QTeam] GET statements
[INFO ] 2016-07-10 19:08:25,113 [repositories/QTeam] GET statements
[INFO ] 2016-07-10 19:08:25,118 [repositories/QTeam] GET statements
[INFO ] 2016-07-10 19:08:25,122 [repositories/QTeam] GET statements
[INFO ] 2016-07-10 19:08:25,127 [repositories/QTeam] GET statements
[INFO ] 2016-07-10 19:08:25,132 [repositories/QTeam] GET statements
[INFO ] 2016-07-10 19:08:25,137 [repositories/QTeam] GET statements
[INFO ] 2016-07-10 19:08:25,141 [repositories/QTeam] GET statements
[INFO ] 2016-07-10 19:08:25,211 [repositories/SYSTEM] GET statements
[INFO ] 2016-07-10 19:08:43,345 [repositories/QTeam] GET namespace list
[INFO ] 2016-07-10 19:08:43,346 [repositories/QTeam] Request for query 3392903 is finished
[INFO ] 2016-07-10 19:08:43,351 [repositories/QTeam] GET statements
[INFO ] 2016-07-10 19:08:43,356 [repositories/QTeam] GET statements
[INFO ] 2016-07-10 19:08:43,360 [repositories/QTeam] GET statements
[INFO ] 2016-07-10 19:08:43,364 [repositories/QTeam] GET statements
[INFO ] 2016-07-10 19:08:43,369 [repositories/QTeam] GET statements
[INFO ] 2016-07-10 19:08:43,375 [repositories/QTeam] GET statements
[INFO ] 2016-07-10 19:08:43,379 [repositories/QTeam] GET statements
[INFO ] 2016-07-10 19:08:43,385 [repositories/QTeam] GET statements
[INFO ] 2016-07-10 19:08:43,465 [repositories/SYSTEM] GET statements
[INFO ] 2016-07-10 19:09:15,633 [repositories/QTeam] GET namespace list
[INFO ] 2016-07-10 19:09:15,634 [repositories/QTeam] Request for query 3392903 is finished
[INFO ] 2016-07-10 19:09:15,637 [repositories/QTeam] GET statements
[INFO ] 2016-07-10 19:09:15,640 [repositories/QTeam] GET statements
[INFO ] 2016-07-10 19:09:15,645 [repositories/QTeam] GET statements
[INFO ] 2016-07-10 19:09:15,649 [repositories/QTeam] GET statements
[INFO ] 2016-07-10 19:09:15,653 [repositories/QTeam] GET statements
[INFO ] 2016-07-10 19:09:15,657 [repositories/QTeam] GET statements
[INFO ] 2016-07-10 19:09:15,661 [repositories/QTeam] GET statements
[INFO ] 2016-07-10 19:09:15,668 [repositories/QTeam] GET statements
[INFO ] 2016-07-10 19:09:15,726 [repositories/SYSTEM] GET statements
[INFO ] 2016-07-10 19:09:28,710 [repositories/QTeam] GET namespace list
[INFO ] 2016-07-10 19:09:28,710 [repositories/QTeam] Request for query 3392903 is finished
[INFO ] 2016-07-10 19:09:28,714 [repositories/QTeam] GET statements
[INFO ] 2016-07-10 19:09:28,720 [repositories/QTeam] GET statements
[INFO ] 2016-07-10 19:09:28,725 [repositories/QTeam] GET statements
[INFO ] 2016-07-10 19:09:28,729 [repositories/QTeam] GET statements
[INFO ] 2016-07-10 19:09:28,736 [repositories/QTeam] GET statements
[INFO ] 2016-07-10 19:09:28,743 [repositories/QTeam] GET statements
[INFO ] 2016-07-10 19:09:28,747 [repositories/QTeam] GET statements
[INFO ] 2016-07-10 19:09:28,754 [repositories/QTeam] GET statements
[INFO ] 2016-07-10 19:09:28,826 [repositories/SYSTEM] GET statements
[INFO ] 2016-07-10 19:09:44,991 [repositories/QTeam] GET namespace list
[INFO ] 2016-07-10 19:09:44,992 [repositories/QTeam] Request for query 3392903 is finished
[INFO ] 2016-07-10 19:09:44,995 [repositories/QTeam] GET statements
[INFO ] 2016-07-10 19:09:44,999 [repositories/QTeam] GET statements
[INFO ] 2016-07-10 19:09:45,003 [repositories/QTeam] GET statements
[INFO ] 2016-07-10 19:09:45,007 [repositories/QTeam] GET statements
[INFO ] 2016-07-10 19:09:45,015 [repositories/QTeam] GET statements
[INFO ] 2016-07-10 19:09:45,019 [repositories/QTeam] GET statements
[INFO ] 2016-07-10 19:09:45,024 [repositories/QTeam] GET statements
[INFO ] 2016-07-10 19:09:45,027 [repositories/QTeam] GET statements
[INFO ] 2016-07-10 19:09:45,081 [repositories/SYSTEM] GET statements
[INFO ] 2016-07-10 19:10:06,952 [repositories/QTeam] GET namespace list
[INFO ] 2016-07-10 19:10:06,953 [repositories/QTeam] Request for query 3392903 is finished
[INFO ] 2016-07-10 19:10:06,963 [repositories/QTeam] GET statements
[INFO ] 2016-07-10 19:10:06,968 [repositories/QTeam] GET statements
[INFO ] 2016-07-10 19:10:06,980 [repositories/QTeam] GET statements
[INFO ] 2016-07-10 19:10:06,984 [repositories/QTeam] GET statements
[INFO ] 2016-07-10 19:10:06,988 [repositories/QTeam] GET statements
[INFO ] 2016-07-10 19:10:06,998 [repositories/QTeam] GET statements
[INFO ] 2016-07-10 19:10:07,001 [repositories/QTeam] GET statements
[INFO ] 2016-07-10 19:10:07,005 [repositories/QTeam] GET statements
[INFO ] 2016-07-10 19:10:07,763 [repositories/SYSTEM] GET statements
[INFO ] 2016-07-10 19:10:27,210 [repositories/QTeam] GET namespace list
[INFO ] 2016-07-10 19:10:27,211 [repositories/QTeam] Request for query 3392903 is finished
[INFO ] 2016-07-10 19:10:27,310 [repositories/SYSTEM] GET statements
[INFO ] 2016-07-10 19:10:31,279 [repositories/QTeam] GET namespace list
[INFO ] 2016-07-10 19:10:31,280 [repositories/QTeam] Request for query 3392903 is finished
[INFO ] 2016-07-10 19:10:31,426 [repositories/SYSTEM] GET statements
[INFO ] 2016-07-10 19:12:15,619 [repositories/QTeam] GET query 2098645089
[INFO ] 2016-07-10 19:12:15,622 [repositories/QTeam] Request for query 2098645089 is finished
[INFO ] 2016-07-10 19:15:20,770 [repositories/QTeam] GET query 2098645089
[INFO ] 2016-07-10 19:15:20,772 [repositories/QTeam] Request for query 2098645089 is finished
[INFO ] 2016-07-10 19:16:34,845 [repositories/QTeam] GET query 2098645089
[INFO ] 2016-07-10 19:16:34,847 [repositories/QTeam] Request for query 2098645089 is finished
[INFO ] 2016-07-10 19:16:58,550 [repositories/QTeam] GET query 2098645089
[INFO ] 2016-07-10 19:16:58,553 [repositories/QTeam] Request for query 2098645089 is finished
[INFO ] 2016-07-10 19:19:04,680 [repositories/QTeam] GET query 2098645089
[INFO ] 2016-07-10 19:19:04,685 [repositories/QTeam] Request for query 2098645089 is finished
[INFO ] 2016-07-10 19:53:29,086 [repositories/QTeam] GET query 1935590443
[INFO ] 2016-07-10 19:53:29,222 [repositories/QTeam] Request for query 1935590443 is finished
[INFO ] 2016-07-10 19:53:47,062 [repositories/QTeam] POST data to repository
[INFO ] 2016-07-10 19:53:47,062 [repositories/QTeam] no base URI specified, using dummy 'foo:bar'
[WARN ] 2016-07-10 19:53:47,063 [repositories/QTeam] http://javax.xml.XMLConstants/feature/secure-processing is not a recognized SAX feature. (-1, -1)
[INFO ] 2016-07-10 19:54:42,247 [repositories/QTeam] GET query 1935590443
[INFO ] 2016-07-10 19:54:42,308 [repositories/QTeam] Request for query 1935590443 is finished
