[INFO ] 2016-05-06 11:27:26,500 [ServerService Thread Pool -- 75] Logback logging API implementation is configured.
[INFO ] 2016-05-06 11:27:30,209 [default task-2] CompressingFilter has initialized
[INFO ] 2016-05-06 11:27:30,347 [repositories/fiteagle] POST data to repository
[INFO ] 2016-05-06 11:27:30,358 [repositories/fiteagle] no base URI specified, using dummy 'foo:bar'
[WARN ] 2016-05-06 11:27:30,374 [repositories/fiteagle] http://javax.xml.XMLConstants/feature/secure-processing is not a recognized SAX feature. (-1, -1)
[INFO ] 2016-05-06 11:27:33,143 [repositories/fiteagle] POST data to repository
[INFO ] 2016-05-06 11:27:33,144 [repositories/fiteagle] no base URI specified, using dummy 'foo:bar'
[WARN ] 2016-05-06 11:27:33,145 [repositories/fiteagle] http://javax.xml.XMLConstants/feature/secure-processing is not a recognized SAX feature. (-1, -1)
[INFO ] 2016-05-06 11:27:34,890 [repositories/fiteagle] GET query -439247579
[INFO ] 2016-05-06 11:27:35,002 [repositories/fiteagle] Request for query -439247579 is finished
[INFO ] 2016-05-06 11:27:35,069 [repositories/fiteagle] POST data to repository
[INFO ] 2016-05-06 11:27:35,069 [repositories/fiteagle] no base URI specified, using dummy 'foo:bar'
[WARN ] 2016-05-06 11:27:35,070 [repositories/fiteagle] http://javax.xml.XMLConstants/feature/secure-processing is not a recognized SAX feature. (-1, -1)
[INFO ] 2016-05-06 11:27:35,095 [repositories/fiteagle] POST data to repository
[INFO ] 2016-05-06 11:27:35,095 [repositories/fiteagle] no base URI specified, using dummy 'foo:bar'
[WARN ] 2016-05-06 11:27:35,097 [repositories/fiteagle] http://javax.xml.XMLConstants/feature/secure-processing is not a recognized SAX feature. (-1, -1)
[INFO ] 2016-05-06 11:27:35,153 [repositories/fiteagle] POST data to repository
[INFO ] 2016-05-06 11:27:35,154 [repositories/fiteagle] no base URI specified, using dummy 'foo:bar'
[WARN ] 2016-05-06 11:27:35,156 [repositories/fiteagle] http://javax.xml.XMLConstants/feature/secure-processing is not a recognized SAX feature. (-1, -1)
[INFO ] 2016-05-06 11:27:35,175 [repositories/fiteagle] POST data to repository
[INFO ] 2016-05-06 11:27:35,175 [repositories/fiteagle] no base URI specified, using dummy 'foo:bar'
[WARN ] 2016-05-06 11:27:35,176 [repositories/fiteagle] http://javax.xml.XMLConstants/feature/secure-processing is not a recognized SAX feature. (-1, -1)
[INFO ] 2016-05-06 11:27:36,598 [repositories/fiteagle] POST data to repository
[INFO ] 2016-05-06 11:27:36,599 [repositories/fiteagle] no base URI specified, using dummy 'foo:bar'
[WARN ] 2016-05-06 11:27:36,600 [repositories/fiteagle] http://javax.xml.XMLConstants/feature/secure-processing is not a recognized SAX feature. (-1, -1)
[INFO ] 2016-05-06 11:27:36,629 [repositories/fiteagle] POST data to repository
[INFO ] 2016-05-06 11:27:36,630 [repositories/fiteagle] no base URI specified, using dummy 'foo:bar'
[WARN ] 2016-05-06 11:27:36,631 [repositories/fiteagle] http://javax.xml.XMLConstants/feature/secure-processing is not a recognized SAX feature. (-1, -1)
[INFO ] 2016-05-06 11:28:27,101 [repositories/fiteagle] POST data to repository
[INFO ] 2016-05-06 11:28:27,109 [repositories/fiteagle] no base URI specified, using dummy 'foo:bar'
[WARN ] 2016-05-06 11:28:27,110 [repositories/fiteagle] http://javax.xml.XMLConstants/feature/secure-processing is not a recognized SAX feature. (-1, -1)
[INFO ] 2016-05-06 11:28:27,151 [repositories/fiteagle] POST data to repository
[INFO ] 2016-05-06 11:28:27,151 [repositories/fiteagle] no base URI specified, using dummy 'foo:bar'
[WARN ] 2016-05-06 11:28:27,153 [repositories/fiteagle] http://javax.xml.XMLConstants/feature/secure-processing is not a recognized SAX feature. (-1, -1)
[INFO ] 2016-05-06 11:37:00,263 [repositories/fiteagle] GET query -1010771740
[INFO ] 2016-05-06 11:37:00,299 [repositories/fiteagle] Request for query -1010771740 is finished
[INFO ] 2016-05-06 11:37:00,389 [repositories/fiteagle] GET query 258073765
[INFO ] 2016-05-06 11:37:00,411 [repositories/fiteagle] Request for query 258073765 is finished
[INFO ] 2016-05-06 11:37:00,420 [repositories/fiteagle] GET query -1485727469
[INFO ] 2016-05-06 11:37:00,423 [repositories/fiteagle] Request for query -1485727469 is finished
[INFO ] 2016-05-06 11:37:00,435 [repositories/fiteagle] GET statements
[INFO ] 2016-05-06 11:37:55,826 [repositories/fiteagle] GET query -388179764
[INFO ] 2016-05-06 11:37:55,842 [repositories/fiteagle] Request for query -388179764 is finished
[INFO ] 2016-05-06 11:37:55,855 [repositories/fiteagle] GET query -750261995
[INFO ] 2016-05-06 11:37:55,857 [repositories/fiteagle] Request for query -750261995 is finished
[INFO ] 2016-05-06 11:37:55,892 [repositories/fiteagle] GET query -388179764
[INFO ] 2016-05-06 11:37:55,893 [repositories/fiteagle] Request for query -388179764 is finished
[INFO ] 2016-05-06 11:37:55,900 [repositories/fiteagle] GET query -750261995
[INFO ] 2016-05-06 11:37:55,901 [repositories/fiteagle] Request for query -750261995 is finished
[INFO ] 2016-05-06 11:37:58,815 [repositories/fiteagle] GET query -494768818
[INFO ] 2016-05-06 11:37:58,842 [repositories/fiteagle] Request for query -494768818 is finished
[INFO ] 2016-05-06 11:37:58,849 [repositories/fiteagle] GET query 1394275024
[INFO ] 2016-05-06 11:37:58,858 [repositories/fiteagle] Request for query 1394275024 is finished
[INFO ] 2016-05-06 11:37:58,869 [repositories/fiteagle] GET query -1758976412
[INFO ] 2016-05-06 11:37:58,876 [repositories/fiteagle] Request for query -1758976412 is finished
[INFO ] 2016-05-06 11:37:58,942 [repositories/fiteagle] POST data to repository
[INFO ] 2016-05-06 11:37:58,942 [repositories/fiteagle] no base URI specified, using dummy 'foo:bar'
[WARN ] 2016-05-06 11:37:58,943 [repositories/fiteagle] http://javax.xml.XMLConstants/feature/secure-processing is not a recognized SAX feature. (-1, -1)
[INFO ] 2016-05-06 11:38:14,003 [repositories/fiteagle] GET query -1049892097
[INFO ] 2016-05-06 11:38:14,006 [repositories/fiteagle] Request for query -1049892097 is finished
[INFO ] 2016-05-06 11:38:14,036 [repositories/fiteagle] GET query -1049892097
[INFO ] 2016-05-06 11:38:14,038 [repositories/fiteagle] Request for query -1049892097 is finished
[INFO ] 2016-05-06 11:38:14,050 [repositories/fiteagle] GET query -122885440
[INFO ] 2016-05-06 11:38:14,052 [repositories/fiteagle] Request for query -122885440 is finished
[INFO ] 2016-05-06 11:38:14,080 [repositories/fiteagle] GET query -1049892097
[INFO ] 2016-05-06 11:38:14,085 [repositories/fiteagle] Request for query -1049892097 is finished
[INFO ] 2016-05-06 11:38:14,096 [repositories/fiteagle] GET query 29404271
[INFO ] 2016-05-06 11:38:14,097 [repositories/fiteagle] Request for query 29404271 is finished
[INFO ] 2016-05-06 11:38:14,113 [repositories/fiteagle] GET query -1049892097
[INFO ] 2016-05-06 11:38:14,116 [repositories/fiteagle] Request for query -1049892097 is finished
[INFO ] 2016-05-06 11:38:14,124 [repositories/fiteagle] GET query 29404271
[INFO ] 2016-05-06 11:38:14,126 [repositories/fiteagle] Request for query 29404271 is finished
[INFO ] 2016-05-06 11:38:14,219 [repositories/fiteagle] GET query -2110861985
[INFO ] 2016-05-06 11:38:14,222 [repositories/fiteagle] Request for query -2110861985 is finished
[INFO ] 2016-05-06 11:38:14,231 [repositories/fiteagle] GET query 1394275024
[INFO ] 2016-05-06 11:38:14,233 [repositories/fiteagle] Request for query 1394275024 is finished
[INFO ] 2016-05-06 11:38:14,243 [repositories/fiteagle] GET query -1831408817
[INFO ] 2016-05-06 11:38:14,246 [repositories/fiteagle] Request for query -1831408817 is finished
[INFO ] 2016-05-06 11:38:15,435 [repositories/fiteagle] POST SPARQL update request to repository
[INFO ] 2016-05-06 11:38:15,464 [repositories/fiteagle] POST data to repository
[INFO ] 2016-05-06 11:38:15,464 [repositories/fiteagle] no base URI specified, using dummy 'foo:bar'
[WARN ] 2016-05-06 11:38:15,465 [repositories/fiteagle] http://javax.xml.XMLConstants/feature/secure-processing is not a recognized SAX feature. (-1, -1)
[INFO ] 2016-05-06 11:38:15,474 [repositories/fiteagle] GET query -122885440
[INFO ] 2016-05-06 11:38:15,476 [repositories/fiteagle] Request for query -122885440 is finished
[INFO ] 2016-05-06 11:38:15,489 [repositories/fiteagle] GET query 29404271
[INFO ] 2016-05-06 11:38:15,492 [repositories/fiteagle] Request for query 29404271 is finished
[INFO ] 2016-05-06 11:38:15,505 [repositories/fiteagle] POST SPARQL update request to repository
[INFO ] 2016-05-06 11:38:15,512 [repositories/fiteagle] POST data to repository
[INFO ] 2016-05-06 11:38:15,512 [repositories/fiteagle] no base URI specified, using dummy 'foo:bar'
[WARN ] 2016-05-06 11:38:15,514 [repositories/fiteagle] http://javax.xml.XMLConstants/feature/secure-processing is not a recognized SAX feature. (-1, -1)
[INFO ] 2016-05-06 11:38:15,528 [repositories/fiteagle] GET query -1362433828
[INFO ] 2016-05-06 11:38:15,530 [repositories/fiteagle] Request for query -1362433828 is finished
[INFO ] 2016-05-06 11:38:15,538 [repositories/fiteagle] GET query -1376929179
[INFO ] 2016-05-06 11:38:15,541 [repositories/fiteagle] Request for query -1376929179 is finished
[INFO ] 2016-05-06 11:38:15,545 [repositories/fiteagle] GET query -2110861985
[INFO ] 2016-05-06 11:38:15,547 [repositories/fiteagle] Request for query -2110861985 is finished
[INFO ] 2016-05-06 11:38:15,555 [repositories/fiteagle] GET query 1749748044
[INFO ] 2016-05-06 11:38:15,557 [repositories/fiteagle] Request for query 1749748044 is finished
[INFO ] 2016-05-06 11:38:15,561 [repositories/fiteagle] GET query -1758976412
[INFO ] 2016-05-06 11:38:15,563 [repositories/fiteagle] Request for query -1758976412 is finished
[INFO ] 2016-05-06 11:38:15,568 [repositories/fiteagle] GET query -122885440
[INFO ] 2016-05-06 11:38:15,570 [repositories/fiteagle] Request for query -122885440 is finished
[INFO ] 2016-05-06 11:38:15,575 [repositories/fiteagle] GET query 1447428629
[INFO ] 2016-05-06 11:38:15,577 [repositories/fiteagle] Request for query 1447428629 is finished
[INFO ] 2016-05-06 11:38:15,581 [repositories/fiteagle] GET query 134342928
[INFO ] 2016-05-06 11:38:15,583 [repositories/fiteagle] Request for query 134342928 is finished
[INFO ] 2016-05-06 11:38:15,587 [repositories/fiteagle] GET query -1804736883
[INFO ] 2016-05-06 11:38:15,588 [repositories/fiteagle] Request for query -1804736883 is finished
[INFO ] 2016-05-06 11:38:15,595 [repositories/fiteagle] GET query 1889694519
[INFO ] 2016-05-06 11:38:15,609 [repositories/fiteagle] Request for query 1889694519 is finished
[INFO ] 2016-05-06 11:38:15,611 [repositories/fiteagle] GET query -1308837434
[INFO ] 2016-05-06 11:38:15,613 [repositories/fiteagle] Request for query -1308837434 is finished
[INFO ] 2016-05-06 11:38:15,618 [repositories/fiteagle] GET query 993626355
[INFO ] 2016-05-06 11:38:15,619 [repositories/fiteagle] Request for query 993626355 is finished
[INFO ] 2016-05-06 11:38:15,623 [repositories/fiteagle] GET query -535751118
[INFO ] 2016-05-06 11:38:15,624 [repositories/fiteagle] Request for query -535751118 is finished
[INFO ] 2016-05-06 11:38:15,629 [repositories/fiteagle] GET query -435001739
[INFO ] 2016-05-06 11:38:15,631 [repositories/fiteagle] Request for query -435001739 is finished
[INFO ] 2016-05-06 11:38:15,637 [repositories/fiteagle] GET query -1831408817
[INFO ] 2016-05-06 11:38:15,639 [repositories/fiteagle] Request for query -1831408817 is finished
[INFO ] 2016-05-06 11:38:15,648 [repositories/fiteagle] GET query -721730524
[INFO ] 2016-05-06 11:38:15,650 [repositories/fiteagle] Request for query -721730524 is finished
[INFO ] 2016-05-06 11:38:15,655 [repositories/fiteagle] GET query 672361335
[INFO ] 2016-05-06 11:38:15,656 [repositories/fiteagle] Request for query 672361335 is finished
[INFO ] 2016-05-06 11:38:15,662 [repositories/fiteagle] GET query 744463189
[INFO ] 2016-05-06 11:38:15,664 [repositories/fiteagle] Request for query 744463189 is finished
[INFO ] 2016-05-06 11:38:15,669 [repositories/fiteagle] GET query 29404271
[INFO ] 2016-05-06 11:38:15,671 [repositories/fiteagle] Request for query 29404271 is finished
[INFO ] 2016-05-06 11:45:06,476 [repositories/SYSTEM] GET statements
[INFO ] 2016-05-06 11:45:06,564 [default task-13] Request for query 3392903 is finished
[INFO ] 2016-05-06 11:45:06,677 [repositories/fiteagle] GET namespace list
[INFO ] 2016-05-06 11:45:06,680 [repositories/fiteagle] Request for query 3392903 is finished
[INFO ] 2016-05-06 11:45:06,695 [repositories/fiteagle] GET statements
[INFO ] 2016-05-06 11:45:06,703 [repositories/fiteagle] GET statements
[INFO ] 2016-05-06 11:45:06,709 [repositories/fiteagle] GET statements
[INFO ] 2016-05-06 11:45:06,714 [repositories/fiteagle] GET statements
[INFO ] 2016-05-06 11:45:06,719 [repositories/fiteagle] GET statements
[INFO ] 2016-05-06 11:45:06,729 [repositories/fiteagle] GET statements
[INFO ] 2016-05-06 11:45:06,735 [repositories/fiteagle] GET statements
[INFO ] 2016-05-06 11:45:06,743 [repositories/fiteagle] GET statements
[INFO ] 2016-05-06 11:45:06,880 [repositories/SYSTEM] GET statements
[INFO ] 2016-05-06 11:45:11,967 [repositories/fiteagle] GET namespace list
[INFO ] 2016-05-06 11:45:11,969 [repositories/fiteagle] Request for query 3392903 is finished
[INFO ] 2016-05-06 11:45:11,975 [repositories/fiteagle] GET statements
[INFO ] 2016-05-06 11:45:11,980 [repositories/fiteagle] GET statements
[INFO ] 2016-05-06 11:45:11,985 [repositories/fiteagle] GET statements
[INFO ] 2016-05-06 11:45:11,996 [repositories/fiteagle] GET statements
[INFO ] 2016-05-06 11:45:12,004 [repositories/fiteagle] GET statements
[INFO ] 2016-05-06 11:45:12,011 [repositories/fiteagle] GET statements
[INFO ] 2016-05-06 11:45:12,016 [repositories/fiteagle] GET statements
[INFO ] 2016-05-06 11:45:12,023 [repositories/fiteagle] GET statements
[INFO ] 2016-05-06 11:45:12,071 [repositories/SYSTEM] GET statements
[INFO ] 2016-05-06 11:45:19,356 [repositories/fiteagle] GET namespace list
[INFO ] 2016-05-06 11:45:19,359 [repositories/fiteagle] Request for query 3392903 is finished
[INFO ] 2016-05-06 11:45:19,369 [repositories/fiteagle] GET statements
[INFO ] 2016-05-06 11:45:19,376 [repositories/fiteagle] GET statements
[INFO ] 2016-05-06 11:45:19,382 [repositories/fiteagle] GET statements
[INFO ] 2016-05-06 11:45:19,389 [repositories/fiteagle] GET statements
[INFO ] 2016-05-06 11:45:19,395 [repositories/fiteagle] GET statements
[INFO ] 2016-05-06 11:45:19,402 [repositories/fiteagle] GET statements
[INFO ] 2016-05-06 11:45:19,407 [repositories/fiteagle] GET statements
[INFO ] 2016-05-06 11:45:19,414 [repositories/fiteagle] GET statements
[INFO ] 2016-05-06 11:45:19,471 [repositories/SYSTEM] GET statements
[INFO ] 2016-05-06 12:22:58,498 [repositories/fiteagle] POST data to repository
[INFO ] 2016-05-06 12:22:58,499 [repositories/fiteagle] no base URI specified, using dummy 'foo:bar'
[WARN ] 2016-05-06 12:22:58,501 [repositories/fiteagle] http://javax.xml.XMLConstants/feature/secure-processing is not a recognized SAX feature. (-1, -1)
[INFO ] 2016-05-06 12:22:58,644 [repositories/fiteagle] POST data to repository
[INFO ] 2016-05-06 12:22:58,644 [repositories/fiteagle] no base URI specified, using dummy 'foo:bar'
[WARN ] 2016-05-06 12:22:59,006 [repositories/fiteagle] http://javax.xml.XMLConstants/feature/secure-processing is not a recognized SAX feature. (-1, -1)
[INFO ] 2016-05-06 12:30:07,025 [repositories/fiteagle] GET namespace list
[INFO ] 2016-05-06 12:30:07,029 [repositories/fiteagle] Request for query 3392903 is finished
[INFO ] 2016-05-06 12:30:07,039 [repositories/fiteagle] GET statements
[INFO ] 2016-05-06 12:30:07,056 [repositories/fiteagle] GET statements
[INFO ] 2016-05-06 12:30:07,066 [repositories/fiteagle] GET statements
[INFO ] 2016-05-06 12:30:07,073 [repositories/fiteagle] GET statements
[INFO ] 2016-05-06 12:30:07,083 [repositories/fiteagle] GET statements
[INFO ] 2016-05-06 12:30:07,092 [repositories/fiteagle] GET statements
[INFO ] 2016-05-06 12:30:07,101 [repositories/fiteagle] GET statements
[INFO ] 2016-05-06 12:30:07,108 [repositories/fiteagle] GET statements
[INFO ] 2016-05-06 12:30:07,254 [repositories/SYSTEM] GET statements
[INFO ] 2016-05-06 12:30:33,227 [repositories/fiteagle] GET query -494768818
[INFO ] 2016-05-06 12:30:33,229 [repositories/fiteagle] Request for query -494768818 is finished
[INFO ] 2016-05-06 12:30:33,239 [repositories/fiteagle] GET query 1394275024
[INFO ] 2016-05-06 12:30:33,241 [repositories/fiteagle] Request for query 1394275024 is finished
[INFO ] 2016-05-06 12:30:33,263 [repositories/fiteagle] GET query -1758976412
[INFO ] 2016-05-06 12:30:33,266 [repositories/fiteagle] Request for query -1758976412 is finished
[INFO ] 2016-05-06 12:30:33,273 [repositories/fiteagle] GET query -122885440
[INFO ] 2016-05-06 12:30:33,276 [repositories/fiteagle] Request for query -122885440 is finished
[INFO ] 2016-05-06 12:30:33,289 [repositories/fiteagle] POST data to repository
[INFO ] 2016-05-06 12:30:33,290 [repositories/fiteagle] no base URI specified, using dummy 'foo:bar'
[WARN ] 2016-05-06 12:30:33,298 [repositories/fiteagle] http://javax.xml.XMLConstants/feature/secure-processing is not a recognized SAX feature. (-1, -1)
[INFO ] 2016-05-06 12:30:42,456 [repositories/fiteagle] GET query -1187306940
[INFO ] 2016-05-06 12:30:42,463 [repositories/fiteagle] Request for query -1187306940 is finished
[INFO ] 2016-05-06 12:30:42,482 [repositories/fiteagle] GET query -1187306940
[INFO ] 2016-05-06 12:30:42,485 [repositories/fiteagle] Request for query -1187306940 is finished
[INFO ] 2016-05-06 12:30:42,498 [repositories/fiteagle] GET query -122885440
[INFO ] 2016-05-06 12:30:42,501 [repositories/fiteagle] Request for query -122885440 is finished
[INFO ] 2016-05-06 12:30:42,513 [repositories/fiteagle] GET query -1187306940
[INFO ] 2016-05-06 12:30:42,516 [repositories/fiteagle] Request for query -1187306940 is finished
[INFO ] 2016-05-06 12:30:42,537 [repositories/fiteagle] GET query 1586896886
[INFO ] 2016-05-06 12:30:42,539 [repositories/fiteagle] Request for query 1586896886 is finished
[INFO ] 2016-05-06 12:30:42,559 [repositories/fiteagle] GET query -1187306940
[INFO ] 2016-05-06 12:30:42,561 [repositories/fiteagle] Request for query -1187306940 is finished
[INFO ] 2016-05-06 12:30:42,719 [repositories/fiteagle] GET query 1586896886
[INFO ] 2016-05-06 12:30:42,721 [repositories/fiteagle] Request for query 1586896886 is finished
[INFO ] 2016-05-06 12:30:42,728 [repositories/fiteagle] GET query 333720933
[INFO ] 2016-05-06 12:30:42,730 [repositories/fiteagle] Request for query 333720933 is finished
[INFO ] 2016-05-06 12:30:42,736 [repositories/fiteagle] GET query 1394275024
[INFO ] 2016-05-06 12:30:42,738 [repositories/fiteagle] Request for query 1394275024 is finished
[INFO ] 2016-05-06 12:30:42,746 [repositories/fiteagle] GET query -286737942
[INFO ] 2016-05-06 12:30:42,748 [repositories/fiteagle] Request for query -286737942 is finished
[INFO ] 2016-05-06 12:30:44,660 [repositories/fiteagle] POST SPARQL update request to repository
[INFO ] 2016-05-06 12:30:44,668 [repositories/fiteagle] POST SPARQL update request to repository
[INFO ] 2016-05-06 12:30:44,676 [repositories/fiteagle] POST data to repository
[INFO ] 2016-05-06 12:30:44,676 [repositories/fiteagle] no base URI specified, using dummy 'foo:bar'
[WARN ] 2016-05-06 12:30:44,677 [repositories/fiteagle] http://javax.xml.XMLConstants/feature/secure-processing is not a recognized SAX feature. (-1, -1)
[INFO ] 2016-05-06 12:30:44,689 [repositories/fiteagle] GET query -122885440
[INFO ] 2016-05-06 12:30:44,691 [repositories/fiteagle] Request for query -122885440 is finished
[INFO ] 2016-05-06 12:30:44,699 [repositories/fiteagle] GET query 1586896886
[INFO ] 2016-05-06 12:30:44,702 [repositories/fiteagle] Request for query 1586896886 is finished
[INFO ] 2016-05-06 12:30:44,712 [repositories/fiteagle] POST SPARQL update request to repository
[INFO ] 2016-05-06 12:30:44,718 [repositories/fiteagle] POST data to repository
[INFO ] 2016-05-06 12:30:44,719 [repositories/fiteagle] no base URI specified, using dummy 'foo:bar'
[WARN ] 2016-05-06 12:30:44,720 [repositories/fiteagle] http://javax.xml.XMLConstants/feature/secure-processing is not a recognized SAX feature. (-1, -1)
[INFO ] 2016-05-06 12:30:44,725 [repositories/fiteagle] GET query -1362433828
[INFO ] 2016-05-06 12:30:44,726 [repositories/fiteagle] Request for query -1362433828 is finished
[INFO ] 2016-05-06 12:30:44,730 [repositories/fiteagle] GET query -1758976412
[INFO ] 2016-05-06 12:30:44,732 [repositories/fiteagle] Request for query -1758976412 is finished
[INFO ] 2016-05-06 12:30:44,737 [repositories/fiteagle] GET query -122885440
[INFO ] 2016-05-06 12:30:44,740 [repositories/fiteagle] Request for query -122885440 is finished
[INFO ] 2016-05-06 12:30:44,750 [repositories/fiteagle] GET query -1981853958
[INFO ] 2016-05-06 12:30:44,751 [repositories/fiteagle] Request for query -1981853958 is finished
[INFO ] 2016-05-06 12:30:44,756 [repositories/fiteagle] GET query -286737942
[INFO ] 2016-05-06 12:30:44,758 [repositories/fiteagle] Request for query -286737942 is finished
[INFO ] 2016-05-06 12:30:44,765 [repositories/fiteagle] GET query -721730524
[INFO ] 2016-05-06 12:30:44,766 [repositories/fiteagle] Request for query -721730524 is finished
[INFO ] 2016-05-06 12:30:44,770 [repositories/fiteagle] GET query 134342928
[INFO ] 2016-05-06 12:30:44,771 [repositories/fiteagle] Request for query 134342928 is finished
[INFO ] 2016-05-06 12:30:44,778 [repositories/fiteagle] GET query 1447428629
[INFO ] 2016-05-06 12:30:44,780 [repositories/fiteagle] Request for query 1447428629 is finished
[INFO ] 2016-05-06 12:30:44,803 [repositories/fiteagle] GET query 1458908014
[INFO ] 2016-05-06 12:30:44,804 [repositories/fiteagle] Request for query 1458908014 is finished
[INFO ] 2016-05-06 12:30:44,807 [repositories/fiteagle] GET query 1586896886
[INFO ] 2016-05-06 12:30:44,809 [repositories/fiteagle] Request for query 1586896886 is finished
[INFO ] 2016-05-06 12:30:44,814 [repositories/fiteagle] GET query -1161656673
[INFO ] 2016-05-06 12:30:44,815 [repositories/fiteagle] Request for query -1161656673 is finished
[INFO ] 2016-05-06 12:30:44,821 [repositories/fiteagle] GET query 333720933
[INFO ] 2016-05-06 12:30:44,823 [repositories/fiteagle] Request for query 333720933 is finished
[INFO ] 2016-05-06 12:30:44,827 [repositories/fiteagle] GET query 1749748044
[INFO ] 2016-05-06 12:30:44,829 [repositories/fiteagle] Request for query 1749748044 is finished
[INFO ] 2016-05-06 12:30:44,832 [repositories/fiteagle] GET query 672361335
[INFO ] 2016-05-06 12:30:44,834 [repositories/fiteagle] Request for query 672361335 is finished
[INFO ] 2016-05-06 12:30:44,839 [repositories/fiteagle] GET query -1804736883
[INFO ] 2016-05-06 12:30:44,840 [repositories/fiteagle] Request for query -1804736883 is finished
[INFO ] 2016-05-06 12:30:44,844 [repositories/fiteagle] GET query 1889694519
[INFO ] 2016-05-06 12:30:44,846 [repositories/fiteagle] Request for query 1889694519 is finished
[INFO ] 2016-05-06 12:30:44,852 [repositories/fiteagle] GET query -1308837434
[INFO ] 2016-05-06 12:30:44,853 [repositories/fiteagle] Request for query -1308837434 is finished
[INFO ] 2016-05-06 12:30:44,856 [repositories/fiteagle] GET query 993626355
[INFO ] 2016-05-06 12:30:44,858 [repositories/fiteagle] Request for query 993626355 is finished
[INFO ] 2016-05-06 12:30:44,863 [repositories/fiteagle] GET query -535751118
[INFO ] 2016-05-06 12:30:44,864 [repositories/fiteagle] Request for query -535751118 is finished
[INFO ] 2016-05-06 12:30:50,428 [repositories/fiteagle] GET namespace list
[INFO ] 2016-05-06 12:30:50,436 [repositories/fiteagle] Request for query 3392903 is finished
[INFO ] 2016-05-06 12:30:50,442 [repositories/fiteagle] GET statements
[INFO ] 2016-05-06 12:30:50,450 [repositories/fiteagle] GET statements
[INFO ] 2016-05-06 12:30:50,456 [repositories/fiteagle] GET statements
[INFO ] 2016-05-06 12:30:50,462 [repositories/fiteagle] GET statements
[INFO ] 2016-05-06 12:30:50,467 [repositories/fiteagle] GET statements
[INFO ] 2016-05-06 12:30:50,474 [repositories/fiteagle] GET statements
[INFO ] 2016-05-06 12:30:50,480 [repositories/fiteagle] GET statements
[INFO ] 2016-05-06 12:30:50,486 [repositories/fiteagle] GET statements
[INFO ] 2016-05-06 12:30:50,548 [repositories/SYSTEM] GET statements
[INFO ] 2016-05-06 12:30:53,930 [repositories/fiteagle] GET namespace list
[INFO ] 2016-05-06 12:30:53,932 [repositories/fiteagle] Request for query 3392903 is finished
[INFO ] 2016-05-06 12:30:53,939 [repositories/fiteagle] GET statements
[INFO ] 2016-05-06 12:30:53,945 [repositories/fiteagle] GET statements
[INFO ] 2016-05-06 12:30:53,949 [repositories/fiteagle] GET statements
[INFO ] 2016-05-06 12:30:53,954 [repositories/fiteagle] GET statements
[INFO ] 2016-05-06 12:30:53,959 [repositories/fiteagle] GET statements
[INFO ] 2016-05-06 12:30:53,964 [repositories/fiteagle] GET statements
[INFO ] 2016-05-06 12:30:53,968 [repositories/fiteagle] GET statements
[INFO ] 2016-05-06 12:30:53,973 [repositories/fiteagle] GET statements
[INFO ] 2016-05-06 12:30:54,018 [repositories/SYSTEM] GET statements
[INFO ] 2016-05-06 12:31:15,530 [repositories/fiteagle] GET namespace list
[INFO ] 2016-05-06 12:31:15,532 [repositories/fiteagle] Request for query 3392903 is finished
[INFO ] 2016-05-06 12:31:15,543 [repositories/fiteagle] GET statements
[INFO ] 2016-05-06 12:31:15,549 [repositories/fiteagle] GET statements
[INFO ] 2016-05-06 12:31:15,555 [repositories/fiteagle] GET statements
[INFO ] 2016-05-06 12:31:15,563 [repositories/fiteagle] GET statements
[INFO ] 2016-05-06 12:31:15,575 [repositories/fiteagle] GET statements
[INFO ] 2016-05-06 12:31:15,583 [repositories/fiteagle] GET statements
[INFO ] 2016-05-06 12:31:15,588 [repositories/fiteagle] GET statements
[INFO ] 2016-05-06 12:31:15,593 [repositories/fiteagle] GET statements
[INFO ] 2016-05-06 12:31:15,683 [repositories/SYSTEM] GET statements
[INFO ] 2016-05-06 12:31:19,374 [repositories/fiteagle] GET namespace list
[INFO ] 2016-05-06 12:31:19,376 [repositories/fiteagle] Request for query 3392903 is finished
[INFO ] 2016-05-06 12:31:19,382 [repositories/fiteagle] GET statements
[INFO ] 2016-05-06 12:31:19,387 [repositories/fiteagle] GET statements
[INFO ] 2016-05-06 12:31:19,391 [repositories/fiteagle] GET statements
[INFO ] 2016-05-06 12:31:19,398 [repositories/fiteagle] GET statements
[INFO ] 2016-05-06 12:31:19,403 [repositories/fiteagle] GET statements
[INFO ] 2016-05-06 12:31:19,408 [repositories/fiteagle] GET statements
[INFO ] 2016-05-06 12:31:19,413 [repositories/fiteagle] GET statements
[INFO ] 2016-05-06 12:31:19,418 [repositories/fiteagle] GET statements
[INFO ] 2016-05-06 12:31:19,507 [repositories/SYSTEM] GET statements
[INFO ] 2016-05-06 12:31:20,244 [repositories/fiteagle] GET namespace list
[INFO ] 2016-05-06 12:31:20,245 [repositories/fiteagle] Request for query 3392903 is finished
[INFO ] 2016-05-06 12:31:20,252 [repositories/fiteagle] GET statements
[INFO ] 2016-05-06 12:31:20,259 [repositories/fiteagle] GET statements
[INFO ] 2016-05-06 12:31:20,263 [repositories/fiteagle] GET statements
[INFO ] 2016-05-06 12:31:20,267 [repositories/fiteagle] GET statements
[INFO ] 2016-05-06 12:31:20,272 [repositories/fiteagle] GET statements
[INFO ] 2016-05-06 12:31:20,278 [repositories/fiteagle] GET statements
[INFO ] 2016-05-06 12:31:20,281 [repositories/fiteagle] GET statements
[INFO ] 2016-05-06 12:31:20,286 [repositories/fiteagle] GET statements
[INFO ] 2016-05-06 12:31:20,328 [repositories/SYSTEM] GET statements
[INFO ] 2016-05-06 12:36:46,079 [repositories/fiteagle] GET query -1187306940
[INFO ] 2016-05-06 12:36:46,082 [repositories/fiteagle] Request for query -1187306940 is finished
[INFO ] 2016-05-06 12:36:46,093 [repositories/fiteagle] GET query -122885440
[INFO ] 2016-05-06 12:36:46,095 [repositories/fiteagle] Request for query -122885440 is finished
[INFO ] 2016-05-06 12:36:46,123 [repositories/fiteagle] GET query 1586896886
[INFO ] 2016-05-06 12:36:46,125 [repositories/fiteagle] Request for query 1586896886 is finished
[INFO ] 2016-05-06 12:37:22,240 [repositories/fiteagle] GET query -1187306940
[INFO ] 2016-05-06 12:37:22,242 [repositories/fiteagle] Request for query -1187306940 is finished
[INFO ] 2016-05-06 12:37:22,256 [repositories/fiteagle] GET query 1586896886
[INFO ] 2016-05-06 12:37:22,257 [repositories/fiteagle] Request for query 1586896886 is finished
[INFO ] 2016-05-06 12:39:07,989 [repositories/fiteagle] GET namespace list
[INFO ] 2016-05-06 12:39:07,992 [repositories/fiteagle] Request for query 3392903 is finished
[INFO ] 2016-05-06 12:39:08,005 [repositories/fiteagle] GET namespace for prefix j.1
[INFO ] 2016-05-06 12:39:08,010 [repositories/fiteagle] GET statements
[INFO ] 2016-05-06 12:39:08,016 [repositories/fiteagle] GET statements
[INFO ] 2016-05-06 12:39:08,022 [repositories/fiteagle] GET statements
[INFO ] 2016-05-06 12:39:08,026 [repositories/fiteagle] GET statements
[INFO ] 2016-05-06 12:39:08,032 [repositories/fiteagle] GET statements
[INFO ] 2016-05-06 12:39:08,038 [repositories/fiteagle] GET statements
[INFO ] 2016-05-06 12:39:08,043 [repositories/fiteagle] GET statements
[INFO ] 2016-05-06 12:39:08,048 [repositories/fiteagle] GET statements
[INFO ] 2016-05-06 12:39:08,177 [repositories/SYSTEM] GET statements
[INFO ] 2016-05-06 12:39:12,897 [repositories/fiteagle] GET namespace list
[INFO ] 2016-05-06 12:39:12,899 [repositories/fiteagle] Request for query 3392903 is finished
[INFO ] 2016-05-06 12:39:12,903 [repositories/fiteagle] GET statements
[INFO ] 2016-05-06 12:39:12,910 [repositories/fiteagle] GET statements
[INFO ] 2016-05-06 12:39:12,914 [repositories/fiteagle] GET statements
[INFO ] 2016-05-06 12:39:12,918 [repositories/fiteagle] GET statements
[INFO ] 2016-05-06 12:39:12,923 [repositories/fiteagle] GET statements
[INFO ] 2016-05-06 12:39:12,930 [repositories/fiteagle] GET statements
[INFO ] 2016-05-06 12:39:12,935 [repositories/fiteagle] GET statements
[INFO ] 2016-05-06 12:39:12,939 [repositories/fiteagle] GET statements
[INFO ] 2016-05-06 12:39:12,978 [repositories/SYSTEM] GET statements
[INFO ] 2016-05-06 12:42:48,967 [repositories/fiteagle] POST data to repository
[INFO ] 2016-05-06 12:42:48,968 [repositories/fiteagle] no base URI specified, using dummy 'foo:bar'
[WARN ] 2016-05-06 12:42:48,969 [repositories/fiteagle] http://javax.xml.XMLConstants/feature/secure-processing is not a recognized SAX feature. (-1, -1)
[INFO ] 2016-05-06 12:42:48,987 [repositories/fiteagle] POST data to repository
[INFO ] 2016-05-06 12:42:48,987 [repositories/fiteagle] no base URI specified, using dummy 'foo:bar'
[WARN ] 2016-05-06 12:42:48,989 [repositories/fiteagle] http://javax.xml.XMLConstants/feature/secure-processing is not a recognized SAX feature. (-1, -1)
[INFO ] 2016-05-06 12:44:31,062 [repositories/fiteagle] GET query -494768818
[INFO ] 2016-05-06 12:44:31,064 [repositories/fiteagle] Request for query -494768818 is finished
[INFO ] 2016-05-06 12:44:31,069 [repositories/fiteagle] GET query 1394275024
[INFO ] 2016-05-06 12:44:31,071 [repositories/fiteagle] Request for query 1394275024 is finished
[INFO ] 2016-05-06 12:44:31,082 [repositories/fiteagle] GET query -1758976412
[INFO ] 2016-05-06 12:44:31,084 [repositories/fiteagle] Request for query -1758976412 is finished
[INFO ] 2016-05-06 12:44:31,089 [repositories/fiteagle] GET query -122885440
[INFO ] 2016-05-06 12:44:31,090 [repositories/fiteagle] Request for query -122885440 is finished
[INFO ] 2016-05-06 12:44:31,107 [repositories/fiteagle] POST data to repository
[INFO ] 2016-05-06 12:44:31,107 [repositories/fiteagle] no base URI specified, using dummy 'foo:bar'
[WARN ] 2016-05-06 12:44:31,110 [repositories/fiteagle] http://javax.xml.XMLConstants/feature/secure-processing is not a recognized SAX feature. (-1, -1)
[INFO ] 2016-05-06 12:45:18,414 [repositories/fiteagle] GET query -1996870296
[INFO ] 2016-05-06 12:45:18,416 [repositories/fiteagle] Request for query -1996870296 is finished
[INFO ] 2016-05-06 12:45:18,425 [repositories/fiteagle] GET query -1996870296
[INFO ] 2016-05-06 12:45:18,427 [repositories/fiteagle] Request for query -1996870296 is finished
[INFO ] 2016-05-06 12:45:18,439 [repositories/fiteagle] GET query -122885440
[INFO ] 2016-05-06 12:45:18,441 [repositories/fiteagle] Request for query -122885440 is finished
[INFO ] 2016-05-06 12:45:18,594 [repositories/fiteagle] GET query -1996870296
[INFO ] 2016-05-06 12:45:18,595 [repositories/fiteagle] Request for query -1996870296 is finished
[INFO ] 2016-05-06 12:45:18,604 [repositories/fiteagle] GET query -1598782419
[INFO ] 2016-05-06 12:45:18,606 [repositories/fiteagle] Request for query -1598782419 is finished
[INFO ] 2016-05-06 12:45:18,623 [repositories/fiteagle] GET query -1996870296
[INFO ] 2016-05-06 12:45:18,626 [repositories/fiteagle] Request for query -1996870296 is finished
[INFO ] 2016-05-06 12:45:18,633 [repositories/fiteagle] GET query -1598782419
[INFO ] 2016-05-06 12:45:18,635 [repositories/fiteagle] Request for query -1598782419 is finished
[INFO ] 2016-05-06 12:45:18,640 [repositories/fiteagle] GET query -2121892105
[INFO ] 2016-05-06 12:45:18,642 [repositories/fiteagle] Request for query -2121892105 is finished
[INFO ] 2016-05-06 12:45:18,648 [repositories/fiteagle] GET query 1394275024
[INFO ] 2016-05-06 12:45:18,650 [repositories/fiteagle] Request for query 1394275024 is finished
[INFO ] 2016-05-06 12:45:18,667 [repositories/fiteagle] GET query -401237450
[INFO ] 2016-05-06 12:45:18,669 [repositories/fiteagle] Request for query -401237450 is finished
[INFO ] 2016-05-06 12:45:20,003 [repositories/fiteagle] POST SPARQL update request to repository
[INFO ] 2016-05-06 12:45:20,009 [repositories/fiteagle] POST SPARQL update request to repository
[INFO ] 2016-05-06 12:45:20,016 [repositories/fiteagle] POST data to repository
[INFO ] 2016-05-06 12:45:20,016 [repositories/fiteagle] no base URI specified, using dummy 'foo:bar'
[WARN ] 2016-05-06 12:45:20,018 [repositories/fiteagle] http://javax.xml.XMLConstants/feature/secure-processing is not a recognized SAX feature. (-1, -1)
[INFO ] 2016-05-06 12:45:20,024 [repositories/fiteagle] GET query -122885440
[INFO ] 2016-05-06 12:45:20,027 [repositories/fiteagle] Request for query -122885440 is finished
[INFO ] 2016-05-06 12:45:20,036 [repositories/fiteagle] GET query -1598782419
[INFO ] 2016-05-06 12:45:20,039 [repositories/fiteagle] Request for query -1598782419 is finished
[INFO ] 2016-05-06 12:45:20,049 [repositories/fiteagle] POST SPARQL update request to repository
[INFO ] 2016-05-06 12:45:20,054 [repositories/fiteagle] POST data to repository
[INFO ] 2016-05-06 12:45:20,055 [repositories/fiteagle] no base URI specified, using dummy 'foo:bar'
[WARN ] 2016-05-06 12:45:20,056 [repositories/fiteagle] http://javax.xml.XMLConstants/feature/secure-processing is not a recognized SAX feature. (-1, -1)
[INFO ] 2016-05-06 12:45:20,063 [repositories/fiteagle] GET query 1447428629
[INFO ] 2016-05-06 12:45:20,064 [repositories/fiteagle] Request for query 1447428629 is finished
[INFO ] 2016-05-06 12:45:20,068 [repositories/fiteagle] GET query -1716216018
[INFO ] 2016-05-06 12:45:20,069 [repositories/fiteagle] Request for query -1716216018 is finished
[INFO ] 2016-05-06 12:45:20,074 [repositories/fiteagle] GET query -401237450
[INFO ] 2016-05-06 12:45:20,077 [repositories/fiteagle] Request for query -401237450 is finished
[INFO ] 2016-05-06 12:45:20,082 [repositories/fiteagle] GET query -721730524
[INFO ] 2016-05-06 12:45:20,084 [repositories/fiteagle] Request for query -721730524 is finished
[INFO ] 2016-05-06 12:45:20,089 [repositories/fiteagle] GET query 672361335
[INFO ] 2016-05-06 12:45:20,090 [repositories/fiteagle] Request for query 672361335 is finished
[INFO ] 2016-05-06 12:45:20,095 [repositories/fiteagle] GET query -1758976412
[INFO ] 2016-05-06 12:45:20,096 [repositories/fiteagle] Request for query -1758976412 is finished
[INFO ] 2016-05-06 12:45:20,100 [repositories/fiteagle] GET query -122885440
[INFO ] 2016-05-06 12:45:20,101 [repositories/fiteagle] Request for query -122885440 is finished
[INFO ] 2016-05-06 12:45:20,110 [repositories/fiteagle] GET query -1362433828
[INFO ] 2016-05-06 12:45:20,113 [repositories/fiteagle] Request for query -1362433828 is finished
[INFO ] 2016-05-06 12:45:20,118 [repositories/fiteagle] GET query 367058135
[INFO ] 2016-05-06 12:45:20,120 [repositories/fiteagle] Request for query 367058135 is finished
[INFO ] 2016-05-06 12:45:20,131 [repositories/fiteagle] GET query -1598782419
[INFO ] 2016-05-06 12:45:20,132 [repositories/fiteagle] Request for query -1598782419 is finished
[INFO ] 2016-05-06 12:45:20,138 [repositories/fiteagle] GET query 1382795725
[INFO ] 2016-05-06 12:45:20,140 [repositories/fiteagle] Request for query 1382795725 is finished
[INFO ] 2016-05-06 12:45:20,145 [repositories/fiteagle] GET query -2121892105
[INFO ] 2016-05-06 12:45:20,147 [repositories/fiteagle] Request for query -2121892105 is finished
[INFO ] 2016-05-06 12:45:20,151 [repositories/fiteagle] GET query 1749748044
[INFO ] 2016-05-06 12:45:20,152 [repositories/fiteagle] Request for query 1749748044 is finished
[INFO ] 2016-05-06 12:45:20,155 [repositories/fiteagle] GET query -1804736883
[INFO ] 2016-05-06 12:45:20,156 [repositories/fiteagle] Request for query -1804736883 is finished
[INFO ] 2016-05-06 12:45:20,162 [repositories/fiteagle] GET query 1889694519
[INFO ] 2016-05-06 12:45:20,164 [repositories/fiteagle] Request for query 1889694519 is finished
[INFO ] 2016-05-06 12:45:20,172 [repositories/fiteagle] GET query -1308837434
[INFO ] 2016-05-06 12:45:20,174 [repositories/fiteagle] Request for query -1308837434 is finished
[INFO ] 2016-05-06 12:45:20,179 [repositories/fiteagle] GET query 993626355
[INFO ] 2016-05-06 12:45:20,180 [repositories/fiteagle] Request for query 993626355 is finished
[INFO ] 2016-05-06 12:45:20,186 [repositories/fiteagle] GET query -535751118
[INFO ] 2016-05-06 12:45:20,188 [repositories/fiteagle] Request for query -535751118 is finished
[INFO ] 2016-05-06 12:45:20,191 [repositories/fiteagle] GET query 134342928
[INFO ] 2016-05-06 12:45:20,192 [repositories/fiteagle] Request for query 134342928 is finished
[INFO ] 2016-05-06 12:46:29,193 [repositories/fiteagle] GET query -1996870296
[INFO ] 2016-05-06 12:46:29,195 [repositories/fiteagle] Request for query -1996870296 is finished
[INFO ] 2016-05-06 12:46:29,203 [repositories/fiteagle] GET query -122885440
[INFO ] 2016-05-06 12:46:29,205 [repositories/fiteagle] Request for query -122885440 is finished
[INFO ] 2016-05-06 12:46:29,210 [repositories/fiteagle] GET query -1598782419
[INFO ] 2016-05-06 12:46:29,212 [repositories/fiteagle] Request for query -1598782419 is finished
[INFO ] 2016-05-06 12:46:44,204 [repositories/fiteagle] GET query -1996870296
[INFO ] 2016-05-06 12:46:44,206 [repositories/fiteagle] Request for query -1996870296 is finished
[INFO ] 2016-05-06 12:46:44,223 [repositories/fiteagle] GET query -1598782419
[INFO ] 2016-05-06 12:46:44,226 [repositories/fiteagle] Request for query -1598782419 is finished
[INFO ] 2016-05-06 12:47:24,734 [repositories/fiteagle] GET query -1996870296
[INFO ] 2016-05-06 12:47:24,736 [repositories/fiteagle] Request for query -1996870296 is finished
[INFO ] 2016-05-06 12:47:24,755 [repositories/fiteagle] GET query -1598782419
[INFO ] 2016-05-06 12:47:24,757 [repositories/fiteagle] Request for query -1598782419 is finished
[INFO ] 2016-05-06 12:47:24,765 [repositories/fiteagle] GET query -1996870296
[INFO ] 2016-05-06 12:47:24,767 [repositories/fiteagle] Request for query -1996870296 is finished
[INFO ] 2016-05-06 12:47:24,777 [repositories/fiteagle] GET query 1394275024
[INFO ] 2016-05-06 12:47:24,779 [repositories/fiteagle] Request for query 1394275024 is finished
[INFO ] 2016-05-06 12:47:24,867 [repositories/fiteagle] POST SPARQL update request to repository
[INFO ] 2016-05-06 12:47:24,873 [repositories/fiteagle] POST SPARQL update request to repository
[INFO ] 2016-05-06 12:47:24,881 [repositories/fiteagle] POST data to repository
[INFO ] 2016-05-06 12:47:24,881 [repositories/fiteagle] no base URI specified, using dummy 'foo:bar'
[WARN ] 2016-05-06 12:47:24,883 [repositories/fiteagle] http://javax.xml.XMLConstants/feature/secure-processing is not a recognized SAX feature. (-1, -1)
[INFO ] 2016-05-06 12:47:24,890 [repositories/fiteagle] GET query -122885440
[INFO ] 2016-05-06 12:47:24,892 [repositories/fiteagle] Request for query -122885440 is finished
[INFO ] 2016-05-06 12:47:24,899 [repositories/fiteagle] GET query -1598782419
[INFO ] 2016-05-06 12:47:24,901 [repositories/fiteagle] Request for query -1598782419 is finished
[INFO ] 2016-05-06 12:47:24,914 [repositories/fiteagle] POST data to repository
[INFO ] 2016-05-06 12:47:24,914 [repositories/fiteagle] no base URI specified, using dummy 'foo:bar'
[WARN ] 2016-05-06 12:47:24,915 [repositories/fiteagle] http://javax.xml.XMLConstants/feature/secure-processing is not a recognized SAX feature. (-1, -1)
[INFO ] 2016-05-06 12:52:41,789 [repositories/fiteagle] GET namespace list
[INFO ] 2016-05-06 12:52:41,791 [repositories/fiteagle] Request for query 3392903 is finished
[INFO ] 2016-05-06 12:52:41,799 [repositories/fiteagle] GET statements
[INFO ] 2016-05-06 12:52:41,807 [repositories/fiteagle] GET statements
[INFO ] 2016-05-06 12:52:41,814 [repositories/fiteagle] GET statements
[INFO ] 2016-05-06 12:52:41,820 [repositories/fiteagle] GET statements
[INFO ] 2016-05-06 12:52:41,825 [repositories/fiteagle] GET statements
[INFO ] 2016-05-06 12:52:41,837 [repositories/fiteagle] GET statements
[INFO ] 2016-05-06 12:52:41,842 [repositories/fiteagle] GET statements
[INFO ] 2016-05-06 12:52:41,848 [repositories/fiteagle] GET statements
[INFO ] 2016-05-06 12:52:41,946 [repositories/SYSTEM] GET statements
[INFO ] 2016-05-06 12:52:45,432 [repositories/fiteagle] GET namespace list
[INFO ] 2016-05-06 12:52:45,434 [repositories/fiteagle] Request for query 3392903 is finished
[INFO ] 2016-05-06 12:52:45,438 [repositories/fiteagle] GET statements
[INFO ] 2016-05-06 12:52:45,443 [repositories/fiteagle] GET statements
[INFO ] 2016-05-06 12:52:45,448 [repositories/fiteagle] GET statements
[INFO ] 2016-05-06 12:52:45,452 [repositories/fiteagle] GET statements
[INFO ] 2016-05-06 12:52:45,457 [repositories/fiteagle] GET statements
[INFO ] 2016-05-06 12:52:45,463 [repositories/fiteagle] GET statements
[INFO ] 2016-05-06 12:52:45,467 [repositories/fiteagle] GET statements
[INFO ] 2016-05-06 12:52:45,472 [repositories/fiteagle] GET statements
[INFO ] 2016-05-06 12:52:45,516 [repositories/SYSTEM] GET statements
[INFO ] 2016-05-06 13:08:11,191 [repositories/fiteagle] POST data to repository
[INFO ] 2016-05-06 13:08:11,192 [repositories/fiteagle] no base URI specified, using dummy 'foo:bar'
[WARN ] 2016-05-06 13:08:11,193 [repositories/fiteagle] http://javax.xml.XMLConstants/feature/secure-processing is not a recognized SAX feature. (-1, -1)
[INFO ] 2016-05-06 13:08:11,216 [repositories/fiteagle] POST data to repository
[INFO ] 2016-05-06 13:08:11,216 [repositories/fiteagle] no base URI specified, using dummy 'foo:bar'
[WARN ] 2016-05-06 13:08:11,218 [repositories/fiteagle] http://javax.xml.XMLConstants/feature/secure-processing is not a recognized SAX feature. (-1, -1)
[INFO ] 2016-05-06 13:11:55,988 [repositories/fiteagle] GET query -494768818
[INFO ] 2016-05-06 13:11:55,990 [repositories/fiteagle] Request for query -494768818 is finished
[INFO ] 2016-05-06 13:11:56,003 [repositories/fiteagle] GET query 1394275024
[INFO ] 2016-05-06 13:11:56,005 [repositories/fiteagle] Request for query 1394275024 is finished
[INFO ] 2016-05-06 13:11:56,021 [repositories/fiteagle] GET query -1758976412
[INFO ] 2016-05-06 13:11:56,022 [repositories/fiteagle] Request for query -1758976412 is finished
[INFO ] 2016-05-06 13:11:56,027 [repositories/fiteagle] GET query -122885440
[INFO ] 2016-05-06 13:11:56,030 [repositories/fiteagle] Request for query -122885440 is finished
[INFO ] 2016-05-06 13:11:56,051 [repositories/fiteagle] POST data to repository
[INFO ] 2016-05-06 13:11:56,051 [repositories/fiteagle] no base URI specified, using dummy 'foo:bar'
[WARN ] 2016-05-06 13:11:56,053 [repositories/fiteagle] http://javax.xml.XMLConstants/feature/secure-processing is not a recognized SAX feature. (-1, -1)
[INFO ] 2016-05-06 13:12:06,526 [repositories/fiteagle] GET query 1580308664
[INFO ] 2016-05-06 13:12:06,528 [repositories/fiteagle] Request for query 1580308664 is finished
[INFO ] 2016-05-06 13:12:06,563 [repositories/fiteagle] GET query 1580308664
[INFO ] 2016-05-06 13:12:06,695 [repositories/fiteagle] Request for query 1580308664 is finished
[INFO ] 2016-05-06 13:12:06,703 [repositories/fiteagle] GET query -122885440
[INFO ] 2016-05-06 13:12:06,705 [repositories/fiteagle] Request for query -122885440 is finished
[INFO ] 2016-05-06 13:12:06,714 [repositories/fiteagle] GET query 1580308664
[INFO ] 2016-05-06 13:12:06,716 [repositories/fiteagle] Request for query 1580308664 is finished
[INFO ] 2016-05-06 13:12:06,728 [repositories/fiteagle] GET query 238420448
[INFO ] 2016-05-06 13:12:06,730 [repositories/fiteagle] Request for query 238420448 is finished
[INFO ] 2016-05-06 13:12:06,743 [repositories/fiteagle] GET query 1580308664
[INFO ] 2016-05-06 13:12:06,745 [repositories/fiteagle] Request for query 1580308664 is finished
[INFO ] 2016-05-06 13:12:06,756 [repositories/fiteagle] GET query 238420448
[INFO ] 2016-05-06 13:12:06,758 [repositories/fiteagle] Request for query 238420448 is finished
[INFO ] 2016-05-06 13:12:06,771 [repositories/fiteagle] GET query -1048087175
[INFO ] 2016-05-06 13:12:06,772 [repositories/fiteagle] Request for query -1048087175 is finished
[INFO ] 2016-05-06 13:12:06,781 [repositories/fiteagle] GET query 1394275024
[INFO ] 2016-05-06 13:12:06,783 [repositories/fiteagle] Request for query 1394275024 is finished
[INFO ] 2016-05-06 13:12:06,792 [repositories/fiteagle] GET query 1889413059
[INFO ] 2016-05-06 13:12:06,794 [repositories/fiteagle] Request for query 1889413059 is finished
[INFO ] 2016-05-06 13:13:10,157 [repositories/fiteagle] POST SPARQL update request to repository
[INFO ] 2016-05-06 13:13:10,178 [repositories/fiteagle] POST SPARQL update request to repository
[INFO ] 2016-05-06 13:13:10,188 [repositories/fiteagle] POST data to repository
[INFO ] 2016-05-06 13:13:10,188 [repositories/fiteagle] no base URI specified, using dummy 'foo:bar'
[WARN ] 2016-05-06 13:13:10,190 [repositories/fiteagle] http://javax.xml.XMLConstants/feature/secure-processing is not a recognized SAX feature. (-1, -1)
[INFO ] 2016-05-06 13:13:10,200 [repositories/fiteagle] GET query -122885440
[INFO ] 2016-05-06 13:13:10,203 [repositories/fiteagle] Request for query -122885440 is finished
[INFO ] 2016-05-06 13:13:10,221 [repositories/fiteagle] GET query 238420448
[INFO ] 2016-05-06 13:13:10,223 [repositories/fiteagle] Request for query 238420448 is finished
[INFO ] 2016-05-06 13:13:10,244 [repositories/fiteagle] POST SPARQL update request to repository
[INFO ] 2016-05-06 13:13:10,257 [repositories/fiteagle] POST data to repository
[INFO ] 2016-05-06 13:13:10,258 [repositories/fiteagle] no base URI specified, using dummy 'foo:bar'
[WARN ] 2016-05-06 13:13:10,259 [repositories/fiteagle] http://javax.xml.XMLConstants/feature/secure-processing is not a recognized SAX feature. (-1, -1)
[INFO ] 2016-05-06 13:13:10,271 [repositories/fiteagle] GET query -1758976412
[INFO ] 2016-05-06 13:13:10,273 [repositories/fiteagle] Request for query -1758976412 is finished
[INFO ] 2016-05-06 13:13:10,279 [repositories/fiteagle] GET query -122885440
[INFO ] 2016-05-06 13:13:10,281 [repositories/fiteagle] Request for query -122885440 is finished
[INFO ] 2016-05-06 13:13:10,301 [repositories/fiteagle] GET query -1362433828
[INFO ] 2016-05-06 13:13:10,303 [repositories/fiteagle] Request for query -1362433828 is finished
[INFO ] 2016-05-06 13:13:10,309 [repositories/fiteagle] GET query 134342928
[INFO ] 2016-05-06 13:13:10,310 [repositories/fiteagle] Request for query 134342928 is finished
[INFO ] 2016-05-06 13:13:10,319 [repositories/fiteagle] GET query -1804736883
[INFO ] 2016-05-06 13:13:10,320 [repositories/fiteagle] Request for query -1804736883 is finished
[INFO ] 2016-05-06 13:13:10,331 [repositories/fiteagle] GET query 1889694519
[INFO ] 2016-05-06 13:13:10,333 [repositories/fiteagle] Request for query 1889694519 is finished
[INFO ] 2016-05-06 13:13:10,344 [repositories/fiteagle] GET query -1308837434
[INFO ] 2016-05-06 13:13:10,346 [repositories/fiteagle] Request for query -1308837434 is finished
[INFO ] 2016-05-06 13:13:10,352 [repositories/fiteagle] GET query 993626355
[INFO ] 2016-05-06 13:13:10,354 [repositories/fiteagle] Request for query 993626355 is finished
[INFO ] 2016-05-06 13:13:10,360 [repositories/fiteagle] GET query -535751118
[INFO ] 2016-05-06 13:13:10,361 [repositories/fiteagle] Request for query -535751118 is finished
[INFO ] 2016-05-06 13:13:10,374 [repositories/fiteagle] GET query -1300142268
[INFO ] 2016-05-06 13:13:10,375 [repositories/fiteagle] Request for query -1300142268 is finished
[INFO ] 2016-05-06 13:13:10,386 [repositories/fiteagle] GET query 238420448
[INFO ] 2016-05-06 13:13:10,388 [repositories/fiteagle] Request for query 238420448 is finished
[INFO ] 2016-05-06 13:13:10,398 [repositories/fiteagle] GET query 967234059
[INFO ] 2016-05-06 13:13:10,400 [repositories/fiteagle] Request for query 967234059 is finished
[INFO ] 2016-05-06 13:13:10,408 [repositories/fiteagle] GET query -1048087175
[INFO ] 2016-05-06 13:13:10,410 [repositories/fiteagle] Request for query -1048087175 is finished
[INFO ] 2016-05-06 13:13:10,443 [repositories/fiteagle] GET query 1749748044
[INFO ] 2016-05-06 13:13:10,549 [repositories/fiteagle] Request for query 1749748044 is finished
[INFO ] 2016-05-06 13:13:10,552 [repositories/fiteagle] GET query 672361335
[INFO ] 2016-05-06 13:13:10,553 [repositories/fiteagle] Request for query 672361335 is finished
[INFO ] 2016-05-06 13:13:10,557 [repositories/fiteagle] GET query -1067646591
[INFO ] 2016-05-06 13:13:10,558 [repositories/fiteagle] Request for query -1067646591 is finished
[INFO ] 2016-05-06 13:13:10,562 [repositories/fiteagle] GET query 1889413059
[INFO ] 2016-05-06 13:13:10,563 [repositories/fiteagle] Request for query 1889413059 is finished
[INFO ] 2016-05-06 13:13:10,567 [repositories/fiteagle] GET query -721730524
[INFO ] 2016-05-06 13:13:10,569 [repositories/fiteagle] Request for query -721730524 is finished
[INFO ] 2016-05-06 13:13:10,572 [repositories/fiteagle] GET query 1447428629
[INFO ] 2016-05-06 13:13:10,573 [repositories/fiteagle] Request for query 1447428629 is finished
[INFO ] 2016-05-06 13:30:30,728 [ServerService Thread Pool -- 74] Logback logging API implementation is configured.
[INFO ] 2016-05-06 13:30:35,040 [default task-3] CompressingFilter has initialized
[INFO ] 2016-05-06 13:30:35,215 [repositories/fiteagle] POST data to repository
[INFO ] 2016-05-06 13:30:35,225 [repositories/fiteagle] no base URI specified, using dummy 'foo:bar'
[WARN ] 2016-05-06 13:30:35,242 [repositories/fiteagle] http://javax.xml.XMLConstants/feature/secure-processing is not a recognized SAX feature. (-1, -1)
[INFO ] 2016-05-06 13:30:37,476 [repositories/fiteagle] POST data to repository
[INFO ] 2016-05-06 13:30:37,477 [repositories/fiteagle] no base URI specified, using dummy 'foo:bar'
[WARN ] 2016-05-06 13:30:37,479 [repositories/fiteagle] http://javax.xml.XMLConstants/feature/secure-processing is not a recognized SAX feature. (-1, -1)
[INFO ] 2016-05-06 13:30:40,391 [repositories/fiteagle] GET query -439247579
[INFO ] 2016-05-06 13:30:40,499 [repositories/fiteagle] Request for query -439247579 is finished
[INFO ] 2016-05-06 13:30:40,591 [repositories/fiteagle] POST data to repository
[INFO ] 2016-05-06 13:30:40,591 [repositories/fiteagle] no base URI specified, using dummy 'foo:bar'
[WARN ] 2016-05-06 13:30:40,592 [repositories/fiteagle] http://javax.xml.XMLConstants/feature/secure-processing is not a recognized SAX feature. (-1, -1)
[INFO ] 2016-05-06 13:30:40,615 [repositories/fiteagle] POST data to repository
[INFO ] 2016-05-06 13:30:40,615 [repositories/fiteagle] no base URI specified, using dummy 'foo:bar'
[WARN ] 2016-05-06 13:30:40,616 [repositories/fiteagle] http://javax.xml.XMLConstants/feature/secure-processing is not a recognized SAX feature. (-1, -1)
[INFO ] 2016-05-06 13:30:40,661 [repositories/fiteagle] POST data to repository
[INFO ] 2016-05-06 13:30:40,661 [repositories/fiteagle] no base URI specified, using dummy 'foo:bar'
[WARN ] 2016-05-06 13:30:40,663 [repositories/fiteagle] http://javax.xml.XMLConstants/feature/secure-processing is not a recognized SAX feature. (-1, -1)
[INFO ] 2016-05-06 13:30:40,681 [repositories/fiteagle] POST data to repository
[INFO ] 2016-05-06 13:30:40,682 [repositories/fiteagle] no base URI specified, using dummy 'foo:bar'
[WARN ] 2016-05-06 13:30:40,703 [repositories/fiteagle] http://javax.xml.XMLConstants/feature/secure-processing is not a recognized SAX feature. (-1, -1)
[INFO ] 2016-05-06 13:30:40,777 [repositories/fiteagle] POST data to repository
[INFO ] 2016-05-06 13:30:40,777 [repositories/fiteagle] no base URI specified, using dummy 'foo:bar'
[WARN ] 2016-05-06 13:30:40,778 [repositories/fiteagle] http://javax.xml.XMLConstants/feature/secure-processing is not a recognized SAX feature. (-1, -1)
[INFO ] 2016-05-06 13:30:40,795 [repositories/fiteagle] POST data to repository
[INFO ] 2016-05-06 13:30:40,795 [repositories/fiteagle] no base URI specified, using dummy 'foo:bar'
[WARN ] 2016-05-06 13:30:40,796 [repositories/fiteagle] http://javax.xml.XMLConstants/feature/secure-processing is not a recognized SAX feature. (-1, -1)
[INFO ] 2016-05-06 13:48:29,857 [ServerService Thread Pool -- 63] Logback logging API implementation is configured.
[INFO ] 2016-05-06 13:48:36,271 [default task-5] CompressingFilter has initialized
[INFO ] 2016-05-06 13:48:36,524 [repositories/fiteagle] POST data to repository
[INFO ] 2016-05-06 13:48:36,535 [repositories/fiteagle] no base URI specified, using dummy 'foo:bar'
[WARN ] 2016-05-06 13:48:36,558 [repositories/fiteagle] http://javax.xml.XMLConstants/feature/secure-processing is not a recognized SAX feature. (-1, -1)
[INFO ] 2016-05-06 13:48:37,998 [repositories/fiteagle] POST data to repository
[INFO ] 2016-05-06 13:48:38,000 [repositories/fiteagle] no base URI specified, using dummy 'foo:bar'
[WARN ] 2016-05-06 13:48:38,001 [repositories/fiteagle] http://javax.xml.XMLConstants/feature/secure-processing is not a recognized SAX feature. (-1, -1)
[INFO ] 2016-05-06 13:48:38,476 [repositories/fiteagle] GET query -439247579
[INFO ] 2016-05-06 13:48:38,596 [repositories/fiteagle] Request for query -439247579 is finished
[INFO ] 2016-05-06 13:48:38,688 [repositories/fiteagle] POST data to repository
[INFO ] 2016-05-06 13:48:38,688 [repositories/fiteagle] no base URI specified, using dummy 'foo:bar'
[WARN ] 2016-05-06 13:48:38,689 [repositories/fiteagle] http://javax.xml.XMLConstants/feature/secure-processing is not a recognized SAX feature. (-1, -1)
[INFO ] 2016-05-06 13:48:38,715 [repositories/fiteagle] POST data to repository
[INFO ] 2016-05-06 13:48:38,715 [repositories/fiteagle] no base URI specified, using dummy 'foo:bar'
[WARN ] 2016-05-06 13:48:38,716 [repositories/fiteagle] http://javax.xml.XMLConstants/feature/secure-processing is not a recognized SAX feature. (-1, -1)
[INFO ] 2016-05-06 13:48:38,763 [repositories/fiteagle] POST data to repository
[INFO ] 2016-05-06 13:48:38,763 [repositories/fiteagle] no base URI specified, using dummy 'foo:bar'
[WARN ] 2016-05-06 13:48:38,764 [repositories/fiteagle] http://javax.xml.XMLConstants/feature/secure-processing is not a recognized SAX feature. (-1, -1)
[INFO ] 2016-05-06 13:48:38,788 [repositories/fiteagle] POST data to repository
[INFO ] 2016-05-06 13:48:38,788 [repositories/fiteagle] no base URI specified, using dummy 'foo:bar'
[WARN ] 2016-05-06 13:48:38,789 [repositories/fiteagle] http://javax.xml.XMLConstants/feature/secure-processing is not a recognized SAX feature. (-1, -1)
[INFO ] 2016-05-06 13:48:38,812 [repositories/fiteagle] POST data to repository
[INFO ] 2016-05-06 13:48:38,812 [repositories/fiteagle] no base URI specified, using dummy 'foo:bar'
[WARN ] 2016-05-06 13:48:38,813 [repositories/fiteagle] http://javax.xml.XMLConstants/feature/secure-processing is not a recognized SAX feature. (-1, -1)
[INFO ] 2016-05-06 13:48:38,828 [repositories/fiteagle] POST data to repository
[INFO ] 2016-05-06 13:48:38,828 [repositories/fiteagle] no base URI specified, using dummy 'foo:bar'
[WARN ] 2016-05-06 13:48:38,829 [repositories/fiteagle] http://javax.xml.XMLConstants/feature/secure-processing is not a recognized SAX feature. (-1, -1)
[INFO ] 2016-05-06 13:52:30,287 [ServerService Thread Pool -- 75] Logback logging API implementation is configured.
[INFO ] 2016-05-06 13:52:36,298 [default task-4] CompressingFilter has initialized
[INFO ] 2016-05-06 13:52:36,468 [repositories/fiteagle] POST data to repository
[INFO ] 2016-05-06 13:52:36,476 [repositories/fiteagle] no base URI specified, using dummy 'foo:bar'
[WARN ] 2016-05-06 13:52:36,492 [repositories/fiteagle] http://javax.xml.XMLConstants/feature/secure-processing is not a recognized SAX feature. (-1, -1)
[INFO ] 2016-05-06 13:52:39,470 [repositories/fiteagle] POST data to repository
[INFO ] 2016-05-06 13:52:39,475 [repositories/fiteagle] no base URI specified, using dummy 'foo:bar'
[WARN ] 2016-05-06 13:52:39,477 [repositories/fiteagle] http://javax.xml.XMLConstants/feature/secure-processing is not a recognized SAX feature. (-1, -1)
[INFO ] 2016-05-06 13:52:43,396 [repositories/fiteagle] GET query -439247579
[INFO ] 2016-05-06 13:52:43,532 [repositories/fiteagle] Request for query -439247579 is finished
[INFO ] 2016-05-06 13:52:43,609 [repositories/fiteagle] POST data to repository
[INFO ] 2016-05-06 13:52:43,609 [repositories/fiteagle] no base URI specified, using dummy 'foo:bar'
[WARN ] 2016-05-06 13:52:43,611 [repositories/fiteagle] http://javax.xml.XMLConstants/feature/secure-processing is not a recognized SAX feature. (-1, -1)
[INFO ] 2016-05-06 13:52:43,635 [repositories/fiteagle] POST data to repository
[INFO ] 2016-05-06 13:52:43,635 [repositories/fiteagle] no base URI specified, using dummy 'foo:bar'
[WARN ] 2016-05-06 13:52:43,637 [repositories/fiteagle] http://javax.xml.XMLConstants/feature/secure-processing is not a recognized SAX feature. (-1, -1)
[INFO ] 2016-05-06 13:52:43,694 [repositories/fiteagle] POST data to repository
[INFO ] 2016-05-06 13:52:43,694 [repositories/fiteagle] no base URI specified, using dummy 'foo:bar'
[WARN ] 2016-05-06 13:52:43,695 [repositories/fiteagle] http://javax.xml.XMLConstants/feature/secure-processing is not a recognized SAX feature. (-1, -1)
[INFO ] 2016-05-06 13:52:43,716 [repositories/fiteagle] POST data to repository
[INFO ] 2016-05-06 13:52:43,716 [repositories/fiteagle] no base URI specified, using dummy 'foo:bar'
[WARN ] 2016-05-06 13:52:43,717 [repositories/fiteagle] http://javax.xml.XMLConstants/feature/secure-processing is not a recognized SAX feature. (-1, -1)
[INFO ] 2016-05-06 13:52:43,744 [repositories/fiteagle] POST data to repository
[INFO ] 2016-05-06 13:52:43,745 [repositories/fiteagle] no base URI specified, using dummy 'foo:bar'
[WARN ] 2016-05-06 13:52:43,747 [repositories/fiteagle] http://javax.xml.XMLConstants/feature/secure-processing is not a recognized SAX feature. (-1, -1)
[INFO ] 2016-05-06 13:52:43,767 [repositories/fiteagle] POST data to repository
[INFO ] 2016-05-06 13:52:43,767 [repositories/fiteagle] no base URI specified, using dummy 'foo:bar'
[WARN ] 2016-05-06 13:52:43,768 [repositories/fiteagle] http://javax.xml.XMLConstants/feature/secure-processing is not a recognized SAX feature. (-1, -1)
[INFO ] 2016-05-06 14:08:14,838 [ServerService Thread Pool -- 71] Logback logging API implementation is configured.
[INFO ] 2016-05-06 14:08:20,060 [repositories/fiteagle] POST data to repository
[INFO ] 2016-05-06 14:08:20,069 [repositories/fiteagle] no base URI specified, using dummy 'foo:bar'
[WARN ] 2016-05-06 14:08:20,083 [repositories/fiteagle] http://javax.xml.XMLConstants/feature/secure-processing is not a recognized SAX feature. (-1, -1)
[INFO ] 2016-05-06 14:08:23,493 [repositories/fiteagle] POST data to repository
[INFO ] 2016-05-06 14:08:23,494 [repositories/fiteagle] no base URI specified, using dummy 'foo:bar'
[WARN ] 2016-05-06 14:08:23,496 [repositories/fiteagle] http://javax.xml.XMLConstants/feature/secure-processing is not a recognized SAX feature. (-1, -1)
[INFO ] 2016-05-06 14:08:24,290 [repositories/fiteagle] POST data to repository
[INFO ] 2016-05-06 14:08:24,290 [repositories/fiteagle] no base URI specified, using dummy 'foo:bar'
[WARN ] 2016-05-06 14:08:24,291 [repositories/fiteagle] http://javax.xml.XMLConstants/feature/secure-processing is not a recognized SAX feature. (-1, -1)
[INFO ] 2016-05-06 14:08:26,383 [repositories/fiteagle] GET query -439247579
[INFO ] 2016-05-06 14:08:26,543 [repositories/fiteagle] Request for query -439247579 is finished
[INFO ] 2016-05-06 14:08:26,610 [repositories/fiteagle] POST data to repository
[INFO ] 2016-05-06 14:08:26,610 [repositories/fiteagle] no base URI specified, using dummy 'foo:bar'
[WARN ] 2016-05-06 14:08:26,611 [repositories/fiteagle] http://javax.xml.XMLConstants/feature/secure-processing is not a recognized SAX feature. (-1, -1)
[INFO ] 2016-05-06 14:08:26,630 [repositories/fiteagle] POST data to repository
[INFO ] 2016-05-06 14:08:26,630 [repositories/fiteagle] no base URI specified, using dummy 'foo:bar'
[WARN ] 2016-05-06 14:08:26,631 [repositories/fiteagle] http://javax.xml.XMLConstants/feature/secure-processing is not a recognized SAX feature. (-1, -1)
[INFO ] 2016-05-06 14:08:26,666 [repositories/fiteagle] POST data to repository
[INFO ] 2016-05-06 14:08:26,666 [repositories/fiteagle] no base URI specified, using dummy 'foo:bar'
[WARN ] 2016-05-06 14:08:26,667 [repositories/fiteagle] http://javax.xml.XMLConstants/feature/secure-processing is not a recognized SAX feature. (-1, -1)
[INFO ] 2016-05-06 14:08:26,678 [repositories/fiteagle] POST data to repository
[INFO ] 2016-05-06 14:08:26,678 [repositories/fiteagle] no base URI specified, using dummy 'foo:bar'
[WARN ] 2016-05-06 14:08:26,679 [repositories/fiteagle] http://javax.xml.XMLConstants/feature/secure-processing is not a recognized SAX feature. (-1, -1)
[INFO ] 2016-05-06 14:08:26,701 [repositories/fiteagle] POST data to repository
[INFO ] 2016-05-06 14:08:26,702 [repositories/fiteagle] no base URI specified, using dummy 'foo:bar'
[WARN ] 2016-05-06 14:08:26,703 [repositories/fiteagle] http://javax.xml.XMLConstants/feature/secure-processing is not a recognized SAX feature. (-1, -1)
[INFO ] 2016-05-06 14:08:26,716 [repositories/fiteagle] POST data to repository
[INFO ] 2016-05-06 14:08:26,716 [repositories/fiteagle] no base URI specified, using dummy 'foo:bar'
[WARN ] 2016-05-06 14:08:26,717 [repositories/fiteagle] http://javax.xml.XMLConstants/feature/secure-processing is not a recognized SAX feature. (-1, -1)
[INFO ] 2016-05-06 14:13:31,756 [ServerService Thread Pool -- 75] Logback logging API implementation is configured.
[INFO ] 2016-05-06 14:13:35,961 [repositories/fiteagle] POST data to repository
[INFO ] 2016-05-06 14:13:35,973 [repositories/fiteagle] no base URI specified, using dummy 'foo:bar'
[WARN ] 2016-05-06 14:13:36,042 [repositories/fiteagle] http://javax.xml.XMLConstants/feature/secure-processing is not a recognized SAX feature. (-1, -1)
[INFO ] 2016-05-06 14:13:36,597 [repositories/fiteagle] POST data to repository
[INFO ] 2016-05-06 14:13:36,597 [repositories/fiteagle] no base URI specified, using dummy 'foo:bar'
[WARN ] 2016-05-06 14:13:36,599 [repositories/fiteagle] http://javax.xml.XMLConstants/feature/secure-processing is not a recognized SAX feature. (-1, -1)
[INFO ] 2016-05-06 14:13:38,986 [repositories/fiteagle] GET query -439247579
[INFO ] 2016-05-06 14:13:39,072 [repositories/fiteagle] Request for query -439247579 is finished
[INFO ] 2016-05-06 14:13:39,142 [repositories/fiteagle] POST data to repository
[INFO ] 2016-05-06 14:13:39,142 [repositories/fiteagle] no base URI specified, using dummy 'foo:bar'
[WARN ] 2016-05-06 14:13:39,144 [repositories/fiteagle] http://javax.xml.XMLConstants/feature/secure-processing is not a recognized SAX feature. (-1, -1)
[INFO ] 2016-05-06 14:13:39,163 [repositories/fiteagle] POST data to repository
[INFO ] 2016-05-06 14:13:39,163 [repositories/fiteagle] no base URI specified, using dummy 'foo:bar'
[WARN ] 2016-05-06 14:13:39,165 [repositories/fiteagle] http://javax.xml.XMLConstants/feature/secure-processing is not a recognized SAX feature. (-1, -1)
[INFO ] 2016-05-06 14:13:39,214 [repositories/fiteagle] POST data to repository
[INFO ] 2016-05-06 14:13:39,214 [repositories/fiteagle] no base URI specified, using dummy 'foo:bar'
[WARN ] 2016-05-06 14:13:39,215 [repositories/fiteagle] http://javax.xml.XMLConstants/feature/secure-processing is not a recognized SAX feature. (-1, -1)
[INFO ] 2016-05-06 14:13:39,225 [repositories/fiteagle] POST data to repository
[INFO ] 2016-05-06 14:13:39,225 [repositories/fiteagle] no base URI specified, using dummy 'foo:bar'
[WARN ] 2016-05-06 14:13:39,226 [repositories/fiteagle] http://javax.xml.XMLConstants/feature/secure-processing is not a recognized SAX feature. (-1, -1)
[INFO ] 2016-05-06 14:13:39,249 [repositories/fiteagle] POST data to repository
[INFO ] 2016-05-06 14:13:39,250 [repositories/fiteagle] no base URI specified, using dummy 'foo:bar'
[WARN ] 2016-05-06 14:13:39,251 [repositories/fiteagle] http://javax.xml.XMLConstants/feature/secure-processing is not a recognized SAX feature. (-1, -1)
[INFO ] 2016-05-06 14:13:39,262 [repositories/fiteagle] POST data to repository
[INFO ] 2016-05-06 14:13:39,262 [repositories/fiteagle] no base URI specified, using dummy 'foo:bar'
[WARN ] 2016-05-06 14:13:39,263 [repositories/fiteagle] http://javax.xml.XMLConstants/feature/secure-processing is not a recognized SAX feature. (-1, -1)
[INFO ] 2016-05-06 14:13:40,778 [repositories/fiteagle] POST data to repository
[INFO ] 2016-05-06 14:13:40,778 [repositories/fiteagle] no base URI specified, using dummy 'foo:bar'
[WARN ] 2016-05-06 14:13:40,780 [repositories/fiteagle] http://javax.xml.XMLConstants/feature/secure-processing is not a recognized SAX feature. (-1, -1)
[INFO ] 2016-05-06 14:15:15,682 [repositories/fiteagle] GET query -439247579
[INFO ] 2016-05-06 14:15:15,690 [repositories/fiteagle] Request for query -439247579 is finished
[INFO ] 2016-05-06 14:17:24,353 [ServerService Thread Pool -- 66] Logback logging API implementation is configured.
[INFO ] 2016-05-06 14:17:28,964 [repositories/fiteagle] POST data to repository
[INFO ] 2016-05-06 14:17:28,973 [repositories/fiteagle] no base URI specified, using dummy 'foo:bar'
[WARN ] 2016-05-06 14:17:28,987 [repositories/fiteagle] http://javax.xml.XMLConstants/feature/secure-processing is not a recognized SAX feature. (-1, -1)
[INFO ] 2016-05-06 14:17:29,176 [repositories/fiteagle] POST data to repository
[INFO ] 2016-05-06 14:17:29,176 [repositories/fiteagle] no base URI specified, using dummy 'foo:bar'
[WARN ] 2016-05-06 14:17:29,177 [repositories/fiteagle] http://javax.xml.XMLConstants/feature/secure-processing is not a recognized SAX feature. (-1, -1)
[INFO ] 2016-05-06 14:17:33,555 [repositories/fiteagle] POST data to repository
[INFO ] 2016-05-06 14:17:33,555 [repositories/fiteagle] no base URI specified, using dummy 'foo:bar'
[WARN ] 2016-05-06 14:17:33,556 [repositories/fiteagle] http://javax.xml.XMLConstants/feature/secure-processing is not a recognized SAX feature. (-1, -1)
[INFO ] 2016-05-06 14:17:37,489 [repositories/fiteagle] GET query -439247579
[INFO ] 2016-05-06 14:17:37,582 [repositories/fiteagle] Request for query -439247579 is finished
[INFO ] 2016-05-06 14:17:37,646 [repositories/fiteagle] POST data to repository
[INFO ] 2016-05-06 14:17:37,646 [repositories/fiteagle] no base URI specified, using dummy 'foo:bar'
[WARN ] 2016-05-06 14:17:37,647 [repositories/fiteagle] http://javax.xml.XMLConstants/feature/secure-processing is not a recognized SAX feature. (-1, -1)
[INFO ] 2016-05-06 14:17:37,658 [repositories/fiteagle] POST data to repository
[INFO ] 2016-05-06 14:17:37,658 [repositories/fiteagle] no base URI specified, using dummy 'foo:bar'
[WARN ] 2016-05-06 14:17:37,659 [repositories/fiteagle] http://javax.xml.XMLConstants/feature/secure-processing is not a recognized SAX feature. (-1, -1)
[INFO ] 2016-05-06 14:17:37,697 [repositories/fiteagle] POST data to repository
[INFO ] 2016-05-06 14:17:37,697 [repositories/fiteagle] no base URI specified, using dummy 'foo:bar'
[WARN ] 2016-05-06 14:17:37,698 [repositories/fiteagle] http://javax.xml.XMLConstants/feature/secure-processing is not a recognized SAX feature. (-1, -1)
[INFO ] 2016-05-06 14:17:37,712 [repositories/fiteagle] POST data to repository
[INFO ] 2016-05-06 14:17:37,712 [repositories/fiteagle] no base URI specified, using dummy 'foo:bar'
[WARN ] 2016-05-06 14:17:37,714 [repositories/fiteagle] http://javax.xml.XMLConstants/feature/secure-processing is not a recognized SAX feature. (-1, -1)
[INFO ] 2016-05-06 14:17:37,746 [repositories/fiteagle] POST data to repository
[INFO ] 2016-05-06 14:17:37,746 [repositories/fiteagle] no base URI specified, using dummy 'foo:bar'
[WARN ] 2016-05-06 14:17:37,748 [repositories/fiteagle] http://javax.xml.XMLConstants/feature/secure-processing is not a recognized SAX feature. (-1, -1)
[INFO ] 2016-05-06 14:17:37,761 [repositories/fiteagle] POST data to repository
[INFO ] 2016-05-06 14:17:37,761 [repositories/fiteagle] no base URI specified, using dummy 'foo:bar'
[WARN ] 2016-05-06 14:17:37,763 [repositories/fiteagle] http://javax.xml.XMLConstants/feature/secure-processing is not a recognized SAX feature. (-1, -1)
[INFO ] 2016-05-06 14:47:19,918 [ServerService Thread Pool -- 74] Logback logging API implementation is configured.
[INFO ] 2016-05-06 14:47:24,018 [repositories/fiteagle] POST data to repository
[INFO ] 2016-05-06 14:47:24,038 [repositories/fiteagle] no base URI specified, using dummy 'foo:bar'
[WARN ] 2016-05-06 14:47:24,054 [repositories/fiteagle] http://javax.xml.XMLConstants/feature/secure-processing is not a recognized SAX feature. (-1, -1)
[INFO ] 2016-05-06 14:47:24,546 [repositories/fiteagle] POST data to repository
[INFO ] 2016-05-06 14:47:24,547 [repositories/fiteagle] no base URI specified, using dummy 'foo:bar'
[WARN ] 2016-05-06 14:47:24,548 [repositories/fiteagle] http://javax.xml.XMLConstants/feature/secure-processing is not a recognized SAX feature. (-1, -1)
[INFO ] 2016-05-06 14:47:25,002 [repositories/fiteagle] POST data to repository
[INFO ] 2016-05-06 14:47:25,002 [repositories/fiteagle] no base URI specified, using dummy 'foo:bar'
[WARN ] 2016-05-06 14:47:25,003 [repositories/fiteagle] http://javax.xml.XMLConstants/feature/secure-processing is not a recognized SAX feature. (-1, -1)
[INFO ] 2016-05-06 14:47:28,465 [repositories/fiteagle] GET query -439247579
[INFO ] 2016-05-06 14:47:28,560 [repositories/fiteagle] Request for query -439247579 is finished
[INFO ] 2016-05-06 14:47:28,629 [repositories/fiteagle] POST data to repository
[INFO ] 2016-05-06 14:47:28,629 [repositories/fiteagle] no base URI specified, using dummy 'foo:bar'
[WARN ] 2016-05-06 14:47:28,630 [repositories/fiteagle] http://javax.xml.XMLConstants/feature/secure-processing is not a recognized SAX feature. (-1, -1)
[INFO ] 2016-05-06 14:47:28,644 [repositories/fiteagle] POST data to repository
[INFO ] 2016-05-06 14:47:28,644 [repositories/fiteagle] no base URI specified, using dummy 'foo:bar'
[WARN ] 2016-05-06 14:47:28,646 [repositories/fiteagle] http://javax.xml.XMLConstants/feature/secure-processing is not a recognized SAX feature. (-1, -1)
[INFO ] 2016-05-06 14:47:28,688 [repositories/fiteagle] POST data to repository
[INFO ] 2016-05-06 14:47:28,688 [repositories/fiteagle] no base URI specified, using dummy 'foo:bar'
[WARN ] 2016-05-06 14:47:28,689 [repositories/fiteagle] http://javax.xml.XMLConstants/feature/secure-processing is not a recognized SAX feature. (-1, -1)
[INFO ] 2016-05-06 14:47:28,703 [repositories/fiteagle] POST data to repository
[INFO ] 2016-05-06 14:47:28,703 [repositories/fiteagle] no base URI specified, using dummy 'foo:bar'
[WARN ] 2016-05-06 14:47:28,704 [repositories/fiteagle] http://javax.xml.XMLConstants/feature/secure-processing is not a recognized SAX feature. (-1, -1)
[INFO ] 2016-05-06 14:47:28,726 [repositories/fiteagle] POST data to repository
[INFO ] 2016-05-06 14:47:28,726 [repositories/fiteagle] no base URI specified, using dummy 'foo:bar'
[WARN ] 2016-05-06 14:47:28,733 [repositories/fiteagle] http://javax.xml.XMLConstants/feature/secure-processing is not a recognized SAX feature. (-1, -1)
[INFO ] 2016-05-06 14:47:28,746 [repositories/fiteagle] POST data to repository
[INFO ] 2016-05-06 14:47:28,746 [repositories/fiteagle] no base URI specified, using dummy 'foo:bar'
[WARN ] 2016-05-06 14:47:28,747 [repositories/fiteagle] http://javax.xml.XMLConstants/feature/secure-processing is not a recognized SAX feature. (-1, -1)
[INFO ] 2016-05-06 14:51:13,287 [ServerService Thread Pool -- 73] Logback logging API implementation is configured.
[INFO ] 2016-05-06 14:51:15,753 [repositories/fiteagle] POST data to repository
[INFO ] 2016-05-06 14:51:15,766 [repositories/fiteagle] no base URI specified, using dummy 'foo:bar'
[WARN ] 2016-05-06 14:51:15,791 [repositories/fiteagle] http://javax.xml.XMLConstants/feature/secure-processing is not a recognized SAX feature. (-1, -1)
[INFO ] 2016-05-06 14:51:15,792 [repositories/fiteagle] GET query -439247579
[INFO ] 2016-05-06 14:51:15,895 [repositories/fiteagle] Request for query -439247579 is finished
[INFO ] 2016-05-06 14:51:16,200 [repositories/fiteagle] POST data to repository
[INFO ] 2016-05-06 14:51:16,200 [repositories/fiteagle] no base URI specified, using dummy 'foo:bar'
[WARN ] 2016-05-06 14:51:16,201 [repositories/fiteagle] http://javax.xml.XMLConstants/feature/secure-processing is not a recognized SAX feature. (-1, -1)
[INFO ] 2016-05-06 14:51:20,680 [repositories/fiteagle] POST data to repository
[INFO ] 2016-05-06 14:51:20,681 [repositories/fiteagle] no base URI specified, using dummy 'foo:bar'
[WARN ] 2016-05-06 14:51:20,682 [repositories/fiteagle] http://javax.xml.XMLConstants/feature/secure-processing is not a recognized SAX feature. (-1, -1)
[INFO ] 2016-05-06 14:51:25,752 [repositories/fiteagle] GET query -439247579
[INFO ] 2016-05-06 14:51:25,755 [repositories/fiteagle] Request for query -439247579 is finished
[INFO ] 2016-05-06 14:55:50,663 [repositories/fiteagle] POST data to repository
[INFO ] 2016-05-06 14:55:50,663 [repositories/fiteagle] no base URI specified, using dummy 'foo:bar'
[WARN ] 2016-05-06 14:55:50,665 [repositories/fiteagle] http://javax.xml.XMLConstants/feature/secure-processing is not a recognized SAX feature. (-1, -1)
[INFO ] 2016-05-06 14:56:21,677 [repositories/fiteagle] POST data to repository
[INFO ] 2016-05-06 14:56:21,678 [repositories/fiteagle] no base URI specified, using dummy 'foo:bar'
[WARN ] 2016-05-06 14:56:21,679 [repositories/fiteagle] http://javax.xml.XMLConstants/feature/secure-processing is not a recognized SAX feature. (-1, -1)
[INFO ] 2016-05-06 14:56:21,982 [repositories/fiteagle] POST data to repository
[INFO ] 2016-05-06 14:56:21,982 [repositories/fiteagle] no base URI specified, using dummy 'foo:bar'
[WARN ] 2016-05-06 14:56:21,983 [repositories/fiteagle] http://javax.xml.XMLConstants/feature/secure-processing is not a recognized SAX feature. (-1, -1)
