[INFO ] 2015-10-15 12:35:34,310 [ServerService Thread Pool -- 72] Logback logging API implementation is configured.
[INFO ] 2015-10-15 12:35:40,185 [repositories/fiteagle] GET query -439247579
[INFO ] 2015-10-15 12:35:40,199 [repositories/fiteagle] POST data to repository
[INFO ] 2015-10-15 12:35:40,199 [repositories/fiteagle] POST data to repository
[INFO ] 2015-10-15 12:35:40,227 [repositories/fiteagle] no base URI specified, using dummy 'foo:bar'
[INFO ] 2015-10-15 12:35:40,250 [repositories/fiteagle] no base URI specified, using dummy 'foo:bar'
[WARN ] 2015-10-15 12:35:40,283 [repositories/fiteagle] http://javax.xml.XMLConstants/feature/secure-processing is not a recognized SAX feature. (-1, -1)
[WARN ] 2015-10-15 12:35:40,285 [repositories/fiteagle] http://javax.xml.XMLConstants/feature/secure-processing is not a recognized SAX feature. (-1, -1)
[INFO ] 2015-10-15 12:35:40,444 [repositories/fiteagle] Request for query -439247579 is finished
[INFO ] 2015-10-15 12:35:40,560 [repositories/fiteagle] POST data to repository
[INFO ] 2015-10-15 12:35:40,561 [repositories/fiteagle] no base URI specified, using dummy 'foo:bar'
[WARN ] 2015-10-15 12:35:40,562 [repositories/fiteagle] http://javax.xml.XMLConstants/feature/secure-processing is not a recognized SAX feature. (-1, -1)
[INFO ] 2015-10-15 12:35:40,589 [repositories/fiteagle] POST data to repository
[INFO ] 2015-10-15 12:35:40,590 [repositories/fiteagle] no base URI specified, using dummy 'foo:bar'
[WARN ] 2015-10-15 12:35:40,591 [repositories/fiteagle] http://javax.xml.XMLConstants/feature/secure-processing is not a recognized SAX feature. (-1, -1)
[INFO ] 2015-10-15 12:35:40,642 [repositories/fiteagle] POST data to repository
[INFO ] 2015-10-15 12:35:40,642 [repositories/fiteagle] no base URI specified, using dummy 'foo:bar'
[WARN ] 2015-10-15 12:35:40,644 [repositories/fiteagle] http://javax.xml.XMLConstants/feature/secure-processing is not a recognized SAX feature. (-1, -1)
[INFO ] 2015-10-15 12:35:40,663 [repositories/fiteagle] POST data to repository
[INFO ] 2015-10-15 12:35:40,664 [repositories/fiteagle] no base URI specified, using dummy 'foo:bar'
[WARN ] 2015-10-15 12:35:40,665 [repositories/fiteagle] http://javax.xml.XMLConstants/feature/secure-processing is not a recognized SAX feature. (-1, -1)
[INFO ] 2015-10-15 12:35:40,694 [repositories/fiteagle] POST data to repository
[INFO ] 2015-10-15 12:35:40,694 [repositories/fiteagle] no base URI specified, using dummy 'foo:bar'
[WARN ] 2015-10-15 12:35:40,695 [repositories/fiteagle] http://javax.xml.XMLConstants/feature/secure-processing is not a recognized SAX feature. (-1, -1)
[INFO ] 2015-10-15 12:35:40,716 [repositories/fiteagle] POST data to repository
[INFO ] 2015-10-15 12:35:40,716 [repositories/fiteagle] no base URI specified, using dummy 'foo:bar'
[WARN ] 2015-10-15 12:35:40,717 [repositories/fiteagle] http://javax.xml.XMLConstants/feature/secure-processing is not a recognized SAX feature. (-1, -1)
[INFO ] 2015-10-15 12:35:40,738 [repositories/fiteagle] POST data to repository
[INFO ] 2015-10-15 12:35:40,738 [repositories/fiteagle] no base URI specified, using dummy 'foo:bar'
[WARN ] 2015-10-15 12:35:40,741 [repositories/fiteagle] http://javax.xml.XMLConstants/feature/secure-processing is not a recognized SAX feature. (-1, -1)
[INFO ] 2015-10-15 12:35:40,755 [repositories/fiteagle] POST data to repository
[INFO ] 2015-10-15 12:35:40,755 [repositories/fiteagle] no base URI specified, using dummy 'foo:bar'
[WARN ] 2015-10-15 12:35:40,756 [repositories/fiteagle] http://javax.xml.XMLConstants/feature/secure-processing is not a recognized SAX feature. (-1, -1)
[INFO ] 2015-10-15 12:44:45,649 [repositories/fiteagle] POST data to repository
[INFO ] 2015-10-15 12:44:45,650 [repositories/fiteagle] no base URI specified, using dummy 'foo:bar'
[WARN ] 2015-10-15 12:44:45,652 [repositories/fiteagle] http://javax.xml.XMLConstants/feature/secure-processing is not a recognized SAX feature. (-1, -1)
[INFO ] 2015-10-15 12:46:45,991 [repositories/fiteagle] GET query -439247579
[INFO ] 2015-10-15 12:46:45,998 [repositories/fiteagle] Request for query -439247579 is finished
[INFO ] 2015-10-15 12:46:46,070 [repositories/fiteagle] GET query 392449280
[INFO ] 2015-10-15 12:46:46,082 [repositories/fiteagle] Request for query 392449280 is finished
[INFO ] 2015-10-15 12:46:59,673 [repositories/fiteagle] GET query -439247579
[INFO ] 2015-10-15 12:46:59,679 [repositories/fiteagle] Request for query -439247579 is finished
[INFO ] 2015-10-15 12:46:59,706 [repositories/fiteagle] GET query 392449280
[INFO ] 2015-10-15 12:46:59,713 [repositories/fiteagle] Request for query 392449280 is finished
[INFO ] 2015-10-15 12:47:12,407 [repositories/fiteagle] GET query 1363707653
[INFO ] 2015-10-15 12:47:12,412 [repositories/fiteagle] Request for query 1363707653 is finished
[INFO ] 2015-10-15 12:47:12,422 [repositories/fiteagle] GET query 29811492
[INFO ] 2015-10-15 12:47:12,429 [repositories/fiteagle] Request for query 29811492 is finished
[INFO ] 2015-10-15 12:47:12,439 [repositories/fiteagle] GET statements
[INFO ] 2015-10-15 12:47:34,937 [repositories/fiteagle] GET query 1363707653
[INFO ] 2015-10-15 12:47:34,943 [repositories/fiteagle] Request for query 1363707653 is finished
[INFO ] 2015-10-15 12:47:34,955 [repositories/fiteagle] GET query 29811492
[INFO ] 2015-10-15 12:47:34,961 [repositories/fiteagle] Request for query 29811492 is finished
[INFO ] 2015-10-15 12:47:34,963 [repositories/fiteagle] GET statements
[INFO ] 2015-10-15 12:48:47,769 [repositories/fiteagle] GET query 1363707653
[INFO ] 2015-10-15 12:48:47,772 [repositories/fiteagle] Request for query 1363707653 is finished
[INFO ] 2015-10-15 12:48:47,783 [repositories/fiteagle] GET query 29811492
[INFO ] 2015-10-15 12:48:47,790 [repositories/fiteagle] Request for query 29811492 is finished
[INFO ] 2015-10-15 12:48:47,798 [repositories/fiteagle] GET statements
[INFO ] 2015-10-15 12:49:02,982 [repositories/fiteagle] GET query 1363707653
[INFO ] 2015-10-15 12:49:02,988 [repositories/fiteagle] Request for query 1363707653 is finished
[INFO ] 2015-10-15 12:49:02,992 [repositories/fiteagle] GET query 29811492
[INFO ] 2015-10-15 12:49:02,999 [repositories/fiteagle] Request for query 29811492 is finished
[INFO ] 2015-10-15 12:49:03,001 [repositories/fiteagle] GET statements
[INFO ] 2015-10-15 12:51:09,650 [repositories/fiteagle] GET query 1363707653
[INFO ] 2015-10-15 12:51:09,654 [repositories/fiteagle] Request for query 1363707653 is finished
[INFO ] 2015-10-15 12:51:09,670 [repositories/fiteagle] GET query 29811492
[INFO ] 2015-10-15 12:51:09,673 [repositories/fiteagle] Request for query 29811492 is finished
[INFO ] 2015-10-15 12:51:09,677 [repositories/fiteagle] GET statements
[INFO ] 2015-10-15 13:04:14,036 [repositories/fiteagle] POST data to repository
[INFO ] 2015-10-15 13:04:14,037 [repositories/fiteagle] no base URI specified, using dummy 'foo:bar'
[WARN ] 2015-10-15 13:04:14,040 [repositories/fiteagle] http://javax.xml.XMLConstants/feature/secure-processing is not a recognized SAX feature. (-1, -1)
[INFO ] 2015-10-15 13:04:20,933 [repositories/fiteagle] GET query -439247579
[INFO ] 2015-10-15 13:04:20,952 [repositories/fiteagle] Request for query -439247579 is finished
[INFO ] 2015-10-15 13:08:07,347 [repositories/SYSTEM] GET statements
[INFO ] 2015-10-15 13:08:07,405 [default task-55] Request for query 3392903 is finished
[INFO ] 2015-10-15 13:08:07,480 [repositories/fiteagle] GET namespace list
[INFO ] 2015-10-15 13:08:07,482 [repositories/fiteagle] Request for query 3392903 is finished
[INFO ] 2015-10-15 13:08:07,495 [repositories/fiteagle] GET statements
[INFO ] 2015-10-15 13:08:07,503 [repositories/fiteagle] GET statements
[INFO ] 2015-10-15 13:08:07,509 [repositories/fiteagle] GET statements
[INFO ] 2015-10-15 13:08:07,516 [repositories/fiteagle] GET statements
[INFO ] 2015-10-15 13:08:07,524 [repositories/fiteagle] GET statements
[INFO ] 2015-10-15 13:08:07,535 [repositories/fiteagle] GET statements
[INFO ] 2015-10-15 13:08:07,540 [repositories/fiteagle] GET statements
[INFO ] 2015-10-15 13:08:07,548 [repositories/fiteagle] GET statements
[INFO ] 2015-10-15 13:08:07,768 [repositories/SYSTEM] GET statements
[INFO ] 2015-10-15 13:08:11,767 [repositories/fiteagle] GET namespace list
[INFO ] 2015-10-15 13:08:11,769 [repositories/fiteagle] Request for query 3392903 is finished
[INFO ] 2015-10-15 13:08:11,777 [repositories/fiteagle] GET statements
[INFO ] 2015-10-15 13:08:11,783 [repositories/fiteagle] GET statements
[INFO ] 2015-10-15 13:08:11,788 [repositories/fiteagle] GET statements
[INFO ] 2015-10-15 13:08:11,794 [repositories/fiteagle] GET statements
[INFO ] 2015-10-15 13:08:11,800 [repositories/fiteagle] GET statements
[INFO ] 2015-10-15 13:08:11,806 [repositories/fiteagle] GET statements
[INFO ] 2015-10-15 13:08:11,810 [repositories/fiteagle] GET statements
[INFO ] 2015-10-15 13:08:11,815 [repositories/fiteagle] GET statements
[INFO ] 2015-10-15 13:08:11,982 [repositories/SYSTEM] GET statements
[INFO ] 2015-10-15 13:08:19,856 [repositories/fiteagle] GET namespace list
[INFO ] 2015-10-15 13:08:19,858 [repositories/fiteagle] Request for query 3392903 is finished
[INFO ] 2015-10-15 13:08:19,862 [repositories/fiteagle] GET statements
[INFO ] 2015-10-15 13:08:19,867 [repositories/fiteagle] GET statements
[INFO ] 2015-10-15 13:08:19,874 [repositories/fiteagle] GET statements
[INFO ] 2015-10-15 13:08:19,879 [repositories/fiteagle] GET statements
[INFO ] 2015-10-15 13:08:19,883 [repositories/fiteagle] GET statements
[INFO ] 2015-10-15 13:08:19,890 [repositories/fiteagle] GET statements
[INFO ] 2015-10-15 13:08:19,895 [repositories/fiteagle] GET statements
[INFO ] 2015-10-15 13:08:19,900 [repositories/fiteagle] GET statements
[INFO ] 2015-10-15 13:08:20,166 [repositories/SYSTEM] GET statements
[INFO ] 2015-10-15 13:09:55,286 [repositories/fiteagle] GET query 1363707653
[INFO ] 2015-10-15 13:09:55,289 [repositories/fiteagle] Request for query 1363707653 is finished
[INFO ] 2015-10-15 13:09:55,297 [repositories/fiteagle] GET query 29811492
[INFO ] 2015-10-15 13:09:55,298 [repositories/fiteagle] Request for query 29811492 is finished
[INFO ] 2015-10-15 13:09:55,306 [repositories/fiteagle] GET statements
[INFO ] 2015-10-15 13:30:12,602 [repositories/fiteagle] POST data to repository
[INFO ] 2015-10-15 13:30:12,602 [repositories/fiteagle] no base URI specified, using dummy 'foo:bar'
[WARN ] 2015-10-15 13:30:12,603 [repositories/fiteagle] http://javax.xml.XMLConstants/feature/secure-processing is not a recognized SAX feature. (-1, -1)
[INFO ] 2015-10-15 13:30:13,406 [repositories/fiteagle] POST data to repository
[INFO ] 2015-10-15 13:30:13,406 [repositories/fiteagle] no base URI specified, using dummy 'foo:bar'
[WARN ] 2015-10-15 13:30:13,407 [repositories/fiteagle] http://javax.xml.XMLConstants/feature/secure-processing is not a recognized SAX feature. (-1, -1)
[INFO ] 2015-10-15 13:30:21,951 [repositories/fiteagle] GET namespace list
[INFO ] 2015-10-15 13:30:21,952 [repositories/fiteagle] Request for query 3392903 is finished
[INFO ] 2015-10-15 13:30:21,957 [repositories/fiteagle] GET namespace for prefix av
[INFO ] 2015-10-15 13:30:21,961 [repositories/fiteagle] GET statements
[INFO ] 2015-10-15 13:30:21,972 [repositories/fiteagle] GET statements
[INFO ] 2015-10-15 13:30:21,988 [repositories/fiteagle] GET statements
[INFO ] 2015-10-15 13:30:21,997 [repositories/fiteagle] GET statements
[INFO ] 2015-10-15 13:30:22,002 [repositories/fiteagle] GET statements
[INFO ] 2015-10-15 13:30:22,011 [repositories/fiteagle] GET statements
[INFO ] 2015-10-15 13:30:22,016 [repositories/fiteagle] GET statements
[INFO ] 2015-10-15 13:30:22,021 [repositories/fiteagle] GET statements
[INFO ] 2015-10-15 13:30:22,282 [repositories/SYSTEM] GET statements
[INFO ] 2015-10-15 13:30:24,416 [repositories/fiteagle] GET namespace list
[INFO ] 2015-10-15 13:30:24,418 [repositories/fiteagle] Request for query 3392903 is finished
[INFO ] 2015-10-15 13:30:24,423 [repositories/fiteagle] GET statements
[INFO ] 2015-10-15 13:30:24,428 [repositories/fiteagle] GET statements
[INFO ] 2015-10-15 13:30:24,431 [repositories/fiteagle] GET statements
[INFO ] 2015-10-15 13:30:24,435 [repositories/fiteagle] GET statements
[INFO ] 2015-10-15 13:30:24,443 [repositories/fiteagle] GET statements
[INFO ] 2015-10-15 13:30:24,448 [repositories/fiteagle] GET statements
[INFO ] 2015-10-15 13:30:24,453 [repositories/fiteagle] GET statements
[INFO ] 2015-10-15 13:30:24,458 [repositories/fiteagle] GET statements
[INFO ] 2015-10-15 13:30:24,667 [repositories/SYSTEM] GET statements
[INFO ] 2015-10-15 13:30:34,884 [repositories/fiteagle] GET namespace list
[INFO ] 2015-10-15 13:30:34,886 [repositories/fiteagle] Request for query 3392903 is finished
[INFO ] 2015-10-15 13:30:34,891 [repositories/fiteagle] GET statements
[INFO ] 2015-10-15 13:30:34,897 [repositories/fiteagle] GET statements
[INFO ] 2015-10-15 13:30:34,905 [repositories/fiteagle] GET statements
[INFO ] 2015-10-15 13:30:34,909 [repositories/fiteagle] GET statements
[INFO ] 2015-10-15 13:30:34,914 [repositories/fiteagle] GET statements
[INFO ] 2015-10-15 13:30:34,919 [repositories/fiteagle] GET statements
[INFO ] 2015-10-15 13:30:34,923 [repositories/fiteagle] GET statements
[INFO ] 2015-10-15 13:30:34,926 [repositories/fiteagle] GET statements
[INFO ] 2015-10-15 13:30:35,189 [repositories/SYSTEM] GET statements
[INFO ] 2015-10-15 13:33:18,109 [repositories/fiteagle] POST data to repository
[INFO ] 2015-10-15 13:33:18,109 [repositories/fiteagle] no base URI specified, using dummy 'foo:bar'
[WARN ] 2015-10-15 13:33:18,111 [repositories/fiteagle] http://javax.xml.XMLConstants/feature/secure-processing is not a recognized SAX feature. (-1, -1)
[INFO ] 2015-10-15 13:33:18,145 [repositories/fiteagle] POST data to repository
[INFO ] 2015-10-15 13:33:18,145 [repositories/fiteagle] no base URI specified, using dummy 'foo:bar'
[WARN ] 2015-10-15 13:33:18,148 [repositories/fiteagle] http://javax.xml.XMLConstants/feature/secure-processing is not a recognized SAX feature. (-1, -1)
[INFO ] 2015-10-15 13:37:14,964 [repositories/fiteagle] POST data to repository
[INFO ] 2015-10-15 13:37:14,964 [repositories/fiteagle] no base URI specified, using dummy 'foo:bar'
[WARN ] 2015-10-15 13:37:14,965 [repositories/fiteagle] http://javax.xml.XMLConstants/feature/secure-processing is not a recognized SAX feature. (-1, -1)
[INFO ] 2015-10-15 13:37:15,661 [repositories/fiteagle] POST data to repository
[INFO ] 2015-10-15 13:37:15,661 [repositories/fiteagle] no base URI specified, using dummy 'foo:bar'
[WARN ] 2015-10-15 13:37:15,662 [repositories/fiteagle] http://javax.xml.XMLConstants/feature/secure-processing is not a recognized SAX feature. (-1, -1)
[INFO ] 2015-10-15 13:37:27,990 [repositories/fiteagle] GET namespace list
[INFO ] 2015-10-15 13:37:27,991 [repositories/fiteagle] Request for query 3392903 is finished
[INFO ] 2015-10-15 13:37:27,995 [repositories/fiteagle] GET statements
[INFO ] 2015-10-15 13:37:28,000 [repositories/fiteagle] GET statements
[INFO ] 2015-10-15 13:37:28,009 [repositories/fiteagle] GET statements
[INFO ] 2015-10-15 13:37:28,012 [repositories/fiteagle] GET statements
[INFO ] 2015-10-15 13:37:28,016 [repositories/fiteagle] GET statements
[INFO ] 2015-10-15 13:37:28,022 [repositories/fiteagle] GET statements
[INFO ] 2015-10-15 13:37:28,027 [repositories/fiteagle] GET statements
[INFO ] 2015-10-15 13:37:28,031 [repositories/fiteagle] GET statements
[INFO ] 2015-10-15 13:37:28,277 [repositories/SYSTEM] GET statements
[INFO ] 2015-10-15 13:37:32,606 [repositories/fiteagle] GET namespace list
[INFO ] 2015-10-15 13:37:32,608 [repositories/fiteagle] Request for query 3392903 is finished
[INFO ] 2015-10-15 13:37:32,611 [repositories/fiteagle] GET namespace for prefix j.2
[INFO ] 2015-10-15 13:37:32,614 [repositories/fiteagle] GET statements
[INFO ] 2015-10-15 13:37:32,618 [repositories/fiteagle] GET statements
[INFO ] 2015-10-15 13:37:32,622 [repositories/fiteagle] GET statements
[INFO ] 2015-10-15 13:37:32,626 [repositories/fiteagle] GET statements
[INFO ] 2015-10-15 13:37:32,631 [repositories/fiteagle] GET statements
[INFO ] 2015-10-15 13:37:32,635 [repositories/fiteagle] GET statements
[INFO ] 2015-10-15 13:37:32,638 [repositories/fiteagle] GET statements
[INFO ] 2015-10-15 13:37:32,642 [repositories/fiteagle] GET statements
[INFO ] 2015-10-15 13:37:32,865 [repositories/SYSTEM] GET statements
[INFO ] 2015-10-15 13:37:40,879 [repositories/fiteagle] GET namespace list
[INFO ] 2015-10-15 13:37:40,880 [repositories/fiteagle] Request for query 3392903 is finished
[INFO ] 2015-10-15 13:37:40,884 [repositories/fiteagle] GET statements
[INFO ] 2015-10-15 13:37:40,889 [repositories/fiteagle] GET statements
[INFO ] 2015-10-15 13:37:40,895 [repositories/fiteagle] GET statements
[INFO ] 2015-10-15 13:37:40,900 [repositories/fiteagle] GET statements
[INFO ] 2015-10-15 13:37:40,904 [repositories/fiteagle] GET statements
[INFO ] 2015-10-15 13:37:40,910 [repositories/fiteagle] GET statements
[INFO ] 2015-10-15 13:37:40,914 [repositories/fiteagle] GET statements
[INFO ] 2015-10-15 13:37:40,918 [repositories/fiteagle] GET statements
[INFO ] 2015-10-15 13:37:41,187 [repositories/SYSTEM] GET statements
[INFO ] 2015-10-15 13:37:45,254 [repositories/fiteagle] GET namespace list
[INFO ] 2015-10-15 13:37:45,255 [repositories/fiteagle] Request for query 3392903 is finished
[INFO ] 2015-10-15 13:37:45,259 [repositories/fiteagle] GET statements
[INFO ] 2015-10-15 13:37:45,263 [repositories/fiteagle] GET statements
[INFO ] 2015-10-15 13:37:45,268 [repositories/fiteagle] GET statements
[INFO ] 2015-10-15 13:37:45,273 [repositories/fiteagle] GET statements
[INFO ] 2015-10-15 13:37:45,278 [repositories/fiteagle] GET statements
[INFO ] 2015-10-15 13:37:45,283 [repositories/fiteagle] GET statements
[INFO ] 2015-10-15 13:37:45,287 [repositories/fiteagle] GET statements
[INFO ] 2015-10-15 13:37:45,292 [repositories/fiteagle] GET statements
[INFO ] 2015-10-15 13:37:45,614 [repositories/SYSTEM] GET statements
[INFO ] 2015-10-15 13:37:47,878 [repositories/fiteagle] GET namespace list
[INFO ] 2015-10-15 13:37:47,881 [repositories/fiteagle] Request for query 3392903 is finished
[INFO ] 2015-10-15 13:37:47,888 [repositories/fiteagle] GET namespace for prefix j.2
[INFO ] 2015-10-15 13:37:47,893 [repositories/fiteagle] GET statements
[INFO ] 2015-10-15 13:37:47,899 [repositories/fiteagle] GET statements
[INFO ] 2015-10-15 13:37:47,906 [repositories/fiteagle] GET statements
[INFO ] 2015-10-15 13:37:47,911 [repositories/fiteagle] GET statements
[INFO ] 2015-10-15 13:37:47,915 [repositories/fiteagle] GET statements
[INFO ] 2015-10-15 13:37:47,921 [repositories/fiteagle] GET statements
[INFO ] 2015-10-15 13:37:47,925 [repositories/fiteagle] GET statements
[INFO ] 2015-10-15 13:37:47,928 [repositories/fiteagle] GET statements
[INFO ] 2015-10-15 13:37:48,164 [repositories/SYSTEM] GET statements
[INFO ] 2015-10-15 13:37:49,753 [repositories/fiteagle] GET namespace list
[INFO ] 2015-10-15 13:37:49,755 [repositories/fiteagle] Request for query 3392903 is finished
[INFO ] 2015-10-15 13:37:49,758 [repositories/fiteagle] GET statements
[INFO ] 2015-10-15 13:37:49,762 [repositories/fiteagle] GET statements
[INFO ] 2015-10-15 13:37:49,766 [repositories/fiteagle] GET statements
[INFO ] 2015-10-15 13:37:49,772 [repositories/fiteagle] GET statements
[INFO ] 2015-10-15 13:37:49,777 [repositories/fiteagle] GET statements
[INFO ] 2015-10-15 13:37:49,785 [repositories/fiteagle] GET statements
[INFO ] 2015-10-15 13:37:49,790 [repositories/fiteagle] GET statements
[INFO ] 2015-10-15 13:37:49,794 [repositories/fiteagle] GET statements
[INFO ] 2015-10-15 13:37:50,033 [repositories/SYSTEM] GET statements
[INFO ] 2015-10-15 13:39:21,927 [repositories/fiteagle] POST data to repository
[INFO ] 2015-10-15 13:39:21,927 [repositories/fiteagle] no base URI specified, using dummy 'foo:bar'
[WARN ] 2015-10-15 13:39:21,928 [repositories/fiteagle] http://javax.xml.XMLConstants/feature/secure-processing is not a recognized SAX feature. (-1, -1)
[INFO ] 2015-10-15 13:39:21,968 [repositories/fiteagle] POST data to repository
[INFO ] 2015-10-15 13:39:21,968 [repositories/fiteagle] no base URI specified, using dummy 'foo:bar'
[WARN ] 2015-10-15 13:39:21,969 [repositories/fiteagle] http://javax.xml.XMLConstants/feature/secure-processing is not a recognized SAX feature. (-1, -1)
[INFO ] 2015-10-15 13:40:01,984 [repositories/fiteagle] GET namespace list
[INFO ] 2015-10-15 13:40:01,985 [repositories/fiteagle] Request for query 3392903 is finished
[INFO ] 2015-10-15 13:40:01,992 [repositories/fiteagle] GET statements
[INFO ] 2015-10-15 13:40:01,997 [repositories/fiteagle] GET statements
[INFO ] 2015-10-15 13:40:02,001 [repositories/fiteagle] GET statements
[INFO ] 2015-10-15 13:40:02,007 [repositories/fiteagle] GET statements
[INFO ] 2015-10-15 13:40:02,016 [repositories/fiteagle] GET statements
[INFO ] 2015-10-15 13:40:02,027 [repositories/fiteagle] GET statements
[INFO ] 2015-10-15 13:40:02,032 [repositories/fiteagle] GET statements
[INFO ] 2015-10-15 13:40:02,043 [repositories/fiteagle] GET statements
[INFO ] 2015-10-15 13:40:02,342 [repositories/SYSTEM] GET statements
[INFO ] 2015-10-15 13:40:06,246 [repositories/fiteagle] GET namespace list
[INFO ] 2015-10-15 13:40:06,246 [repositories/fiteagle] Request for query 3392903 is finished
[INFO ] 2015-10-15 13:40:06,250 [repositories/fiteagle] GET statements
[INFO ] 2015-10-15 13:40:06,254 [repositories/fiteagle] GET statements
[INFO ] 2015-10-15 13:40:06,259 [repositories/fiteagle] GET statements
[INFO ] 2015-10-15 13:40:06,263 [repositories/fiteagle] GET statements
[INFO ] 2015-10-15 13:40:06,267 [repositories/fiteagle] GET statements
[INFO ] 2015-10-15 13:40:06,271 [repositories/fiteagle] GET statements
[INFO ] 2015-10-15 13:40:06,275 [repositories/fiteagle] GET statements
[INFO ] 2015-10-15 13:40:06,278 [repositories/fiteagle] GET statements
[INFO ] 2015-10-15 13:40:06,567 [repositories/SYSTEM] GET statements
[INFO ] 2015-10-15 13:40:26,712 [repositories/fiteagle] GET namespace list
[INFO ] 2015-10-15 13:40:26,713 [repositories/fiteagle] Request for query 3392903 is finished
[INFO ] 2015-10-15 13:40:26,719 [repositories/fiteagle] GET namespace for prefix j.2
[INFO ] 2015-10-15 13:40:26,725 [repositories/fiteagle] GET statements
[INFO ] 2015-10-15 13:40:26,729 [repositories/fiteagle] GET statements
[INFO ] 2015-10-15 13:40:26,733 [repositories/fiteagle] GET statements
[INFO ] 2015-10-15 13:40:26,738 [repositories/fiteagle] GET statements
[INFO ] 2015-10-15 13:40:26,742 [repositories/fiteagle] GET statements
[INFO ] 2015-10-15 13:40:26,745 [repositories/fiteagle] GET statements
[INFO ] 2015-10-15 13:40:26,749 [repositories/fiteagle] GET statements
[INFO ] 2015-10-15 13:40:26,753 [repositories/fiteagle] GET statements
[INFO ] 2015-10-15 13:40:27,015 [repositories/SYSTEM] GET statements
[INFO ] 2015-10-15 13:40:30,167 [repositories/fiteagle] GET namespace list
[INFO ] 2015-10-15 13:40:30,168 [repositories/fiteagle] Request for query 3392903 is finished
[INFO ] 2015-10-15 13:40:30,175 [repositories/fiteagle] GET namespace for prefix j.2
[INFO ] 2015-10-15 13:40:30,179 [repositories/fiteagle] GET statements
[INFO ] 2015-10-15 13:40:30,184 [repositories/fiteagle] GET statements
[INFO ] 2015-10-15 13:40:30,189 [repositories/fiteagle] GET statements
[INFO ] 2015-10-15 13:40:30,192 [repositories/fiteagle] GET statements
[INFO ] 2015-10-15 13:40:30,196 [repositories/fiteagle] GET statements
[INFO ] 2015-10-15 13:40:30,200 [repositories/fiteagle] GET statements
[INFO ] 2015-10-15 13:40:30,205 [repositories/fiteagle] GET statements
[INFO ] 2015-10-15 13:40:30,208 [repositories/fiteagle] GET statements
[INFO ] 2015-10-15 13:40:30,413 [repositories/SYSTEM] GET statements
[INFO ] 2015-10-15 13:42:08,703 [repositories/fiteagle] GET namespace list
[INFO ] 2015-10-15 13:42:08,704 [repositories/fiteagle] Request for query 3392903 is finished
[INFO ] 2015-10-15 13:42:08,707 [repositories/fiteagle] GET namespace for prefix j.2
[INFO ] 2015-10-15 13:42:08,712 [repositories/fiteagle] GET statements
[INFO ] 2015-10-15 13:42:08,717 [repositories/fiteagle] GET statements
[INFO ] 2015-10-15 13:42:08,729 [repositories/fiteagle] GET statements
[INFO ] 2015-10-15 13:42:08,734 [repositories/fiteagle] GET statements
[INFO ] 2015-10-15 13:42:08,738 [repositories/fiteagle] GET statements
[INFO ] 2015-10-15 13:42:08,742 [repositories/fiteagle] GET statements
[INFO ] 2015-10-15 13:42:08,746 [repositories/fiteagle] GET statements
[INFO ] 2015-10-15 13:42:08,753 [repositories/fiteagle] GET statements
[INFO ] 2015-10-15 13:42:08,995 [repositories/SYSTEM] GET statements
[INFO ] 2015-10-15 13:45:12,788 [repositories/fiteagle] GET namespace list
[INFO ] 2015-10-15 13:45:12,789 [repositories/fiteagle] Request for query 3392903 is finished
[INFO ] 2015-10-15 13:45:12,792 [repositories/fiteagle] GET statements
[INFO ] 2015-10-15 13:45:12,800 [repositories/fiteagle] GET statements
[INFO ] 2015-10-15 13:45:12,805 [repositories/fiteagle] GET statements
[INFO ] 2015-10-15 13:45:12,808 [repositories/fiteagle] GET statements
[INFO ] 2015-10-15 13:45:12,812 [repositories/fiteagle] GET statements
[INFO ] 2015-10-15 13:45:12,818 [repositories/fiteagle] GET statements
[INFO ] 2015-10-15 13:45:12,822 [repositories/fiteagle] GET statements
[INFO ] 2015-10-15 13:45:12,825 [repositories/fiteagle] GET statements
[INFO ] 2015-10-15 13:45:13,099 [repositories/SYSTEM] GET statements
[INFO ] 2015-10-15 13:45:15,825 [repositories/fiteagle] GET namespace list
[INFO ] 2015-10-15 13:45:15,825 [repositories/fiteagle] Request for query 3392903 is finished
[INFO ] 2015-10-15 13:45:15,829 [repositories/fiteagle] GET statements
[INFO ] 2015-10-15 13:45:15,841 [repositories/fiteagle] GET statements
[INFO ] 2015-10-15 13:45:15,846 [repositories/fiteagle] GET statements
[INFO ] 2015-10-15 13:45:15,850 [repositories/fiteagle] GET statements
[INFO ] 2015-10-15 13:45:15,854 [repositories/fiteagle] GET statements
[INFO ] 2015-10-15 13:45:15,860 [repositories/fiteagle] GET statements
[INFO ] 2015-10-15 13:45:15,864 [repositories/fiteagle] GET statements
[INFO ] 2015-10-15 13:45:15,868 [repositories/fiteagle] GET statements
[INFO ] 2015-10-15 13:45:16,250 [repositories/SYSTEM] GET statements
[INFO ] 2015-10-15 13:46:33,616 [repositories/fiteagle] GET namespace list
[INFO ] 2015-10-15 13:46:33,617 [repositories/fiteagle] Request for query 3392903 is finished
[INFO ] 2015-10-15 13:46:33,621 [repositories/fiteagle] GET statements
[INFO ] 2015-10-15 13:46:33,625 [repositories/fiteagle] GET statements
[INFO ] 2015-10-15 13:46:33,629 [repositories/fiteagle] GET statements
[INFO ] 2015-10-15 13:46:33,633 [repositories/fiteagle] GET statements
[INFO ] 2015-10-15 13:46:33,637 [repositories/fiteagle] GET statements
[INFO ] 2015-10-15 13:46:33,642 [repositories/fiteagle] GET statements
[INFO ] 2015-10-15 13:46:33,645 [repositories/fiteagle] GET statements
[INFO ] 2015-10-15 13:46:33,652 [repositories/fiteagle] GET statements
[INFO ] 2015-10-15 13:46:33,916 [repositories/SYSTEM] GET statements
[INFO ] 2015-10-15 13:47:56,564 [repositories/fiteagle] POST data to repository
[INFO ] 2015-10-15 13:47:56,565 [repositories/fiteagle] no base URI specified, using dummy 'foo:bar'
[WARN ] 2015-10-15 13:47:56,566 [repositories/fiteagle] http://javax.xml.XMLConstants/feature/secure-processing is not a recognized SAX feature. (-1, -1)
[INFO ] 2015-10-15 13:47:56,589 [repositories/fiteagle] POST data to repository
[INFO ] 2015-10-15 13:47:56,589 [repositories/fiteagle] no base URI specified, using dummy 'foo:bar'
[WARN ] 2015-10-15 13:47:56,590 [repositories/fiteagle] http://javax.xml.XMLConstants/feature/secure-processing is not a recognized SAX feature. (-1, -1)
[INFO ] 2015-10-15 13:48:02,233 [repositories/fiteagle] GET namespace list
[INFO ] 2015-10-15 13:48:02,235 [repositories/fiteagle] Request for query 3392903 is finished
[INFO ] 2015-10-15 13:48:02,240 [repositories/fiteagle] GET statements
[INFO ] 2015-10-15 13:48:02,245 [repositories/fiteagle] GET statements
[INFO ] 2015-10-15 13:48:02,256 [repositories/fiteagle] GET statements
[INFO ] 2015-10-15 13:48:02,261 [repositories/fiteagle] GET statements
[INFO ] 2015-10-15 13:48:02,266 [repositories/fiteagle] GET statements
[INFO ] 2015-10-15 13:48:02,271 [repositories/fiteagle] GET statements
[INFO ] 2015-10-15 13:48:02,278 [repositories/fiteagle] GET statements
[INFO ] 2015-10-15 13:48:02,281 [repositories/fiteagle] GET statements
[INFO ] 2015-10-15 13:48:02,549 [repositories/SYSTEM] GET statements
[INFO ] 2015-10-15 13:48:06,810 [repositories/fiteagle] GET namespace list
[INFO ] 2015-10-15 13:48:06,811 [repositories/fiteagle] Request for query 3392903 is finished
[INFO ] 2015-10-15 13:48:06,813 [repositories/fiteagle] GET namespace for prefix j.2
[INFO ] 2015-10-15 13:48:06,819 [repositories/fiteagle] GET statements
[INFO ] 2015-10-15 13:48:06,822 [repositories/fiteagle] GET statements
[INFO ] 2015-10-15 13:48:06,825 [repositories/fiteagle] GET statements
[INFO ] 2015-10-15 13:48:06,830 [repositories/fiteagle] GET statements
[INFO ] 2015-10-15 13:48:06,836 [repositories/fiteagle] GET statements
[INFO ] 2015-10-15 13:48:06,839 [repositories/fiteagle] GET statements
[INFO ] 2015-10-15 13:48:06,843 [repositories/fiteagle] GET statements
[INFO ] 2015-10-15 13:48:06,853 [repositories/fiteagle] GET statements
[INFO ] 2015-10-15 13:48:07,229 [repositories/SYSTEM] GET statements
[INFO ] 2015-10-15 13:48:09,285 [repositories/fiteagle] GET namespace list
[INFO ] 2015-10-15 13:48:09,285 [repositories/fiteagle] Request for query 3392903 is finished
[INFO ] 2015-10-15 13:48:09,289 [repositories/fiteagle] GET statements
[INFO ] 2015-10-15 13:48:09,294 [repositories/fiteagle] GET statements
[INFO ] 2015-10-15 13:48:09,299 [repositories/fiteagle] GET statements
[INFO ] 2015-10-15 13:48:09,303 [repositories/fiteagle] GET statements
[INFO ] 2015-10-15 13:48:09,309 [repositories/fiteagle] GET statements
[INFO ] 2015-10-15 13:48:09,313 [repositories/fiteagle] GET statements
[INFO ] 2015-10-15 13:48:09,316 [repositories/fiteagle] GET statements
[INFO ] 2015-10-15 13:48:09,320 [repositories/fiteagle] GET statements
[INFO ] 2015-10-15 13:48:09,545 [repositories/SYSTEM] GET statements
[INFO ] 2015-10-15 13:48:55,710 [ServerService Thread Pool -- 63] Logback logging API implementation is configured.
[INFO ] 2015-10-15 13:49:02,768 [repositories/fiteagle] POST data to repository
[INFO ] 2015-10-15 13:49:02,773 [repositories/fiteagle] GET query -439247579
[INFO ] 2015-10-15 13:49:02,775 [repositories/fiteagle] POST data to repository
[INFO ] 2015-10-15 13:49:02,815 [repositories/fiteagle] no base URI specified, using dummy 'foo:bar'
[INFO ] 2015-10-15 13:49:02,827 [repositories/fiteagle] no base URI specified, using dummy 'foo:bar'
[WARN ] 2015-10-15 13:49:02,860 [repositories/fiteagle] http://javax.xml.XMLConstants/feature/secure-processing is not a recognized SAX feature. (-1, -1)
[WARN ] 2015-10-15 13:49:02,861 [repositories/fiteagle] http://javax.xml.XMLConstants/feature/secure-processing is not a recognized SAX feature. (-1, -1)
[INFO ] 2015-10-15 13:49:02,985 [repositories/fiteagle] POST data to repository
[INFO ] 2015-10-15 13:49:02,985 [repositories/fiteagle] no base URI specified, using dummy 'foo:bar'
[WARN ] 2015-10-15 13:49:02,986 [repositories/fiteagle] http://javax.xml.XMLConstants/feature/secure-processing is not a recognized SAX feature. (-1, -1)
[INFO ] 2015-10-15 13:49:03,089 [repositories/fiteagle] Request for query -439247579 is finished
[INFO ] 2015-10-15 13:49:03,349 [repositories/fiteagle] POST data to repository
[INFO ] 2015-10-15 13:49:03,350 [repositories/fiteagle] no base URI specified, using dummy 'foo:bar'
[WARN ] 2015-10-15 13:49:03,351 [repositories/fiteagle] http://javax.xml.XMLConstants/feature/secure-processing is not a recognized SAX feature. (-1, -1)
[INFO ] 2015-10-15 13:49:03,401 [repositories/fiteagle] POST data to repository
[INFO ] 2015-10-15 13:49:03,402 [repositories/fiteagle] no base URI specified, using dummy 'foo:bar'
[WARN ] 2015-10-15 13:49:03,403 [repositories/fiteagle] http://javax.xml.XMLConstants/feature/secure-processing is not a recognized SAX feature. (-1, -1)
[INFO ] 2015-10-15 13:49:03,645 [repositories/fiteagle] POST data to repository
[INFO ] 2015-10-15 13:49:03,646 [repositories/fiteagle] no base URI specified, using dummy 'foo:bar'
[WARN ] 2015-10-15 13:49:03,647 [repositories/fiteagle] http://javax.xml.XMLConstants/feature/secure-processing is not a recognized SAX feature. (-1, -1)
[INFO ] 2015-10-15 13:49:03,664 [repositories/fiteagle] POST data to repository
[INFO ] 2015-10-15 13:49:03,664 [repositories/fiteagle] no base URI specified, using dummy 'foo:bar'
[WARN ] 2015-10-15 13:49:03,666 [repositories/fiteagle] http://javax.xml.XMLConstants/feature/secure-processing is not a recognized SAX feature. (-1, -1)
[INFO ] 2015-10-15 13:49:03,710 [repositories/fiteagle] POST data to repository
[INFO ] 2015-10-15 13:49:03,710 [repositories/fiteagle] no base URI specified, using dummy 'foo:bar'
[WARN ] 2015-10-15 13:49:03,711 [repositories/fiteagle] http://javax.xml.XMLConstants/feature/secure-processing is not a recognized SAX feature. (-1, -1)
[INFO ] 2015-10-15 13:49:03,727 [repositories/fiteagle] POST data to repository
[INFO ] 2015-10-15 13:49:03,727 [repositories/fiteagle] no base URI specified, using dummy 'foo:bar'
[WARN ] 2015-10-15 13:49:03,728 [repositories/fiteagle] http://javax.xml.XMLConstants/feature/secure-processing is not a recognized SAX feature. (-1, -1)
[INFO ] 2015-10-15 13:49:03,748 [repositories/fiteagle] POST data to repository
[INFO ] 2015-10-15 13:49:03,749 [repositories/fiteagle] no base URI specified, using dummy 'foo:bar'
[WARN ] 2015-10-15 13:49:03,750 [repositories/fiteagle] http://javax.xml.XMLConstants/feature/secure-processing is not a recognized SAX feature. (-1, -1)
[INFO ] 2015-10-15 13:49:03,773 [repositories/fiteagle] POST data to repository
[INFO ] 2015-10-15 13:49:03,773 [repositories/fiteagle] no base URI specified, using dummy 'foo:bar'
[WARN ] 2015-10-15 13:49:03,774 [repositories/fiteagle] http://javax.xml.XMLConstants/feature/secure-processing is not a recognized SAX feature. (-1, -1)
[INFO ] 2015-10-15 13:53:39,692 [repositories/fiteagle] GET query 1363707653
[INFO ] 2015-10-15 13:53:39,706 [repositories/fiteagle] Request for query 1363707653 is finished
[INFO ] 2015-10-15 13:53:39,716 [repositories/fiteagle] GET query 29811492
[INFO ] 2015-10-15 13:53:39,728 [repositories/fiteagle] Request for query 29811492 is finished
[INFO ] 2015-10-15 13:53:39,733 [repositories/fiteagle] GET statements
[INFO ] 2015-10-15 13:56:22,191 [repositories/fiteagle] POST data to repository
[INFO ] 2015-10-15 13:56:22,191 [repositories/fiteagle] no base URI specified, using dummy 'foo:bar'
[WARN ] 2015-10-15 13:56:22,192 [repositories/fiteagle] http://javax.xml.XMLConstants/feature/secure-processing is not a recognized SAX feature. (-1, -1)
[INFO ] 2015-10-15 13:56:22,213 [repositories/fiteagle] POST data to repository
[INFO ] 2015-10-15 13:56:22,213 [repositories/fiteagle] no base URI specified, using dummy 'foo:bar'
[WARN ] 2015-10-15 13:56:22,215 [repositories/fiteagle] http://javax.xml.XMLConstants/feature/secure-processing is not a recognized SAX feature. (-1, -1)
[INFO ] 2015-10-15 13:57:57,277 [repositories/fiteagle] POST data to repository
[INFO ] 2015-10-15 13:57:57,287 [repositories/fiteagle] no base URI specified, using dummy 'foo:bar'
[WARN ] 2015-10-15 13:57:57,289 [repositories/fiteagle] http://javax.xml.XMLConstants/feature/secure-processing is not a recognized SAX feature. (-1, -1)
[INFO ] 2015-10-15 13:58:06,580 [repositories/fiteagle] GET query 1363707653
[INFO ] 2015-10-15 13:58:06,586 [repositories/fiteagle] Request for query 1363707653 is finished
[INFO ] 2015-10-15 13:58:06,595 [repositories/fiteagle] GET query 29811492
[INFO ] 2015-10-15 13:58:06,598 [repositories/fiteagle] Request for query 29811492 is finished
[INFO ] 2015-10-15 13:58:06,604 [repositories/fiteagle] GET statements
[INFO ] 2015-10-15 13:58:33,687 [repositories/SYSTEM] GET statements
[INFO ] 2015-10-15 13:58:33,749 [default task-37] Request for query 3392903 is finished
[INFO ] 2015-10-15 13:58:33,830 [repositories/fiteagle] GET namespace list
[INFO ] 2015-10-15 13:58:33,832 [repositories/fiteagle] Request for query 3392903 is finished
[INFO ] 2015-10-15 13:58:33,855 [repositories/fiteagle] GET statements
[INFO ] 2015-10-15 13:58:33,862 [repositories/fiteagle] GET statements
[INFO ] 2015-10-15 13:58:33,868 [repositories/fiteagle] GET statements
[INFO ] 2015-10-15 13:58:33,875 [repositories/fiteagle] GET statements
[INFO ] 2015-10-15 13:58:33,883 [repositories/fiteagle] GET statements
[INFO ] 2015-10-15 13:58:33,904 [repositories/fiteagle] GET statements
[INFO ] 2015-10-15 13:58:33,910 [repositories/fiteagle] GET statements
[INFO ] 2015-10-15 13:58:33,918 [repositories/fiteagle] GET statements
[INFO ] 2015-10-15 13:58:34,188 [repositories/SYSTEM] GET statements
[INFO ] 2015-10-15 13:58:43,076 [repositories/fiteagle] GET namespace list
[INFO ] 2015-10-15 13:58:43,080 [repositories/fiteagle] Request for query 3392903 is finished
[INFO ] 2015-10-15 13:58:43,086 [repositories/fiteagle] GET statements
[INFO ] 2015-10-15 13:58:43,092 [repositories/fiteagle] GET statements
[INFO ] 2015-10-15 13:58:43,097 [repositories/fiteagle] GET statements
[INFO ] 2015-10-15 13:58:43,104 [repositories/fiteagle] GET statements
[INFO ] 2015-10-15 13:58:43,108 [repositories/fiteagle] GET statements
[INFO ] 2015-10-15 13:58:43,114 [repositories/fiteagle] GET statements
[INFO ] 2015-10-15 13:58:43,119 [repositories/fiteagle] GET statements
[INFO ] 2015-10-15 13:58:43,124 [repositories/fiteagle] GET statements
[INFO ] 2015-10-15 13:58:43,346 [repositories/SYSTEM] GET statements
[INFO ] 2015-10-15 13:59:25,192 [ServerService Thread Pool -- 66] Logback logging API implementation is configured.
[INFO ] 2015-10-15 13:59:34,474 [repositories/fiteagle] GET query -439247579
[INFO ] 2015-10-15 13:59:34,659 [repositories/fiteagle] Request for query -439247579 is finished
[INFO ] 2015-10-15 13:59:35,220 [repositories/fiteagle] POST data to repository
[INFO ] 2015-10-15 13:59:35,230 [repositories/fiteagle] no base URI specified, using dummy 'foo:bar'
[WARN ] 2015-10-15 13:59:35,265 [repositories/fiteagle] http://javax.xml.XMLConstants/feature/secure-processing is not a recognized SAX feature. (-1, -1)
[INFO ] 2015-10-15 13:59:35,293 [repositories/fiteagle] POST data to repository
[INFO ] 2015-10-15 13:59:35,294 [repositories/fiteagle] no base URI specified, using dummy 'foo:bar'
[WARN ] 2015-10-15 13:59:35,296 [repositories/fiteagle] http://javax.xml.XMLConstants/feature/secure-processing is not a recognized SAX feature. (-1, -1)
[INFO ] 2015-10-15 13:59:35,770 [repositories/fiteagle] POST data to repository
[INFO ] 2015-10-15 13:59:35,770 [repositories/fiteagle] no base URI specified, using dummy 'foo:bar'
[WARN ] 2015-10-15 13:59:35,771 [repositories/fiteagle] http://javax.xml.XMLConstants/feature/secure-processing is not a recognized SAX feature. (-1, -1)
[INFO ] 2015-10-15 13:59:37,738 [repositories/fiteagle] GET query -439247579
[INFO ] 2015-10-15 13:59:37,795 [repositories/fiteagle] Request for query -439247579 is finished
[INFO ] 2015-10-15 13:59:38,813 [repositories/fiteagle] POST data to repository
[INFO ] 2015-10-15 13:59:38,813 [repositories/fiteagle] no base URI specified, using dummy 'foo:bar'
[WARN ] 2015-10-15 13:59:38,814 [repositories/fiteagle] http://javax.xml.XMLConstants/feature/secure-processing is not a recognized SAX feature. (-1, -1)
[INFO ] 2015-10-15 13:59:38,864 [repositories/fiteagle] POST data to repository
[INFO ] 2015-10-15 13:59:38,865 [repositories/fiteagle] no base URI specified, using dummy 'foo:bar'
[WARN ] 2015-10-15 13:59:38,866 [repositories/fiteagle] http://javax.xml.XMLConstants/feature/secure-processing is not a recognized SAX feature. (-1, -1)
[INFO ] 2015-10-15 13:59:39,351 [repositories/fiteagle] POST data to repository
[INFO ] 2015-10-15 13:59:39,362 [repositories/fiteagle] no base URI specified, using dummy 'foo:bar'
[WARN ] 2015-10-15 13:59:39,364 [repositories/fiteagle] http://javax.xml.XMLConstants/feature/secure-processing is not a recognized SAX feature. (-1, -1)
[INFO ] 2015-10-15 13:59:39,683 [repositories/fiteagle] POST data to repository
[INFO ] 2015-10-15 13:59:39,683 [repositories/fiteagle] no base URI specified, using dummy 'foo:bar'
[WARN ] 2015-10-15 13:59:39,684 [repositories/fiteagle] http://javax.xml.XMLConstants/feature/secure-processing is not a recognized SAX feature. (-1, -1)
[INFO ] 2015-10-15 13:59:39,712 [repositories/fiteagle] POST data to repository
[INFO ] 2015-10-15 13:59:39,712 [repositories/fiteagle] no base URI specified, using dummy 'foo:bar'
[WARN ] 2015-10-15 13:59:39,713 [repositories/fiteagle] http://javax.xml.XMLConstants/feature/secure-processing is not a recognized SAX feature. (-1, -1)
[INFO ] 2015-10-15 13:59:39,740 [repositories/fiteagle] POST data to repository
[INFO ] 2015-10-15 13:59:39,740 [repositories/fiteagle] no base URI specified, using dummy 'foo:bar'
[WARN ] 2015-10-15 13:59:39,741 [repositories/fiteagle] http://javax.xml.XMLConstants/feature/secure-processing is not a recognized SAX feature. (-1, -1)
[INFO ] 2015-10-15 13:59:39,785 [repositories/fiteagle] POST data to repository
[INFO ] 2015-10-15 13:59:39,786 [repositories/fiteagle] no base URI specified, using dummy 'foo:bar'
[WARN ] 2015-10-15 13:59:39,787 [repositories/fiteagle] http://javax.xml.XMLConstants/feature/secure-processing is not a recognized SAX feature. (-1, -1)
[INFO ] 2015-10-15 13:59:39,855 [repositories/fiteagle] POST data to repository
[INFO ] 2015-10-15 13:59:39,855 [repositories/fiteagle] no base URI specified, using dummy 'foo:bar'
[WARN ] 2015-10-15 13:59:39,856 [repositories/fiteagle] http://javax.xml.XMLConstants/feature/secure-processing is not a recognized SAX feature. (-1, -1)
[INFO ] 2015-10-15 14:00:15,055 [repositories/fiteagle] POST data to repository
[INFO ] 2015-10-15 14:00:15,055 [repositories/fiteagle] no base URI specified, using dummy 'foo:bar'
[WARN ] 2015-10-15 14:00:15,057 [repositories/fiteagle] http://javax.xml.XMLConstants/feature/secure-processing is not a recognized SAX feature. (-1, -1)
[INFO ] 2015-10-15 14:00:22,880 [repositories/fiteagle] GET query 1363707653
[INFO ] 2015-10-15 14:00:22,912 [repositories/fiteagle] Request for query 1363707653 is finished
[INFO ] 2015-10-15 14:00:22,918 [repositories/fiteagle] GET query 29811492
[INFO ] 2015-10-15 14:00:22,920 [repositories/fiteagle] Request for query 29811492 is finished
[INFO ] 2015-10-15 14:00:22,926 [repositories/fiteagle] GET statements
[INFO ] 2015-10-15 15:54:51,508 [repositories/fiteagle] GET query 1363707653
[INFO ] 2015-10-15 15:54:51,518 [repositories/fiteagle] Request for query 1363707653 is finished
[INFO ] 2015-10-15 15:54:51,544 [repositories/fiteagle] GET query 29811492
[INFO ] 2015-10-15 15:54:51,550 [repositories/fiteagle] Request for query 29811492 is finished
[INFO ] 2015-10-15 15:54:51,557 [repositories/fiteagle] GET statements
[INFO ] 2015-10-15 15:56:03,768 [repositories/fiteagle] GET query -696079241
[INFO ] 2015-10-15 15:56:03,780 [repositories/fiteagle] Request for query -696079241 is finished
[INFO ] 2015-10-15 15:56:03,807 [repositories/fiteagle] GET query -696079241
[INFO ] 2015-10-15 15:56:03,809 [repositories/fiteagle] Request for query -696079241 is finished
[INFO ] 2015-10-15 15:56:47,428 [repositories/fiteagle] GET query 947064337
[INFO ] 2015-10-15 15:56:47,429 [repositories/fiteagle] Request for query 947064337 is finished
[INFO ] 2015-10-15 16:02:19,094 [repositories/SYSTEM] GET statements
[INFO ] 2015-10-15 16:02:19,160 [default task-37] Request for query 3392903 is finished
[INFO ] 2015-10-15 16:02:19,243 [repositories/fiteagle] GET namespace list
[INFO ] 2015-10-15 16:02:19,245 [repositories/fiteagle] Request for query 3392903 is finished
[INFO ] 2015-10-15 16:02:19,260 [repositories/fiteagle] GET statements
[INFO ] 2015-10-15 16:02:19,269 [repositories/fiteagle] GET statements
[INFO ] 2015-10-15 16:02:19,278 [repositories/fiteagle] GET statements
[INFO ] 2015-10-15 16:02:19,284 [repositories/fiteagle] GET statements
[INFO ] 2015-10-15 16:02:19,294 [repositories/fiteagle] GET statements
[INFO ] 2015-10-15 16:02:19,303 [repositories/fiteagle] GET statements
[INFO ] 2015-10-15 16:02:19,310 [repositories/fiteagle] GET statements
[INFO ] 2015-10-15 16:02:19,316 [repositories/fiteagle] GET statements
[INFO ] 2015-10-15 16:02:19,585 [repositories/SYSTEM] GET statements
[INFO ] 2015-10-15 16:02:23,664 [repositories/fiteagle] GET namespace list
[INFO ] 2015-10-15 16:02:23,665 [repositories/fiteagle] Request for query 3392903 is finished
[INFO ] 2015-10-15 16:02:23,674 [repositories/fiteagle] GET statements
[INFO ] 2015-10-15 16:02:23,681 [repositories/fiteagle] GET statements
[INFO ] 2015-10-15 16:02:23,685 [repositories/fiteagle] GET statements
[INFO ] 2015-10-15 16:02:23,698 [repositories/fiteagle] GET statements
[INFO ] 2015-10-15 16:02:23,705 [repositories/fiteagle] GET statements
[INFO ] 2015-10-15 16:02:23,714 [repositories/fiteagle] GET statements
[INFO ] 2015-10-15 16:02:23,725 [repositories/fiteagle] GET statements
[INFO ] 2015-10-15 16:02:23,732 [repositories/fiteagle] GET statements
[INFO ] 2015-10-15 16:02:23,962 [repositories/SYSTEM] GET statements
[INFO ] 2015-10-15 16:02:31,289 [repositories/fiteagle] GET namespace list
[INFO ] 2015-10-15 16:02:31,291 [repositories/fiteagle] Request for query 3392903 is finished
[INFO ] 2015-10-15 16:02:31,301 [repositories/fiteagle] GET namespace for prefix j.2
[INFO ] 2015-10-15 16:02:31,305 [repositories/fiteagle] GET statements
[INFO ] 2015-10-15 16:02:31,312 [repositories/fiteagle] GET statements
[INFO ] 2015-10-15 16:02:31,319 [repositories/fiteagle] GET statements
[INFO ] 2015-10-15 16:02:31,325 [repositories/fiteagle] GET statements
[INFO ] 2015-10-15 16:02:31,333 [repositories/fiteagle] GET statements
[INFO ] 2015-10-15 16:02:31,339 [repositories/fiteagle] GET statements
[INFO ] 2015-10-15 16:02:31,346 [repositories/fiteagle] GET statements
[INFO ] 2015-10-15 16:02:31,350 [repositories/fiteagle] GET statements
[INFO ] 2015-10-15 16:02:31,627 [repositories/SYSTEM] GET statements
[INFO ] 2015-10-15 16:02:45,565 [repositories/fiteagle] GET namespace list
[INFO ] 2015-10-15 16:02:45,567 [repositories/fiteagle] Request for query 3392903 is finished
[INFO ] 2015-10-15 16:02:45,570 [repositories/fiteagle] GET statements
[INFO ] 2015-10-15 16:02:45,575 [repositories/fiteagle] GET statements
[INFO ] 2015-10-15 16:02:45,582 [repositories/fiteagle] GET statements
[INFO ] 2015-10-15 16:02:45,597 [repositories/fiteagle] GET statements
[INFO ] 2015-10-15 16:02:45,604 [repositories/fiteagle] GET statements
[INFO ] 2015-10-15 16:02:45,610 [repositories/fiteagle] GET statements
[INFO ] 2015-10-15 16:02:45,615 [repositories/fiteagle] GET statements
[INFO ] 2015-10-15 16:02:45,620 [repositories/fiteagle] GET statements
[INFO ] 2015-10-15 16:02:45,903 [repositories/SYSTEM] GET statements
[INFO ] 2015-10-15 16:03:04,795 [repositories/fiteagle] GET namespace list
[INFO ] 2015-10-15 16:03:04,796 [repositories/fiteagle] Request for query 3392903 is finished
[INFO ] 2015-10-15 16:03:04,804 [repositories/fiteagle] GET statements
[INFO ] 2015-10-15 16:03:04,809 [repositories/fiteagle] GET statements
[INFO ] 2015-10-15 16:03:04,814 [repositories/fiteagle] GET statements
[INFO ] 2015-10-15 16:03:04,820 [repositories/fiteagle] GET statements
[INFO ] 2015-10-15 16:03:04,825 [repositories/fiteagle] GET statements
[INFO ] 2015-10-15 16:03:04,835 [repositories/fiteagle] GET statements
[INFO ] 2015-10-15 16:03:04,841 [repositories/fiteagle] GET statements
[INFO ] 2015-10-15 16:03:04,847 [repositories/fiteagle] GET statements
[INFO ] 2015-10-15 16:03:05,165 [repositories/SYSTEM] GET statements
[INFO ] 2015-10-15 17:12:47,848 [repositories/fiteagle] Request for query 3392903 is finished
[INFO ] 2015-10-15 17:12:48,078 [repositories/SYSTEM] GET statements
