[INFO ] 2016-07-05 22:18:50,445 [ServerService Thread Pool -- 79] Logback logging API implementation is configured.
[INFO ] 2016-07-05 22:18:52,043 [default task-1] CompressingFilter has initialized
[INFO ] 2016-07-05 22:18:52,920 [repositories/fiteagle] POST data to repository
[INFO ] 2016-07-05 22:18:52,942 [repositories/fiteagle] no base URI specified, using dummy 'foo:bar'
[WARN ] 2016-07-05 22:18:52,980 [repositories/fiteagle] http://javax.xml.XMLConstants/feature/secure-processing is not a recognized SAX feature. (-1, -1)
[INFO ] 2016-07-05 22:25:42,094 [repositories/SYSTEM] GET statements
[INFO ] 2016-07-05 22:25:42,227 [default task-7] Request for query 3392903 is finished
[INFO ] 2016-07-05 22:25:42,335 [repositories/fiteagle] GET namespace list
[INFO ] 2016-07-05 22:25:42,339 [repositories/fiteagle] Request for query 3392903 is finished
[INFO ] 2016-07-05 22:25:42,353 [repositories/fiteagle] GET statements
[INFO ] 2016-07-05 22:25:42,494 [repositories/SYSTEM] GET statements
[INFO ] 2016-07-05 22:43:27,570 [repositories/fiteagle] POST data to repository
[INFO ] 2016-07-05 22:43:27,570 [repositories/fiteagle] no base URI specified, using dummy 'foo:bar'
[WARN ] 2016-07-05 22:43:27,572 [repositories/fiteagle] http://javax.xml.XMLConstants/feature/secure-processing is not a recognized SAX feature. (-1, -1)
[INFO ] 2016-07-05 22:49:23,621 [repositories/fiteagle] GET query -1010771740
[INFO ] 2016-07-05 22:49:23,696 [repositories/fiteagle] Request for query -1010771740 is finished
[INFO ] 2016-07-05 22:49:23,721 [repositories/fiteagle] GET query 258073765
[INFO ] 2016-07-05 22:49:23,831 [repositories/fiteagle] Request for query 258073765 is finished
[INFO ] 2016-07-05 22:49:23,853 [repositories/fiteagle] GET query -1485727469
[INFO ] 2016-07-05 22:49:23,855 [repositories/fiteagle] Request for query -1485727469 is finished
[INFO ] 2016-07-05 22:49:23,875 [repositories/fiteagle] GET statements
[INFO ] 2016-07-05 22:50:42,076 [repositories/fiteagle] GET query -1010771740
[INFO ] 2016-07-05 22:50:42,084 [repositories/fiteagle] Request for query -1010771740 is finished
[INFO ] 2016-07-05 22:50:42,188 [repositories/fiteagle] GET query 258073765
[INFO ] 2016-07-05 22:50:42,192 [repositories/fiteagle] Request for query 258073765 is finished
[INFO ] 2016-07-05 22:50:42,259 [repositories/fiteagle] GET query -1485727469
[INFO ] 2016-07-05 22:50:42,261 [repositories/fiteagle] Request for query -1485727469 is finished
[INFO ] 2016-07-05 22:50:42,332 [repositories/fiteagle] GET statements
[INFO ] 2016-07-05 22:51:49,000 [repositories/fiteagle] GET query -1010771740
[INFO ] 2016-07-05 22:51:49,010 [repositories/fiteagle] Request for query -1010771740 is finished
[INFO ] 2016-07-05 22:51:49,108 [repositories/fiteagle] GET query 258073765
[INFO ] 2016-07-05 22:51:49,114 [repositories/fiteagle] Request for query 258073765 is finished
[INFO ] 2016-07-05 22:51:49,182 [repositories/fiteagle] GET query -1485727469
[INFO ] 2016-07-05 22:51:49,184 [repositories/fiteagle] Request for query -1485727469 is finished
[INFO ] 2016-07-05 22:51:49,242 [repositories/fiteagle] GET statements
[INFO ] 2016-07-05 22:52:07,362 [repositories/fiteagle] GET namespace list
[INFO ] 2016-07-05 22:52:07,365 [repositories/fiteagle] Request for query 3392903 is finished
[INFO ] 2016-07-05 22:52:07,375 [repositories/fiteagle] GET statements
[INFO ] 2016-07-05 22:52:07,402 [repositories/fiteagle] GET statements
[INFO ] 2016-07-05 22:52:07,431 [repositories/fiteagle] GET statements
[INFO ] 2016-07-05 22:52:07,444 [repositories/fiteagle] GET statements
[INFO ] 2016-07-05 22:52:07,457 [repositories/fiteagle] GET statements
[INFO ] 2016-07-05 22:52:07,466 [repositories/fiteagle] GET statements
[INFO ] 2016-07-05 22:52:07,477 [repositories/fiteagle] GET statements
[INFO ] 2016-07-05 22:52:07,489 [repositories/fiteagle] GET statements
[INFO ] 2016-07-05 22:52:07,663 [repositories/SYSTEM] GET statements
[INFO ] 2016-07-05 22:52:13,085 [repositories/fiteagle] GET namespace list
[INFO ] 2016-07-05 22:52:13,087 [repositories/fiteagle] Request for query 3392903 is finished
[INFO ] 2016-07-05 22:52:13,094 [repositories/fiteagle] GET statements
[INFO ] 2016-07-05 22:52:13,103 [repositories/fiteagle] GET statements
[INFO ] 2016-07-05 22:52:13,109 [repositories/fiteagle] GET statements
[INFO ] 2016-07-05 22:52:13,118 [repositories/fiteagle] GET statements
[INFO ] 2016-07-05 22:52:13,125 [repositories/fiteagle] GET statements
[INFO ] 2016-07-05 22:52:13,132 [repositories/fiteagle] GET statements
[INFO ] 2016-07-05 22:52:13,139 [repositories/fiteagle] GET statements
[INFO ] 2016-07-05 22:52:13,146 [repositories/fiteagle] GET statements
[INFO ] 2016-07-05 22:52:13,208 [repositories/SYSTEM] GET statements
[INFO ] 2016-07-05 22:55:47,131 [repositories/fiteagle] GET query -1340294547
[INFO ] 2016-07-05 22:55:47,147 [repositories/fiteagle] Client sent bad request ( 400)
org.openrdf.http.server.ClientHTTPException: MALFORMED QUERY: Encountered " <PNAME_NS> ": "" at line 4, column 71.
Was expecting one of:
    "{" ...
    "}" ...
    ";" ...
    "," ...
    "." ...
    "optional" ...
    "graph" ...
    "minus" ...
    "filter" ...
    "bind" ...
    "service" ...
    "values" ...
    "." ...
    
	at org.openrdf.http.server.repository.RepositoryController.getQuery(RepositoryController.java:365)
	at org.openrdf.http.server.repository.RepositoryController.handleRequestInternal(RepositoryController.java:195)
	at org.springframework.web.servlet.mvc.AbstractController.handleRequest(AbstractController.java:146)
	at org.springframework.web.servlet.mvc.SimpleControllerHandlerAdapter.handle(SimpleControllerHandlerAdapter.java:50)
	at org.springframework.web.servlet.DispatcherServlet.doDispatch(DispatcherServlet.java:943)
	at org.springframework.web.servlet.DispatcherServlet.doService(DispatcherServlet.java:877)
	at org.springframework.web.servlet.FrameworkServlet.processRequest(FrameworkServlet.java:966)
	at org.springframework.web.servlet.FrameworkServlet.doGet(FrameworkServlet.java:857)
	at javax.servlet.http.HttpServlet.service(HttpServlet.java:687)
	at org.springframework.web.servlet.FrameworkServlet.service(FrameworkServlet.java:842)
	at javax.servlet.http.HttpServlet.service(HttpServlet.java:790)
	at io.undertow.servlet.handlers.ServletHandler.handleRequest(ServletHandler.java:85)
	at io.undertow.servlet.handlers.FilterHandler$FilterChainImpl.doFilter(FilterHandler.java:129)
	at com.github.ziplet.filter.compression.CompressingFilter.doFilter(CompressingFilter.java:300)
	at io.undertow.servlet.core.ManagedFilter.doFilter(ManagedFilter.java:60)
	at io.undertow.servlet.handlers.FilterHandler$FilterChainImpl.doFilter(FilterHandler.java:131)
	at io.undertow.servlet.handlers.FilterHandler.handleRequest(FilterHandler.java:84)
	at io.undertow.servlet.handlers.security.ServletSecurityRoleHandler.handleRequest(ServletSecurityRoleHandler.java:62)
	at io.undertow.servlet.handlers.ServletDispatchingHandler.handleRequest(ServletDispatchingHandler.java:36)
	at org.wildfly.extension.undertow.security.SecurityContextAssociationHandler.handleRequest(SecurityContextAssociationHandler.java:78)
	at io.undertow.server.handlers.PredicateHandler.handleRequest(PredicateHandler.java:43)
	at io.undertow.servlet.handlers.security.SSLInformationAssociationHandler.handleRequest(SSLInformationAssociationHandler.java:131)
	at io.undertow.servlet.handlers.security.ServletAuthenticationCallHandler.handleRequest(ServletAuthenticationCallHandler.java:57)
	at io.undertow.server.handlers.PredicateHandler.handleRequest(PredicateHandler.java:43)
	at io.undertow.security.handlers.AbstractConfidentialityHandler.handleRequest(AbstractConfidentialityHandler.java:46)
	at io.undertow.servlet.handlers.security.ServletConfidentialityConstraintHandler.handleRequest(ServletConfidentialityConstraintHandler.java:64)
	at io.undertow.security.handlers.AuthenticationMechanismsHandler.handleRequest(AuthenticationMechanismsHandler.java:60)
	at io.undertow.servlet.handlers.security.CachedAuthenticatedSessionHandler.handleRequest(CachedAuthenticatedSessionHandler.java:77)
	at io.undertow.security.handlers.NotificationReceiverHandler.handleRequest(NotificationReceiverHandler.java:50)
	at io.undertow.security.handlers.AbstractSecurityContextAssociationHandler.handleRequest(AbstractSecurityContextAssociationHandler.java:43)
	at io.undertow.server.handlers.PredicateHandler.handleRequest(PredicateHandler.java:43)
	at org.wildfly.extension.undertow.security.jacc.JACCContextIdHandler.handleRequest(JACCContextIdHandler.java:61)
	at io.undertow.server.handlers.PredicateHandler.handleRequest(PredicateHandler.java:43)
	at io.undertow.server.handlers.PredicateHandler.handleRequest(PredicateHandler.java:43)
	at io.undertow.servlet.handlers.ServletInitialHandler.handleFirstRequest(ServletInitialHandler.java:284)
	at io.undertow.servlet.handlers.ServletInitialHandler.dispatchRequest(ServletInitialHandler.java:263)
	at io.undertow.servlet.handlers.ServletInitialHandler.access$000(ServletInitialHandler.java:81)
	at io.undertow.servlet.handlers.ServletInitialHandler$1.handleRequest(ServletInitialHandler.java:174)
	at io.undertow.server.Connectors.executeRootHandler(Connectors.java:202)
	at io.undertow.server.HttpServerExchange$1.run(HttpServerExchange.java:793)
	at java.util.concurrent.ThreadPoolExecutor.runWorker(ThreadPoolExecutor.java:1142)
	at java.util.concurrent.ThreadPoolExecutor$Worker.run(ThreadPoolExecutor.java:617)
	at java.lang.Thread.run(Thread.java:745)
[INFO ] 2016-07-05 22:56:31,228 [repositories/fiteagle] GET query -1340294547
[INFO ] 2016-07-05 22:56:31,232 [repositories/fiteagle] Client sent bad request ( 400)
org.openrdf.http.server.ClientHTTPException: MALFORMED QUERY: Encountered " <PNAME_NS> ": "" at line 4, column 71.
Was expecting one of:
    "{" ...
    "}" ...
    ";" ...
    "," ...
    "." ...
    "optional" ...
    "graph" ...
    "minus" ...
    "filter" ...
    "bind" ...
    "service" ...
    "values" ...
    "." ...
    
	at org.openrdf.http.server.repository.RepositoryController.getQuery(RepositoryController.java:365)
	at org.openrdf.http.server.repository.RepositoryController.handleRequestInternal(RepositoryController.java:195)
	at org.springframework.web.servlet.mvc.AbstractController.handleRequest(AbstractController.java:146)
	at org.springframework.web.servlet.mvc.SimpleControllerHandlerAdapter.handle(SimpleControllerHandlerAdapter.java:50)
	at org.springframework.web.servlet.DispatcherServlet.doDispatch(DispatcherServlet.java:943)
	at org.springframework.web.servlet.DispatcherServlet.doService(DispatcherServlet.java:877)
	at org.springframework.web.servlet.FrameworkServlet.processRequest(FrameworkServlet.java:966)
	at org.springframework.web.servlet.FrameworkServlet.doGet(FrameworkServlet.java:857)
	at javax.servlet.http.HttpServlet.service(HttpServlet.java:687)
	at org.springframework.web.servlet.FrameworkServlet.service(FrameworkServlet.java:842)
	at javax.servlet.http.HttpServlet.service(HttpServlet.java:790)
	at io.undertow.servlet.handlers.ServletHandler.handleRequest(ServletHandler.java:85)
	at io.undertow.servlet.handlers.FilterHandler$FilterChainImpl.doFilter(FilterHandler.java:129)
	at com.github.ziplet.filter.compression.CompressingFilter.doFilter(CompressingFilter.java:300)
	at io.undertow.servlet.core.ManagedFilter.doFilter(ManagedFilter.java:60)
	at io.undertow.servlet.handlers.FilterHandler$FilterChainImpl.doFilter(FilterHandler.java:131)
	at io.undertow.servlet.handlers.FilterHandler.handleRequest(FilterHandler.java:84)
	at io.undertow.servlet.handlers.security.ServletSecurityRoleHandler.handleRequest(ServletSecurityRoleHandler.java:62)
	at io.undertow.servlet.handlers.ServletDispatchingHandler.handleRequest(ServletDispatchingHandler.java:36)
	at org.wildfly.extension.undertow.security.SecurityContextAssociationHandler.handleRequest(SecurityContextAssociationHandler.java:78)
	at io.undertow.server.handlers.PredicateHandler.handleRequest(PredicateHandler.java:43)
	at io.undertow.servlet.handlers.security.SSLInformationAssociationHandler.handleRequest(SSLInformationAssociationHandler.java:131)
	at io.undertow.servlet.handlers.security.ServletAuthenticationCallHandler.handleRequest(ServletAuthenticationCallHandler.java:57)
	at io.undertow.server.handlers.PredicateHandler.handleRequest(PredicateHandler.java:43)
	at io.undertow.security.handlers.AbstractConfidentialityHandler.handleRequest(AbstractConfidentialityHandler.java:46)
	at io.undertow.servlet.handlers.security.ServletConfidentialityConstraintHandler.handleRequest(ServletConfidentialityConstraintHandler.java:64)
	at io.undertow.security.handlers.AuthenticationMechanismsHandler.handleRequest(AuthenticationMechanismsHandler.java:60)
	at io.undertow.servlet.handlers.security.CachedAuthenticatedSessionHandler.handleRequest(CachedAuthenticatedSessionHandler.java:77)
	at io.undertow.security.handlers.NotificationReceiverHandler.handleRequest(NotificationReceiverHandler.java:50)
	at io.undertow.security.handlers.AbstractSecurityContextAssociationHandler.handleRequest(AbstractSecurityContextAssociationHandler.java:43)
	at io.undertow.server.handlers.PredicateHandler.handleRequest(PredicateHandler.java:43)
	at org.wildfly.extension.undertow.security.jacc.JACCContextIdHandler.handleRequest(JACCContextIdHandler.java:61)
	at io.undertow.server.handlers.PredicateHandler.handleRequest(PredicateHandler.java:43)
	at io.undertow.server.handlers.PredicateHandler.handleRequest(PredicateHandler.java:43)
	at io.undertow.servlet.handlers.ServletInitialHandler.handleFirstRequest(ServletInitialHandler.java:284)
	at io.undertow.servlet.handlers.ServletInitialHandler.dispatchRequest(ServletInitialHandler.java:263)
	at io.undertow.servlet.handlers.ServletInitialHandler.access$000(ServletInitialHandler.java:81)
	at io.undertow.servlet.handlers.ServletInitialHandler$1.handleRequest(ServletInitialHandler.java:174)
	at io.undertow.server.Connectors.executeRootHandler(Connectors.java:202)
	at io.undertow.server.HttpServerExchange$1.run(HttpServerExchange.java:793)
	at java.util.concurrent.ThreadPoolExecutor.runWorker(ThreadPoolExecutor.java:1142)
	at java.util.concurrent.ThreadPoolExecutor$Worker.run(ThreadPoolExecutor.java:617)
	at java.lang.Thread.run(Thread.java:745)
[INFO ] 2016-07-05 22:56:56,462 [repositories/fiteagle] GET query -1340294547
[INFO ] 2016-07-05 22:56:56,465 [repositories/fiteagle] Client sent bad request ( 400)
org.openrdf.http.server.ClientHTTPException: MALFORMED QUERY: Encountered " <PNAME_NS> ": "" at line 4, column 71.
Was expecting one of:
    "{" ...
    "}" ...
    ";" ...
    "," ...
    "." ...
    "optional" ...
    "graph" ...
    "minus" ...
    "filter" ...
    "bind" ...
    "service" ...
    "values" ...
    "." ...
    
	at org.openrdf.http.server.repository.RepositoryController.getQuery(RepositoryController.java:365)
	at org.openrdf.http.server.repository.RepositoryController.handleRequestInternal(RepositoryController.java:195)
	at org.springframework.web.servlet.mvc.AbstractController.handleRequest(AbstractController.java:146)
	at org.springframework.web.servlet.mvc.SimpleControllerHandlerAdapter.handle(SimpleControllerHandlerAdapter.java:50)
	at org.springframework.web.servlet.DispatcherServlet.doDispatch(DispatcherServlet.java:943)
	at org.springframework.web.servlet.DispatcherServlet.doService(DispatcherServlet.java:877)
	at org.springframework.web.servlet.FrameworkServlet.processRequest(FrameworkServlet.java:966)
	at org.springframework.web.servlet.FrameworkServlet.doGet(FrameworkServlet.java:857)
	at javax.servlet.http.HttpServlet.service(HttpServlet.java:687)
	at org.springframework.web.servlet.FrameworkServlet.service(FrameworkServlet.java:842)
	at javax.servlet.http.HttpServlet.service(HttpServlet.java:790)
	at io.undertow.servlet.handlers.ServletHandler.handleRequest(ServletHandler.java:85)
	at io.undertow.servlet.handlers.FilterHandler$FilterChainImpl.doFilter(FilterHandler.java:129)
	at com.github.ziplet.filter.compression.CompressingFilter.doFilter(CompressingFilter.java:300)
	at io.undertow.servlet.core.ManagedFilter.doFilter(ManagedFilter.java:60)
	at io.undertow.servlet.handlers.FilterHandler$FilterChainImpl.doFilter(FilterHandler.java:131)
	at io.undertow.servlet.handlers.FilterHandler.handleRequest(FilterHandler.java:84)
	at io.undertow.servlet.handlers.security.ServletSecurityRoleHandler.handleRequest(ServletSecurityRoleHandler.java:62)
	at io.undertow.servlet.handlers.ServletDispatchingHandler.handleRequest(ServletDispatchingHandler.java:36)
	at org.wildfly.extension.undertow.security.SecurityContextAssociationHandler.handleRequest(SecurityContextAssociationHandler.java:78)
	at io.undertow.server.handlers.PredicateHandler.handleRequest(PredicateHandler.java:43)
	at io.undertow.servlet.handlers.security.SSLInformationAssociationHandler.handleRequest(SSLInformationAssociationHandler.java:131)
	at io.undertow.servlet.handlers.security.ServletAuthenticationCallHandler.handleRequest(ServletAuthenticationCallHandler.java:57)
	at io.undertow.server.handlers.PredicateHandler.handleRequest(PredicateHandler.java:43)
	at io.undertow.security.handlers.AbstractConfidentialityHandler.handleRequest(AbstractConfidentialityHandler.java:46)
	at io.undertow.servlet.handlers.security.ServletConfidentialityConstraintHandler.handleRequest(ServletConfidentialityConstraintHandler.java:64)
	at io.undertow.security.handlers.AuthenticationMechanismsHandler.handleRequest(AuthenticationMechanismsHandler.java:60)
	at io.undertow.servlet.handlers.security.CachedAuthenticatedSessionHandler.handleRequest(CachedAuthenticatedSessionHandler.java:77)
	at io.undertow.security.handlers.NotificationReceiverHandler.handleRequest(NotificationReceiverHandler.java:50)
	at io.undertow.security.handlers.AbstractSecurityContextAssociationHandler.handleRequest(AbstractSecurityContextAssociationHandler.java:43)
	at io.undertow.server.handlers.PredicateHandler.handleRequest(PredicateHandler.java:43)
	at org.wildfly.extension.undertow.security.jacc.JACCContextIdHandler.handleRequest(JACCContextIdHandler.java:61)
	at io.undertow.server.handlers.PredicateHandler.handleRequest(PredicateHandler.java:43)
	at io.undertow.server.handlers.PredicateHandler.handleRequest(PredicateHandler.java:43)
	at io.undertow.servlet.handlers.ServletInitialHandler.handleFirstRequest(ServletInitialHandler.java:284)
	at io.undertow.servlet.handlers.ServletInitialHandler.dispatchRequest(ServletInitialHandler.java:263)
	at io.undertow.servlet.handlers.ServletInitialHandler.access$000(ServletInitialHandler.java:81)
	at io.undertow.servlet.handlers.ServletInitialHandler$1.handleRequest(ServletInitialHandler.java:174)
	at io.undertow.server.Connectors.executeRootHandler(Connectors.java:202)
	at io.undertow.server.HttpServerExchange$1.run(HttpServerExchange.java:793)
	at java.util.concurrent.ThreadPoolExecutor.runWorker(ThreadPoolExecutor.java:1142)
	at java.util.concurrent.ThreadPoolExecutor$Worker.run(ThreadPoolExecutor.java:617)
	at java.lang.Thread.run(Thread.java:745)
[INFO ] 2016-07-05 22:57:58,853 [repositories/fiteagle] GET query -1340294547
[INFO ] 2016-07-05 22:57:58,856 [repositories/fiteagle] Client sent bad request ( 400)
org.openrdf.http.server.ClientHTTPException: MALFORMED QUERY: Encountered " <PNAME_NS> ": "" at line 4, column 71.
Was expecting one of:
    "{" ...
    "}" ...
    ";" ...
    "," ...
    "." ...
    "optional" ...
    "graph" ...
    "minus" ...
    "filter" ...
    "bind" ...
    "service" ...
    "values" ...
    "." ...
    
	at org.openrdf.http.server.repository.RepositoryController.getQuery(RepositoryController.java:365)
	at org.openrdf.http.server.repository.RepositoryController.handleRequestInternal(RepositoryController.java:195)
	at org.springframework.web.servlet.mvc.AbstractController.handleRequest(AbstractController.java:146)
	at org.springframework.web.servlet.mvc.SimpleControllerHandlerAdapter.handle(SimpleControllerHandlerAdapter.java:50)
	at org.springframework.web.servlet.DispatcherServlet.doDispatch(DispatcherServlet.java:943)
	at org.springframework.web.servlet.DispatcherServlet.doService(DispatcherServlet.java:877)
	at org.springframework.web.servlet.FrameworkServlet.processRequest(FrameworkServlet.java:966)
	at org.springframework.web.servlet.FrameworkServlet.doGet(FrameworkServlet.java:857)
	at javax.servlet.http.HttpServlet.service(HttpServlet.java:687)
	at org.springframework.web.servlet.FrameworkServlet.service(FrameworkServlet.java:842)
	at javax.servlet.http.HttpServlet.service(HttpServlet.java:790)
	at io.undertow.servlet.handlers.ServletHandler.handleRequest(ServletHandler.java:85)
	at io.undertow.servlet.handlers.FilterHandler$FilterChainImpl.doFilter(FilterHandler.java:129)
	at com.github.ziplet.filter.compression.CompressingFilter.doFilter(CompressingFilter.java:300)
	at io.undertow.servlet.core.ManagedFilter.doFilter(ManagedFilter.java:60)
	at io.undertow.servlet.handlers.FilterHandler$FilterChainImpl.doFilter(FilterHandler.java:131)
	at io.undertow.servlet.handlers.FilterHandler.handleRequest(FilterHandler.java:84)
	at io.undertow.servlet.handlers.security.ServletSecurityRoleHandler.handleRequest(ServletSecurityRoleHandler.java:62)
	at io.undertow.servlet.handlers.ServletDispatchingHandler.handleRequest(ServletDispatchingHandler.java:36)
	at org.wildfly.extension.undertow.security.SecurityContextAssociationHandler.handleRequest(SecurityContextAssociationHandler.java:78)
	at io.undertow.server.handlers.PredicateHandler.handleRequest(PredicateHandler.java:43)
	at io.undertow.servlet.handlers.security.SSLInformationAssociationHandler.handleRequest(SSLInformationAssociationHandler.java:131)
	at io.undertow.servlet.handlers.security.ServletAuthenticationCallHandler.handleRequest(ServletAuthenticationCallHandler.java:57)
	at io.undertow.server.handlers.PredicateHandler.handleRequest(PredicateHandler.java:43)
	at io.undertow.security.handlers.AbstractConfidentialityHandler.handleRequest(AbstractConfidentialityHandler.java:46)
	at io.undertow.servlet.handlers.security.ServletConfidentialityConstraintHandler.handleRequest(ServletConfidentialityConstraintHandler.java:64)
	at io.undertow.security.handlers.AuthenticationMechanismsHandler.handleRequest(AuthenticationMechanismsHandler.java:60)
	at io.undertow.servlet.handlers.security.CachedAuthenticatedSessionHandler.handleRequest(CachedAuthenticatedSessionHandler.java:77)
	at io.undertow.security.handlers.NotificationReceiverHandler.handleRequest(NotificationReceiverHandler.java:50)
	at io.undertow.security.handlers.AbstractSecurityContextAssociationHandler.handleRequest(AbstractSecurityContextAssociationHandler.java:43)
	at io.undertow.server.handlers.PredicateHandler.handleRequest(PredicateHandler.java:43)
	at org.wildfly.extension.undertow.security.jacc.JACCContextIdHandler.handleRequest(JACCContextIdHandler.java:61)
	at io.undertow.server.handlers.PredicateHandler.handleRequest(PredicateHandler.java:43)
	at io.undertow.server.handlers.PredicateHandler.handleRequest(PredicateHandler.java:43)
	at io.undertow.servlet.handlers.ServletInitialHandler.handleFirstRequest(ServletInitialHandler.java:284)
	at io.undertow.servlet.handlers.ServletInitialHandler.dispatchRequest(ServletInitialHandler.java:263)
	at io.undertow.servlet.handlers.ServletInitialHandler.access$000(ServletInitialHandler.java:81)
	at io.undertow.servlet.handlers.ServletInitialHandler$1.handleRequest(ServletInitialHandler.java:174)
	at io.undertow.server.Connectors.executeRootHandler(Connectors.java:202)
	at io.undertow.server.HttpServerExchange$1.run(HttpServerExchange.java:793)
	at java.util.concurrent.ThreadPoolExecutor.runWorker(ThreadPoolExecutor.java:1142)
	at java.util.concurrent.ThreadPoolExecutor$Worker.run(ThreadPoolExecutor.java:617)
	at java.lang.Thread.run(Thread.java:745)
[INFO ] 2016-07-05 23:01:08,694 [repositories/fiteagle] GET namespace list
[INFO ] 2016-07-05 23:01:08,698 [repositories/fiteagle] Request for query 3392903 is finished
[INFO ] 2016-07-05 23:01:08,704 [repositories/fiteagle] GET statements
[INFO ] 2016-07-05 23:01:08,713 [repositories/fiteagle] GET statements
[INFO ] 2016-07-05 23:01:08,720 [repositories/fiteagle] GET statements
[INFO ] 2016-07-05 23:01:08,725 [repositories/fiteagle] GET statements
[INFO ] 2016-07-05 23:01:08,732 [repositories/fiteagle] GET statements
[INFO ] 2016-07-05 23:01:08,739 [repositories/fiteagle] GET statements
[INFO ] 2016-07-05 23:01:08,745 [repositories/fiteagle] GET statements
[INFO ] 2016-07-05 23:01:08,752 [repositories/fiteagle] GET statements
[INFO ] 2016-07-05 23:01:08,812 [repositories/SYSTEM] GET statements
[INFO ] 2016-07-05 23:02:38,505 [repositories/fiteagle] GET query 1071003405
[INFO ] 2016-07-05 23:02:38,520 [repositories/fiteagle] Request for query 1071003405 is finished
[INFO ] 2016-07-05 23:10:37,469 [repositories/fiteagle] GET namespace list
[INFO ] 2016-07-05 23:10:37,471 [repositories/fiteagle] Request for query 3392903 is finished
[INFO ] 2016-07-05 23:10:37,476 [repositories/fiteagle] GET statements
[INFO ] 2016-07-05 23:10:37,483 [repositories/fiteagle] GET statements
[INFO ] 2016-07-05 23:10:37,488 [repositories/fiteagle] GET statements
[INFO ] 2016-07-05 23:10:37,494 [repositories/fiteagle] GET statements
[INFO ] 2016-07-05 23:10:37,501 [repositories/fiteagle] GET statements
[INFO ] 2016-07-05 23:10:37,506 [repositories/fiteagle] GET statements
[INFO ] 2016-07-05 23:10:37,513 [repositories/fiteagle] GET statements
[INFO ] 2016-07-05 23:10:37,521 [repositories/fiteagle] GET statements
[INFO ] 2016-07-05 23:10:37,637 [repositories/SYSTEM] GET statements
[INFO ] 2016-07-05 23:11:19,749 [repositories/fiteagle] GET query -953507580
[INFO ] 2016-07-05 23:11:19,751 [repositories/fiteagle] Client sent bad request ( 400)
org.openrdf.http.server.ClientHTTPException: MALFORMED QUERY: Encountered " <PNAME_NS> ": "" at line 3, column 72.
Was expecting one of:
    "{" ...
    "}" ...
    ";" ...
    "," ...
    "." ...
    "optional" ...
    "graph" ...
    "minus" ...
    "filter" ...
    "bind" ...
    "service" ...
    "values" ...
    "." ...
    
	at org.openrdf.http.server.repository.RepositoryController.getQuery(RepositoryController.java:365)
	at org.openrdf.http.server.repository.RepositoryController.handleRequestInternal(RepositoryController.java:195)
	at org.springframework.web.servlet.mvc.AbstractController.handleRequest(AbstractController.java:146)
	at org.springframework.web.servlet.mvc.SimpleControllerHandlerAdapter.handle(SimpleControllerHandlerAdapter.java:50)
	at org.springframework.web.servlet.DispatcherServlet.doDispatch(DispatcherServlet.java:943)
	at org.springframework.web.servlet.DispatcherServlet.doService(DispatcherServlet.java:877)
	at org.springframework.web.servlet.FrameworkServlet.processRequest(FrameworkServlet.java:966)
	at org.springframework.web.servlet.FrameworkServlet.doGet(FrameworkServlet.java:857)
	at javax.servlet.http.HttpServlet.service(HttpServlet.java:687)
	at org.springframework.web.servlet.FrameworkServlet.service(FrameworkServlet.java:842)
	at javax.servlet.http.HttpServlet.service(HttpServlet.java:790)
	at io.undertow.servlet.handlers.ServletHandler.handleRequest(ServletHandler.java:85)
	at io.undertow.servlet.handlers.FilterHandler$FilterChainImpl.doFilter(FilterHandler.java:129)
	at com.github.ziplet.filter.compression.CompressingFilter.doFilter(CompressingFilter.java:300)
	at io.undertow.servlet.core.ManagedFilter.doFilter(ManagedFilter.java:60)
	at io.undertow.servlet.handlers.FilterHandler$FilterChainImpl.doFilter(FilterHandler.java:131)
	at io.undertow.servlet.handlers.FilterHandler.handleRequest(FilterHandler.java:84)
	at io.undertow.servlet.handlers.security.ServletSecurityRoleHandler.handleRequest(ServletSecurityRoleHandler.java:62)
	at io.undertow.servlet.handlers.ServletDispatchingHandler.handleRequest(ServletDispatchingHandler.java:36)
	at org.wildfly.extension.undertow.security.SecurityContextAssociationHandler.handleRequest(SecurityContextAssociationHandler.java:78)
	at io.undertow.server.handlers.PredicateHandler.handleRequest(PredicateHandler.java:43)
	at io.undertow.servlet.handlers.security.SSLInformationAssociationHandler.handleRequest(SSLInformationAssociationHandler.java:131)
	at io.undertow.servlet.handlers.security.ServletAuthenticationCallHandler.handleRequest(ServletAuthenticationCallHandler.java:57)
	at io.undertow.server.handlers.PredicateHandler.handleRequest(PredicateHandler.java:43)
	at io.undertow.security.handlers.AbstractConfidentialityHandler.handleRequest(AbstractConfidentialityHandler.java:46)
	at io.undertow.servlet.handlers.security.ServletConfidentialityConstraintHandler.handleRequest(ServletConfidentialityConstraintHandler.java:64)
	at io.undertow.security.handlers.AuthenticationMechanismsHandler.handleRequest(AuthenticationMechanismsHandler.java:60)
	at io.undertow.servlet.handlers.security.CachedAuthenticatedSessionHandler.handleRequest(CachedAuthenticatedSessionHandler.java:77)
	at io.undertow.security.handlers.NotificationReceiverHandler.handleRequest(NotificationReceiverHandler.java:50)
	at io.undertow.security.handlers.AbstractSecurityContextAssociationHandler.handleRequest(AbstractSecurityContextAssociationHandler.java:43)
	at io.undertow.server.handlers.PredicateHandler.handleRequest(PredicateHandler.java:43)
	at org.wildfly.extension.undertow.security.jacc.JACCContextIdHandler.handleRequest(JACCContextIdHandler.java:61)
	at io.undertow.server.handlers.PredicateHandler.handleRequest(PredicateHandler.java:43)
	at io.undertow.server.handlers.PredicateHandler.handleRequest(PredicateHandler.java:43)
	at io.undertow.servlet.handlers.ServletInitialHandler.handleFirstRequest(ServletInitialHandler.java:284)
	at io.undertow.servlet.handlers.ServletInitialHandler.dispatchRequest(ServletInitialHandler.java:263)
	at io.undertow.servlet.handlers.ServletInitialHandler.access$000(ServletInitialHandler.java:81)
	at io.undertow.servlet.handlers.ServletInitialHandler$1.handleRequest(ServletInitialHandler.java:174)
	at io.undertow.server.Connectors.executeRootHandler(Connectors.java:202)
	at io.undertow.server.HttpServerExchange$1.run(HttpServerExchange.java:793)
	at java.util.concurrent.ThreadPoolExecutor.runWorker(ThreadPoolExecutor.java:1142)
	at java.util.concurrent.ThreadPoolExecutor$Worker.run(ThreadPoolExecutor.java:617)
	at java.lang.Thread.run(Thread.java:745)
[INFO ] 2016-07-05 23:12:42,355 [repositories/fiteagle] GET query -953507580
[INFO ] 2016-07-05 23:12:42,356 [repositories/fiteagle] Client sent bad request ( 400)
org.openrdf.http.server.ClientHTTPException: MALFORMED QUERY: Encountered " <PNAME_NS> ": "" at line 3, column 72.
Was expecting one of:
    "{" ...
    "}" ...
    ";" ...
    "," ...
    "." ...
    "optional" ...
    "graph" ...
    "minus" ...
    "filter" ...
    "bind" ...
    "service" ...
    "values" ...
    "." ...
    
	at org.openrdf.http.server.repository.RepositoryController.getQuery(RepositoryController.java:365)
	at org.openrdf.http.server.repository.RepositoryController.handleRequestInternal(RepositoryController.java:195)
	at org.springframework.web.servlet.mvc.AbstractController.handleRequest(AbstractController.java:146)
	at org.springframework.web.servlet.mvc.SimpleControllerHandlerAdapter.handle(SimpleControllerHandlerAdapter.java:50)
	at org.springframework.web.servlet.DispatcherServlet.doDispatch(DispatcherServlet.java:943)
	at org.springframework.web.servlet.DispatcherServlet.doService(DispatcherServlet.java:877)
	at org.springframework.web.servlet.FrameworkServlet.processRequest(FrameworkServlet.java:966)
	at org.springframework.web.servlet.FrameworkServlet.doGet(FrameworkServlet.java:857)
	at javax.servlet.http.HttpServlet.service(HttpServlet.java:687)
	at org.springframework.web.servlet.FrameworkServlet.service(FrameworkServlet.java:842)
	at javax.servlet.http.HttpServlet.service(HttpServlet.java:790)
	at io.undertow.servlet.handlers.ServletHandler.handleRequest(ServletHandler.java:85)
	at io.undertow.servlet.handlers.FilterHandler$FilterChainImpl.doFilter(FilterHandler.java:129)
	at com.github.ziplet.filter.compression.CompressingFilter.doFilter(CompressingFilter.java:300)
	at io.undertow.servlet.core.ManagedFilter.doFilter(ManagedFilter.java:60)
	at io.undertow.servlet.handlers.FilterHandler$FilterChainImpl.doFilter(FilterHandler.java:131)
	at io.undertow.servlet.handlers.FilterHandler.handleRequest(FilterHandler.java:84)
	at io.undertow.servlet.handlers.security.ServletSecurityRoleHandler.handleRequest(ServletSecurityRoleHandler.java:62)
	at io.undertow.servlet.handlers.ServletDispatchingHandler.handleRequest(ServletDispatchingHandler.java:36)
	at org.wildfly.extension.undertow.security.SecurityContextAssociationHandler.handleRequest(SecurityContextAssociationHandler.java:78)
	at io.undertow.server.handlers.PredicateHandler.handleRequest(PredicateHandler.java:43)
	at io.undertow.servlet.handlers.security.SSLInformationAssociationHandler.handleRequest(SSLInformationAssociationHandler.java:131)
	at io.undertow.servlet.handlers.security.ServletAuthenticationCallHandler.handleRequest(ServletAuthenticationCallHandler.java:57)
	at io.undertow.server.handlers.PredicateHandler.handleRequest(PredicateHandler.java:43)
	at io.undertow.security.handlers.AbstractConfidentialityHandler.handleRequest(AbstractConfidentialityHandler.java:46)
	at io.undertow.servlet.handlers.security.ServletConfidentialityConstraintHandler.handleRequest(ServletConfidentialityConstraintHandler.java:64)
	at io.undertow.security.handlers.AuthenticationMechanismsHandler.handleRequest(AuthenticationMechanismsHandler.java:60)
	at io.undertow.servlet.handlers.security.CachedAuthenticatedSessionHandler.handleRequest(CachedAuthenticatedSessionHandler.java:77)
	at io.undertow.security.handlers.NotificationReceiverHandler.handleRequest(NotificationReceiverHandler.java:50)
	at io.undertow.security.handlers.AbstractSecurityContextAssociationHandler.handleRequest(AbstractSecurityContextAssociationHandler.java:43)
	at io.undertow.server.handlers.PredicateHandler.handleRequest(PredicateHandler.java:43)
	at org.wildfly.extension.undertow.security.jacc.JACCContextIdHandler.handleRequest(JACCContextIdHandler.java:61)
	at io.undertow.server.handlers.PredicateHandler.handleRequest(PredicateHandler.java:43)
	at io.undertow.server.handlers.PredicateHandler.handleRequest(PredicateHandler.java:43)
	at io.undertow.servlet.handlers.ServletInitialHandler.handleFirstRequest(ServletInitialHandler.java:284)
	at io.undertow.servlet.handlers.ServletInitialHandler.dispatchRequest(ServletInitialHandler.java:263)
	at io.undertow.servlet.handlers.ServletInitialHandler.access$000(ServletInitialHandler.java:81)
	at io.undertow.servlet.handlers.ServletInitialHandler$1.handleRequest(ServletInitialHandler.java:174)
	at io.undertow.server.Connectors.executeRootHandler(Connectors.java:202)
	at io.undertow.server.HttpServerExchange$1.run(HttpServerExchange.java:793)
	at java.util.concurrent.ThreadPoolExecutor.runWorker(ThreadPoolExecutor.java:1142)
	at java.util.concurrent.ThreadPoolExecutor$Worker.run(ThreadPoolExecutor.java:617)
	at java.lang.Thread.run(Thread.java:745)
[INFO ] 2016-07-05 23:24:57,353 [repositories/fiteagle] GET query 12583279
[INFO ] 2016-07-05 23:24:57,358 [repositories/fiteagle] Request for query 12583279 is finished
