[INFO ] 2015-10-21 15:55:58,739 [ServerService Thread Pool -- 71] Logback logging API implementation is configured.
[WARN ] 2015-10-21 15:56:02,404 [ServerService Thread Pool -- 71] Removing invalid lock 2843@home
[INFO ] 2015-10-21 15:56:03,582 [repositories/fiteagle] POST data to repository
[INFO ] 2015-10-21 15:56:03,593 [repositories/fiteagle] no base URI specified, using dummy 'foo:bar'
[WARN ] 2015-10-21 15:56:03,615 [repositories/fiteagle] http://javax.xml.XMLConstants/feature/secure-processing is not a recognized SAX feature. (-1, -1)
[INFO ] 2015-10-21 15:56:03,751 [repositories/fiteagle] POST data to repository
[INFO ] 2015-10-21 15:56:03,752 [repositories/fiteagle] no base URI specified, using dummy 'foo:bar'
[WARN ] 2015-10-21 15:56:03,753 [repositories/fiteagle] http://javax.xml.XMLConstants/feature/secure-processing is not a recognized SAX feature. (-1, -1)
[INFO ] 2015-10-21 15:56:04,388 [repositories/fiteagle] POST data to repository
[INFO ] 2015-10-21 15:56:04,388 [repositories/fiteagle] no base URI specified, using dummy 'foo:bar'
[WARN ] 2015-10-21 15:56:04,389 [repositories/fiteagle] http://javax.xml.XMLConstants/feature/secure-processing is not a recognized SAX feature. (-1, -1)
[INFO ] 2015-10-21 15:56:07,559 [repositories/fiteagle] GET query -439247579
[INFO ] 2015-10-21 15:56:07,679 [repositories/fiteagle] Request for query -439247579 is finished
[INFO ] 2015-10-21 15:56:07,759 [repositories/fiteagle] POST data to repository
[INFO ] 2015-10-21 15:56:07,759 [repositories/fiteagle] no base URI specified, using dummy 'foo:bar'
[WARN ] 2015-10-21 15:56:07,761 [repositories/fiteagle] http://javax.xml.XMLConstants/feature/secure-processing is not a recognized SAX feature. (-1, -1)
[INFO ] 2015-10-21 15:56:07,779 [repositories/fiteagle] POST data to repository
[INFO ] 2015-10-21 15:56:07,779 [repositories/fiteagle] no base URI specified, using dummy 'foo:bar'
[WARN ] 2015-10-21 15:56:07,786 [repositories/fiteagle] http://javax.xml.XMLConstants/feature/secure-processing is not a recognized SAX feature. (-1, -1)
[INFO ] 2015-10-21 15:56:07,832 [repositories/fiteagle] POST data to repository
[INFO ] 2015-10-21 15:56:07,833 [repositories/fiteagle] no base URI specified, using dummy 'foo:bar'
[WARN ] 2015-10-21 15:56:07,834 [repositories/fiteagle] http://javax.xml.XMLConstants/feature/secure-processing is not a recognized SAX feature. (-1, -1)
[INFO ] 2015-10-21 15:56:07,851 [repositories/fiteagle] POST data to repository
[INFO ] 2015-10-21 15:56:07,852 [repositories/fiteagle] no base URI specified, using dummy 'foo:bar'
[WARN ] 2015-10-21 15:56:07,852 [repositories/fiteagle] http://javax.xml.XMLConstants/feature/secure-processing is not a recognized SAX feature. (-1, -1)
[INFO ] 2015-10-21 15:56:07,872 [repositories/fiteagle] POST data to repository
[INFO ] 2015-10-21 15:56:07,872 [repositories/fiteagle] no base URI specified, using dummy 'foo:bar'
[WARN ] 2015-10-21 15:56:07,873 [repositories/fiteagle] http://javax.xml.XMLConstants/feature/secure-processing is not a recognized SAX feature. (-1, -1)
[INFO ] 2015-10-21 15:56:07,886 [repositories/fiteagle] POST data to repository
[INFO ] 2015-10-21 15:56:07,886 [repositories/fiteagle] no base URI specified, using dummy 'foo:bar'
[WARN ] 2015-10-21 15:56:07,887 [repositories/fiteagle] http://javax.xml.XMLConstants/feature/secure-processing is not a recognized SAX feature. (-1, -1)
[INFO ] 2015-10-21 15:57:33,969 [ServerService Thread Pool -- 68] Logback logging API implementation is configured.
[INFO ] 2015-10-21 15:57:41,549 [repositories/fiteagle] GET query -439247579
[INFO ] 2015-10-21 15:57:41,665 [repositories/fiteagle] Request for query -439247579 is finished
[INFO ] 2015-10-21 15:57:42,024 [repositories/fiteagle] POST data to repository
[INFO ] 2015-10-21 15:57:42,030 [repositories/fiteagle] no base URI specified, using dummy 'foo:bar'
[WARN ] 2015-10-21 15:57:42,046 [repositories/fiteagle] http://javax.xml.XMLConstants/feature/secure-processing is not a recognized SAX feature. (-1, -1)
[INFO ] 2015-10-21 15:57:42,061 [repositories/fiteagle] POST data to repository
[INFO ] 2015-10-21 15:57:42,061 [repositories/fiteagle] no base URI specified, using dummy 'foo:bar'
[WARN ] 2015-10-21 15:57:42,062 [repositories/fiteagle] http://javax.xml.XMLConstants/feature/secure-processing is not a recognized SAX feature. (-1, -1)
[INFO ] 2015-10-21 15:57:43,670 [repositories/fiteagle] POST data to repository
[INFO ] 2015-10-21 15:57:43,670 [repositories/fiteagle] no base URI specified, using dummy 'foo:bar'
[WARN ] 2015-10-21 15:57:43,671 [repositories/fiteagle] http://javax.xml.XMLConstants/feature/secure-processing is not a recognized SAX feature. (-1, -1)
[INFO ] 2015-10-21 15:57:46,423 [repositories/fiteagle] GET query -439247579
[INFO ] 2015-10-21 15:57:46,434 [repositories/fiteagle] Request for query -439247579 is finished
[INFO ] 2015-10-21 15:57:46,504 [repositories/fiteagle] POST data to repository
[INFO ] 2015-10-21 15:57:46,504 [repositories/fiteagle] no base URI specified, using dummy 'foo:bar'
[WARN ] 2015-10-21 15:57:46,505 [repositories/fiteagle] http://javax.xml.XMLConstants/feature/secure-processing is not a recognized SAX feature. (-1, -1)
[INFO ] 2015-10-21 15:57:46,520 [repositories/fiteagle] POST data to repository
[INFO ] 2015-10-21 15:57:46,520 [repositories/fiteagle] no base URI specified, using dummy 'foo:bar'
[WARN ] 2015-10-21 15:57:46,521 [repositories/fiteagle] http://javax.xml.XMLConstants/feature/secure-processing is not a recognized SAX feature. (-1, -1)
[INFO ] 2015-10-21 15:57:46,564 [repositories/fiteagle] POST data to repository
[INFO ] 2015-10-21 15:57:46,564 [repositories/fiteagle] no base URI specified, using dummy 'foo:bar'
[WARN ] 2015-10-21 15:57:46,566 [repositories/fiteagle] http://javax.xml.XMLConstants/feature/secure-processing is not a recognized SAX feature. (-1, -1)
[INFO ] 2015-10-21 15:57:46,576 [repositories/fiteagle] POST data to repository
[INFO ] 2015-10-21 15:57:46,576 [repositories/fiteagle] no base URI specified, using dummy 'foo:bar'
[WARN ] 2015-10-21 15:57:46,577 [repositories/fiteagle] http://javax.xml.XMLConstants/feature/secure-processing is not a recognized SAX feature. (-1, -1)
[INFO ] 2015-10-21 15:57:46,603 [repositories/fiteagle] POST data to repository
[INFO ] 2015-10-21 15:57:46,603 [repositories/fiteagle] no base URI specified, using dummy 'foo:bar'
[WARN ] 2015-10-21 15:57:46,605 [repositories/fiteagle] http://javax.xml.XMLConstants/feature/secure-processing is not a recognized SAX feature. (-1, -1)
[INFO ] 2015-10-21 15:57:46,620 [repositories/fiteagle] POST data to repository
[INFO ] 2015-10-21 15:57:46,621 [repositories/fiteagle] no base URI specified, using dummy 'foo:bar'
[WARN ] 2015-10-21 15:57:46,623 [repositories/fiteagle] http://javax.xml.XMLConstants/feature/secure-processing is not a recognized SAX feature. (-1, -1)
[INFO ] 2015-10-21 16:45:55,421 [repositories/fiteagle] POST data to repository
[INFO ] 2015-10-21 16:45:55,422 [repositories/fiteagle] no base URI specified, using dummy 'foo:bar'
[WARN ] 2015-10-21 16:45:55,423 [repositories/fiteagle] http://javax.xml.XMLConstants/feature/secure-processing is not a recognized SAX feature. (-1, -1)
[INFO ] 2015-10-21 16:45:55,655 [repositories/fiteagle] POST data to repository
[INFO ] 2015-10-21 16:45:55,664 [repositories/fiteagle] no base URI specified, using dummy 'foo:bar'
[WARN ] 2015-10-21 16:45:55,665 [repositories/fiteagle] http://javax.xml.XMLConstants/feature/secure-processing is not a recognized SAX feature. (-1, -1)
