[INFO ] 2015-10-29 11:59:13,132 [ServerService Thread Pool -- 74] Logback logging API implementation is configured.
[INFO ] 2015-10-29 11:59:15,034 [repositories/fiteagle] GET query -439247579
[INFO ] 2015-10-29 11:59:15,211 [repositories/fiteagle] Request for query -439247579 is finished
[INFO ] 2015-10-29 11:59:15,293 [repositories/fiteagle] POST data to repository
[INFO ] 2015-10-29 11:59:15,302 [repositories/fiteagle] no base URI specified, using dummy 'foo:bar'
[WARN ] 2015-10-29 11:59:15,322 [repositories/fiteagle] http://javax.xml.XMLConstants/feature/secure-processing is not a recognized SAX feature. (-1, -1)
[INFO ] 2015-10-29 11:59:15,656 [repositories/fiteagle] POST data to repository
[INFO ] 2015-10-29 11:59:15,657 [repositories/fiteagle] no base URI specified, using dummy 'foo:bar'
[WARN ] 2015-10-29 11:59:15,659 [repositories/fiteagle] http://javax.xml.XMLConstants/feature/secure-processing is not a recognized SAX feature. (-1, -1)
[INFO ] 2015-10-29 11:59:17,575 [repositories/fiteagle] POST data to repository
[INFO ] 2015-10-29 11:59:17,576 [repositories/fiteagle] no base URI specified, using dummy 'foo:bar'
[WARN ] 2015-10-29 11:59:17,578 [repositories/fiteagle] http://javax.xml.XMLConstants/feature/secure-processing is not a recognized SAX feature. (-1, -1)
[INFO ] 2015-10-29 11:59:19,904 [repositories/fiteagle] GET query -439247579
[INFO ] 2015-10-29 11:59:19,917 [repositories/fiteagle] Request for query -439247579 is finished
[INFO ] 2015-10-29 11:59:20,009 [repositories/fiteagle] POST data to repository
[INFO ] 2015-10-29 11:59:20,009 [repositories/fiteagle] no base URI specified, using dummy 'foo:bar'
[WARN ] 2015-10-29 11:59:20,011 [repositories/fiteagle] http://javax.xml.XMLConstants/feature/secure-processing is not a recognized SAX feature. (-1, -1)
[INFO ] 2015-10-29 11:59:20,028 [repositories/fiteagle] POST data to repository
[INFO ] 2015-10-29 11:59:20,028 [repositories/fiteagle] no base URI specified, using dummy 'foo:bar'
[WARN ] 2015-10-29 11:59:20,030 [repositories/fiteagle] http://javax.xml.XMLConstants/feature/secure-processing is not a recognized SAX feature. (-1, -1)
[INFO ] 2015-10-29 11:59:20,066 [repositories/fiteagle] POST data to repository
[INFO ] 2015-10-29 11:59:20,066 [repositories/fiteagle] no base URI specified, using dummy 'foo:bar'
[WARN ] 2015-10-29 11:59:20,068 [repositories/fiteagle] http://javax.xml.XMLConstants/feature/secure-processing is not a recognized SAX feature. (-1, -1)
[INFO ] 2015-10-29 11:59:20,080 [repositories/fiteagle] POST data to repository
[INFO ] 2015-10-29 11:59:20,080 [repositories/fiteagle] no base URI specified, using dummy 'foo:bar'
[WARN ] 2015-10-29 11:59:20,081 [repositories/fiteagle] http://javax.xml.XMLConstants/feature/secure-processing is not a recognized SAX feature. (-1, -1)
[INFO ] 2015-10-29 11:59:20,110 [repositories/fiteagle] POST data to repository
[INFO ] 2015-10-29 11:59:20,111 [repositories/fiteagle] no base URI specified, using dummy 'foo:bar'
[WARN ] 2015-10-29 11:59:20,112 [repositories/fiteagle] http://javax.xml.XMLConstants/feature/secure-processing is not a recognized SAX feature. (-1, -1)
[INFO ] 2015-10-29 11:59:20,124 [repositories/fiteagle] POST data to repository
[INFO ] 2015-10-29 11:59:20,124 [repositories/fiteagle] no base URI specified, using dummy 'foo:bar'
[WARN ] 2015-10-29 11:59:20,126 [repositories/fiteagle] http://javax.xml.XMLConstants/feature/secure-processing is not a recognized SAX feature. (-1, -1)
[INFO ] 2015-10-29 12:17:17,532 [ServerService Thread Pool -- 70] Logback logging API implementation is configured.
[INFO ] 2015-10-29 12:17:21,272 [repositories/fiteagle] GET query -439247579
[INFO ] 2015-10-29 12:17:21,485 [repositories/fiteagle] Request for query -439247579 is finished
[INFO ] 2015-10-29 12:17:22,220 [repositories/fiteagle] POST data to repository
[INFO ] 2015-10-29 12:17:22,231 [repositories/fiteagle] no base URI specified, using dummy 'foo:bar'
[WARN ] 2015-10-29 12:17:22,274 [repositories/fiteagle] http://javax.xml.XMLConstants/feature/secure-processing is not a recognized SAX feature. (-1, -1)
[INFO ] 2015-10-29 12:17:23,943 [repositories/fiteagle] POST data to repository
[INFO ] 2015-10-29 12:17:23,943 [repositories/fiteagle] no base URI specified, using dummy 'foo:bar'
[WARN ] 2015-10-29 12:17:23,945 [repositories/fiteagle] http://javax.xml.XMLConstants/feature/secure-processing is not a recognized SAX feature. (-1, -1)
[INFO ] 2015-10-29 12:17:24,906 [repositories/fiteagle] POST data to repository
[INFO ] 2015-10-29 12:17:24,908 [repositories/fiteagle] no base URI specified, using dummy 'foo:bar'
[WARN ] 2015-10-29 12:17:24,910 [repositories/fiteagle] http://javax.xml.XMLConstants/feature/secure-processing is not a recognized SAX feature. (-1, -1)
[INFO ] 2015-10-29 12:17:26,029 [repositories/fiteagle] GET query -439247579
[INFO ] 2015-10-29 12:17:26,040 [repositories/fiteagle] Request for query -439247579 is finished
[INFO ] 2015-10-29 12:17:26,154 [repositories/fiteagle] POST data to repository
[INFO ] 2015-10-29 12:17:26,155 [repositories/fiteagle] no base URI specified, using dummy 'foo:bar'
[WARN ] 2015-10-29 12:17:26,156 [repositories/fiteagle] http://javax.xml.XMLConstants/feature/secure-processing is not a recognized SAX feature. (-1, -1)
[INFO ] 2015-10-29 12:17:26,186 [repositories/fiteagle] POST data to repository
[INFO ] 2015-10-29 12:17:26,186 [repositories/fiteagle] no base URI specified, using dummy 'foo:bar'
[WARN ] 2015-10-29 12:17:26,188 [repositories/fiteagle] http://javax.xml.XMLConstants/feature/secure-processing is not a recognized SAX feature. (-1, -1)
[INFO ] 2015-10-29 12:17:26,244 [repositories/fiteagle] POST data to repository
[INFO ] 2015-10-29 12:17:26,244 [repositories/fiteagle] no base URI specified, using dummy 'foo:bar'
[WARN ] 2015-10-29 12:17:26,245 [repositories/fiteagle] http://javax.xml.XMLConstants/feature/secure-processing is not a recognized SAX feature. (-1, -1)
[INFO ] 2015-10-29 12:17:26,261 [repositories/fiteagle] POST data to repository
[INFO ] 2015-10-29 12:17:26,261 [repositories/fiteagle] no base URI specified, using dummy 'foo:bar'
[WARN ] 2015-10-29 12:17:26,262 [repositories/fiteagle] http://javax.xml.XMLConstants/feature/secure-processing is not a recognized SAX feature. (-1, -1)
[INFO ] 2015-10-29 12:17:26,288 [repositories/fiteagle] POST data to repository
[INFO ] 2015-10-29 12:17:26,288 [repositories/fiteagle] no base URI specified, using dummy 'foo:bar'
[WARN ] 2015-10-29 12:17:26,291 [repositories/fiteagle] http://javax.xml.XMLConstants/feature/secure-processing is not a recognized SAX feature. (-1, -1)
[INFO ] 2015-10-29 12:17:26,312 [repositories/fiteagle] POST data to repository
[INFO ] 2015-10-29 12:17:26,312 [repositories/fiteagle] no base URI specified, using dummy 'foo:bar'
[WARN ] 2015-10-29 12:17:26,313 [repositories/fiteagle] http://javax.xml.XMLConstants/feature/secure-processing is not a recognized SAX feature. (-1, -1)
[INFO ] 2015-10-29 12:17:26,338 [repositories/fiteagle] POST data to repository
[INFO ] 2015-10-29 12:17:26,338 [repositories/fiteagle] no base URI specified, using dummy 'foo:bar'
[WARN ] 2015-10-29 12:17:26,340 [repositories/fiteagle] http://javax.xml.XMLConstants/feature/secure-processing is not a recognized SAX feature. (-1, -1)
[INFO ] 2015-10-29 12:17:26,351 [repositories/fiteagle] POST data to repository
[INFO ] 2015-10-29 12:17:26,351 [repositories/fiteagle] no base URI specified, using dummy 'foo:bar'
[WARN ] 2015-10-29 12:17:26,355 [repositories/fiteagle] http://javax.xml.XMLConstants/feature/secure-processing is not a recognized SAX feature. (-1, -1)
[INFO ] 2015-10-29 12:31:14,714 [repositories/fiteagle] GET query -696079241
[INFO ] 2015-10-29 12:31:14,723 [repositories/fiteagle] Request for query -696079241 is finished
[INFO ] 2015-10-29 12:31:14,752 [repositories/fiteagle] GET query 2105837601
[INFO ] 2015-10-29 12:31:14,787 [repositories/fiteagle] Request for query 2105837601 is finished
[INFO ] 2015-10-29 12:31:14,886 [repositories/fiteagle] POST data to repository
[INFO ] 2015-10-29 12:31:14,887 [repositories/fiteagle] no base URI specified, using dummy 'foo:bar'
[WARN ] 2015-10-29 12:31:14,888 [repositories/fiteagle] http://javax.xml.XMLConstants/feature/secure-processing is not a recognized SAX feature. (-1, -1)
[INFO ] 2015-10-29 12:31:42,419 [repositories/fiteagle] GET query 2139195037
[INFO ] 2015-10-29 12:31:42,426 [repositories/fiteagle] Request for query 2139195037 is finished
[INFO ] 2015-10-29 12:31:42,444 [repositories/fiteagle] GET query 2139195037
[INFO ] 2015-10-29 12:31:42,452 [repositories/fiteagle] Request for query 2139195037 is finished
[INFO ] 2015-10-29 12:31:42,459 [repositories/fiteagle] GET query 779821624
[INFO ] 2015-10-29 12:31:42,461 [repositories/fiteagle] Request for query 779821624 is finished
[INFO ] 2015-10-29 12:31:42,597 [repositories/fiteagle] GET query 2139195037
[INFO ] 2015-10-29 12:31:42,601 [repositories/fiteagle] Request for query 2139195037 is finished
[INFO ] 2015-10-29 12:31:42,609 [repositories/fiteagle] GET query 779821624
[INFO ] 2015-10-29 12:31:42,611 [repositories/fiteagle] Request for query 779821624 is finished
[INFO ] 2015-10-29 12:31:42,621 [repositories/fiteagle] GET query 1505886085
[INFO ] 2015-10-29 12:31:42,623 [repositories/fiteagle] Request for query 1505886085 is finished
[INFO ] 2015-10-29 12:31:42,636 [repositories/fiteagle] GET query -696079241
[INFO ] 2015-10-29 12:31:42,638 [repositories/fiteagle] Request for query -696079241 is finished
[INFO ] 2015-10-29 12:31:42,805 [repositories/fiteagle] POST SPARQL update request to repository
[INFO ] 2015-10-29 12:31:42,845 [repositories/fiteagle] POST data to repository
[INFO ] 2015-10-29 12:31:42,845 [repositories/fiteagle] no base URI specified, using dummy 'foo:bar'
[WARN ] 2015-10-29 12:31:42,846 [repositories/fiteagle] http://javax.xml.XMLConstants/feature/secure-processing is not a recognized SAX feature. (-1, -1)
[INFO ] 2015-10-29 12:31:42,854 [repositories/fiteagle] GET query -1065774677
[INFO ] 2015-10-29 12:31:42,857 [repositories/fiteagle] Request for query -1065774677 is finished
[INFO ] 2015-10-29 12:31:42,864 [repositories/fiteagle] GET query 779821624
[INFO ] 2015-10-29 12:31:42,866 [repositories/fiteagle] Request for query 779821624 is finished
[INFO ] 2015-10-29 12:31:42,875 [repositories/fiteagle] POST SPARQL update request to repository
[INFO ] 2015-10-29 12:31:42,885 [repositories/fiteagle] POST data to repository
[INFO ] 2015-10-29 12:31:42,886 [repositories/fiteagle] no base URI specified, using dummy 'foo:bar'
[WARN ] 2015-10-29 12:31:42,887 [repositories/fiteagle] http://javax.xml.XMLConstants/feature/secure-processing is not a recognized SAX feature. (-1, -1)
[INFO ] 2015-10-29 12:31:42,898 [repositories/fiteagle] GET query -443506900
[INFO ] 2015-10-29 12:31:42,899 [repositories/fiteagle] Request for query -443506900 is finished
[INFO ] 2015-10-29 12:31:42,915 [repositories/fiteagle] GET query -2119470856
[INFO ] 2015-10-29 12:31:42,917 [repositories/fiteagle] Request for query -2119470856 is finished
[INFO ] 2015-10-29 12:31:42,925 [repositories/fiteagle] GET query -567256946
[INFO ] 2015-10-29 12:31:42,928 [repositories/fiteagle] Request for query -567256946 is finished
[INFO ] 2015-10-29 12:31:42,934 [repositories/fiteagle] GET query -1483083819
[INFO ] 2015-10-29 12:31:42,936 [repositories/fiteagle] Request for query -1483083819 is finished
[INFO ] 2015-10-29 12:31:42,945 [repositories/fiteagle] GET query -1469965379
[INFO ] 2015-10-29 12:31:42,947 [repositories/fiteagle] Request for query -1469965379 is finished
[INFO ] 2015-10-29 12:31:42,953 [repositories/fiteagle] GET query -1552632945
[INFO ] 2015-10-29 12:31:42,958 [repositories/fiteagle] Request for query -1552632945 is finished
[INFO ] 2015-10-29 12:31:42,963 [repositories/fiteagle] GET query 2011353068
[INFO ] 2015-10-29 12:31:42,965 [repositories/fiteagle] Request for query 2011353068 is finished
[INFO ] 2015-10-29 12:31:42,973 [repositories/fiteagle] GET query 779821624
[INFO ] 2015-10-29 12:31:42,980 [repositories/fiteagle] Request for query 779821624 is finished
[INFO ] 2015-10-29 12:31:42,982 [repositories/fiteagle] GET query 2105837601
[INFO ] 2015-10-29 12:31:42,984 [repositories/fiteagle] Request for query 2105837601 is finished
[INFO ] 2015-10-29 12:31:42,989 [repositories/fiteagle] GET query -1065774677
[INFO ] 2015-10-29 12:31:42,994 [repositories/fiteagle] Request for query -1065774677 is finished
[INFO ] 2015-10-29 12:31:43,003 [repositories/fiteagle] GET query 1447428629
[INFO ] 2015-10-29 12:31:43,005 [repositories/fiteagle] Request for query 1447428629 is finished
[INFO ] 2015-10-29 12:31:43,015 [repositories/fiteagle] GET query 1156735103
[INFO ] 2015-10-29 12:31:43,022 [repositories/fiteagle] Request for query 1156735103 is finished
[INFO ] 2015-10-29 12:31:43,025 [repositories/fiteagle] GET query 1505886085
[INFO ] 2015-10-29 12:31:43,030 [repositories/fiteagle] Request for query 1505886085 is finished
[INFO ] 2015-10-29 12:31:43,035 [repositories/fiteagle] GET query 672361335
[INFO ] 2015-10-29 12:31:43,037 [repositories/fiteagle] Request for query 672361335 is finished
[INFO ] 2015-10-29 12:31:46,670 [repositories/fiteagle] POST SPARQL update request to repository
[INFO ] 2015-10-29 12:31:46,678 [repositories/fiteagle] Client sent bad request ( 400)
org.openrdf.http.server.ClientHTTPException: MALFORMED QUERY: DELETE WHERE may not contain blank nodes
	at org.openrdf.http.server.repository.statements.StatementsController.getSparqlUpdateResult(StatementsController.java:290)
	at org.openrdf.http.server.repository.statements.StatementsController.handleRequestInternal(StatementsController.java:127)
	at org.springframework.web.servlet.mvc.AbstractController.handleRequest(AbstractController.java:146)
	at org.springframework.web.servlet.mvc.SimpleControllerHandlerAdapter.handle(SimpleControllerHandlerAdapter.java:50)
	at org.springframework.web.servlet.DispatcherServlet.doDispatch(DispatcherServlet.java:943)
	at org.springframework.web.servlet.DispatcherServlet.doService(DispatcherServlet.java:877)
	at org.springframework.web.servlet.FrameworkServlet.processRequest(FrameworkServlet.java:966)
	at org.springframework.web.servlet.FrameworkServlet.doPost(FrameworkServlet.java:868)
	at javax.servlet.http.HttpServlet.service(HttpServlet.java:707)
	at org.springframework.web.servlet.FrameworkServlet.service(FrameworkServlet.java:842)
	at javax.servlet.http.HttpServlet.service(HttpServlet.java:790)
	at io.undertow.servlet.handlers.ServletHandler.handleRequest(ServletHandler.java:86)
	at io.undertow.servlet.handlers.security.ServletSecurityRoleHandler.handleRequest(ServletSecurityRoleHandler.java:62)
	at io.undertow.servlet.handlers.ServletDispatchingHandler.handleRequest(ServletDispatchingHandler.java:36)
	at org.wildfly.extension.undertow.security.SecurityContextAssociationHandler.handleRequest(SecurityContextAssociationHandler.java:78)
	at io.undertow.server.handlers.PredicateHandler.handleRequest(PredicateHandler.java:43)
	at io.undertow.servlet.handlers.security.SSLInformationAssociationHandler.handleRequest(SSLInformationAssociationHandler.java:131)
	at io.undertow.servlet.handlers.security.ServletAuthenticationCallHandler.handleRequest(ServletAuthenticationCallHandler.java:57)
	at io.undertow.server.handlers.PredicateHandler.handleRequest(PredicateHandler.java:43)
	at io.undertow.security.handlers.AbstractConfidentialityHandler.handleRequest(AbstractConfidentialityHandler.java:46)
	at io.undertow.servlet.handlers.security.ServletConfidentialityConstraintHandler.handleRequest(ServletConfidentialityConstraintHandler.java:64)
	at io.undertow.security.handlers.AuthenticationMechanismsHandler.handleRequest(AuthenticationMechanismsHandler.java:58)
	at io.undertow.servlet.handlers.security.CachedAuthenticatedSessionHandler.handleRequest(CachedAuthenticatedSessionHandler.java:72)
	at io.undertow.security.handlers.NotificationReceiverHandler.handleRequest(NotificationReceiverHandler.java:50)
	at io.undertow.security.handlers.SecurityInitialHandler.handleRequest(SecurityInitialHandler.java:76)
	at io.undertow.server.handlers.PredicateHandler.handleRequest(PredicateHandler.java:43)
	at org.wildfly.extension.undertow.security.jacc.JACCContextIdHandler.handleRequest(JACCContextIdHandler.java:61)
	at io.undertow.server.handlers.PredicateHandler.handleRequest(PredicateHandler.java:43)
	at io.undertow.server.handlers.PredicateHandler.handleRequest(PredicateHandler.java:43)
	at io.undertow.servlet.handlers.ServletInitialHandler.handleFirstRequest(ServletInitialHandler.java:282)
	at io.undertow.servlet.handlers.ServletInitialHandler.dispatchRequest(ServletInitialHandler.java:261)
	at io.undertow.servlet.handlers.ServletInitialHandler.access$000(ServletInitialHandler.java:80)
	at io.undertow.servlet.handlers.ServletInitialHandler$1.handleRequest(ServletInitialHandler.java:172)
	at io.undertow.server.Connectors.executeRootHandler(Connectors.java:199)
	at io.undertow.server.HttpServerExchange$1.run(HttpServerExchange.java:774)
	at java.util.concurrent.ThreadPoolExecutor.runWorker(ThreadPoolExecutor.java:1142)
	at java.util.concurrent.ThreadPoolExecutor$Worker.run(ThreadPoolExecutor.java:617)
	at java.lang.Thread.run(Thread.java:745)
[INFO ] 2015-10-29 12:31:46,912 [repositories/fiteagle] POST SPARQL update request to repository
[INFO ] 2015-10-29 12:31:46,913 [repositories/fiteagle] Client sent bad request ( 400)
org.openrdf.http.server.ClientHTTPException: MALFORMED QUERY: DELETE WHERE may not contain blank nodes
	at org.openrdf.http.server.repository.statements.StatementsController.getSparqlUpdateResult(StatementsController.java:290)
	at org.openrdf.http.server.repository.statements.StatementsController.handleRequestInternal(StatementsController.java:127)
	at org.springframework.web.servlet.mvc.AbstractController.handleRequest(AbstractController.java:146)
	at org.springframework.web.servlet.mvc.SimpleControllerHandlerAdapter.handle(SimpleControllerHandlerAdapter.java:50)
	at org.springframework.web.servlet.DispatcherServlet.doDispatch(DispatcherServlet.java:943)
	at org.springframework.web.servlet.DispatcherServlet.doService(DispatcherServlet.java:877)
	at org.springframework.web.servlet.FrameworkServlet.processRequest(FrameworkServlet.java:966)
	at org.springframework.web.servlet.FrameworkServlet.doPost(FrameworkServlet.java:868)
	at javax.servlet.http.HttpServlet.service(HttpServlet.java:707)
	at org.springframework.web.servlet.FrameworkServlet.service(FrameworkServlet.java:842)
	at javax.servlet.http.HttpServlet.service(HttpServlet.java:790)
	at io.undertow.servlet.handlers.ServletHandler.handleRequest(ServletHandler.java:86)
	at io.undertow.servlet.handlers.security.ServletSecurityRoleHandler.handleRequest(ServletSecurityRoleHandler.java:62)
	at io.undertow.servlet.handlers.ServletDispatchingHandler.handleRequest(ServletDispatchingHandler.java:36)
	at org.wildfly.extension.undertow.security.SecurityContextAssociationHandler.handleRequest(SecurityContextAssociationHandler.java:78)
	at io.undertow.server.handlers.PredicateHandler.handleRequest(PredicateHandler.java:43)
	at io.undertow.servlet.handlers.security.SSLInformationAssociationHandler.handleRequest(SSLInformationAssociationHandler.java:131)
	at io.undertow.servlet.handlers.security.ServletAuthenticationCallHandler.handleRequest(ServletAuthenticationCallHandler.java:57)
	at io.undertow.server.handlers.PredicateHandler.handleRequest(PredicateHandler.java:43)
	at io.undertow.security.handlers.AbstractConfidentialityHandler.handleRequest(AbstractConfidentialityHandler.java:46)
	at io.undertow.servlet.handlers.security.ServletConfidentialityConstraintHandler.handleRequest(ServletConfidentialityConstraintHandler.java:64)
	at io.undertow.security.handlers.AuthenticationMechanismsHandler.handleRequest(AuthenticationMechanismsHandler.java:58)
	at io.undertow.servlet.handlers.security.CachedAuthenticatedSessionHandler.handleRequest(CachedAuthenticatedSessionHandler.java:72)
	at io.undertow.security.handlers.NotificationReceiverHandler.handleRequest(NotificationReceiverHandler.java:50)
	at io.undertow.security.handlers.SecurityInitialHandler.handleRequest(SecurityInitialHandler.java:76)
	at io.undertow.server.handlers.PredicateHandler.handleRequest(PredicateHandler.java:43)
	at org.wildfly.extension.undertow.security.jacc.JACCContextIdHandler.handleRequest(JACCContextIdHandler.java:61)
	at io.undertow.server.handlers.PredicateHandler.handleRequest(PredicateHandler.java:43)
	at io.undertow.server.handlers.PredicateHandler.handleRequest(PredicateHandler.java:43)
	at io.undertow.servlet.handlers.ServletInitialHandler.handleFirstRequest(ServletInitialHandler.java:282)
	at io.undertow.servlet.handlers.ServletInitialHandler.dispatchRequest(ServletInitialHandler.java:261)
	at io.undertow.servlet.handlers.ServletInitialHandler.access$000(ServletInitialHandler.java:80)
	at io.undertow.servlet.handlers.ServletInitialHandler$1.handleRequest(ServletInitialHandler.java:172)
	at io.undertow.server.Connectors.executeRootHandler(Connectors.java:199)
	at io.undertow.server.HttpServerExchange$1.run(HttpServerExchange.java:774)
	at java.util.concurrent.ThreadPoolExecutor.runWorker(ThreadPoolExecutor.java:1142)
	at java.util.concurrent.ThreadPoolExecutor$Worker.run(ThreadPoolExecutor.java:617)
	at java.lang.Thread.run(Thread.java:745)
[INFO ] 2015-10-29 12:31:46,936 [repositories/fiteagle] POST SPARQL update request to repository
[INFO ] 2015-10-29 12:31:46,937 [repositories/fiteagle] Client sent bad request ( 400)
org.openrdf.http.server.ClientHTTPException: MALFORMED QUERY: DELETE WHERE may not contain blank nodes
	at org.openrdf.http.server.repository.statements.StatementsController.getSparqlUpdateResult(StatementsController.java:290)
	at org.openrdf.http.server.repository.statements.StatementsController.handleRequestInternal(StatementsController.java:127)
	at org.springframework.web.servlet.mvc.AbstractController.handleRequest(AbstractController.java:146)
	at org.springframework.web.servlet.mvc.SimpleControllerHandlerAdapter.handle(SimpleControllerHandlerAdapter.java:50)
	at org.springframework.web.servlet.DispatcherServlet.doDispatch(DispatcherServlet.java:943)
	at org.springframework.web.servlet.DispatcherServlet.doService(DispatcherServlet.java:877)
	at org.springframework.web.servlet.FrameworkServlet.processRequest(FrameworkServlet.java:966)
	at org.springframework.web.servlet.FrameworkServlet.doPost(FrameworkServlet.java:868)
	at javax.servlet.http.HttpServlet.service(HttpServlet.java:707)
	at org.springframework.web.servlet.FrameworkServlet.service(FrameworkServlet.java:842)
	at javax.servlet.http.HttpServlet.service(HttpServlet.java:790)
	at io.undertow.servlet.handlers.ServletHandler.handleRequest(ServletHandler.java:86)
	at io.undertow.servlet.handlers.security.ServletSecurityRoleHandler.handleRequest(ServletSecurityRoleHandler.java:62)
	at io.undertow.servlet.handlers.ServletDispatchingHandler.handleRequest(ServletDispatchingHandler.java:36)
	at org.wildfly.extension.undertow.security.SecurityContextAssociationHandler.handleRequest(SecurityContextAssociationHandler.java:78)
	at io.undertow.server.handlers.PredicateHandler.handleRequest(PredicateHandler.java:43)
	at io.undertow.servlet.handlers.security.SSLInformationAssociationHandler.handleRequest(SSLInformationAssociationHandler.java:131)
	at io.undertow.servlet.handlers.security.ServletAuthenticationCallHandler.handleRequest(ServletAuthenticationCallHandler.java:57)
	at io.undertow.server.handlers.PredicateHandler.handleRequest(PredicateHandler.java:43)
	at io.undertow.security.handlers.AbstractConfidentialityHandler.handleRequest(AbstractConfidentialityHandler.java:46)
	at io.undertow.servlet.handlers.security.ServletConfidentialityConstraintHandler.handleRequest(ServletConfidentialityConstraintHandler.java:64)
	at io.undertow.security.handlers.AuthenticationMechanismsHandler.handleRequest(AuthenticationMechanismsHandler.java:58)
	at io.undertow.servlet.handlers.security.CachedAuthenticatedSessionHandler.handleRequest(CachedAuthenticatedSessionHandler.java:72)
	at io.undertow.security.handlers.NotificationReceiverHandler.handleRequest(NotificationReceiverHandler.java:50)
	at io.undertow.security.handlers.SecurityInitialHandler.handleRequest(SecurityInitialHandler.java:76)
	at io.undertow.server.handlers.PredicateHandler.handleRequest(PredicateHandler.java:43)
	at org.wildfly.extension.undertow.security.jacc.JACCContextIdHandler.handleRequest(JACCContextIdHandler.java:61)
	at io.undertow.server.handlers.PredicateHandler.handleRequest(PredicateHandler.java:43)
	at io.undertow.server.handlers.PredicateHandler.handleRequest(PredicateHandler.java:43)
	at io.undertow.servlet.handlers.ServletInitialHandler.handleFirstRequest(ServletInitialHandler.java:282)
	at io.undertow.servlet.handlers.ServletInitialHandler.dispatchRequest(ServletInitialHandler.java:261)
	at io.undertow.servlet.handlers.ServletInitialHandler.access$000(ServletInitialHandler.java:80)
	at io.undertow.servlet.handlers.ServletInitialHandler$1.handleRequest(ServletInitialHandler.java:172)
	at io.undertow.server.Connectors.executeRootHandler(Connectors.java:199)
	at io.undertow.server.HttpServerExchange$1.run(HttpServerExchange.java:774)
	at java.util.concurrent.ThreadPoolExecutor.runWorker(ThreadPoolExecutor.java:1142)
	at java.util.concurrent.ThreadPoolExecutor$Worker.run(ThreadPoolExecutor.java:617)
	at java.lang.Thread.run(Thread.java:745)
[INFO ] 2015-10-29 12:31:46,980 [repositories/fiteagle] POST SPARQL update request to repository
[INFO ] 2015-10-29 12:31:46,983 [repositories/fiteagle] Client sent bad request ( 400)
org.openrdf.http.server.ClientHTTPException: MALFORMED QUERY: DELETE WHERE may not contain blank nodes
	at org.openrdf.http.server.repository.statements.StatementsController.getSparqlUpdateResult(StatementsController.java:290)
	at org.openrdf.http.server.repository.statements.StatementsController.handleRequestInternal(StatementsController.java:127)
	at org.springframework.web.servlet.mvc.AbstractController.handleRequest(AbstractController.java:146)
	at org.springframework.web.servlet.mvc.SimpleControllerHandlerAdapter.handle(SimpleControllerHandlerAdapter.java:50)
	at org.springframework.web.servlet.DispatcherServlet.doDispatch(DispatcherServlet.java:943)
	at org.springframework.web.servlet.DispatcherServlet.doService(DispatcherServlet.java:877)
	at org.springframework.web.servlet.FrameworkServlet.processRequest(FrameworkServlet.java:966)
	at org.springframework.web.servlet.FrameworkServlet.doPost(FrameworkServlet.java:868)
	at javax.servlet.http.HttpServlet.service(HttpServlet.java:707)
	at org.springframework.web.servlet.FrameworkServlet.service(FrameworkServlet.java:842)
	at javax.servlet.http.HttpServlet.service(HttpServlet.java:790)
	at io.undertow.servlet.handlers.ServletHandler.handleRequest(ServletHandler.java:86)
	at io.undertow.servlet.handlers.security.ServletSecurityRoleHandler.handleRequest(ServletSecurityRoleHandler.java:62)
	at io.undertow.servlet.handlers.ServletDispatchingHandler.handleRequest(ServletDispatchingHandler.java:36)
	at org.wildfly.extension.undertow.security.SecurityContextAssociationHandler.handleRequest(SecurityContextAssociationHandler.java:78)
	at io.undertow.server.handlers.PredicateHandler.handleRequest(PredicateHandler.java:43)
	at io.undertow.servlet.handlers.security.SSLInformationAssociationHandler.handleRequest(SSLInformationAssociationHandler.java:131)
	at io.undertow.servlet.handlers.security.ServletAuthenticationCallHandler.handleRequest(ServletAuthenticationCallHandler.java:57)
	at io.undertow.server.handlers.PredicateHandler.handleRequest(PredicateHandler.java:43)
	at io.undertow.security.handlers.AbstractConfidentialityHandler.handleRequest(AbstractConfidentialityHandler.java:46)
	at io.undertow.servlet.handlers.security.ServletConfidentialityConstraintHandler.handleRequest(ServletConfidentialityConstraintHandler.java:64)
	at io.undertow.security.handlers.AuthenticationMechanismsHandler.handleRequest(AuthenticationMechanismsHandler.java:58)
	at io.undertow.servlet.handlers.security.CachedAuthenticatedSessionHandler.handleRequest(CachedAuthenticatedSessionHandler.java:72)
	at io.undertow.security.handlers.NotificationReceiverHandler.handleRequest(NotificationReceiverHandler.java:50)
	at io.undertow.security.handlers.SecurityInitialHandler.handleRequest(SecurityInitialHandler.java:76)
	at io.undertow.server.handlers.PredicateHandler.handleRequest(PredicateHandler.java:43)
	at org.wildfly.extension.undertow.security.jacc.JACCContextIdHandler.handleRequest(JACCContextIdHandler.java:61)
	at io.undertow.server.handlers.PredicateHandler.handleRequest(PredicateHandler.java:43)
	at io.undertow.server.handlers.PredicateHandler.handleRequest(PredicateHandler.java:43)
	at io.undertow.servlet.handlers.ServletInitialHandler.handleFirstRequest(ServletInitialHandler.java:282)
	at io.undertow.servlet.handlers.ServletInitialHandler.dispatchRequest(ServletInitialHandler.java:261)
	at io.undertow.servlet.handlers.ServletInitialHandler.access$000(ServletInitialHandler.java:80)
	at io.undertow.servlet.handlers.ServletInitialHandler$1.handleRequest(ServletInitialHandler.java:172)
	at io.undertow.server.Connectors.executeRootHandler(Connectors.java:199)
	at io.undertow.server.HttpServerExchange$1.run(HttpServerExchange.java:774)
	at java.util.concurrent.ThreadPoolExecutor.runWorker(ThreadPoolExecutor.java:1142)
	at java.util.concurrent.ThreadPoolExecutor$Worker.run(ThreadPoolExecutor.java:617)
	at java.lang.Thread.run(Thread.java:745)
[INFO ] 2015-10-29 12:31:47,006 [repositories/fiteagle] POST SPARQL update request to repository
[INFO ] 2015-10-29 12:31:47,007 [repositories/fiteagle] Client sent bad request ( 400)
org.openrdf.http.server.ClientHTTPException: MALFORMED QUERY: DELETE WHERE may not contain blank nodes
	at org.openrdf.http.server.repository.statements.StatementsController.getSparqlUpdateResult(StatementsController.java:290)
	at org.openrdf.http.server.repository.statements.StatementsController.handleRequestInternal(StatementsController.java:127)
	at org.springframework.web.servlet.mvc.AbstractController.handleRequest(AbstractController.java:146)
	at org.springframework.web.servlet.mvc.SimpleControllerHandlerAdapter.handle(SimpleControllerHandlerAdapter.java:50)
	at org.springframework.web.servlet.DispatcherServlet.doDispatch(DispatcherServlet.java:943)
	at org.springframework.web.servlet.DispatcherServlet.doService(DispatcherServlet.java:877)
	at org.springframework.web.servlet.FrameworkServlet.processRequest(FrameworkServlet.java:966)
	at org.springframework.web.servlet.FrameworkServlet.doPost(FrameworkServlet.java:868)
	at javax.servlet.http.HttpServlet.service(HttpServlet.java:707)
	at org.springframework.web.servlet.FrameworkServlet.service(FrameworkServlet.java:842)
	at javax.servlet.http.HttpServlet.service(HttpServlet.java:790)
	at io.undertow.servlet.handlers.ServletHandler.handleRequest(ServletHandler.java:86)
	at io.undertow.servlet.handlers.security.ServletSecurityRoleHandler.handleRequest(ServletSecurityRoleHandler.java:62)
	at io.undertow.servlet.handlers.ServletDispatchingHandler.handleRequest(ServletDispatchingHandler.java:36)
	at org.wildfly.extension.undertow.security.SecurityContextAssociationHandler.handleRequest(SecurityContextAssociationHandler.java:78)
	at io.undertow.server.handlers.PredicateHandler.handleRequest(PredicateHandler.java:43)
	at io.undertow.servlet.handlers.security.SSLInformationAssociationHandler.handleRequest(SSLInformationAssociationHandler.java:131)
	at io.undertow.servlet.handlers.security.ServletAuthenticationCallHandler.handleRequest(ServletAuthenticationCallHandler.java:57)
	at io.undertow.server.handlers.PredicateHandler.handleRequest(PredicateHandler.java:43)
	at io.undertow.security.handlers.AbstractConfidentialityHandler.handleRequest(AbstractConfidentialityHandler.java:46)
	at io.undertow.servlet.handlers.security.ServletConfidentialityConstraintHandler.handleRequest(ServletConfidentialityConstraintHandler.java:64)
	at io.undertow.security.handlers.AuthenticationMechanismsHandler.handleRequest(AuthenticationMechanismsHandler.java:58)
	at io.undertow.servlet.handlers.security.CachedAuthenticatedSessionHandler.handleRequest(CachedAuthenticatedSessionHandler.java:72)
	at io.undertow.security.handlers.NotificationReceiverHandler.handleRequest(NotificationReceiverHandler.java:50)
	at io.undertow.security.handlers.SecurityInitialHandler.handleRequest(SecurityInitialHandler.java:76)
	at io.undertow.server.handlers.PredicateHandler.handleRequest(PredicateHandler.java:43)
	at org.wildfly.extension.undertow.security.jacc.JACCContextIdHandler.handleRequest(JACCContextIdHandler.java:61)
	at io.undertow.server.handlers.PredicateHandler.handleRequest(PredicateHandler.java:43)
	at io.undertow.server.handlers.PredicateHandler.handleRequest(PredicateHandler.java:43)
	at io.undertow.servlet.handlers.ServletInitialHandler.handleFirstRequest(ServletInitialHandler.java:282)
	at io.undertow.servlet.handlers.ServletInitialHandler.dispatchRequest(ServletInitialHandler.java:261)
	at io.undertow.servlet.handlers.ServletInitialHandler.access$000(ServletInitialHandler.java:80)
	at io.undertow.servlet.handlers.ServletInitialHandler$1.handleRequest(ServletInitialHandler.java:172)
	at io.undertow.server.Connectors.executeRootHandler(Connectors.java:199)
	at io.undertow.server.HttpServerExchange$1.run(HttpServerExchange.java:774)
	at java.util.concurrent.ThreadPoolExecutor.runWorker(ThreadPoolExecutor.java:1142)
	at java.util.concurrent.ThreadPoolExecutor$Worker.run(ThreadPoolExecutor.java:617)
	at java.lang.Thread.run(Thread.java:745)
[INFO ] 2015-10-29 12:31:47,030 [repositories/fiteagle] POST SPARQL update request to repository
[INFO ] 2015-10-29 12:31:47,032 [repositories/fiteagle] Client sent bad request ( 400)
org.openrdf.http.server.ClientHTTPException: MALFORMED QUERY: DELETE WHERE may not contain blank nodes
	at org.openrdf.http.server.repository.statements.StatementsController.getSparqlUpdateResult(StatementsController.java:290)
	at org.openrdf.http.server.repository.statements.StatementsController.handleRequestInternal(StatementsController.java:127)
	at org.springframework.web.servlet.mvc.AbstractController.handleRequest(AbstractController.java:146)
	at org.springframework.web.servlet.mvc.SimpleControllerHandlerAdapter.handle(SimpleControllerHandlerAdapter.java:50)
	at org.springframework.web.servlet.DispatcherServlet.doDispatch(DispatcherServlet.java:943)
	at org.springframework.web.servlet.DispatcherServlet.doService(DispatcherServlet.java:877)
	at org.springframework.web.servlet.FrameworkServlet.processRequest(FrameworkServlet.java:966)
	at org.springframework.web.servlet.FrameworkServlet.doPost(FrameworkServlet.java:868)
	at javax.servlet.http.HttpServlet.service(HttpServlet.java:707)
	at org.springframework.web.servlet.FrameworkServlet.service(FrameworkServlet.java:842)
	at javax.servlet.http.HttpServlet.service(HttpServlet.java:790)
	at io.undertow.servlet.handlers.ServletHandler.handleRequest(ServletHandler.java:86)
	at io.undertow.servlet.handlers.security.ServletSecurityRoleHandler.handleRequest(ServletSecurityRoleHandler.java:62)
	at io.undertow.servlet.handlers.ServletDispatchingHandler.handleRequest(ServletDispatchingHandler.java:36)
	at org.wildfly.extension.undertow.security.SecurityContextAssociationHandler.handleRequest(SecurityContextAssociationHandler.java:78)
	at io.undertow.server.handlers.PredicateHandler.handleRequest(PredicateHandler.java:43)
	at io.undertow.servlet.handlers.security.SSLInformationAssociationHandler.handleRequest(SSLInformationAssociationHandler.java:131)
	at io.undertow.servlet.handlers.security.ServletAuthenticationCallHandler.handleRequest(ServletAuthenticationCallHandler.java:57)
	at io.undertow.server.handlers.PredicateHandler.handleRequest(PredicateHandler.java:43)
	at io.undertow.security.handlers.AbstractConfidentialityHandler.handleRequest(AbstractConfidentialityHandler.java:46)
	at io.undertow.servlet.handlers.security.ServletConfidentialityConstraintHandler.handleRequest(ServletConfidentialityConstraintHandler.java:64)
	at io.undertow.security.handlers.AuthenticationMechanismsHandler.handleRequest(AuthenticationMechanismsHandler.java:58)
	at io.undertow.servlet.handlers.security.CachedAuthenticatedSessionHandler.handleRequest(CachedAuthenticatedSessionHandler.java:72)
	at io.undertow.security.handlers.NotificationReceiverHandler.handleRequest(NotificationReceiverHandler.java:50)
	at io.undertow.security.handlers.SecurityInitialHandler.handleRequest(SecurityInitialHandler.java:76)
	at io.undertow.server.handlers.PredicateHandler.handleRequest(PredicateHandler.java:43)
	at org.wildfly.extension.undertow.security.jacc.JACCContextIdHandler.handleRequest(JACCContextIdHandler.java:61)
	at io.undertow.server.handlers.PredicateHandler.handleRequest(PredicateHandler.java:43)
	at io.undertow.server.handlers.PredicateHandler.handleRequest(PredicateHandler.java:43)
	at io.undertow.servlet.handlers.ServletInitialHandler.handleFirstRequest(ServletInitialHandler.java:282)
	at io.undertow.servlet.handlers.ServletInitialHandler.dispatchRequest(ServletInitialHandler.java:261)
	at io.undertow.servlet.handlers.ServletInitialHandler.access$000(ServletInitialHandler.java:80)
	at io.undertow.servlet.handlers.ServletInitialHandler$1.handleRequest(ServletInitialHandler.java:172)
	at io.undertow.server.Connectors.executeRootHandler(Connectors.java:199)
	at io.undertow.server.HttpServerExchange$1.run(HttpServerExchange.java:774)
	at java.util.concurrent.ThreadPoolExecutor.runWorker(ThreadPoolExecutor.java:1142)
	at java.util.concurrent.ThreadPoolExecutor$Worker.run(ThreadPoolExecutor.java:617)
	at java.lang.Thread.run(Thread.java:745)
[INFO ] 2015-10-29 12:31:47,052 [repositories/fiteagle] POST SPARQL update request to repository
[INFO ] 2015-10-29 12:31:47,053 [repositories/fiteagle] Client sent bad request ( 400)
org.openrdf.http.server.ClientHTTPException: MALFORMED QUERY: DELETE WHERE may not contain blank nodes
	at org.openrdf.http.server.repository.statements.StatementsController.getSparqlUpdateResult(StatementsController.java:290)
	at org.openrdf.http.server.repository.statements.StatementsController.handleRequestInternal(StatementsController.java:127)
	at org.springframework.web.servlet.mvc.AbstractController.handleRequest(AbstractController.java:146)
	at org.springframework.web.servlet.mvc.SimpleControllerHandlerAdapter.handle(SimpleControllerHandlerAdapter.java:50)
	at org.springframework.web.servlet.DispatcherServlet.doDispatch(DispatcherServlet.java:943)
	at org.springframework.web.servlet.DispatcherServlet.doService(DispatcherServlet.java:877)
	at org.springframework.web.servlet.FrameworkServlet.processRequest(FrameworkServlet.java:966)
	at org.springframework.web.servlet.FrameworkServlet.doPost(FrameworkServlet.java:868)
	at javax.servlet.http.HttpServlet.service(HttpServlet.java:707)
	at org.springframework.web.servlet.FrameworkServlet.service(FrameworkServlet.java:842)
	at javax.servlet.http.HttpServlet.service(HttpServlet.java:790)
	at io.undertow.servlet.handlers.ServletHandler.handleRequest(ServletHandler.java:86)
	at io.undertow.servlet.handlers.security.ServletSecurityRoleHandler.handleRequest(ServletSecurityRoleHandler.java:62)
	at io.undertow.servlet.handlers.ServletDispatchingHandler.handleRequest(ServletDispatchingHandler.java:36)
	at org.wildfly.extension.undertow.security.SecurityContextAssociationHandler.handleRequest(SecurityContextAssociationHandler.java:78)
	at io.undertow.server.handlers.PredicateHandler.handleRequest(PredicateHandler.java:43)
	at io.undertow.servlet.handlers.security.SSLInformationAssociationHandler.handleRequest(SSLInformationAssociationHandler.java:131)
	at io.undertow.servlet.handlers.security.ServletAuthenticationCallHandler.handleRequest(ServletAuthenticationCallHandler.java:57)
	at io.undertow.server.handlers.PredicateHandler.handleRequest(PredicateHandler.java:43)
	at io.undertow.security.handlers.AbstractConfidentialityHandler.handleRequest(AbstractConfidentialityHandler.java:46)
	at io.undertow.servlet.handlers.security.ServletConfidentialityConstraintHandler.handleRequest(ServletConfidentialityConstraintHandler.java:64)
	at io.undertow.security.handlers.AuthenticationMechanismsHandler.handleRequest(AuthenticationMechanismsHandler.java:58)
	at io.undertow.servlet.handlers.security.CachedAuthenticatedSessionHandler.handleRequest(CachedAuthenticatedSessionHandler.java:72)
	at io.undertow.security.handlers.NotificationReceiverHandler.handleRequest(NotificationReceiverHandler.java:50)
	at io.undertow.security.handlers.SecurityInitialHandler.handleRequest(SecurityInitialHandler.java:76)
	at io.undertow.server.handlers.PredicateHandler.handleRequest(PredicateHandler.java:43)
	at org.wildfly.extension.undertow.security.jacc.JACCContextIdHandler.handleRequest(JACCContextIdHandler.java:61)
	at io.undertow.server.handlers.PredicateHandler.handleRequest(PredicateHandler.java:43)
	at io.undertow.server.handlers.PredicateHandler.handleRequest(PredicateHandler.java:43)
	at io.undertow.servlet.handlers.ServletInitialHandler.handleFirstRequest(ServletInitialHandler.java:282)
	at io.undertow.servlet.handlers.ServletInitialHandler.dispatchRequest(ServletInitialHandler.java:261)
	at io.undertow.servlet.handlers.ServletInitialHandler.access$000(ServletInitialHandler.java:80)
	at io.undertow.servlet.handlers.ServletInitialHandler$1.handleRequest(ServletInitialHandler.java:172)
	at io.undertow.server.Connectors.executeRootHandler(Connectors.java:199)
	at io.undertow.server.HttpServerExchange$1.run(HttpServerExchange.java:774)
	at java.util.concurrent.ThreadPoolExecutor.runWorker(ThreadPoolExecutor.java:1142)
	at java.util.concurrent.ThreadPoolExecutor$Worker.run(ThreadPoolExecutor.java:617)
	at java.lang.Thread.run(Thread.java:745)
[INFO ] 2015-10-29 12:31:47,088 [repositories/fiteagle] POST SPARQL update request to repository
[INFO ] 2015-10-29 12:31:47,089 [repositories/fiteagle] Client sent bad request ( 400)
org.openrdf.http.server.ClientHTTPException: MALFORMED QUERY: DELETE WHERE may not contain blank nodes
	at org.openrdf.http.server.repository.statements.StatementsController.getSparqlUpdateResult(StatementsController.java:290)
	at org.openrdf.http.server.repository.statements.StatementsController.handleRequestInternal(StatementsController.java:127)
	at org.springframework.web.servlet.mvc.AbstractController.handleRequest(AbstractController.java:146)
	at org.springframework.web.servlet.mvc.SimpleControllerHandlerAdapter.handle(SimpleControllerHandlerAdapter.java:50)
	at org.springframework.web.servlet.DispatcherServlet.doDispatch(DispatcherServlet.java:943)
	at org.springframework.web.servlet.DispatcherServlet.doService(DispatcherServlet.java:877)
	at org.springframework.web.servlet.FrameworkServlet.processRequest(FrameworkServlet.java:966)
	at org.springframework.web.servlet.FrameworkServlet.doPost(FrameworkServlet.java:868)
	at javax.servlet.http.HttpServlet.service(HttpServlet.java:707)
	at org.springframework.web.servlet.FrameworkServlet.service(FrameworkServlet.java:842)
	at javax.servlet.http.HttpServlet.service(HttpServlet.java:790)
	at io.undertow.servlet.handlers.ServletHandler.handleRequest(ServletHandler.java:86)
	at io.undertow.servlet.handlers.security.ServletSecurityRoleHandler.handleRequest(ServletSecurityRoleHandler.java:62)
	at io.undertow.servlet.handlers.ServletDispatchingHandler.handleRequest(ServletDispatchingHandler.java:36)
	at org.wildfly.extension.undertow.security.SecurityContextAssociationHandler.handleRequest(SecurityContextAssociationHandler.java:78)
	at io.undertow.server.handlers.PredicateHandler.handleRequest(PredicateHandler.java:43)
	at io.undertow.servlet.handlers.security.SSLInformationAssociationHandler.handleRequest(SSLInformationAssociationHandler.java:131)
	at io.undertow.servlet.handlers.security.ServletAuthenticationCallHandler.handleRequest(ServletAuthenticationCallHandler.java:57)
	at io.undertow.server.handlers.PredicateHandler.handleRequest(PredicateHandler.java:43)
	at io.undertow.security.handlers.AbstractConfidentialityHandler.handleRequest(AbstractConfidentialityHandler.java:46)
	at io.undertow.servlet.handlers.security.ServletConfidentialityConstraintHandler.handleRequest(ServletConfidentialityConstraintHandler.java:64)
	at io.undertow.security.handlers.AuthenticationMechanismsHandler.handleRequest(AuthenticationMechanismsHandler.java:58)
	at io.undertow.servlet.handlers.security.CachedAuthenticatedSessionHandler.handleRequest(CachedAuthenticatedSessionHandler.java:72)
	at io.undertow.security.handlers.NotificationReceiverHandler.handleRequest(NotificationReceiverHandler.java:50)
	at io.undertow.security.handlers.SecurityInitialHandler.handleRequest(SecurityInitialHandler.java:76)
	at io.undertow.server.handlers.PredicateHandler.handleRequest(PredicateHandler.java:43)
	at org.wildfly.extension.undertow.security.jacc.JACCContextIdHandler.handleRequest(JACCContextIdHandler.java:61)
	at io.undertow.server.handlers.PredicateHandler.handleRequest(PredicateHandler.java:43)
	at io.undertow.server.handlers.PredicateHandler.handleRequest(PredicateHandler.java:43)
	at io.undertow.servlet.handlers.ServletInitialHandler.handleFirstRequest(ServletInitialHandler.java:282)
	at io.undertow.servlet.handlers.ServletInitialHandler.dispatchRequest(ServletInitialHandler.java:261)
	at io.undertow.servlet.handlers.ServletInitialHandler.access$000(ServletInitialHandler.java:80)
	at io.undertow.servlet.handlers.ServletInitialHandler$1.handleRequest(ServletInitialHandler.java:172)
	at io.undertow.server.Connectors.executeRootHandler(Connectors.java:199)
	at io.undertow.server.HttpServerExchange$1.run(HttpServerExchange.java:774)
	at java.util.concurrent.ThreadPoolExecutor.runWorker(ThreadPoolExecutor.java:1142)
	at java.util.concurrent.ThreadPoolExecutor$Worker.run(ThreadPoolExecutor.java:617)
	at java.lang.Thread.run(Thread.java:745)
[INFO ] 2015-10-29 12:31:47,115 [repositories/fiteagle] POST SPARQL update request to repository
[INFO ] 2015-10-29 12:31:47,116 [repositories/fiteagle] Client sent bad request ( 400)
org.openrdf.http.server.ClientHTTPException: MALFORMED QUERY: DELETE WHERE may not contain blank nodes
	at org.openrdf.http.server.repository.statements.StatementsController.getSparqlUpdateResult(StatementsController.java:290)
	at org.openrdf.http.server.repository.statements.StatementsController.handleRequestInternal(StatementsController.java:127)
	at org.springframework.web.servlet.mvc.AbstractController.handleRequest(AbstractController.java:146)
	at org.springframework.web.servlet.mvc.SimpleControllerHandlerAdapter.handle(SimpleControllerHandlerAdapter.java:50)
	at org.springframework.web.servlet.DispatcherServlet.doDispatch(DispatcherServlet.java:943)
	at org.springframework.web.servlet.DispatcherServlet.doService(DispatcherServlet.java:877)
	at org.springframework.web.servlet.FrameworkServlet.processRequest(FrameworkServlet.java:966)
	at org.springframework.web.servlet.FrameworkServlet.doPost(FrameworkServlet.java:868)
	at javax.servlet.http.HttpServlet.service(HttpServlet.java:707)
	at org.springframework.web.servlet.FrameworkServlet.service(FrameworkServlet.java:842)
	at javax.servlet.http.HttpServlet.service(HttpServlet.java:790)
	at io.undertow.servlet.handlers.ServletHandler.handleRequest(ServletHandler.java:86)
	at io.undertow.servlet.handlers.security.ServletSecurityRoleHandler.handleRequest(ServletSecurityRoleHandler.java:62)
	at io.undertow.servlet.handlers.ServletDispatchingHandler.handleRequest(ServletDispatchingHandler.java:36)
	at org.wildfly.extension.undertow.security.SecurityContextAssociationHandler.handleRequest(SecurityContextAssociationHandler.java:78)
	at io.undertow.server.handlers.PredicateHandler.handleRequest(PredicateHandler.java:43)
	at io.undertow.servlet.handlers.security.SSLInformationAssociationHandler.handleRequest(SSLInformationAssociationHandler.java:131)
	at io.undertow.servlet.handlers.security.ServletAuthenticationCallHandler.handleRequest(ServletAuthenticationCallHandler.java:57)
	at io.undertow.server.handlers.PredicateHandler.handleRequest(PredicateHandler.java:43)
	at io.undertow.security.handlers.AbstractConfidentialityHandler.handleRequest(AbstractConfidentialityHandler.java:46)
	at io.undertow.servlet.handlers.security.ServletConfidentialityConstraintHandler.handleRequest(ServletConfidentialityConstraintHandler.java:64)
	at io.undertow.security.handlers.AuthenticationMechanismsHandler.handleRequest(AuthenticationMechanismsHandler.java:58)
	at io.undertow.servlet.handlers.security.CachedAuthenticatedSessionHandler.handleRequest(CachedAuthenticatedSessionHandler.java:72)
	at io.undertow.security.handlers.NotificationReceiverHandler.handleRequest(NotificationReceiverHandler.java:50)
	at io.undertow.security.handlers.SecurityInitialHandler.handleRequest(SecurityInitialHandler.java:76)
	at io.undertow.server.handlers.PredicateHandler.handleRequest(PredicateHandler.java:43)
	at org.wildfly.extension.undertow.security.jacc.JACCContextIdHandler.handleRequest(JACCContextIdHandler.java:61)
	at io.undertow.server.handlers.PredicateHandler.handleRequest(PredicateHandler.java:43)
	at io.undertow.server.handlers.PredicateHandler.handleRequest(PredicateHandler.java:43)
	at io.undertow.servlet.handlers.ServletInitialHandler.handleFirstRequest(ServletInitialHandler.java:282)
	at io.undertow.servlet.handlers.ServletInitialHandler.dispatchRequest(ServletInitialHandler.java:261)
	at io.undertow.servlet.handlers.ServletInitialHandler.access$000(ServletInitialHandler.java:80)
	at io.undertow.servlet.handlers.ServletInitialHandler$1.handleRequest(ServletInitialHandler.java:172)
	at io.undertow.server.Connectors.executeRootHandler(Connectors.java:199)
	at io.undertow.server.HttpServerExchange$1.run(HttpServerExchange.java:774)
	at java.util.concurrent.ThreadPoolExecutor.runWorker(ThreadPoolExecutor.java:1142)
	at java.util.concurrent.ThreadPoolExecutor$Worker.run(ThreadPoolExecutor.java:617)
	at java.lang.Thread.run(Thread.java:745)
[INFO ] 2015-10-29 12:31:47,143 [repositories/fiteagle] POST SPARQL update request to repository
[INFO ] 2015-10-29 12:31:47,145 [repositories/fiteagle] Client sent bad request ( 400)
org.openrdf.http.server.ClientHTTPException: MALFORMED QUERY: DELETE WHERE may not contain blank nodes
	at org.openrdf.http.server.repository.statements.StatementsController.getSparqlUpdateResult(StatementsController.java:290)
	at org.openrdf.http.server.repository.statements.StatementsController.handleRequestInternal(StatementsController.java:127)
	at org.springframework.web.servlet.mvc.AbstractController.handleRequest(AbstractController.java:146)
	at org.springframework.web.servlet.mvc.SimpleControllerHandlerAdapter.handle(SimpleControllerHandlerAdapter.java:50)
	at org.springframework.web.servlet.DispatcherServlet.doDispatch(DispatcherServlet.java:943)
	at org.springframework.web.servlet.DispatcherServlet.doService(DispatcherServlet.java:877)
	at org.springframework.web.servlet.FrameworkServlet.processRequest(FrameworkServlet.java:966)
	at org.springframework.web.servlet.FrameworkServlet.doPost(FrameworkServlet.java:868)
	at javax.servlet.http.HttpServlet.service(HttpServlet.java:707)
	at org.springframework.web.servlet.FrameworkServlet.service(FrameworkServlet.java:842)
	at javax.servlet.http.HttpServlet.service(HttpServlet.java:790)
	at io.undertow.servlet.handlers.ServletHandler.handleRequest(ServletHandler.java:86)
	at io.undertow.servlet.handlers.security.ServletSecurityRoleHandler.handleRequest(ServletSecurityRoleHandler.java:62)
	at io.undertow.servlet.handlers.ServletDispatchingHandler.handleRequest(ServletDispatchingHandler.java:36)
	at org.wildfly.extension.undertow.security.SecurityContextAssociationHandler.handleRequest(SecurityContextAssociationHandler.java:78)
	at io.undertow.server.handlers.PredicateHandler.handleRequest(PredicateHandler.java:43)
	at io.undertow.servlet.handlers.security.SSLInformationAssociationHandler.handleRequest(SSLInformationAssociationHandler.java:131)
	at io.undertow.servlet.handlers.security.ServletAuthenticationCallHandler.handleRequest(ServletAuthenticationCallHandler.java:57)
	at io.undertow.server.handlers.PredicateHandler.handleRequest(PredicateHandler.java:43)
	at io.undertow.security.handlers.AbstractConfidentialityHandler.handleRequest(AbstractConfidentialityHandler.java:46)
	at io.undertow.servlet.handlers.security.ServletConfidentialityConstraintHandler.handleRequest(ServletConfidentialityConstraintHandler.java:64)
	at io.undertow.security.handlers.AuthenticationMechanismsHandler.handleRequest(AuthenticationMechanismsHandler.java:58)
	at io.undertow.servlet.handlers.security.CachedAuthenticatedSessionHandler.handleRequest(CachedAuthenticatedSessionHandler.java:72)
	at io.undertow.security.handlers.NotificationReceiverHandler.handleRequest(NotificationReceiverHandler.java:50)
	at io.undertow.security.handlers.SecurityInitialHandler.handleRequest(SecurityInitialHandler.java:76)
	at io.undertow.server.handlers.PredicateHandler.handleRequest(PredicateHandler.java:43)
	at org.wildfly.extension.undertow.security.jacc.JACCContextIdHandler.handleRequest(JACCContextIdHandler.java:61)
	at io.undertow.server.handlers.PredicateHandler.handleRequest(PredicateHandler.java:43)
	at io.undertow.server.handlers.PredicateHandler.handleRequest(PredicateHandler.java:43)
	at io.undertow.servlet.handlers.ServletInitialHandler.handleFirstRequest(ServletInitialHandler.java:282)
	at io.undertow.servlet.handlers.ServletInitialHandler.dispatchRequest(ServletInitialHandler.java:261)
	at io.undertow.servlet.handlers.ServletInitialHandler.access$000(ServletInitialHandler.java:80)
	at io.undertow.servlet.handlers.ServletInitialHandler$1.handleRequest(ServletInitialHandler.java:172)
	at io.undertow.server.Connectors.executeRootHandler(Connectors.java:199)
	at io.undertow.server.HttpServerExchange$1.run(HttpServerExchange.java:774)
	at java.util.concurrent.ThreadPoolExecutor.runWorker(ThreadPoolExecutor.java:1142)
	at java.util.concurrent.ThreadPoolExecutor$Worker.run(ThreadPoolExecutor.java:617)
	at java.lang.Thread.run(Thread.java:745)
[INFO ] 2015-10-29 12:32:36,311 [repositories/fiteagle] GET query 2139195037
[INFO ] 2015-10-29 12:32:36,313 [repositories/fiteagle] Request for query 2139195037 is finished
[INFO ] 2015-10-29 12:32:36,320 [repositories/fiteagle] GET query 779821624
[INFO ] 2015-10-29 12:32:36,322 [repositories/fiteagle] Request for query 779821624 is finished
[INFO ] 2015-10-29 12:32:36,330 [repositories/fiteagle] GET query 2139195037
[INFO ] 2015-10-29 12:32:36,332 [repositories/fiteagle] Request for query 2139195037 is finished
[INFO ] 2015-10-29 12:32:36,340 [repositories/fiteagle] GET query -1065774677
[INFO ] 2015-10-29 12:32:36,342 [repositories/fiteagle] Request for query -1065774677 is finished
[INFO ] 2015-10-29 12:32:36,351 [repositories/fiteagle] GET query 2139195037
[INFO ] 2015-10-29 12:32:36,354 [repositories/fiteagle] Request for query 2139195037 is finished
[INFO ] 2015-10-29 12:32:36,360 [repositories/fiteagle] GET query 779821624
[INFO ] 2015-10-29 12:32:36,362 [repositories/fiteagle] Request for query 779821624 is finished
[INFO ] 2015-10-29 12:32:36,373 [repositories/fiteagle] GET query -696079241
[INFO ] 2015-10-29 12:32:36,376 [repositories/fiteagle] Request for query -696079241 is finished
