[INFO ] 2016-03-24 14:37:12,667 [ServerService Thread Pool -- 68] Logback logging API implementation is configured.
[INFO ] 2016-03-24 14:37:15,019 [repositories/fiteagle] POST data to repository
[INFO ] 2016-03-24 14:37:15,054 [repositories/fiteagle] no base URI specified, using dummy 'foo:bar'
[WARN ] 2016-03-24 14:37:15,130 [repositories/fiteagle] http://javax.xml.XMLConstants/feature/secure-processing is not a recognized SAX feature. (-1, -1)
[INFO ] 2016-03-24 14:37:18,269 [repositories/fiteagle] POST data to repository
[INFO ] 2016-03-24 14:37:18,280 [repositories/fiteagle] no base URI specified, using dummy 'foo:bar'
[WARN ] 2016-03-24 14:37:18,282 [repositories/fiteagle] http://javax.xml.XMLConstants/feature/secure-processing is not a recognized SAX feature. (-1, -1)
[INFO ] 2016-03-24 14:37:19,399 [repositories/fiteagle] POST data to repository
[INFO ] 2016-03-24 14:37:19,400 [repositories/fiteagle] no base URI specified, using dummy 'foo:bar'
[WARN ] 2016-03-24 14:37:19,401 [repositories/fiteagle] http://javax.xml.XMLConstants/feature/secure-processing is not a recognized SAX feature. (-1, -1)
[INFO ] 2016-03-24 14:37:23,807 [repositories/fiteagle] GET query -439247579
[INFO ] 2016-03-24 14:37:23,964 [repositories/fiteagle] Request for query -439247579 is finished
[INFO ] 2016-03-24 14:37:24,063 [repositories/fiteagle] POST data to repository
[INFO ] 2016-03-24 14:37:24,063 [repositories/fiteagle] no base URI specified, using dummy 'foo:bar'
[WARN ] 2016-03-24 14:37:24,066 [repositories/fiteagle] http://javax.xml.XMLConstants/feature/secure-processing is not a recognized SAX feature. (-1, -1)
[INFO ] 2016-03-24 14:37:24,107 [repositories/fiteagle] POST data to repository
[INFO ] 2016-03-24 14:37:24,107 [repositories/fiteagle] no base URI specified, using dummy 'foo:bar'
[WARN ] 2016-03-24 14:37:24,108 [repositories/fiteagle] http://javax.xml.XMLConstants/feature/secure-processing is not a recognized SAX feature. (-1, -1)
[INFO ] 2016-03-24 14:37:24,181 [repositories/fiteagle] POST data to repository
[INFO ] 2016-03-24 14:37:24,182 [repositories/fiteagle] no base URI specified, using dummy 'foo:bar'
[WARN ] 2016-03-24 14:37:24,183 [repositories/fiteagle] http://javax.xml.XMLConstants/feature/secure-processing is not a recognized SAX feature. (-1, -1)
[INFO ] 2016-03-24 14:37:24,206 [repositories/fiteagle] POST data to repository
[INFO ] 2016-03-24 14:37:24,207 [repositories/fiteagle] no base URI specified, using dummy 'foo:bar'
[WARN ] 2016-03-24 14:37:24,209 [repositories/fiteagle] http://javax.xml.XMLConstants/feature/secure-processing is not a recognized SAX feature. (-1, -1)
[INFO ] 2016-03-24 14:37:24,262 [repositories/fiteagle] POST data to repository
[INFO ] 2016-03-24 14:37:24,262 [repositories/fiteagle] no base URI specified, using dummy 'foo:bar'
[WARN ] 2016-03-24 14:37:24,266 [repositories/fiteagle] http://javax.xml.XMLConstants/feature/secure-processing is not a recognized SAX feature. (-1, -1)
[INFO ] 2016-03-24 14:37:24,285 [repositories/fiteagle] POST data to repository
[INFO ] 2016-03-24 14:37:24,285 [repositories/fiteagle] no base URI specified, using dummy 'foo:bar'
[WARN ] 2016-03-24 14:37:24,287 [repositories/fiteagle] http://javax.xml.XMLConstants/feature/secure-processing is not a recognized SAX feature. (-1, -1)
[INFO ] 2016-03-24 14:53:05,066 [ServerService Thread Pool -- 64] Logback logging API implementation is configured.
[INFO ] 2016-03-24 14:53:06,425 [repositories/fiteagle] POST data to repository
[INFO ] 2016-03-24 14:53:06,460 [repositories/fiteagle] no base URI specified, using dummy 'foo:bar'
[INFO ] 2016-03-24 14:53:06,646 [repositories/fiteagle] POST data to repository
[INFO ] 2016-03-24 14:53:06,647 [repositories/fiteagle] no base URI specified, using dummy 'foo:bar'
[WARN ] 2016-03-24 14:53:06,648 [repositories/fiteagle] http://javax.xml.XMLConstants/feature/secure-processing is not a recognized SAX feature. (-1, -1)
[WARN ] 2016-03-24 14:53:06,650 [repositories/fiteagle] http://javax.xml.XMLConstants/feature/secure-processing is not a recognized SAX feature. (-1, -1)
[INFO ] 2016-03-24 14:53:08,931 [repositories/fiteagle] POST data to repository
[INFO ] 2016-03-24 14:53:08,931 [repositories/fiteagle] no base URI specified, using dummy 'foo:bar'
[WARN ] 2016-03-24 14:53:08,933 [repositories/fiteagle] http://javax.xml.XMLConstants/feature/secure-processing is not a recognized SAX feature. (-1, -1)
[INFO ] 2016-03-24 14:53:12,490 [repositories/fiteagle] GET query -439247579
[INFO ] 2016-03-24 14:53:12,613 [repositories/fiteagle] Request for query -439247579 is finished
[INFO ] 2016-03-24 14:53:12,725 [repositories/fiteagle] POST data to repository
[INFO ] 2016-03-24 14:53:12,726 [repositories/fiteagle] no base URI specified, using dummy 'foo:bar'
[WARN ] 2016-03-24 14:53:12,735 [repositories/fiteagle] http://javax.xml.XMLConstants/feature/secure-processing is not a recognized SAX feature. (-1, -1)
[INFO ] 2016-03-24 14:53:12,748 [repositories/fiteagle] POST data to repository
[INFO ] 2016-03-24 14:53:12,749 [repositories/fiteagle] no base URI specified, using dummy 'foo:bar'
[WARN ] 2016-03-24 14:53:12,750 [repositories/fiteagle] http://javax.xml.XMLConstants/feature/secure-processing is not a recognized SAX feature. (-1, -1)
[INFO ] 2016-03-24 14:53:12,831 [repositories/fiteagle] POST data to repository
[INFO ] 2016-03-24 14:53:12,831 [repositories/fiteagle] no base URI specified, using dummy 'foo:bar'
[WARN ] 2016-03-24 14:53:12,833 [repositories/fiteagle] http://javax.xml.XMLConstants/feature/secure-processing is not a recognized SAX feature. (-1, -1)
[INFO ] 2016-03-24 14:53:12,850 [repositories/fiteagle] POST data to repository
[INFO ] 2016-03-24 14:53:12,850 [repositories/fiteagle] no base URI specified, using dummy 'foo:bar'
[WARN ] 2016-03-24 14:53:12,851 [repositories/fiteagle] http://javax.xml.XMLConstants/feature/secure-processing is not a recognized SAX feature. (-1, -1)
[INFO ] 2016-03-24 14:53:12,908 [repositories/fiteagle] POST data to repository
[INFO ] 2016-03-24 14:53:12,909 [repositories/fiteagle] no base URI specified, using dummy 'foo:bar'
[WARN ] 2016-03-24 14:53:12,910 [repositories/fiteagle] http://javax.xml.XMLConstants/feature/secure-processing is not a recognized SAX feature. (-1, -1)
[INFO ] 2016-03-24 14:53:12,925 [repositories/fiteagle] POST data to repository
[INFO ] 2016-03-24 14:53:12,926 [repositories/fiteagle] no base URI specified, using dummy 'foo:bar'
[WARN ] 2016-03-24 14:53:12,927 [repositories/fiteagle] http://javax.xml.XMLConstants/feature/secure-processing is not a recognized SAX feature. (-1, -1)
[INFO ] 2016-03-24 15:00:56,272 [ServerService Thread Pool -- 75] Logback logging API implementation is configured.
[INFO ] 2016-03-24 15:01:00,868 [repositories/fiteagle] POST data to repository
[INFO ] 2016-03-24 15:01:00,921 [repositories/fiteagle] GET query -439247579
[INFO ] 2016-03-24 15:01:00,923 [repositories/fiteagle] no base URI specified, using dummy 'foo:bar'
[WARN ] 2016-03-24 15:01:00,958 [repositories/fiteagle] http://javax.xml.XMLConstants/feature/secure-processing is not a recognized SAX feature. (-1, -1)
[INFO ] 2016-03-24 15:01:01,147 [repositories/fiteagle] Request for query -439247579 is finished
[INFO ] 2016-03-24 15:01:01,277 [repositories/fiteagle] POST data to repository
[INFO ] 2016-03-24 15:01:01,278 [repositories/fiteagle] no base URI specified, using dummy 'foo:bar'
[WARN ] 2016-03-24 15:01:01,280 [repositories/fiteagle] http://javax.xml.XMLConstants/feature/secure-processing is not a recognized SAX feature. (-1, -1)
[INFO ] 2016-03-24 15:01:01,301 [repositories/fiteagle] POST data to repository
[INFO ] 2016-03-24 15:01:01,301 [repositories/fiteagle] no base URI specified, using dummy 'foo:bar'
[WARN ] 2016-03-24 15:01:01,304 [repositories/fiteagle] http://javax.xml.XMLConstants/feature/secure-processing is not a recognized SAX feature. (-1, -1)
[INFO ] 2016-03-24 15:01:01,386 [repositories/fiteagle] POST data to repository
[INFO ] 2016-03-24 15:01:01,386 [repositories/fiteagle] no base URI specified, using dummy 'foo:bar'
[WARN ] 2016-03-24 15:01:01,387 [repositories/fiteagle] http://javax.xml.XMLConstants/feature/secure-processing is not a recognized SAX feature. (-1, -1)
[INFO ] 2016-03-24 15:01:01,407 [repositories/fiteagle] POST data to repository
[INFO ] 2016-03-24 15:01:01,407 [repositories/fiteagle] no base URI specified, using dummy 'foo:bar'
[WARN ] 2016-03-24 15:01:01,408 [repositories/fiteagle] http://javax.xml.XMLConstants/feature/secure-processing is not a recognized SAX feature. (-1, -1)
[INFO ] 2016-03-24 15:01:01,448 [repositories/fiteagle] POST data to repository
[INFO ] 2016-03-24 15:01:01,448 [repositories/fiteagle] no base URI specified, using dummy 'foo:bar'
[WARN ] 2016-03-24 15:01:01,451 [repositories/fiteagle] http://javax.xml.XMLConstants/feature/secure-processing is not a recognized SAX feature. (-1, -1)
[INFO ] 2016-03-24 15:01:01,467 [repositories/fiteagle] POST data to repository
[INFO ] 2016-03-24 15:01:01,467 [repositories/fiteagle] no base URI specified, using dummy 'foo:bar'
[WARN ] 2016-03-24 15:01:01,468 [repositories/fiteagle] http://javax.xml.XMLConstants/feature/secure-processing is not a recognized SAX feature. (-1, -1)
[INFO ] 2016-03-24 15:01:01,645 [repositories/fiteagle] POST data to repository
[INFO ] 2016-03-24 15:01:01,647 [repositories/fiteagle] no base URI specified, using dummy 'foo:bar'
[WARN ] 2016-03-24 15:01:01,648 [repositories/fiteagle] http://javax.xml.XMLConstants/feature/secure-processing is not a recognized SAX feature. (-1, -1)
[INFO ] 2016-03-24 15:01:03,572 [repositories/fiteagle] POST data to repository
[INFO ] 2016-03-24 15:01:03,572 [repositories/fiteagle] no base URI specified, using dummy 'foo:bar'
[WARN ] 2016-03-24 15:01:03,575 [repositories/fiteagle] http://javax.xml.XMLConstants/feature/secure-processing is not a recognized SAX feature. (-1, -1)
[INFO ] 2016-03-24 17:29:28,799 [ServerService Thread Pool -- 62] Logback logging API implementation is configured.
[INFO ] 2016-03-24 17:29:33,320 [repositories/fiteagle] POST data to repository
[INFO ] 2016-03-24 17:29:33,332 [repositories/fiteagle] no base URI specified, using dummy 'foo:bar'
[WARN ] 2016-03-24 17:29:33,354 [repositories/fiteagle] http://javax.xml.XMLConstants/feature/secure-processing is not a recognized SAX feature. (-1, -1)
[INFO ] 2016-03-24 17:29:35,929 [repositories/fiteagle] POST data to repository
[INFO ] 2016-03-24 17:29:35,929 [repositories/fiteagle] POST data to repository
[INFO ] 2016-03-24 17:29:35,930 [repositories/fiteagle] no base URI specified, using dummy 'foo:bar'
[INFO ] 2016-03-24 17:29:35,931 [repositories/fiteagle] no base URI specified, using dummy 'foo:bar'
[WARN ] 2016-03-24 17:29:35,933 [repositories/fiteagle] http://javax.xml.XMLConstants/feature/secure-processing is not a recognized SAX feature. (-1, -1)
[WARN ] 2016-03-24 17:29:35,933 [repositories/fiteagle] http://javax.xml.XMLConstants/feature/secure-processing is not a recognized SAX feature. (-1, -1)
[INFO ] 2016-03-24 17:29:40,214 [repositories/fiteagle] GET query -439247579
[INFO ] 2016-03-24 17:29:40,380 [repositories/fiteagle] Request for query -439247579 is finished
[INFO ] 2016-03-24 17:29:40,537 [repositories/fiteagle] POST data to repository
[INFO ] 2016-03-24 17:29:40,538 [repositories/fiteagle] no base URI specified, using dummy 'foo:bar'
[WARN ] 2016-03-24 17:29:40,541 [repositories/fiteagle] http://javax.xml.XMLConstants/feature/secure-processing is not a recognized SAX feature. (-1, -1)
[INFO ] 2016-03-24 17:29:40,572 [repositories/fiteagle] POST data to repository
[INFO ] 2016-03-24 17:29:40,573 [repositories/fiteagle] no base URI specified, using dummy 'foo:bar'
[WARN ] 2016-03-24 17:29:40,576 [repositories/fiteagle] http://javax.xml.XMLConstants/feature/secure-processing is not a recognized SAX feature. (-1, -1)
[INFO ] 2016-03-24 17:29:40,623 [repositories/fiteagle] POST data to repository
[INFO ] 2016-03-24 17:29:40,623 [repositories/fiteagle] no base URI specified, using dummy 'foo:bar'
[WARN ] 2016-03-24 17:29:40,624 [repositories/fiteagle] http://javax.xml.XMLConstants/feature/secure-processing is not a recognized SAX feature. (-1, -1)
[INFO ] 2016-03-24 17:29:40,635 [repositories/fiteagle] POST data to repository
[INFO ] 2016-03-24 17:29:40,635 [repositories/fiteagle] no base URI specified, using dummy 'foo:bar'
[WARN ] 2016-03-24 17:29:40,636 [repositories/fiteagle] http://javax.xml.XMLConstants/feature/secure-processing is not a recognized SAX feature. (-1, -1)
[INFO ] 2016-03-24 17:29:40,659 [repositories/fiteagle] POST data to repository
[INFO ] 2016-03-24 17:29:40,659 [repositories/fiteagle] no base URI specified, using dummy 'foo:bar'
[WARN ] 2016-03-24 17:29:40,660 [repositories/fiteagle] http://javax.xml.XMLConstants/feature/secure-processing is not a recognized SAX feature. (-1, -1)
[INFO ] 2016-03-24 17:29:40,669 [repositories/fiteagle] POST data to repository
[INFO ] 2016-03-24 17:29:40,669 [repositories/fiteagle] no base URI specified, using dummy 'foo:bar'
[WARN ] 2016-03-24 17:29:40,671 [repositories/fiteagle] http://javax.xml.XMLConstants/feature/secure-processing is not a recognized SAX feature. (-1, -1)
[INFO ] 2016-03-24 17:29:40,695 [repositories/fiteagle] POST data to repository
[INFO ] 2016-03-24 17:29:40,695 [repositories/fiteagle] no base URI specified, using dummy 'foo:bar'
[WARN ] 2016-03-24 17:29:40,696 [repositories/fiteagle] http://javax.xml.XMLConstants/feature/secure-processing is not a recognized SAX feature. (-1, -1)
[INFO ] 2016-03-24 17:29:40,708 [repositories/fiteagle] POST data to repository
[INFO ] 2016-03-24 17:29:40,709 [repositories/fiteagle] no base URI specified, using dummy 'foo:bar'
[WARN ] 2016-03-24 17:29:40,710 [repositories/fiteagle] http://javax.xml.XMLConstants/feature/secure-processing is not a recognized SAX feature. (-1, -1)
[INFO ] 2016-03-24 17:33:12,867 [repositories/fiteagle] POST data to repository
[INFO ] 2016-03-24 17:33:12,868 [repositories/fiteagle] no base URI specified, using dummy 'foo:bar'
[WARN ] 2016-03-24 17:33:12,870 [repositories/fiteagle] http://javax.xml.XMLConstants/feature/secure-processing is not a recognized SAX feature. (-1, -1)
[INFO ] 2016-03-24 17:33:21,719 [repositories/fiteagle] GET query -439247579
[INFO ] 2016-03-24 17:33:21,723 [repositories/fiteagle] Request for query -439247579 is finished
[INFO ] 2016-03-24 17:34:05,691 [repositories/fiteagle] POST data to repository
[INFO ] 2016-03-24 17:34:05,692 [repositories/fiteagle] no base URI specified, using dummy 'foo:bar'
[WARN ] 2016-03-24 17:34:05,693 [repositories/fiteagle] http://javax.xml.XMLConstants/feature/secure-processing is not a recognized SAX feature. (-1, -1)
[INFO ] 2016-03-24 17:36:03,424 [ServerService Thread Pool -- 73] Logback logging API implementation is configured.
[INFO ] 2016-03-24 17:36:06,033 [repositories/fiteagle] POST data to repository
[INFO ] 2016-03-24 17:36:06,052 [repositories/fiteagle] no base URI specified, using dummy 'foo:bar'
[WARN ] 2016-03-24 17:36:06,084 [repositories/fiteagle] http://javax.xml.XMLConstants/feature/secure-processing is not a recognized SAX feature. (-1, -1)
[INFO ] 2016-03-24 17:36:07,163 [repositories/fiteagle] POST data to repository
[INFO ] 2016-03-24 17:36:07,165 [repositories/fiteagle] no base URI specified, using dummy 'foo:bar'
[WARN ] 2016-03-24 17:36:07,167 [repositories/fiteagle] http://javax.xml.XMLConstants/feature/secure-processing is not a recognized SAX feature. (-1, -1)
[INFO ] 2016-03-24 17:36:07,640 [repositories/fiteagle] POST data to repository
[INFO ] 2016-03-24 17:36:07,640 [repositories/fiteagle] no base URI specified, using dummy 'foo:bar'
[WARN ] 2016-03-24 17:36:07,641 [repositories/fiteagle] http://javax.xml.XMLConstants/feature/secure-processing is not a recognized SAX feature. (-1, -1)
[INFO ] 2016-03-24 17:36:10,517 [repositories/fiteagle] GET query -439247579
[INFO ] 2016-03-24 17:36:10,702 [repositories/fiteagle] Request for query -439247579 is finished
[INFO ] 2016-03-24 17:36:10,927 [repositories/fiteagle] POST data to repository
[INFO ] 2016-03-24 17:36:10,928 [repositories/fiteagle] no base URI specified, using dummy 'foo:bar'
[WARN ] 2016-03-24 17:36:10,930 [repositories/fiteagle] http://javax.xml.XMLConstants/feature/secure-processing is not a recognized SAX feature. (-1, -1)
[INFO ] 2016-03-24 17:36:10,953 [repositories/fiteagle] POST data to repository
[INFO ] 2016-03-24 17:36:10,953 [repositories/fiteagle] no base URI specified, using dummy 'foo:bar'
[WARN ] 2016-03-24 17:36:10,955 [repositories/fiteagle] http://javax.xml.XMLConstants/feature/secure-processing is not a recognized SAX feature. (-1, -1)
[INFO ] 2016-03-24 17:36:11,011 [repositories/fiteagle] POST data to repository
[INFO ] 2016-03-24 17:36:11,012 [repositories/fiteagle] no base URI specified, using dummy 'foo:bar'
[WARN ] 2016-03-24 17:36:11,014 [repositories/fiteagle] http://javax.xml.XMLConstants/feature/secure-processing is not a recognized SAX feature. (-1, -1)
[INFO ] 2016-03-24 17:36:11,025 [repositories/fiteagle] POST data to repository
[INFO ] 2016-03-24 17:36:11,025 [repositories/fiteagle] no base URI specified, using dummy 'foo:bar'
[WARN ] 2016-03-24 17:36:11,027 [repositories/fiteagle] http://javax.xml.XMLConstants/feature/secure-processing is not a recognized SAX feature. (-1, -1)
[INFO ] 2016-03-24 17:36:11,062 [repositories/fiteagle] POST data to repository
[INFO ] 2016-03-24 17:36:11,062 [repositories/fiteagle] no base URI specified, using dummy 'foo:bar'
[WARN ] 2016-03-24 17:36:11,063 [repositories/fiteagle] http://javax.xml.XMLConstants/feature/secure-processing is not a recognized SAX feature. (-1, -1)
[INFO ] 2016-03-24 17:36:11,073 [repositories/fiteagle] POST data to repository
[INFO ] 2016-03-24 17:36:11,074 [repositories/fiteagle] no base URI specified, using dummy 'foo:bar'
[WARN ] 2016-03-24 17:36:11,075 [repositories/fiteagle] http://javax.xml.XMLConstants/feature/secure-processing is not a recognized SAX feature. (-1, -1)
[INFO ] 2016-03-24 17:36:11,106 [repositories/fiteagle] POST data to repository
[INFO ] 2016-03-24 17:36:11,106 [repositories/fiteagle] no base URI specified, using dummy 'foo:bar'
[WARN ] 2016-03-24 17:36:11,108 [repositories/fiteagle] http://javax.xml.XMLConstants/feature/secure-processing is not a recognized SAX feature. (-1, -1)
[INFO ] 2016-03-24 17:36:11,122 [repositories/fiteagle] POST data to repository
[INFO ] 2016-03-24 17:36:11,122 [repositories/fiteagle] no base URI specified, using dummy 'foo:bar'
[WARN ] 2016-03-24 17:36:11,123 [repositories/fiteagle] http://javax.xml.XMLConstants/feature/secure-processing is not a recognized SAX feature. (-1, -1)
[INFO ] 2016-03-24 17:41:17,297 [ServerService Thread Pool -- 72] Logback logging API implementation is configured.
[INFO ] 2016-03-24 17:41:26,280 [repositories/fiteagle] POST data to repository
[INFO ] 2016-03-24 17:41:26,292 [repositories/fiteagle] no base URI specified, using dummy 'foo:bar'
[WARN ] 2016-03-24 17:41:26,310 [repositories/fiteagle] http://javax.xml.XMLConstants/feature/secure-processing is not a recognized SAX feature. (-1, -1)
[INFO ] 2016-03-24 17:41:27,218 [repositories/fiteagle] POST data to repository
[INFO ] 2016-03-24 17:41:27,223 [repositories/fiteagle] no base URI specified, using dummy 'foo:bar'
[WARN ] 2016-03-24 17:41:27,225 [repositories/fiteagle] http://javax.xml.XMLConstants/feature/secure-processing is not a recognized SAX feature. (-1, -1)
[INFO ] 2016-03-24 17:41:27,809 [repositories/fiteagle] POST data to repository
[INFO ] 2016-03-24 17:41:27,811 [repositories/fiteagle] no base URI specified, using dummy 'foo:bar'
[WARN ] 2016-03-24 17:41:27,813 [repositories/fiteagle] http://javax.xml.XMLConstants/feature/secure-processing is not a recognized SAX feature. (-1, -1)
[INFO ] 2016-03-24 17:41:28,288 [repositories/fiteagle] POST data to repository
[INFO ] 2016-03-24 17:41:28,288 [repositories/fiteagle] no base URI specified, using dummy 'foo:bar'
[WARN ] 2016-03-24 17:41:28,289 [repositories/fiteagle] http://javax.xml.XMLConstants/feature/secure-processing is not a recognized SAX feature. (-1, -1)
[INFO ] 2016-03-24 17:41:32,700 [repositories/fiteagle] GET query -439247579
[INFO ] 2016-03-24 17:41:32,805 [repositories/fiteagle] Request for query -439247579 is finished
[INFO ] 2016-03-24 17:41:33,048 [repositories/fiteagle] POST data to repository
[INFO ] 2016-03-24 17:41:33,048 [repositories/fiteagle] no base URI specified, using dummy 'foo:bar'
[WARN ] 2016-03-24 17:41:33,051 [repositories/fiteagle] http://javax.xml.XMLConstants/feature/secure-processing is not a recognized SAX feature. (-1, -1)
[INFO ] 2016-03-24 17:41:33,076 [repositories/fiteagle] POST data to repository
[INFO ] 2016-03-24 17:41:33,076 [repositories/fiteagle] no base URI specified, using dummy 'foo:bar'
[WARN ] 2016-03-24 17:41:33,078 [repositories/fiteagle] http://javax.xml.XMLConstants/feature/secure-processing is not a recognized SAX feature. (-1, -1)
[INFO ] 2016-03-24 17:41:33,152 [repositories/fiteagle] POST data to repository
[INFO ] 2016-03-24 17:41:33,152 [repositories/fiteagle] no base URI specified, using dummy 'foo:bar'
[WARN ] 2016-03-24 17:41:33,154 [repositories/fiteagle] http://javax.xml.XMLConstants/feature/secure-processing is not a recognized SAX feature. (-1, -1)
[INFO ] 2016-03-24 17:41:33,175 [repositories/fiteagle] POST data to repository
[INFO ] 2016-03-24 17:41:33,176 [repositories/fiteagle] no base URI specified, using dummy 'foo:bar'
[WARN ] 2016-03-24 17:41:33,179 [repositories/fiteagle] http://javax.xml.XMLConstants/feature/secure-processing is not a recognized SAX feature. (-1, -1)
[INFO ] 2016-03-24 17:41:33,216 [repositories/fiteagle] POST data to repository
[INFO ] 2016-03-24 17:41:33,216 [repositories/fiteagle] no base URI specified, using dummy 'foo:bar'
[WARN ] 2016-03-24 17:41:33,218 [repositories/fiteagle] http://javax.xml.XMLConstants/feature/secure-processing is not a recognized SAX feature. (-1, -1)
[INFO ] 2016-03-24 17:41:33,230 [repositories/fiteagle] POST data to repository
[INFO ] 2016-03-24 17:41:33,230 [repositories/fiteagle] no base URI specified, using dummy 'foo:bar'
[WARN ] 2016-03-24 17:41:33,231 [repositories/fiteagle] http://javax.xml.XMLConstants/feature/secure-processing is not a recognized SAX feature. (-1, -1)
[INFO ] 2016-03-24 17:41:33,259 [repositories/fiteagle] POST data to repository
[INFO ] 2016-03-24 17:41:33,259 [repositories/fiteagle] no base URI specified, using dummy 'foo:bar'
[WARN ] 2016-03-24 17:41:33,260 [repositories/fiteagle] http://javax.xml.XMLConstants/feature/secure-processing is not a recognized SAX feature. (-1, -1)
[INFO ] 2016-03-24 17:41:33,270 [repositories/fiteagle] POST data to repository
[INFO ] 2016-03-24 17:41:33,271 [repositories/fiteagle] no base URI specified, using dummy 'foo:bar'
[WARN ] 2016-03-24 17:41:33,272 [repositories/fiteagle] http://javax.xml.XMLConstants/feature/secure-processing is not a recognized SAX feature. (-1, -1)
[INFO ] 2016-03-24 20:18:21,024 [ServerService Thread Pool -- 82] Logback logging API implementation is configured.
[INFO ] 2016-03-24 20:18:24,316 [repositories/fiteagle] POST data to repository
[INFO ] 2016-03-24 20:18:24,328 [repositories/fiteagle] no base URI specified, using dummy 'foo:bar'
[WARN ] 2016-03-24 20:18:24,354 [repositories/fiteagle] http://javax.xml.XMLConstants/feature/secure-processing is not a recognized SAX feature. (-1, -1)
[INFO ] 2016-03-24 20:18:25,426 [repositories/fiteagle] POST data to repository
[INFO ] 2016-03-24 20:18:25,427 [repositories/fiteagle] no base URI specified, using dummy 'foo:bar'
[WARN ] 2016-03-24 20:18:25,428 [repositories/fiteagle] http://javax.xml.XMLConstants/feature/secure-processing is not a recognized SAX feature. (-1, -1)
[INFO ] 2016-03-24 20:18:26,490 [repositories/fiteagle] POST data to repository
[INFO ] 2016-03-24 20:18:26,493 [repositories/fiteagle] no base URI specified, using dummy 'foo:bar'
[WARN ] 2016-03-24 20:18:26,494 [repositories/fiteagle] http://javax.xml.XMLConstants/feature/secure-processing is not a recognized SAX feature. (-1, -1)
[INFO ] 2016-03-24 20:18:28,190 [repositories/fiteagle] GET query -439247579
[INFO ] 2016-03-24 20:18:28,422 [repositories/fiteagle] Request for query -439247579 is finished
[INFO ] 2016-03-24 20:18:28,545 [repositories/fiteagle] POST data to repository
[INFO ] 2016-03-24 20:18:28,545 [repositories/fiteagle] no base URI specified, using dummy 'foo:bar'
[WARN ] 2016-03-24 20:18:28,547 [repositories/fiteagle] http://javax.xml.XMLConstants/feature/secure-processing is not a recognized SAX feature. (-1, -1)
[INFO ] 2016-03-24 20:18:28,568 [repositories/fiteagle] POST data to repository
[INFO ] 2016-03-24 20:18:28,568 [repositories/fiteagle] no base URI specified, using dummy 'foo:bar'
[WARN ] 2016-03-24 20:18:28,570 [repositories/fiteagle] http://javax.xml.XMLConstants/feature/secure-processing is not a recognized SAX feature. (-1, -1)
[INFO ] 2016-03-24 20:18:28,631 [repositories/fiteagle] POST data to repository
[INFO ] 2016-03-24 20:18:28,631 [repositories/fiteagle] no base URI specified, using dummy 'foo:bar'
[WARN ] 2016-03-24 20:18:28,632 [repositories/fiteagle] http://javax.xml.XMLConstants/feature/secure-processing is not a recognized SAX feature. (-1, -1)
[INFO ] 2016-03-24 20:18:28,641 [repositories/fiteagle] POST data to repository
[INFO ] 2016-03-24 20:18:28,641 [repositories/fiteagle] no base URI specified, using dummy 'foo:bar'
[WARN ] 2016-03-24 20:18:28,643 [repositories/fiteagle] http://javax.xml.XMLConstants/feature/secure-processing is not a recognized SAX feature. (-1, -1)
[INFO ] 2016-03-24 20:18:28,678 [repositories/fiteagle] POST data to repository
[INFO ] 2016-03-24 20:18:28,678 [repositories/fiteagle] no base URI specified, using dummy 'foo:bar'
[WARN ] 2016-03-24 20:18:28,680 [repositories/fiteagle] http://javax.xml.XMLConstants/feature/secure-processing is not a recognized SAX feature. (-1, -1)
[INFO ] 2016-03-24 20:18:28,693 [repositories/fiteagle] POST data to repository
[INFO ] 2016-03-24 20:18:28,693 [repositories/fiteagle] no base URI specified, using dummy 'foo:bar'
[WARN ] 2016-03-24 20:18:28,695 [repositories/fiteagle] http://javax.xml.XMLConstants/feature/secure-processing is not a recognized SAX feature. (-1, -1)
[INFO ] 2016-03-24 20:18:28,719 [repositories/fiteagle] POST data to repository
[INFO ] 2016-03-24 20:18:28,719 [repositories/fiteagle] no base URI specified, using dummy 'foo:bar'
[WARN ] 2016-03-24 20:18:28,720 [repositories/fiteagle] http://javax.xml.XMLConstants/feature/secure-processing is not a recognized SAX feature. (-1, -1)
[INFO ] 2016-03-24 20:18:28,733 [repositories/fiteagle] POST data to repository
[INFO ] 2016-03-24 20:18:28,733 [repositories/fiteagle] no base URI specified, using dummy 'foo:bar'
[WARN ] 2016-03-24 20:18:28,734 [repositories/fiteagle] http://javax.xml.XMLConstants/feature/secure-processing is not a recognized SAX feature. (-1, -1)
[INFO ] 2016-03-24 20:21:08,529 [ServerService Thread Pool -- 124] Logback logging API implementation is configured.
[INFO ] 2016-03-24 20:24:44,529 [ServerService Thread Pool -- 144] Logback logging API implementation is configured.
[INFO ] 2016-03-24 20:28:23,577 [ServerService Thread Pool -- 67] Logback logging API implementation is configured.
[INFO ] 2016-03-24 20:28:25,277 [repositories/fiteagle] POST data to repository
[INFO ] 2016-03-24 20:28:25,300 [repositories/fiteagle] no base URI specified, using dummy 'foo:bar'
[WARN ] 2016-03-24 20:28:25,350 [repositories/fiteagle] http://javax.xml.XMLConstants/feature/secure-processing is not a recognized SAX feature. (-1, -1)
[INFO ] 2016-03-24 20:28:26,895 [repositories/fiteagle] POST data to repository
[INFO ] 2016-03-24 20:28:26,896 [repositories/fiteagle] no base URI specified, using dummy 'foo:bar'
[WARN ] 2016-03-24 20:28:26,898 [repositories/fiteagle] http://javax.xml.XMLConstants/feature/secure-processing is not a recognized SAX feature. (-1, -1)
[INFO ] 2016-03-24 20:28:26,959 [repositories/fiteagle] POST data to repository
[INFO ] 2016-03-24 20:28:26,959 [repositories/fiteagle] no base URI specified, using dummy 'foo:bar'
[WARN ] 2016-03-24 20:28:26,960 [repositories/fiteagle] http://javax.xml.XMLConstants/feature/secure-processing is not a recognized SAX feature. (-1, -1)
[INFO ] 2016-03-24 20:28:30,720 [repositories/fiteagle] GET query -439247579
[INFO ] 2016-03-24 20:28:31,094 [repositories/fiteagle] Request for query -439247579 is finished
[INFO ] 2016-03-24 20:28:31,305 [repositories/fiteagle] POST data to repository
[INFO ] 2016-03-24 20:28:31,310 [repositories/fiteagle] no base URI specified, using dummy 'foo:bar'
[WARN ] 2016-03-24 20:28:31,312 [repositories/fiteagle] http://javax.xml.XMLConstants/feature/secure-processing is not a recognized SAX feature. (-1, -1)
[INFO ] 2016-03-24 20:28:31,352 [repositories/fiteagle] POST data to repository
[INFO ] 2016-03-24 20:28:31,353 [repositories/fiteagle] no base URI specified, using dummy 'foo:bar'
[WARN ] 2016-03-24 20:28:31,354 [repositories/fiteagle] http://javax.xml.XMLConstants/feature/secure-processing is not a recognized SAX feature. (-1, -1)
[INFO ] 2016-03-24 20:28:31,479 [repositories/fiteagle] POST data to repository
[INFO ] 2016-03-24 20:28:31,480 [repositories/fiteagle] no base URI specified, using dummy 'foo:bar'
[WARN ] 2016-03-24 20:28:31,482 [repositories/fiteagle] http://javax.xml.XMLConstants/feature/secure-processing is not a recognized SAX feature. (-1, -1)
[INFO ] 2016-03-24 20:28:31,500 [repositories/fiteagle] POST data to repository
[INFO ] 2016-03-24 20:28:31,500 [repositories/fiteagle] no base URI specified, using dummy 'foo:bar'
[WARN ] 2016-03-24 20:28:31,502 [repositories/fiteagle] http://javax.xml.XMLConstants/feature/secure-processing is not a recognized SAX feature. (-1, -1)
[INFO ] 2016-03-24 20:28:31,529 [repositories/fiteagle] POST data to repository
[INFO ] 2016-03-24 20:28:31,530 [repositories/fiteagle] no base URI specified, using dummy 'foo:bar'
[WARN ] 2016-03-24 20:28:31,533 [repositories/fiteagle] http://javax.xml.XMLConstants/feature/secure-processing is not a recognized SAX feature. (-1, -1)
[INFO ] 2016-03-24 20:28:31,547 [repositories/fiteagle] POST data to repository
[INFO ] 2016-03-24 20:28:31,547 [repositories/fiteagle] no base URI specified, using dummy 'foo:bar'
[WARN ] 2016-03-24 20:28:31,549 [repositories/fiteagle] http://javax.xml.XMLConstants/feature/secure-processing is not a recognized SAX feature. (-1, -1)
[INFO ] 2016-03-24 20:28:31,579 [repositories/fiteagle] POST data to repository
[INFO ] 2016-03-24 20:28:31,580 [repositories/fiteagle] no base URI specified, using dummy 'foo:bar'
[WARN ] 2016-03-24 20:28:31,581 [repositories/fiteagle] http://javax.xml.XMLConstants/feature/secure-processing is not a recognized SAX feature. (-1, -1)
[INFO ] 2016-03-24 20:28:31,597 [repositories/fiteagle] POST data to repository
[INFO ] 2016-03-24 20:28:31,597 [repositories/fiteagle] no base URI specified, using dummy 'foo:bar'
[WARN ] 2016-03-24 20:28:31,599 [repositories/fiteagle] http://javax.xml.XMLConstants/feature/secure-processing is not a recognized SAX feature. (-1, -1)
[INFO ] 2016-03-24 20:45:24,913 [repositories/fiteagle] POST data to repository
[INFO ] 2016-03-24 20:45:24,914 [repositories/fiteagle] no base URI specified, using dummy 'foo:bar'
[WARN ] 2016-03-24 20:45:24,921 [repositories/fiteagle] http://javax.xml.XMLConstants/feature/secure-processing is not a recognized SAX feature. (-1, -1)
[INFO ] 2016-03-24 20:51:40,595 [repositories/fiteagle] POST data to repository
[INFO ] 2016-03-24 20:51:40,597 [repositories/fiteagle] no base URI specified, using dummy 'foo:bar'
[WARN ] 2016-03-24 20:51:40,603 [repositories/fiteagle] http://javax.xml.XMLConstants/feature/secure-processing is not a recognized SAX feature. (-1, -1)
