[INFO ] 2015-05-21 13:01:03,459 [MSC service thread 1-4] Logback logging API implementation is configured.
[INFO ] 2015-05-21 13:01:08,009 [repositories/fiteagle] POST data to repository
[INFO ] 2015-05-21 13:01:08,010 [repositories/fiteagle] POST data to repository
[INFO ] 2015-05-21 13:01:08,036 [repositories/fiteagle] no base URI specified, using dummy 'foo:bar'
[INFO ] 2015-05-21 13:01:08,045 [repositories/fiteagle] no base URI specified, using dummy 'foo:bar'
[WARN ] 2015-05-21 13:01:08,071 [repositories/fiteagle] http://javax.xml.XMLConstants/feature/secure-processing is not a recognized SAX feature. (-1, -1)
[WARN ] 2015-05-21 13:01:08,086 [repositories/fiteagle] http://javax.xml.XMLConstants/feature/secure-processing is not a recognized SAX feature. (-1, -1)
[INFO ] 2015-05-21 13:01:10,539 [repositories/fiteagle] POST data to repository
[INFO ] 2015-05-21 13:01:10,539 [repositories/fiteagle] no base URI specified, using dummy 'foo:bar'
[WARN ] 2015-05-21 13:01:10,540 [repositories/fiteagle] http://javax.xml.XMLConstants/feature/secure-processing is not a recognized SAX feature. (-1, -1)
[INFO ] 2015-05-21 13:02:01,380 [MSC service thread 1-7] Logback logging API implementation is configured.
[INFO ] 2015-05-21 13:02:06,191 [repositories/fiteagle] POST data to repository
[INFO ] 2015-05-21 13:02:06,191 [repositories/fiteagle] POST data to repository
[INFO ] 2015-05-21 13:02:06,190 [repositories/fiteagle] POST data to repository
[INFO ] 2015-05-21 13:02:06,212 [repositories/fiteagle] no base URI specified, using dummy 'foo:bar'
[INFO ] 2015-05-21 13:02:06,218 [repositories/fiteagle] no base URI specified, using dummy 'foo:bar'
[INFO ] 2015-05-21 13:02:06,218 [repositories/fiteagle] no base URI specified, using dummy 'foo:bar'
[WARN ] 2015-05-21 13:02:06,241 [repositories/fiteagle] http://javax.xml.XMLConstants/feature/secure-processing is not a recognized SAX feature. (-1, -1)
[WARN ] 2015-05-21 13:02:06,253 [repositories/fiteagle] http://javax.xml.XMLConstants/feature/secure-processing is not a recognized SAX feature. (-1, -1)
[WARN ] 2015-05-21 13:02:06,257 [repositories/fiteagle] http://javax.xml.XMLConstants/feature/secure-processing is not a recognized SAX feature. (-1, -1)
[INFO ] 2015-05-21 13:52:07,812 [MSC service thread 1-8] Logback logging API implementation is configured.
[INFO ] 2015-05-21 13:52:11,386 [repositories/fiteagle] POST data to repository
[INFO ] 2015-05-21 13:52:11,386 [repositories/fiteagle] POST data to repository
[INFO ] 2015-05-21 13:52:11,418 [repositories/fiteagle] no base URI specified, using dummy 'foo:bar'
[INFO ] 2015-05-21 13:52:11,418 [repositories/fiteagle] no base URI specified, using dummy 'foo:bar'
[WARN ] 2015-05-21 13:52:11,448 [repositories/fiteagle] http://javax.xml.XMLConstants/feature/secure-processing is not a recognized SAX feature. (-1, -1)
[WARN ] 2015-05-21 13:52:11,462 [repositories/fiteagle] http://javax.xml.XMLConstants/feature/secure-processing is not a recognized SAX feature. (-1, -1)
[INFO ] 2015-05-21 13:52:11,542 [repositories/fiteagle] POST data to repository
[INFO ] 2015-05-21 13:52:11,543 [repositories/fiteagle] no base URI specified, using dummy 'foo:bar'
[WARN ] 2015-05-21 13:52:11,544 [repositories/fiteagle] http://javax.xml.XMLConstants/feature/secure-processing is not a recognized SAX feature. (-1, -1)
[INFO ] 2015-05-21 14:32:10,557 [repositories/fiteagle] GET query -439247579
[INFO ] 2015-05-21 14:32:10,650 [repositories/fiteagle] Request for query -439247579 is finished
[INFO ] 2015-05-21 14:33:09,791 [repositories/fiteagle] GET query -232664852
[INFO ] 2015-05-21 14:33:09,797 [repositories/fiteagle] Request for query -232664852 is finished
[INFO ] 2015-05-21 14:33:09,816 [repositories/fiteagle] GET query -1915150891
[INFO ] 2015-05-21 14:33:09,828 [repositories/fiteagle] Request for query -1915150891 is finished
[INFO ] 2015-05-21 14:33:09,874 [repositories/fiteagle] POST data to repository
[INFO ] 2015-05-21 14:33:09,874 [repositories/fiteagle] no base URI specified, using dummy 'foo:bar'
[WARN ] 2015-05-21 14:33:09,875 [repositories/fiteagle] http://javax.xml.XMLConstants/feature/secure-processing is not a recognized SAX feature. (-1, -1)
[INFO ] 2015-05-21 14:33:54,570 [repositories/fiteagle] GET query 664813623
[INFO ] 2015-05-21 14:33:54,574 [repositories/fiteagle] Request for query 664813623 is finished
[INFO ] 2015-05-21 14:33:54,596 [repositories/fiteagle] GET query 664813623
[INFO ] 2015-05-21 14:33:54,599 [repositories/fiteagle] Request for query 664813623 is finished
[INFO ] 2015-05-21 14:33:54,622 [repositories/fiteagle] GET query 664813623
[INFO ] 2015-05-21 14:33:54,624 [repositories/fiteagle] Request for query 664813623 is finished
[INFO ] 2015-05-21 14:33:54,631 [repositories/fiteagle] GET query -1172597051
[INFO ] 2015-05-21 14:33:54,637 [repositories/fiteagle] Request for query -1172597051 is finished
[INFO ] 2015-05-21 14:33:54,641 [repositories/fiteagle] GET query -232664852
[INFO ] 2015-05-21 14:33:54,642 [repositories/fiteagle] Request for query -232664852 is finished
[INFO ] 2015-05-21 14:33:55,053 [repositories/fiteagle] POST SPARQL update request to repository
[INFO ] 2015-05-21 14:33:55,080 [repositories/fiteagle] POST data to repository
[INFO ] 2015-05-21 14:33:55,080 [repositories/fiteagle] no base URI specified, using dummy 'foo:bar'
[WARN ] 2015-05-21 14:33:55,081 [repositories/fiteagle] http://javax.xml.XMLConstants/feature/secure-processing is not a recognized SAX feature. (-1, -1)
[INFO ] 2015-05-21 14:33:55,088 [repositories/fiteagle] GET query -526345097
[INFO ] 2015-05-21 14:33:55,090 [repositories/fiteagle] Request for query -526345097 is finished
[INFO ] 2015-05-21 14:33:55,097 [repositories/fiteagle] GET query -1172597051
[INFO ] 2015-05-21 14:33:55,099 [repositories/fiteagle] Request for query -1172597051 is finished
[INFO ] 2015-05-21 14:33:55,105 [repositories/fiteagle] POST SPARQL update request to repository
[INFO ] 2015-05-21 14:33:55,119 [repositories/fiteagle] POST data to repository
[INFO ] 2015-05-21 14:33:55,119 [repositories/fiteagle] no base URI specified, using dummy 'foo:bar'
[WARN ] 2015-05-21 14:33:55,121 [repositories/fiteagle] http://javax.xml.XMLConstants/feature/secure-processing is not a recognized SAX feature. (-1, -1)
[INFO ] 2015-05-21 14:33:55,131 [repositories/fiteagle] GET query 33753041
[INFO ] 2015-05-21 14:33:55,137 [repositories/fiteagle] Request for query 33753041 is finished
[INFO ] 2015-05-21 14:34:22,678 [repositories/fiteagle] GET query -232664852
[INFO ] 2015-05-21 14:34:22,680 [repositories/fiteagle] Request for query -232664852 is finished
[INFO ] 2015-05-21 14:34:22,686 [repositories/fiteagle] GET query -1915150891
[INFO ] 2015-05-21 14:34:22,687 [repositories/fiteagle] Request for query -1915150891 is finished
[INFO ] 2015-05-21 14:34:22,693 [repositories/fiteagle] GET query -526345097
[INFO ] 2015-05-21 14:34:22,694 [repositories/fiteagle] Request for query -526345097 is finished
[INFO ] 2015-05-21 14:34:22,706 [repositories/fiteagle] POST data to repository
[INFO ] 2015-05-21 14:34:22,706 [repositories/fiteagle] no base URI specified, using dummy 'foo:bar'
[WARN ] 2015-05-21 14:34:22,707 [repositories/fiteagle] http://javax.xml.XMLConstants/feature/secure-processing is not a recognized SAX feature. (-1, -1)
[INFO ] 2015-05-21 14:34:49,685 [repositories/fiteagle] GET query -603923043
[INFO ] 2015-05-21 14:34:49,689 [repositories/fiteagle] Request for query -603923043 is finished
[INFO ] 2015-05-21 14:34:49,696 [repositories/fiteagle] GET query -603923043
[INFO ] 2015-05-21 14:34:49,699 [repositories/fiteagle] Request for query -603923043 is finished
[INFO ] 2015-05-21 14:34:49,705 [repositories/fiteagle] GET query -603923043
[INFO ] 2015-05-21 14:34:49,707 [repositories/fiteagle] Request for query -603923043 is finished
[INFO ] 2015-05-21 14:34:49,713 [repositories/fiteagle] GET query -1502267736
[INFO ] 2015-05-21 14:34:49,718 [repositories/fiteagle] Request for query -1502267736 is finished
[INFO ] 2015-05-21 14:34:49,727 [repositories/fiteagle] GET query -232664852
[INFO ] 2015-05-21 14:34:49,730 [repositories/fiteagle] Request for query -232664852 is finished
[INFO ] 2015-05-21 14:34:50,073 [repositories/fiteagle] POST SPARQL update request to repository
[INFO ] 2015-05-21 14:34:50,083 [repositories/fiteagle] POST data to repository
[INFO ] 2015-05-21 14:34:50,083 [repositories/fiteagle] no base URI specified, using dummy 'foo:bar'
[WARN ] 2015-05-21 14:34:50,084 [repositories/fiteagle] http://javax.xml.XMLConstants/feature/secure-processing is not a recognized SAX feature. (-1, -1)
[INFO ] 2015-05-21 14:34:50,092 [repositories/fiteagle] GET query -526345097
[INFO ] 2015-05-21 14:34:50,094 [repositories/fiteagle] Request for query -526345097 is finished
[INFO ] 2015-05-21 14:34:50,099 [repositories/fiteagle] GET query -1502267736
[INFO ] 2015-05-21 14:34:50,100 [repositories/fiteagle] Request for query -1502267736 is finished
[INFO ] 2015-05-21 14:34:50,107 [repositories/fiteagle] POST SPARQL update request to repository
[INFO ] 2015-05-21 14:34:50,114 [repositories/fiteagle] POST data to repository
[INFO ] 2015-05-21 14:34:50,115 [repositories/fiteagle] no base URI specified, using dummy 'foo:bar'
[WARN ] 2015-05-21 14:34:50,116 [repositories/fiteagle] http://javax.xml.XMLConstants/feature/secure-processing is not a recognized SAX feature. (-1, -1)
[INFO ] 2015-05-21 14:34:50,125 [repositories/fiteagle] GET query 904756239
[INFO ] 2015-05-21 14:34:50,127 [repositories/fiteagle] Request for query 904756239 is finished
[INFO ] 2015-05-21 14:35:06,289 [repositories/fiteagle] GET query 664813623
[INFO ] 2015-05-21 14:35:06,292 [repositories/fiteagle] Request for query 664813623 is finished
[INFO ] 2015-05-21 14:35:06,302 [repositories/fiteagle] GET query 664813623
[INFO ] 2015-05-21 14:35:06,305 [repositories/fiteagle] Request for query 664813623 is finished
[INFO ] 2015-05-21 14:35:06,311 [repositories/fiteagle] GET query -232664852
[INFO ] 2015-05-21 14:35:06,313 [repositories/fiteagle] Request for query -232664852 is finished
[INFO ] 2015-05-21 14:35:06,554 [repositories/fiteagle] GET query 664813623
[INFO ] 2015-05-21 14:35:06,560 [repositories/fiteagle] Request for query 664813623 is finished
[INFO ] 2015-05-21 14:35:06,570 [repositories/fiteagle] POST SPARQL update request to repository
[INFO ] 2015-05-21 14:35:06,584 [repositories/fiteagle] GET query -526345097
[INFO ] 2015-05-21 14:35:06,586 [repositories/fiteagle] Request for query -526345097 is finished
[INFO ] 2015-05-21 14:35:06,592 [repositories/fiteagle] GET query -1172597051
[INFO ] 2015-05-21 14:35:06,593 [repositories/fiteagle] Request for query -1172597051 is finished
[INFO ] 2015-05-21 14:35:06,599 [repositories/fiteagle] POST SPARQL update request to repository
[INFO ] 2015-05-21 14:35:06,608 [repositories/fiteagle] POST data to repository
[INFO ] 2015-05-21 14:35:06,608 [repositories/fiteagle] no base URI specified, using dummy 'foo:bar'
[WARN ] 2015-05-21 14:35:06,609 [repositories/fiteagle] http://javax.xml.XMLConstants/feature/secure-processing is not a recognized SAX feature. (-1, -1)
[INFO ] 2015-05-21 14:35:13,366 [repositories/fiteagle] GET query -603923043
[INFO ] 2015-05-21 14:35:13,375 [repositories/fiteagle] Request for query -603923043 is finished
[INFO ] 2015-05-21 14:35:13,376 [repositories/fiteagle] GET query -603923043
[INFO ] 2015-05-21 14:35:13,379 [repositories/fiteagle] Request for query -603923043 is finished
[INFO ] 2015-05-21 14:35:13,386 [repositories/fiteagle] GET query -232664852
[INFO ] 2015-05-21 14:35:13,388 [repositories/fiteagle] Request for query -232664852 is finished
[INFO ] 2015-05-21 14:35:13,596 [repositories/fiteagle] GET query -603923043
[INFO ] 2015-05-21 14:35:13,598 [repositories/fiteagle] Request for query -603923043 is finished
[INFO ] 2015-05-21 14:35:13,608 [repositories/fiteagle] POST SPARQL update request to repository
[INFO ] 2015-05-21 14:35:13,621 [repositories/fiteagle] GET query -526345097
[INFO ] 2015-05-21 14:35:13,623 [repositories/fiteagle] Request for query -526345097 is finished
[INFO ] 2015-05-21 14:35:13,629 [repositories/fiteagle] GET query -1502267736
[INFO ] 2015-05-21 14:35:13,632 [repositories/fiteagle] Request for query -1502267736 is finished
[INFO ] 2015-05-21 14:35:13,640 [repositories/fiteagle] POST SPARQL update request to repository
[INFO ] 2015-05-21 14:35:13,647 [repositories/fiteagle] POST data to repository
[INFO ] 2015-05-21 14:35:13,647 [repositories/fiteagle] no base URI specified, using dummy 'foo:bar'
[WARN ] 2015-05-21 14:35:13,649 [repositories/fiteagle] http://javax.xml.XMLConstants/feature/secure-processing is not a recognized SAX feature. (-1, -1)
