[INFO ] 2015-05-04 15:23:12,393 [MSC service thread 1-2] Logback logging API implementation is configured.
[WARN ] 2015-05-04 15:23:12,835 [MSC service thread 1-2] Removing invalid lock 10078@home
[INFO ] 2015-05-04 15:23:41,634 [repositories/fiteagle] POST data to repository
[INFO ] 2015-05-04 15:23:41,656 [repositories/fiteagle] no base URI specified, using dummy 'foo:bar'
[WARN ] 2015-05-04 15:23:41,681 [repositories/fiteagle] http://javax.xml.XMLConstants/feature/secure-processing is not a recognized SAX feature. (-1, -1)
[INFO ] 2015-05-04 15:24:09,175 [repositories/fiteagle] POST data to repository
[INFO ] 2015-05-04 15:24:09,177 [repositories/fiteagle] no base URI specified, using dummy 'foo:bar'
[WARN ] 2015-05-04 15:24:09,179 [repositories/fiteagle] http://javax.xml.XMLConstants/feature/secure-processing is not a recognized SAX feature. (-1, -1)
[INFO ] 2015-05-04 15:24:23,856 [MSC service thread 1-5] Logback logging API implementation is configured.
[INFO ] 2015-05-04 15:32:57,551 [MSC service thread 1-3] Logback logging API implementation is configured.
[INFO ] 2015-05-04 15:35:32,216 [repositories/fiteagle] POST data to repository
[INFO ] 2015-05-04 15:35:32,228 [repositories/fiteagle] no base URI specified, using dummy 'foo:bar'
[WARN ] 2015-05-04 15:35:32,250 [repositories/fiteagle] http://javax.xml.XMLConstants/feature/secure-processing is not a recognized SAX feature. (-1, -1)
[INFO ] 2015-05-04 16:24:39,400 [MSC service thread 1-4] Logback logging API implementation is configured.
[INFO ] 2015-05-04 16:24:42,714 [repositories/fiteagle] POST data to repository
[INFO ] 2015-05-04 16:24:42,725 [repositories/fiteagle] no base URI specified, using dummy 'foo:bar'
[WARN ] 2015-05-04 16:24:42,746 [repositories/fiteagle] http://javax.xml.XMLConstants/feature/secure-processing is not a recognized SAX feature. (-1, -1)
[INFO ] 2015-05-04 16:24:43,361 [repositories/fiteagle] POST data to repository
[INFO ] 2015-05-04 16:24:43,362 [repositories/fiteagle] no base URI specified, using dummy 'foo:bar'
[WARN ] 2015-05-04 16:24:43,363 [repositories/fiteagle] http://javax.xml.XMLConstants/feature/secure-processing is not a recognized SAX feature. (-1, -1)
